\BOOKMARK [1][-]{section.1}{\376\377\000I\000n\000t\000r\000o\000d\000u\000c\000t\000i\000o\000n}{}% 1
\BOOKMARK [1][-]{section.2}{\376\377\000R\000e\000l\000a\000t\000e\000d\000\040\000W\000o\000r\000k}{}% 2
\BOOKMARK [1][-]{section.3}{\376\377\000M\000e\000t\000h\000o\000d\000o\000l\000o\000g\000y}{}% 3
\BOOKMARK [2][-]{subsubsection.3.0.1}{\376\377\0003\000.\0001\000\040\000T\000a\000s\000k\000\040\000S\000e\000l\000e\000c\000t\000i\000o\000n}{section.3}% 4
\BOOKMARK [3][-]{subsubsection.3.0.2}{\376\377\0003\000.\0002\000\040\000E\000x\000p\000e\000r\000i\000m\000e\000n\000t\000a\000l\000\040\000C\000o\000n\000d\000i\000t\000i\000o\000n\000s}{subsubsection.3.0.1}% 5
\BOOKMARK [3][-]{subsubsection.3.0.3}{\376\377\0003\000.\0003\000\040\000S\000t\000a\000t\000i\000c\000\040\000A\000n\000a\000l\000y\000s\000i\000s\000\040\000C\000o\000n\000f\000i\000g\000u\000r\000a\000t\000i\000o\000n}{subsubsection.3.0.1}% 6
\BOOKMARK [3][-]{subsubsection.3.0.4}{\376\377\0003\000.\0004\000\040\000E\000x\000e\000c\000u\000t\000i\000o\000n\000\040\000T\000e\000s\000t\000i\000n\000g\000\040\000C\000o\000n\000f\000i\000g\000u\000r\000a\000t\000i\000o\000n}{subsubsection.3.0.1}% 7
\BOOKMARK [3][-]{subsubsection.3.0.5}{\376\377\0003\000.\0005\000\040\000M\000e\000t\000r\000i\000c\000s}{subsubsection.3.0.1}% 8
\BOOKMARK [3][-]{subsubsection.3.0.6}{\376\377\0003\000.\0006\000\040\000H\000y\000p\000o\000t\000h\000e\000s\000i\000s\000\040\000S\000t\000r\000u\000c\000t\000u\000r\000e}{subsubsection.3.0.1}% 9
\BOOKMARK [1][-]{section.4}{\376\377\000E\000x\000p\000e\000r\000i\000m\000e\000n\000t\000a\000l\000\040\000S\000e\000t\000u\000p}{}% 10
\BOOKMARK [2][-]{subsubsection.4.0.1}{\376\377\0004\000.\0001\000\040\000M\000o\000d\000e\000l}{section.4}% 11
\BOOKMARK [3][-]{subsubsection.4.0.2}{\376\377\0004\000.\0002\000\040\000H\000a\000r\000d\000w\000a\000r\000e}{subsubsection.4.0.1}% 12
\BOOKMARK [3][-]{subsubsection.4.0.3}{\376\377\0004\000.\0003\000\040\000D\000a\000t\000a\000s\000e\000t}{subsubsection.4.0.1}% 13
\BOOKMARK [3][-]{subsubsection.4.0.4}{\376\377\0004\000.\0004\000\040\000R\000e\000p\000r\000o\000d\000u\000c\000i\000b\000i\000l\000i\000t\000y}{subsubsection.4.0.1}% 14
\BOOKMARK [1][-]{section.5}{\376\377\000R\000e\000s\000u\000l\000t\000s}{}% 15
\BOOKMARK [2][-]{subsubsection.5.0.1}{\376\377\0005\000.\0001\000\040\000T\000a\000s\000k\000\040\000P\000o\000o\000l\000\040\000V\000a\000l\000i\000d\000a\000t\000i\000o\000n\000\040\000\050\000H\000-\000E\0001\000\051}{section.5}% 16
\BOOKMARK [3][-]{subsubsection.5.0.2}{\376\377\0005\000.\0002\000\040\000S\000t\000a\000t\000i\000c\000\040\000A\000n\000a\000l\000y\000s\000i\000s\000\040\000D\000e\000t\000e\000c\000t\000i\000o\000n\000\040\000R\000a\000t\000e\000\040\000\050\000H\000-\000M\0001\000\051}{subsubsection.5.0.1}% 17
\BOOKMARK [3][-]{subsubsection.5.0.3}{\376\377\0005\000.\0003\000\040\000S\000e\000q\000u\000e\000n\000t\000i\000a\000l\000\040\000P\000r\000e\000s\000e\000n\000t\000a\000t\000i\000o\000n\000\040\000E\000f\000f\000e\000c\000t\000\040\000\050\000H\000-\000M\0002\000\051}{subsubsection.5.0.1}% 18
\BOOKMARK [3][-]{subsubsection.5.0.4}{\376\377\0005\000.\0004\000\040\000T\000o\000k\000e\000n\000\040\000E\000f\000f\000i\000c\000i\000e\000n\000c\000y\000\040\000\050\000H\000-\000M\0003\000\051}{subsubsection.5.0.1}% 19
\BOOKMARK [3][-]{subsubsection.5.0.5}{\376\377\0005\000.\0005\000\040\000S\000u\000m\000m\000a\000r\000y}{subsubsection.5.0.1}% 20
\BOOKMARK [1][-]{section.6}{\376\377\000D\000i\000s\000c\000u\000s\000s\000i\000o\000n}{}% 21
\BOOKMARK [2][-]{subsubsection.6.0.1}{\376\377\0006\000.\0001\000\040\000U\000n\000e\000x\000p\000e\000c\000t\000e\000d\000\040\000D\000e\000t\000e\000c\000t\000i\000o\000n\000\040\000R\000a\000t\000e}{section.6}% 22
\BOOKMARK [3][-]{subsubsection.6.0.2}{\376\377\0006\000.\0002\000\040\000A\000t\000t\000e\000n\000t\000i\000o\000n\000\040\000E\000c\000o\000n\000o\000m\000y\000\040\000U\000n\000v\000e\000r\000i\000f\000i\000e\000d}{subsubsection.6.0.1}% 23
\BOOKMARK [3][-]{subsubsection.6.0.3}{\376\377\0006\000.\0003\000\040\000S\000c\000o\000p\000e\000\040\000a\000n\000d\000\040\000G\000e\000n\000e\000r\000a\000l\000i\000z\000a\000t\000i\000o\000n}{subsubsection.6.0.1}% 24
\BOOKMARK [3][-]{subsubsection.6.0.4}{\376\377\0006\000.\0004\000\040\000M\000o\000c\000k\000\040\000v\000s\000.\000\040\000R\000e\000a\000l\000\040\000V\000a\000l\000i\000d\000a\000t\000i\000o\000n}{subsubsection.6.0.1}% 25
\BOOKMARK [3][-]{subsubsection.6.0.5}{\376\377\0006\000.\0005\000\040\000C\000o\000m\000p\000a\000r\000i\000s\000o\000n\000\040\000t\000o\000\040\000E\000x\000i\000s\000t\000i\000n\000g\000\040\000W\000o\000r\000k}{subsubsection.6.0.1}% 26
\BOOKMARK [1][-]{section.7}{\376\377\000C\000o\000n\000c\000l\000u\000s\000i\000o\000n}{}% 27
