2026-04-30 11:21:31,060 INFO __main__: === H-E1 PoC Experiment (Synthetic Data) ===
2026-04-30 11:21:31,061 INFO __main__: Generating synthetic score matrix (N=30 models)...
2026-04-30 11:21:31,061 INFO __main__: Score matrix: 30 models × 9 columns
2026-04-30 11:21:31,062 INFO __main__: ECE range: [0.010, 0.325]
2026-04-30 11:21:31,062 INFO __main__: TruthfulQA% range: [21.0, 57.7]
2026-04-30 11:21:31,062 INFO __main__: === Stage 4: Statistical Analysis ===
2026-04-30 11:21:31,685 INFO __main__:   Computing partial Spearman ρ matrix (greedy)...
2026-04-30 11:21:40,310 INFO __main__:   Computed 10 pairs
2026-04-30 11:21:40,311 INFO __main__:   Computing partial Spearman ρ matrix (stochastic)...
2026-04-30 11:21:49,274 INFO __main__:   Running factor analysis (greedy)...
/home/anonymous/miniforge3/envs/youra-h-e1/lib/python3.10/site-packages/sklearn/utils/deprecation.py:132: FutureWarning: 'force_all_finite' was renamed to 'ensure_all_finite' in 1.6 and will be removed in 1.8.
  warnings.warn(
/home/anonymous/miniforge3/envs/youra-h-e1/lib/python3.10/site-packages/factor_analyzer/factor_analyzer.py:663: UserWarning: No rotation will be performed when the number of factors equals 1.
  warnings.warn(
/home/anonymous/miniforge3/envs/youra-h-e1/lib/python3.10/site-packages/factor_analyzer/utils.py:244: UserWarning: The inverse of the variance-covariance matrix was calculated using the Moore-Penrose generalized matrix inversion, due to its determinant being at or very close to zero.
  warnings.warn(
2026-04-30 11:21:49,281 INFO __main__:   Greedy FA: var_explained=0.721, KMO=0.879
2026-04-30 11:21:49,281 INFO __main__:   Running factor analysis (stochastic)...
/home/anonymous/miniforge3/envs/youra-h-e1/lib/python3.10/site-packages/sklearn/utils/deprecation.py:132: FutureWarning: 'force_all_finite' was renamed to 'ensure_all_finite' in 1.6 and will be removed in 1.8.
  warnings.warn(
/home/anonymous/miniforge3/envs/youra-h-e1/lib/python3.10/site-packages/factor_analyzer/factor_analyzer.py:663: UserWarning: No rotation will be performed when the number of factors equals 1.
  warnings.warn(
/home/anonymous/miniforge3/envs/youra-h-e1/lib/python3.10/site-packages/factor_analyzer/utils.py:244: UserWarning: The inverse of the variance-covariance matrix was calculated using the Moore-Penrose generalized matrix inversion, due to its determinant being at or very close to zero.
  warnings.warn(
2026-04-30 11:21:49,286 INFO __main__:   Stochastic FA: var_explained=0.721, KMO=0.883
2026-04-30 11:21:49,286 INFO __main__:   Tucker congruence: 1.000 (threshold >= 0.85)
2026-04-30 11:21:49,286 INFO __main__:   Running LOO logistic regression...
/home/anonymous/miniforge3/envs/youra-h-e1/lib/python3.10/site-packages/sklearn/metrics/_ranking.py:424: UndefinedMetricWarning: Only one class is present in y_true. ROC AUC score is not defined in that case.
  warnings.warn(
/home/anonymous/miniforge3/envs/youra-h-e1/lib/python3.10/site-packages/sklearn/metrics/_ranking.py:424: UndefinedMetricWarning: Only one class is present in y_true. ROC AUC score is not defined in that case.
  warnings.warn(
/home/anonymous/miniforge3/envs/youra-h-e1/lib/python3.10/site-packages/sklearn/metrics/_ranking.py:424: UndefinedMetricWarning: Only one class is present in y_true. ROC AUC score is not defined in that case.
  warnings.warn(
/home/anonymous/miniforge3/envs/youra-h-e1/lib/python3.10/site-packages/sklearn/metrics/_ranking.py:424: UndefinedMetricWarning: Only one class is present in y_true. ROC AUC score is not defined in that case.
  warnings.warn(
/home/anonymous/miniforge3/envs/youra-h-e1/lib/python3.10/site-packages/sklearn/metrics/_ranking.py:424: UndefinedMetricWarning: Only one class is present in y_true. ROC AUC score is not defined in that case.
  warnings.warn(
/home/anonymous/miniforge3/envs/youra-h-e1/lib/python3.10/site-packages/sklearn/metrics/_ranking.py:424: UndefinedMetricWarning: Only one class is present in y_true. ROC AUC score is not defined in that case.
  warnings.warn(
/home/anonymous/miniforge3/envs/youra-h-e1/lib/python3.10/site-packages/sklearn/metrics/_ranking.py:424: UndefinedMetricWarning: Only one class is present in y_true. ROC AUC score is not defined in that case.
  warnings.warn(
/home/anonymous/miniforge3/envs/youra-h-e1/lib/python3.10/site-packages/sklearn/metrics/_ranking.py:424: UndefinedMetricWarning: Only one class is present in y_true. ROC AUC score is not defined in that case.
  warnings.warn(
/home/anonymous/miniforge3/envs/youra-h-e1/lib/python3.10/site-packages/sklearn/metrics/_ranking.py:424: UndefinedMetricWarning: Only one class is present in y_true. ROC AUC score is not defined in that case.
  warnings.warn(
/home/anonymous/miniforge3/envs/youra-h-e1/lib/python3.10/site-packages/sklearn/metrics/_ranking.py:424: UndefinedMetricWarning: Only one class is present in y_true. ROC AUC score is not defined in that case.
  warnings.warn(
/home/anonymous/miniforge3/envs/youra-h-e1/lib/python3.10/site-packages/sklearn/metrics/_ranking.py:424: UndefinedMetricWarning: Only one class is present in y_true. ROC AUC score is not defined in that case.
  warnings.warn(
/home/anonymous/miniforge3/envs/youra-h-e1/lib/python3.10/site-packages/sklearn/metrics/_ranking.py:424: UndefinedMetricWarning: Only one class is present in y_true. ROC AUC score is not defined in that case.
  warnings.warn(
/home/anonymous/miniforge3/envs/youra-h-e1/lib/python3.10/site-packages/sklearn/metrics/_ranking.py:424: UndefinedMetricWarning: Only one class is present in y_true. ROC AUC score is not defined in that case.
  warnings.warn(
/home/anonymous/miniforge3/envs/youra-h-e1/lib/python3.10/site-packages/sklearn/metrics/_ranking.py:424: UndefinedMetricWarning: Only one class is present in y_true. ROC AUC score is not defined in that case.
  warnings.warn(
/home/anonymous/miniforge3/envs/youra-h-e1/lib/python3.10/site-packages/sklearn/metrics/_ranking.py:424: UndefinedMetricWarning: Only one class is present in y_true. ROC AUC score is not defined in that case.
  warnings.warn(
/home/anonymous/miniforge3/envs/youra-h-e1/lib/python3.10/site-packages/sklearn/metrics/_ranking.py:424: UndefinedMetricWarning: Only one class is present in y_true. ROC AUC score is not defined in that case.
  warnings.warn(
/home/anonymous/miniforge3/envs/youra-h-e1/lib/python3.10/site-packages/sklearn/metrics/_ranking.py:424: UndefinedMetricWarning: Only one class is present in y_true. ROC AUC score is not defined in that case.
  warnings.warn(
/home/anonymous/miniforge3/envs/youra-h-e1/lib/python3.10/site-packages/sklearn/metrics/_ranking.py:424: UndefinedMetricWarning: Only one class is present in y_true. ROC AUC score is not defined in that case.
  warnings.warn(
/home/anonymous/miniforge3/envs/youra-h-e1/lib/python3.10/site-packages/sklearn/metrics/_ranking.py:424: UndefinedMetricWarning: Only one class is present in y_true. ROC AUC score is not defined in that case.
  warnings.warn(
/home/anonymous/miniforge3/envs/youra-h-e1/lib/python3.10/site-packages/sklearn/metrics/_ranking.py:424: UndefinedMetricWarning: Only one class is present in y_true. ROC AUC score is not defined in that case.
  warnings.warn(
/home/anonymous/miniforge3/envs/youra-h-e1/lib/python3.10/site-packages/sklearn/metrics/_ranking.py:424: UndefinedMetricWarning: Only one class is present in y_true. ROC AUC score is not defined in that case.
  warnings.warn(
/home/anonymous/miniforge3/envs/youra-h-e1/lib/python3.10/site-packages/sklearn/metrics/_ranking.py:424: UndefinedMetricWarning: Only one class is present in y_true. ROC AUC score is not defined in that case.
  warnings.warn(
/home/anonymous/miniforge3/envs/youra-h-e1/lib/python3.10/site-packages/sklearn/metrics/_ranking.py:424: UndefinedMetricWarning: Only one class is present in y_true. ROC AUC score is not defined in that case.
  warnings.warn(
/home/anonymous/miniforge3/envs/youra-h-e1/lib/python3.10/site-packages/sklearn/metrics/_ranking.py:424: UndefinedMetricWarning: Only one class is present in y_true. ROC AUC score is not defined in that case.
  warnings.warn(
/home/anonymous/miniforge3/envs/youra-h-e1/lib/python3.10/site-packages/sklearn/metrics/_ranking.py:424: UndefinedMetricWarning: Only one class is present in y_true. ROC AUC score is not defined in that case.
  warnings.warn(
/home/anonymous/miniforge3/envs/youra-h-e1/lib/python3.10/site-packages/sklearn/metrics/_ranking.py:424: UndefinedMetricWarning: Only one class is present in y_true. ROC AUC score is not defined in that case.
  warnings.warn(
/home/anonymous/miniforge3/envs/youra-h-e1/lib/python3.10/site-packages/sklearn/metrics/_ranking.py:424: UndefinedMetricWarning: Only one class is present in y_true. ROC AUC score is not defined in that case.
  warnings.warn(
/home/anonymous/miniforge3/envs/youra-h-e1/lib/python3.10/site-packages/sklearn/metrics/_ranking.py:424: UndefinedMetricWarning: Only one class is present in y_true. ROC AUC score is not defined in that case.
  warnings.warn(
/home/anonymous/miniforge3/envs/youra-h-e1/lib/python3.10/site-packages/sklearn/metrics/_ranking.py:424: UndefinedMetricWarning: Only one class is present in y_true. ROC AUC score is not defined in that case.
  warnings.warn(
/home/anonymous/miniforge3/envs/youra-h-e1/lib/python3.10/site-packages/sklearn/metrics/_ranking.py:424: UndefinedMetricWarning: Only one class is present in y_true. ROC AUC score is not defined in that case.
  warnings.warn(
/home/anonymous/miniforge3/envs/youra-h-e1/lib/python3.10/site-packages/sklearn/metrics/_ranking.py:424: UndefinedMetricWarning: Only one class is present in y_true. ROC AUC score is not defined in that case.
  warnings.warn(
/home/anonymous/miniforge3/envs/youra-h-e1/lib/python3.10/site-packages/sklearn/metrics/_ranking.py:424: UndefinedMetricWarning: Only one class is present in y_true. ROC AUC score is not defined in that case.
  warnings.warn(
/home/anonymous/miniforge3/envs/youra-h-e1/lib/python3.10/site-packages/sklearn/metrics/_ranking.py:424: UndefinedMetricWarning: Only one class is present in y_true. ROC AUC score is not defined in that case.
  warnings.warn(
/home/anonymous/miniforge3/envs/youra-h-e1/lib/python3.10/site-packages/sklearn/metrics/_ranking.py:424: UndefinedMetricWarning: Only one class is present in y_true. ROC AUC score is not defined in that case.
  warnings.warn(
/home/anonymous/miniforge3/envs/youra-h-e1/lib/python3.10/site-packages/sklearn/metrics/_ranking.py:424: UndefinedMetricWarning: Only one class is present in y_true. ROC AUC score is not defined in that case.
  warnings.warn(
/home/anonymous/miniforge3/envs/youra-h-e1/lib/python3.10/site-packages/sklearn/metrics/_ranking.py:424: UndefinedMetricWarning: Only one class is present in y_true. ROC AUC score is not defined in that case.
  warnings.warn(
/home/anonymous/miniforge3/envs/youra-h-e1/lib/python3.10/site-packages/sklearn/metrics/_ranking.py:424: UndefinedMetricWarning: Only one class is present in y_true. ROC AUC score is not defined in that case.
  warnings.warn(
/home/anonymous/miniforge3/envs/youra-h-e1/lib/python3.10/site-packages/sklearn/metrics/_ranking.py:424: UndefinedMetricWarning: Only one class is present in y_true. ROC AUC score is not defined in that case.
  warnings.warn(
/home/anonymous/miniforge3/envs/youra-h-e1/lib/python3.10/site-packages/sklearn/metrics/_ranking.py:424: UndefinedMetricWarning: Only one class is present in y_true. ROC AUC score is not defined in that case.
  warnings.warn(
/home/anonymous/miniforge3/envs/youra-h-e1/lib/python3.10/site-packages/sklearn/metrics/_ranking.py:424: UndefinedMetricWarning: Only one class is present in y_true. ROC AUC score is not defined in that case.
  warnings.warn(
/home/anonymous/miniforge3/envs/youra-h-e1/lib/python3.10/site-packages/sklearn/metrics/_ranking.py:424: UndefinedMetricWarning: Only one class is present in y_true. ROC AUC score is not defined in that case.
  warnings.warn(
/home/anonymous/miniforge3/envs/youra-h-e1/lib/python3.10/site-packages/sklearn/metrics/_ranking.py:424: UndefinedMetricWarning: Only one class is present in y_true. ROC AUC score is not defined in that case.
  warnings.warn(
/home/anonymous/miniforge3/envs/youra-h-e1/lib/python3.10/site-packages/sklearn/metrics/_ranking.py:424: UndefinedMetricWarning: Only one class is present in y_true. ROC AUC score is not defined in that case.
  warnings.warn(
/home/anonymous/miniforge3/envs/youra-h-e1/lib/python3.10/site-packages/sklearn/metrics/_ranking.py:424: UndefinedMetricWarning: Only one class is present in y_true. ROC AUC score is not defined in that case.
  warnings.warn(
/home/anonymous/miniforge3/envs/youra-h-e1/lib/python3.10/site-packages/sklearn/metrics/_ranking.py:424: UndefinedMetricWarning: Only one class is present in y_true. ROC AUC score is not defined in that case.
  warnings.warn(
/home/anonymous/miniforge3/envs/youra-h-e1/lib/python3.10/site-packages/sklearn/metrics/_ranking.py:424: UndefinedMetricWarning: Only one class is present in y_true. ROC AUC score is not defined in that case.
  warnings.warn(
/home/anonymous/miniforge3/envs/youra-h-e1/lib/python3.10/site-packages/sklearn/metrics/_ranking.py:424: UndefinedMetricWarning: Only one class is present in y_true. ROC AUC score is not defined in that case.
  warnings.warn(
/home/anonymous/miniforge3/envs/youra-h-e1/lib/python3.10/site-packages/sklearn/metrics/_ranking.py:424: UndefinedMetricWarning: Only one class is present in y_true. ROC AUC score is not defined in that case.
  warnings.warn(
/home/anonymous/miniforge3/envs/youra-h-e1/lib/python3.10/site-packages/sklearn/metrics/_ranking.py:424: UndefinedMetricWarning: Only one class is present in y_true. ROC AUC score is not defined in that case.
  warnings.warn(
/home/anonymous/miniforge3/envs/youra-h-e1/lib/python3.10/site-packages/sklearn/metrics/_ranking.py:424: UndefinedMetricWarning: Only one class is present in y_true. ROC AUC score is not defined in that case.
  warnings.warn(
/home/anonymous/miniforge3/envs/youra-h-e1/lib/python3.10/site-packages/sklearn/metrics/_ranking.py:424: UndefinedMetricWarning: Only one class is present in y_true. ROC AUC score is not defined in that case.
  warnings.warn(
/home/anonymous/miniforge3/envs/youra-h-e1/lib/python3.10/site-packages/sklearn/metrics/_ranking.py:424: UndefinedMetricWarning: Only one class is present in y_true. ROC AUC score is not defined in that case.
  warnings.warn(
/home/anonymous/miniforge3/envs/youra-h-e1/lib/python3.10/site-packages/sklearn/metrics/_ranking.py:424: UndefinedMetricWarning: Only one class is present in y_true. ROC AUC score is not defined in that case.
  warnings.warn(
/home/anonymous/miniforge3/envs/youra-h-e1/lib/python3.10/site-packages/sklearn/metrics/_ranking.py:424: UndefinedMetricWarning: Only one class is present in y_true. ROC AUC score is not defined in that case.
  warnings.warn(
/home/anonymous/miniforge3/envs/youra-h-e1/lib/python3.10/site-packages/sklearn/metrics/_ranking.py:424: UndefinedMetricWarning: Only one class is present in y_true. ROC AUC score is not defined in that case.
  warnings.warn(
/home/anonymous/miniforge3/envs/youra-h-e1/lib/python3.10/site-packages/sklearn/metrics/_ranking.py:424: UndefinedMetricWarning: Only one class is present in y_true. ROC AUC score is not defined in that case.
  warnings.warn(
/home/anonymous/miniforge3/envs/youra-h-e1/lib/python3.10/site-packages/sklearn/metrics/_ranking.py:424: UndefinedMetricWarning: Only one class is present in y_true. ROC AUC score is not defined in that case.
  warnings.warn(
/home/anonymous/miniforge3/envs/youra-h-e1/lib/python3.10/site-packages/sklearn/metrics/_ranking.py:424: UndefinedMetricWarning: Only one class is present in y_true. ROC AUC score is not defined in that case.
  warnings.warn(
/home/anonymous/miniforge3/envs/youra-h-e1/lib/python3.10/site-packages/sklearn/metrics/_ranking.py:424: UndefinedMetricWarning: Only one class is present in y_true. ROC AUC score is not defined in that case.
  warnings.warn(
/home/anonymous/miniforge3/envs/youra-h-e1/lib/python3.10/site-packages/sklearn/metrics/_ranking.py:424: UndefinedMetricWarning: Only one class is present in y_true. ROC AUC score is not defined in that case.
  warnings.warn(
2026-04-30 11:21:52,344 INFO __main__:   LOO AUC: nan (MMLU-only: nan)
2026-04-30 11:21:52,345 INFO __main__:   Gate result: PASS
2026-04-30 11:21:52,345 INFO __main__:     ('ECE', 'TruthfulQA_pct'): rho=-0.758, CI=[-0.894, -0.504], passes=True
2026-04-30 11:21:52,345 INFO __main__:     ('ECE', 'AdvGLUE_drop'): rho=-0.718, CI=[-0.89, -0.38], passes=True
2026-04-30 11:21:52,345 INFO __main__: === Stage 5a: Generating figures ===
2026-04-30 11:21:53,126 INFO __main__:   Figures saved: 6 files in h-e1/figures
2026-04-30 11:21:53,126 INFO __main__: === Stage 5b: Writing results ===
2026-04-30 11:21:53,128 INFO __main__:   Results: h-e1/04_results.json
2026-04-30 11:21:53,128 INFO __main__:   Validation: h-e1/04_validation.md
2026-04-30 11:21:53,128 INFO __main__: === Experiment Complete ===
2026-04-30 11:21:53,128 INFO __main__: MUST_WORK gate: PASS
2026-04-30 11:21:53,128 INFO __main__: Tucker congruence: 1.000 (PASS >= 0.85)
2026-04-30 11:21:53,128 INFO __main__: LOO AUC composite: nan vs MMLU-only: nan
EXPERIMENT COMPLETE (exit=0, ts=2026-04-30T11:21:53+00:00)
