\BOOKMARK [1][-]{section.1}{\376\377\000I\000n\000t\000r\000o\000d\000u\000c\000t\000i\000o\000n}{}% 1
\BOOKMARK [1][-]{section.2}{\376\377\000R\000e\000l\000a\000t\000e\000d\000\040\000W\000o\000r\000k}{}% 2
\BOOKMARK [2][-]{subsubsection.2.0.1}{\376\377\0002\000.\0001\000\040\000P\000a\000r\000a\000m\000e\000t\000e\000r\000-\000E\000f\000f\000i\000c\000i\000e\000n\000t\000\040\000F\000i\000n\000e\000-\000T\000u\000n\000i\000n\000g\000\040\000f\000o\000r\000\040\000S\000S\000M\000s}{section.2}% 3
\BOOKMARK [3][-]{subsubsection.2.0.2}{\376\377\0002\000.\0002\000\040\000S\000t\000a\000t\000e\000\040\000S\000p\000a\000c\000e\000\040\000M\000o\000d\000e\000l\000\040\000F\000o\000u\000n\000d\000a\000t\000i\000o\000n\000s}{subsubsection.2.0.1}% 4
\BOOKMARK [3][-]{subsubsection.2.0.3}{\376\377\0002\000.\0003\000\040\000E\000i\000g\000e\000n\000v\000a\000l\000u\000e\000\040\000A\000n\000a\000l\000y\000s\000i\000s\000\040\000i\000n\000\040\000R\000e\000c\000u\000r\000r\000e\000n\000t\000\040\000M\000o\000d\000e\000l\000s}{subsubsection.2.0.1}% 5
\BOOKMARK [1][-]{section.3}{\376\377\000M\000e\000t\000h\000o\000d\000o\000l\000o\000g\000y}{}% 6
\BOOKMARK [2][-]{subsubsection.3.0.1}{\376\377\0003\000.\0001\000\040\000S\000p\000e\000c\000t\000r\000a\000l\000\040\000M\000e\000m\000o\000r\000y\000\040\000H\000o\000r\000i\000z\000o\000n}{section.3}% 7
\BOOKMARK [3][-]{subsubsection.3.0.2}{\376\377\0003\000.\0002\000\040\000E\000i\000g\000e\000n\000v\000a\000l\000u\000e\000\040\000P\000r\000e\000s\000e\000r\000v\000a\000t\000i\000o\000n\000\040\000M\000e\000a\000s\000u\000r\000e\000m\000e\000n\000t}{subsubsection.3.0.1}% 8
\BOOKMARK [3][-]{subsubsection.3.0.3}{\376\377\0003\000.\0003\000\040\000E\000i\000g\000e\000n\000m\000o\000d\000e\000\040\000E\000n\000e\000r\000g\000y\000\040\000R\000e\000d\000i\000s\000t\000r\000i\000b\000u\000t\000i\000o\000n}{subsubsection.3.0.1}% 9
\BOOKMARK [3][-]{subsubsection.3.0.4}{\376\377\0003\000.\0004\000\040\000E\000x\000p\000e\000r\000i\000m\000e\000n\000t\000a\000l\000\040\000D\000e\000s\000i\000g\000n}{subsubsection.3.0.1}% 10
\BOOKMARK [1][-]{section.4}{\376\377\000E\000x\000p\000e\000r\000i\000m\000e\000n\000t\000a\000l\000\040\000S\000e\000t\000u\000p}{}% 11
\BOOKMARK [2][-]{subsubsection.4.0.1}{\376\377\0004\000.\0001\000\040\000M\000o\000d\000e\000l}{section.4}% 12
\BOOKMARK [3][-]{subsubsection.4.0.2}{\376\377\0004\000.\0002\000\040\000D\000a\000t\000a\000s\000e\000t}{subsubsection.4.0.1}% 13
\BOOKMARK [3][-]{subsubsection.4.0.3}{\376\377\0004\000.\0003\000\040\000L\000o\000R\000A\000\040\000C\000o\000n\000f\000i\000g\000u\000r\000a\000t\000i\000o\000n}{subsubsection.4.0.1}% 14
\BOOKMARK [3][-]{subsubsection.4.0.4}{\376\377\0004\000.\0004\000\040\000T\000r\000a\000i\000n\000i\000n\000g\000\040\000P\000r\000o\000t\000o\000c\000o\000l}{subsubsection.4.0.1}% 15
\BOOKMARK [3][-]{subsubsection.4.0.5}{\376\377\0004\000.\0005\000\040\000H\000a\000r\000d\000w\000a\000r\000e}{subsubsection.4.0.1}% 16
\BOOKMARK [1][-]{section.5}{\376\377\000R\000e\000s\000u\000l\000t\000s}{}% 17
\BOOKMARK [2][-]{subsubsection.5.0.1}{\376\377\0005\000.\0001\000\040\000H\000-\000E\0001\000:\000\040\000S\000p\000e\000c\000t\000r\000a\000l\000\040\000H\000o\000r\000i\000z\000o\000n\000\040\000S\000t\000a\000b\000i\000l\000i\000t\000y}{section.5}% 18
\BOOKMARK [3][-]{subsubsection.5.0.2}{\376\377\0005\000.\0002\000\040\000H\000-\000M\0001\000:\000\040\000E\000i\000g\000e\000n\000v\000a\000l\000u\000e\000-\000B\000a\000s\000e\000d\000\040\000M\000e\000m\000o\000r\000y\000\040\000P\000r\000e\000d\000i\000c\000t\000i\000o\000n}{subsubsection.5.0.1}% 19
\BOOKMARK [3][-]{subsubsection.5.0.3}{\376\377\0005\000.\0003\000\040\000H\000-\000M\0002\000:\000\040\000E\000i\000g\000e\000n\000v\000a\000l\000u\000e\000\040\000P\000r\000e\000s\000e\000r\000v\000a\000t\000i\000o\000n\000\040\000U\000n\000d\000e\000r\000\040\000L\000o\000R\000A}{subsubsection.5.0.1}% 20
\BOOKMARK [3][-]{subsubsection.5.0.4}{\376\377\0005\000.\0004\000\040\000H\000-\000M\0003\000:\000\040\000E\000i\000g\000e\000n\000m\000o\000d\000e\000\040\000E\000n\000e\000r\000g\000y\000\040\000R\000e\000d\000i\000s\000t\000r\000i\000b\000u\000t\000i\000o\000n}{subsubsection.5.0.1}% 21
\BOOKMARK [3][-]{subsubsection.5.0.5}{\376\377\0005\000.\0005\000\040\000S\000u\000m\000m\000a\000r\000y\000\040\000o\000f\000\040\000R\000e\000s\000u\000l\000t\000s}{subsubsection.5.0.1}% 22
\BOOKMARK [1][-]{section.6}{\376\377\000D\000i\000s\000c\000u\000s\000s\000i\000o\000n}{}% 23
\BOOKMARK [2][-]{subsubsection.6.0.1}{\376\377\0006\000.\0001\000\040\000I\000n\000t\000e\000r\000p\000r\000e\000t\000a\000t\000i\000o\000n\000\040\000o\000f\000\040\000F\000i\000n\000d\000i\000n\000g\000s}{section.6}% 24
\BOOKMARK [3][-]{subsubsection.6.0.2}{\376\377\0006\000.\0002\000\040\000L\000i\000m\000i\000t\000a\000t\000i\000o\000n\000s}{subsubsection.6.0.1}% 25
\BOOKMARK [3][-]{subsubsection.6.0.3}{\376\377\0006\000.\0003\000\040\000C\000o\000n\000n\000e\000c\000t\000i\000o\000n\000\040\000t\000o\000\040\000P\000r\000i\000o\000r\000\040\000W\000o\000r\000k}{subsubsection.6.0.1}% 26
\BOOKMARK [3][-]{subsubsection.6.0.4}{\376\377\0006\000.\0004\000\040\000S\000c\000o\000p\000e\000\040\000C\000o\000n\000d\000i\000t\000i\000o\000n\000s}{subsubsection.6.0.1}% 27
\BOOKMARK [1][-]{section.7}{\376\377\000C\000o\000n\000c\000l\000u\000s\000i\000o\000n}{}% 28
\BOOKMARK [2][-]{subsubsection.7.0.1}{\376\377\000F\000u\000t\000u\000r\000e\000\040\000W\000o\000r\000k}{section.7}% 29
