/home/anonymous/miniforge3/envs/youra-h-m1/lib/python3.10/site-packages/requests/__init__.py:113: RequestsDependencyWarning: urllib3 (1.26.20) or chardet (7.0.1)/charset_normalizer (3.4.5) doesn't match a supported version!
  warnings.warn(
`torch_dtype` is deprecated! Use `dtype` instead!
================================================================================
WEIGHT MATRIX ANALYSIS - h-m1
================================================================================
Method: Direct SVD analysis of Q, K, V projection weight matrices
Dataset: Not required (analyzing learned weights directly)
================================================================================

Loading model...
Loading checkpoint shards:   0%|          | 0/2 [00:00<?, ?it/s]Loading checkpoint shards:  50%|█████     | 1/2 [00:02<00:02,  2.18s/it]Loading checkpoint shards: 100%|██████████| 2/2 [00:03<00:00,  1.48s/it]Loading checkpoint shards: 100%|██████████| 2/2 [00:03<00:00,  1.58s/it]
✓ Model loaded on device: cuda:0

Analyzing weight matrices (layers 20-31)...
Layer 20: r_eff=1579.33, entropy=6.5826
Layer 21: r_eff=1588.67, entropy=6.5939
Layer 22: r_eff=1622.67, entropy=6.6070
Layer 23: r_eff=1610.67, entropy=6.6055
Layer 24: r_eff=1630.33, entropy=6.6067
Layer 25: r_eff=1641.67, entropy=6.6120
Layer 26: r_eff=1634.00, entropy=6.6133
Layer 27: r_eff=1647.67, entropy=6.6154
Layer 28: r_eff=1604.67, entropy=6.6143
Layer 29: r_eff=1591.33, entropy=6.6137
Layer 30: r_eff=1574.33, entropy=6.6068
Layer 31: r_eff=1554.33, entropy=6.5991
✓ Analyzed 12 layers

Computing entropy regression...
✓ Regression: β=0.001453, p=7.202766e-02

Validating gate criteria...
✓ Gate result: FAIL

Traceback (most recent call last):
  File "/home/anonymous/YouRA_results_new_4_sonnet45/TEST_scope/docs/youra_research/20260318_scope/h-m1/code/run_weight_analysis.py", line 241, in <module>
    exit(main())
  File "/home/anonymous/YouRA_results_new_4_sonnet45/TEST_scope/docs/youra_research/20260318_scope/h-m1/code/run_weight_analysis.py", line 196, in main
    json.dump({
  File "/home/anonymous/miniforge3/envs/youra-h-m1/lib/python3.10/json/__init__.py", line 179, in dump
    for chunk in iterable:
  File "/home/anonymous/miniforge3/envs/youra-h-m1/lib/python3.10/json/encoder.py", line 431, in _iterencode
    yield from _iterencode_dict(o, _current_indent_level)
  File "/home/anonymous/miniforge3/envs/youra-h-m1/lib/python3.10/json/encoder.py", line 405, in _iterencode_dict
    yield from chunks
  File "/home/anonymous/miniforge3/envs/youra-h-m1/lib/python3.10/json/encoder.py", line 405, in _iterencode_dict
    yield from chunks
  File "/home/anonymous/miniforge3/envs/youra-h-m1/lib/python3.10/json/encoder.py", line 438, in _iterencode
    o = _default(o)
  File "/home/anonymous/miniforge3/envs/youra-h-m1/lib/python3.10/json/encoder.py", line 179, in default
    raise TypeError(f'Object of type {o.__class__.__name__} '
TypeError: Object of type bool_ is not JSON serializable
