
Generating train split:   0%|          | 0/2254 [00:00<?, ? examples/s]
Generating train split:  25%|██▌       | 564/2254 [00:02<00:08, 188.95 examples/s]
Generating train split:  50%|█████     | 1128/2254 [00:04<00:04, 268.70 examples/s]
Generating train split:  75%|███████▌  | 1691/2254 [00:05<00:01, 353.23 examples/s]
Generating train split: 100%|██████████| 2254/2254 [00:06<00:00, 382.44 examples/s]
Generating train split: 100%|██████████| 2254/2254 [00:06<00:00, 332.98 examples/s]
Traceback (most recent call last):
  File "/home/anonymous/YouRA_results_new_4_sonnet46_no_reflection/TEST_mldpr_sonnet46_no_reflection/docs/youra_research/20260519_mldpr/h-e1/code/run_experiment.py", line 283, in <module>
    main()
  File "/home/anonymous/YouRA_results_new_4_sonnet46_no_reflection/TEST_mldpr_sonnet46_no_reflection/docs/youra_research/20260519_mldpr/h-e1/code/run_experiment.py", line 119, in main
    labeled_panel = label_saturation(combined_panel)
  File "/home/anonymous/YouRA_results_new_4_sonnet46_no_reflection/TEST_mldpr_sonnet46_no_reflection/docs/youra_research/20260519_mldpr/h-e1/code/data_pipeline.py", line 261, in label_saturation
    tau, _ = stats.kendalltau(prev_scores[common], scores_q[common])
  File "/home/anonymous/miniforge3/envs/youra-h-e1/lib/python3.10/site-packages/scipy/_lib/deprecation.py", line 213, in inner_f
    return f(*args, **kwargs)
  File "/home/anonymous/miniforge3/envs/youra-h-e1/lib/python3.10/site-packages/scipy/stats/_stats_py.py", line 5801, in kendalltau
    raise ValueError("All inputs to `kendalltau` must be of the same "
ValueError: All inputs to `kendalltau` must be of the same size, found x-size 10 and y-size 33

ERROR conda.cli.main_run:execute(127): `conda run python code/run_experiment.py --output-dir figures/ --results-csv code/outputs/results.csv` failed. (See above for error)
============================================================
H-E1: BCBHS Domain Health Signal Discriminability
============================================================

[1/8] Loading PWC panel...
Loading PWC evaluation tables from HuggingFace...
WARNING: PWC panel failed: 'DataFrame' object has no attribute 'str'
[1/8] Loading OpenML panel...
Loading OpenML benchmark panel...
Loading 118 OpenML tasks...
OpenML panel: 170919 rows, 26 benchmarks

[2/8] Labeling saturation...

