2026-03-27 22:14:46,141 - INFO - ============================================================
2026-03-27 22:14:46,141 - INFO - H-M2: Projection-Only LoRA Eigenvalue Preservation
2026-03-27 22:14:46,141 - INFO - ============================================================
2026-03-27 22:14:46,141 - INFO - 
Configuration:
2026-03-27 22:14:46,141 - INFO -   Model: state-spaces/mamba-1.4b-hf
2026-03-27 22:14:46,141 - INFO -   Dataset: wikitext/wikitext-103-raw-v1
2026-03-27 22:14:46,141 - INFO -   LoRA r: 16, alpha: 32
2026-03-27 22:14:46,141 - INFO -   Target modules: ['in_proj', 'out_proj']
2026-03-27 22:14:46,141 - INFO -   Epochs: 3
2026-03-27 22:14:46,141 - INFO -   Learning rate: 0.0001
2026-03-27 22:14:46,141 - INFO -   H_spec (known): 256.18
2026-03-27 22:14:46,141 - INFO -   Gate: |ΔH_spec| < 10.0%
2026-03-27 22:14:46,141 - INFO -   Device: cuda
2026-03-27 22:14:46,141 - INFO - 
--- Step 1: Loading Mamba-1.4B ---
`torch_dtype` is deprecated! Use `dtype` instead!
The fast path is not available because one of `(selective_state_update, selective_scan_fn, causal_conv1d_fn, causal_conv1d_update, mamba_inner_fn)` is None. Falling back to the sequential implementation of Mamba, as use_mambapy is set to False. To install follow https://github.com/state-spaces/mamba/#installation for mamba-ssm and install the kernels library using `pip install kernels` or https://github.com/Dao-AILab/causal-conv1d for causal-conv1d. For the mamba.py backend, follow https://github.com/alxndrTL/mamba.py.
2026-03-27 22:14:49,500 - INFO - We will use 90% of the memory on device 0 for storing the model, and 10% for the buffer to avoid OOM. You can set `max_memory` in to a higher value to use more memory (at your own risk).
Loading model: state-spaces/mamba-1.4b-hf
Loading checkpoint shards:   0%|          | 0/2 [00:00<?, ?it/s]Loading checkpoint shards:  50%|█████     | 1/2 [00:01<00:01,  1.06s/it]Loading checkpoint shards: 100%|██████████| 2/2 [00:01<00:00,  1.99it/s]Loading checkpoint shards: 100%|██████████| 2/2 [00:01<00:00,  1.71it/s]
2026-03-27 22:14:51,139 - INFO - 
--- Step 2: Extracting Baseline A_log ---
Model loaded with 48 layers
Traceback (most recent call last):
  File "/home/anonymous/YouRA_results_new_4_sonnet45/TEST_scope_opus45/docs/youra_research/20260327_scope/h-m2/code/run_experiment.py", line 319, in <module>
    results = main(config)
  File "/home/anonymous/YouRA_results_new_4_sonnet45/TEST_scope_opus45/docs/youra_research/20260327_scope/h-m2/code/run_experiment.py", line 109, in main
    baseline_a_logs = probe.extract_layer_A_log()
  File "/home/anonymous/YouRA_results_new_4_sonnet45/TEST_scope_opus45/docs/youra_research/20260327_scope/h-m2/code/model.py", line 74, in extract_layer_A_log
    for layer in base_model.backbone.layers:
  File "/home/anonymous/miniforge3/envs/youra-h-m2/lib/python3.10/site-packages/torch/nn/modules/module.py", line 1965, in __getattr__
    raise AttributeError(
AttributeError: 'MambaModel' object has no attribute 'backbone'
2026-03-27 22:19:13,502 - INFO - ============================================================
2026-03-27 22:19:13,502 - INFO - H-M2: Projection-Only LoRA Eigenvalue Preservation
2026-03-27 22:19:13,502 - INFO - ============================================================
2026-03-27 22:19:13,502 - INFO - 
Configuration:
2026-03-27 22:19:13,502 - INFO -   Model: state-spaces/mamba-1.4b-hf
2026-03-27 22:19:13,502 - INFO -   Dataset: wikitext/wikitext-103-raw-v1
2026-03-27 22:19:13,502 - INFO -   LoRA r: 16, alpha: 32
2026-03-27 22:19:13,502 - INFO -   Target modules: ['in_proj', 'x_proj']
2026-03-27 22:19:13,502 - INFO -   Epochs: 3
2026-03-27 22:19:13,502 - INFO -   Learning rate: 0.0001
2026-03-27 22:19:13,502 - INFO -   H_spec (known): 256.18
2026-03-27 22:19:13,502 - INFO -   Gate: |ΔH_spec| < 10.0%
2026-03-27 22:19:13,502 - INFO -   Device: cuda
2026-03-27 22:19:13,502 - INFO - 
--- Step 1: Loading Mamba-1.4B ---
2026-03-27 22:19:15,201 - INFO - HTTP Request: HEAD https://huggingface.co/state-spaces/mamba-1.4b-hf/resolve/main/config.json "HTTP/1.1 307 Temporary Redirect"
2026-03-27 22:19:15,208 - INFO - HTTP Request: HEAD https://huggingface.co/api/resolve-cache/models/state-spaces/mamba-1.4b-hf/6e46eae61c27280517feef46f536d16b91076f08/config.json "HTTP/1.1 200 OK"
2026-03-27 22:19:15,417 - INFO - HTTP Request: HEAD https://huggingface.co/state-spaces/mamba-1.4b-hf/resolve/main/tokenizer_config.json "HTTP/1.1 307 Temporary Redirect"
2026-03-27 22:19:15,425 - INFO - HTTP Request: HEAD https://huggingface.co/api/resolve-cache/models/state-spaces/mamba-1.4b-hf/6e46eae61c27280517feef46f536d16b91076f08/tokenizer_config.json "HTTP/1.1 200 OK"
2026-03-27 22:19:15,634 - INFO - HTTP Request: GET https://huggingface.co/api/models/state-spaces/mamba-1.4b-hf/tree/main/additional_chat_templates?recursive=false&expand=false "HTTP/1.1 404 Not Found"
2026-03-27 22:19:15,837 - INFO - HTTP Request: GET https://huggingface.co/api/models/state-spaces/mamba-1.4b-hf/tree/main?recursive=true&expand=false "HTTP/1.1 200 OK"
2026-03-27 22:19:16,164 - INFO - HTTP Request: HEAD https://huggingface.co/state-spaces/mamba-1.4b-hf/resolve/main/config.json "HTTP/1.1 307 Temporary Redirect"
2026-03-27 22:19:16,171 - INFO - HTTP Request: HEAD https://huggingface.co/api/resolve-cache/models/state-spaces/mamba-1.4b-hf/6e46eae61c27280517feef46f536d16b91076f08/config.json "HTTP/1.1 200 OK"
2026-03-27 22:19:16,772 - INFO - HTTP Request: HEAD https://huggingface.co/state-spaces/mamba-1.4b-hf/resolve/main/config.json "HTTP/1.1 307 Temporary Redirect"
2026-03-27 22:19:16,780 - INFO - HTTP Request: HEAD https://huggingface.co/api/resolve-cache/models/state-spaces/mamba-1.4b-hf/6e46eae61c27280517feef46f536d16b91076f08/config.json "HTTP/1.1 200 OK"
2026-03-27 22:19:18,629 - INFO - HTTP Request: HEAD https://huggingface.co/state-spaces/mamba-1.4b-hf/resolve/main/generation_config.json "HTTP/1.1 307 Temporary Redirect"
2026-03-27 22:19:18,636 - INFO - HTTP Request: HEAD https://huggingface.co/api/resolve-cache/models/state-spaces/mamba-1.4b-hf/6e46eae61c27280517feef46f536d16b91076f08/generation_config.json "HTTP/1.1 200 OK"
2026-03-27 22:19:18,639 - INFO - 
--- Step 2: Extracting Baseline A_log ---
2026-03-27 22:19:18,645 - INFO -   Extracted 48 layer A_log tensors
2026-03-27 22:19:18,645 - INFO -   Shape per layer: torch.Size([4096, 16])
2026-03-27 22:19:18,645 - INFO - 
--- Step 3: Computing Baseline H_spec ---
2026-03-27 22:19:18,661 - INFO -   Computed H_spec: 256.43 tokens
2026-03-27 22:19:18,661 - INFO -   Expected H_spec: 256.18 tokens
2026-03-27 22:19:18,661 - INFO -   Difference: 0.25 tokens
2026-03-27 22:19:18,661 - INFO - 
--- Step 4: Applying Projection-Only LoRA ---
2026-03-27 22:19:20,289 - INFO -   Trainable params: 11,132,928 (0.80%)
2026-03-27 22:19:20,289 - INFO - 
--- Step 5: Verifying Mechanism ---
2026-03-27 22:19:20,291 - INFO -   Mechanism verification PASSED
2026-03-27 22:19:20,291 - INFO - 
--- Step 6: Loading WikiText-103 Training Data ---
2026-03-27 22:19:20,777 - INFO - HTTP Request: HEAD https://huggingface.co/datasets/wikitext/resolve/main/README.md "HTTP/1.1 307 Temporary Redirect"
2026-03-27 22:19:20,980 - INFO - HTTP Request: HEAD https://huggingface.co/datasets/Salesforce/wikitext/resolve/main/README.md "HTTP/1.1 307 Temporary Redirect"
2026-03-27 22:19:20,980 - WARNING - Warning: You are sending unauthenticated requests to the HF Hub. Please set a HF_TOKEN to enable higher rate limits and faster downloads.
2026-03-27 22:19:20,988 - INFO - HTTP Request: HEAD https://huggingface.co/api/resolve-cache/datasets/Salesforce/wikitext/b08601e04326c79dfdd32d625aee71d232d685c3/README.md "HTTP/1.1 200 OK"
2026-03-27 22:19:21,189 - INFO - HTTP Request: HEAD https://huggingface.co/datasets/wikitext/resolve/b08601e04326c79dfdd32d625aee71d232d685c3/wikitext.py "HTTP/1.1 307 Temporary Redirect"
2026-03-27 22:19:21,393 - INFO - HTTP Request: HEAD https://huggingface.co/datasets/Salesforce/wikitext/resolve/b08601e04326c79dfdd32d625aee71d232d685c3/wikitext.py "HTTP/1.1 404 Not Found"
2026-03-27 22:19:22,058 - INFO - HTTP Request: HEAD https://s3.amazonaws.com/datasets.huggingface.co/datasets/datasets/wikitext/wikitext.py "HTTP/1.1 200 OK"
2026-03-27 22:19:22,271 - INFO - HTTP Request: GET https://huggingface.co/api/datasets/wikitext/revision/b08601e04326c79dfdd32d625aee71d232d685c3 "HTTP/1.1 307 Temporary Redirect"
2026-03-27 22:19:22,469 - INFO - HTTP Request: GET https://huggingface.co/api/datasets/Salesforce/wikitext/revision/b08601e04326c79dfdd32d625aee71d232d685c3 "HTTP/1.1 200 OK"
2026-03-27 22:19:22,679 - INFO - HTTP Request: HEAD https://huggingface.co/datasets/wikitext/resolve/b08601e04326c79dfdd32d625aee71d232d685c3/.huggingface.yaml "HTTP/1.1 307 Temporary Redirect"
2026-03-27 22:19:22,885 - INFO - HTTP Request: HEAD https://huggingface.co/datasets/Salesforce/wikitext/resolve/b08601e04326c79dfdd32d625aee71d232d685c3/.huggingface.yaml "HTTP/1.1 404 Not Found"
2026-03-27 22:19:23,337 - INFO - HTTP Request: GET https://datasets-server.huggingface.co/info?dataset=wikitext "HTTP/1.1 404 Not Found"
2026-03-27 22:19:23,540 - INFO - HTTP Request: GET https://huggingface.co/api/datasets/wikitext/tree/b08601e04326c79dfdd32d625aee71d232d685c3/wikitext-103-raw-v1?recursive=true&expand=false "HTTP/1.1 307 Temporary Redirect"
2026-03-27 22:19:23,755 - INFO - HTTP Request: GET https://huggingface.co/api/datasets/Salesforce/wikitext/tree/b08601e04326c79dfdd32d625aee71d232d685c3/wikitext-103-raw-v1?recursive=true&expand=false "HTTP/1.1 200 OK"
2026-03-27 22:19:23,961 - INFO - HTTP Request: GET https://huggingface.co/api/datasets/wikitext/tree/b08601e04326c79dfdd32d625aee71d232d685c3?recursive=false&expand=false "HTTP/1.1 307 Temporary Redirect"
2026-03-27 22:19:25,706 - INFO - HTTP Request: GET https://huggingface.co/api/datasets/Salesforce/wikitext/tree/b08601e04326c79dfdd32d625aee71d232d685c3?recursive=false&expand=false "HTTP/1.1 200 OK"
2026-03-27 22:19:25,907 - INFO - HTTP Request: HEAD https://huggingface.co/datasets/wikitext/resolve/b08601e04326c79dfdd32d625aee71d232d685c3/dataset_infos.json "HTTP/1.1 307 Temporary Redirect"
2026-03-27 22:19:26,110 - INFO - HTTP Request: HEAD https://huggingface.co/datasets/Salesforce/wikitext/resolve/b08601e04326c79dfdd32d625aee71d232d685c3/dataset_infos.json "HTTP/1.1 404 Not Found"
2026-03-27 22:20:13,229 - INFO -   Training batches: 625
2026-03-27 22:20:13,229 - INFO - 
--- Step 7: Fine-tuning ---
2026-03-27 22:20:34,855 - INFO - ============================================================
2026-03-27 22:20:34,855 - INFO - H-M2: Projection-Only LoRA Eigenvalue Preservation
2026-03-27 22:20:34,855 - INFO - ============================================================
2026-03-27 22:20:34,855 - INFO - 
Configuration:
2026-03-27 22:20:34,855 - INFO -   Model: state-spaces/mamba-1.4b-hf
2026-03-27 22:20:34,855 - INFO -   Dataset: wikitext/wikitext-103-raw-v1
2026-03-27 22:20:34,855 - INFO -   LoRA r: 16, alpha: 32
2026-03-27 22:20:34,855 - INFO -   Target modules: ['in_proj', 'x_proj']
2026-03-27 22:20:34,855 - INFO -   Epochs: 3
2026-03-27 22:20:34,855 - INFO -   Learning rate: 0.0001
2026-03-27 22:20:34,855 - INFO -   H_spec (known): 256.18
2026-03-27 22:20:34,855 - INFO -   Gate: |ΔH_spec| < 10.0%
2026-03-27 22:20:34,855 - INFO -   Device: cuda
2026-03-27 22:20:34,856 - INFO - 
--- Step 1: Loading Mamba-1.4B ---
2026-03-27 22:20:36,788 - INFO - HTTP Request: HEAD https://huggingface.co/state-spaces/mamba-1.4b-hf/resolve/main/config.json "HTTP/1.1 307 Temporary Redirect"
2026-03-27 22:20:36,797 - INFO - HTTP Request: HEAD https://huggingface.co/api/resolve-cache/models/state-spaces/mamba-1.4b-hf/6e46eae61c27280517feef46f536d16b91076f08/config.json "HTTP/1.1 200 OK"
2026-03-27 22:20:36,996 - INFO - HTTP Request: HEAD https://huggingface.co/state-spaces/mamba-1.4b-hf/resolve/main/tokenizer_config.json "HTTP/1.1 307 Temporary Redirect"
2026-03-27 22:20:37,004 - INFO - HTTP Request: HEAD https://huggingface.co/api/resolve-cache/models/state-spaces/mamba-1.4b-hf/6e46eae61c27280517feef46f536d16b91076f08/tokenizer_config.json "HTTP/1.1 200 OK"
2026-03-27 22:20:37,216 - INFO - HTTP Request: GET https://huggingface.co/api/models/state-spaces/mamba-1.4b-hf/tree/main/additional_chat_templates?recursive=false&expand=false "HTTP/1.1 404 Not Found"
2026-03-27 22:20:37,419 - INFO - HTTP Request: GET https://huggingface.co/api/models/state-spaces/mamba-1.4b-hf/tree/main?recursive=true&expand=false "HTTP/1.1 200 OK"
2026-03-27 22:20:37,749 - INFO - HTTP Request: HEAD https://huggingface.co/state-spaces/mamba-1.4b-hf/resolve/main/config.json "HTTP/1.1 307 Temporary Redirect"
2026-03-27 22:20:37,757 - INFO - HTTP Request: HEAD https://huggingface.co/api/resolve-cache/models/state-spaces/mamba-1.4b-hf/6e46eae61c27280517feef46f536d16b91076f08/config.json "HTTP/1.1 200 OK"
2026-03-27 22:20:38,386 - INFO - HTTP Request: HEAD https://huggingface.co/state-spaces/mamba-1.4b-hf/resolve/main/config.json "HTTP/1.1 307 Temporary Redirect"
2026-03-27 22:20:38,387 - WARNING - Warning: You are sending unauthenticated requests to the HF Hub. Please set a HF_TOKEN to enable higher rate limits and faster downloads.
2026-03-27 22:20:38,394 - INFO - HTTP Request: HEAD https://huggingface.co/api/resolve-cache/models/state-spaces/mamba-1.4b-hf/6e46eae61c27280517feef46f536d16b91076f08/config.json "HTTP/1.1 200 OK"
2026-03-27 22:20:40,271 - INFO - HTTP Request: HEAD https://huggingface.co/state-spaces/mamba-1.4b-hf/resolve/main/generation_config.json "HTTP/1.1 307 Temporary Redirect"
2026-03-27 22:20:40,280 - INFO - HTTP Request: HEAD https://huggingface.co/api/resolve-cache/models/state-spaces/mamba-1.4b-hf/6e46eae61c27280517feef46f536d16b91076f08/generation_config.json "HTTP/1.1 200 OK"
2026-03-27 22:20:40,282 - INFO - 
--- Step 2: Extracting Baseline A_log ---
2026-03-27 22:20:40,288 - INFO -   Extracted 48 layer A_log tensors
2026-03-27 22:20:40,288 - INFO -   Shape per layer: torch.Size([4096, 16])
2026-03-27 22:20:40,288 - INFO - 
--- Step 3: Computing Baseline H_spec ---
2026-03-27 22:20:40,305 - INFO -   Computed H_spec: 256.43 tokens
2026-03-27 22:20:40,305 - INFO -   Expected H_spec: 256.18 tokens
2026-03-27 22:20:40,305 - INFO -   Difference: 0.25 tokens
2026-03-27 22:20:40,305 - INFO - 
--- Step 4: Applying Projection-Only LoRA ---
2026-03-27 22:20:41,974 - INFO -   Trainable params: 11,132,928 (0.80%)
2026-03-27 22:20:41,974 - INFO - 
--- Step 5: Verifying Mechanism ---
2026-03-27 22:20:41,975 - INFO -   Mechanism verification PASSED
2026-03-27 22:20:41,975 - INFO - 
--- Step 6: Loading WikiText-103 Training Data ---
2026-03-27 22:20:42,463 - INFO - HTTP Request: HEAD https://huggingface.co/datasets/wikitext/resolve/main/README.md "HTTP/1.1 307 Temporary Redirect"
2026-03-27 22:20:42,662 - INFO - HTTP Request: HEAD https://huggingface.co/datasets/Salesforce/wikitext/resolve/main/README.md "HTTP/1.1 307 Temporary Redirect"
2026-03-27 22:20:42,670 - INFO - HTTP Request: HEAD https://huggingface.co/api/resolve-cache/datasets/Salesforce/wikitext/b08601e04326c79dfdd32d625aee71d232d685c3/README.md "HTTP/1.1 200 OK"
2026-03-27 22:20:42,877 - INFO - HTTP Request: HEAD https://huggingface.co/datasets/wikitext/resolve/b08601e04326c79dfdd32d625aee71d232d685c3/wikitext.py "HTTP/1.1 307 Temporary Redirect"
2026-03-27 22:20:43,084 - INFO - HTTP Request: HEAD https://huggingface.co/datasets/Salesforce/wikitext/resolve/b08601e04326c79dfdd32d625aee71d232d685c3/wikitext.py "HTTP/1.1 404 Not Found"
2026-03-27 22:20:43,766 - INFO - HTTP Request: HEAD https://s3.amazonaws.com/datasets.huggingface.co/datasets/datasets/wikitext/wikitext.py "HTTP/1.1 200 OK"
2026-03-27 22:20:43,977 - INFO - HTTP Request: GET https://huggingface.co/api/datasets/wikitext/revision/b08601e04326c79dfdd32d625aee71d232d685c3 "HTTP/1.1 307 Temporary Redirect"
2026-03-27 22:20:44,179 - INFO - HTTP Request: GET https://huggingface.co/api/datasets/Salesforce/wikitext/revision/b08601e04326c79dfdd32d625aee71d232d685c3 "HTTP/1.1 200 OK"
2026-03-27 22:20:44,390 - INFO - HTTP Request: HEAD https://huggingface.co/datasets/wikitext/resolve/b08601e04326c79dfdd32d625aee71d232d685c3/.huggingface.yaml "HTTP/1.1 307 Temporary Redirect"
2026-03-27 22:20:44,602 - INFO - HTTP Request: HEAD https://huggingface.co/datasets/Salesforce/wikitext/resolve/b08601e04326c79dfdd32d625aee71d232d685c3/.huggingface.yaml "HTTP/1.1 404 Not Found"
2026-03-27 22:20:45,035 - INFO - HTTP Request: GET https://datasets-server.huggingface.co/info?dataset=wikitext "HTTP/1.1 404 Not Found"
2026-03-27 22:20:45,243 - INFO - HTTP Request: GET https://huggingface.co/api/datasets/wikitext/tree/b08601e04326c79dfdd32d625aee71d232d685c3/wikitext-103-raw-v1?recursive=true&expand=false "HTTP/1.1 307 Temporary Redirect"
2026-03-27 22:20:45,456 - INFO - HTTP Request: GET https://huggingface.co/api/datasets/Salesforce/wikitext/tree/b08601e04326c79dfdd32d625aee71d232d685c3/wikitext-103-raw-v1?recursive=true&expand=false "HTTP/1.1 200 OK"
2026-03-27 22:20:45,659 - INFO - HTTP Request: GET https://huggingface.co/api/datasets/wikitext/tree/b08601e04326c79dfdd32d625aee71d232d685c3?recursive=false&expand=false "HTTP/1.1 307 Temporary Redirect"
2026-03-27 22:20:45,855 - INFO - HTTP Request: GET https://huggingface.co/api/datasets/Salesforce/wikitext/tree/b08601e04326c79dfdd32d625aee71d232d685c3?recursive=false&expand=false "HTTP/1.1 200 OK"
2026-03-27 22:20:46,058 - INFO - HTTP Request: HEAD https://huggingface.co/datasets/wikitext/resolve/b08601e04326c79dfdd32d625aee71d232d685c3/dataset_infos.json "HTTP/1.1 307 Temporary Redirect"
2026-03-27 22:20:46,257 - INFO - HTTP Request: HEAD https://huggingface.co/datasets/Salesforce/wikitext/resolve/b08601e04326c79dfdd32d625aee71d232d685c3/dataset_infos.json "HTTP/1.1 404 Not Found"
2026-03-27 22:20:46,746 - INFO -   Training batches: 625
2026-03-27 22:20:46,746 - INFO - 
--- Step 7: Fine-tuning ---
2026-03-27 22:21:41,239 - INFO - ============================================================
2026-03-27 22:21:41,239 - INFO - H-M2: Projection-Only LoRA Eigenvalue Preservation
2026-03-27 22:21:41,239 - INFO - ============================================================
2026-03-27 22:21:41,239 - INFO - 
Configuration:
2026-03-27 22:21:41,239 - INFO -   Model: state-spaces/mamba-1.4b-hf
2026-03-27 22:21:41,239 - INFO -   Dataset: wikitext/wikitext-103-raw-v1
2026-03-27 22:21:41,239 - INFO -   LoRA r: 16, alpha: 32
2026-03-27 22:21:41,239 - INFO -   Target modules: ['in_proj', 'x_proj']
2026-03-27 22:21:41,239 - INFO -   Epochs: 3
2026-03-27 22:21:41,239 - INFO -   Learning rate: 0.0001
2026-03-27 22:21:41,239 - INFO -   H_spec (known): 256.18
2026-03-27 22:21:41,239 - INFO -   Gate: |ΔH_spec| < 10.0%
2026-03-27 22:21:41,240 - INFO -   Device: cuda
2026-03-27 22:21:41,240 - INFO - 
--- Step 1: Loading Mamba-1.4B ---
2026-03-27 22:21:43,312 - INFO - HTTP Request: HEAD https://huggingface.co/state-spaces/mamba-1.4b-hf/resolve/main/config.json "HTTP/1.1 307 Temporary Redirect"
2026-03-27 22:21:43,320 - INFO - HTTP Request: HEAD https://huggingface.co/api/resolve-cache/models/state-spaces/mamba-1.4b-hf/6e46eae61c27280517feef46f536d16b91076f08/config.json "HTTP/1.1 200 OK"
2026-03-27 22:21:43,531 - INFO - HTTP Request: HEAD https://huggingface.co/state-spaces/mamba-1.4b-hf/resolve/main/tokenizer_config.json "HTTP/1.1 307 Temporary Redirect"
2026-03-27 22:21:43,540 - INFO - HTTP Request: HEAD https://huggingface.co/api/resolve-cache/models/state-spaces/mamba-1.4b-hf/6e46eae61c27280517feef46f536d16b91076f08/tokenizer_config.json "HTTP/1.1 200 OK"
2026-03-27 22:21:43,751 - INFO - HTTP Request: GET https://huggingface.co/api/models/state-spaces/mamba-1.4b-hf/tree/main/additional_chat_templates?recursive=false&expand=false "HTTP/1.1 404 Not Found"
2026-03-27 22:21:43,970 - INFO - HTTP Request: GET https://huggingface.co/api/models/state-spaces/mamba-1.4b-hf/tree/main?recursive=true&expand=false "HTTP/1.1 200 OK"
2026-03-27 22:21:44,307 - INFO - HTTP Request: HEAD https://huggingface.co/state-spaces/mamba-1.4b-hf/resolve/main/config.json "HTTP/1.1 307 Temporary Redirect"
2026-03-27 22:21:44,314 - INFO - HTTP Request: HEAD https://huggingface.co/api/resolve-cache/models/state-spaces/mamba-1.4b-hf/6e46eae61c27280517feef46f536d16b91076f08/config.json "HTTP/1.1 200 OK"
2026-03-27 22:21:44,932 - INFO - HTTP Request: HEAD https://huggingface.co/state-spaces/mamba-1.4b-hf/resolve/main/config.json "HTTP/1.1 307 Temporary Redirect"
2026-03-27 22:21:44,939 - INFO - HTTP Request: HEAD https://huggingface.co/api/resolve-cache/models/state-spaces/mamba-1.4b-hf/6e46eae61c27280517feef46f536d16b91076f08/config.json "HTTP/1.1 200 OK"
2026-03-27 22:21:46,912 - INFO - HTTP Request: HEAD https://huggingface.co/state-spaces/mamba-1.4b-hf/resolve/main/generation_config.json "HTTP/1.1 307 Temporary Redirect"
2026-03-27 22:21:46,919 - INFO - HTTP Request: HEAD https://huggingface.co/api/resolve-cache/models/state-spaces/mamba-1.4b-hf/6e46eae61c27280517feef46f536d16b91076f08/generation_config.json "HTTP/1.1 200 OK"
2026-03-27 22:21:46,922 - INFO - 
--- Step 2: Extracting Baseline A_log ---
2026-03-27 22:21:46,928 - INFO -   Extracted 48 layer A_log tensors
2026-03-27 22:21:46,928 - INFO -   Shape per layer: torch.Size([4096, 16])
2026-03-27 22:21:46,928 - INFO - 
--- Step 3: Computing Baseline H_spec ---
2026-03-27 22:21:46,945 - INFO -   Computed H_spec: 256.43 tokens
2026-03-27 22:21:46,945 - INFO -   Expected H_spec: 256.18 tokens
2026-03-27 22:21:46,945 - INFO -   Difference: 0.25 tokens
2026-03-27 22:21:46,945 - INFO - 
--- Step 4: Applying Projection-Only LoRA ---
2026-03-27 22:21:48,598 - INFO -   Trainable params: 11,132,928 (0.80%)
2026-03-27 22:21:48,598 - INFO - 
--- Step 5: Verifying Mechanism ---
2026-03-27 22:21:48,600 - INFO -   Mechanism verification PASSED
2026-03-27 22:21:48,600 - INFO - 
--- Step 6: Loading WikiText-103 Training Data ---
2026-03-27 22:21:49,088 - INFO - HTTP Request: HEAD https://huggingface.co/datasets/wikitext/resolve/main/README.md "HTTP/1.1 307 Temporary Redirect"
2026-03-27 22:21:49,281 - INFO - HTTP Request: HEAD https://huggingface.co/datasets/Salesforce/wikitext/resolve/main/README.md "HTTP/1.1 307 Temporary Redirect"
2026-03-27 22:21:49,288 - INFO - HTTP Request: HEAD https://huggingface.co/api/resolve-cache/datasets/Salesforce/wikitext/b08601e04326c79dfdd32d625aee71d232d685c3/README.md "HTTP/1.1 200 OK"
2026-03-27 22:21:49,485 - INFO - HTTP Request: HEAD https://huggingface.co/datasets/wikitext/resolve/b08601e04326c79dfdd32d625aee71d232d685c3/wikitext.py "HTTP/1.1 307 Temporary Redirect"
2026-03-27 22:21:49,692 - INFO - HTTP Request: HEAD https://huggingface.co/datasets/Salesforce/wikitext/resolve/b08601e04326c79dfdd32d625aee71d232d685c3/wikitext.py "HTTP/1.1 404 Not Found"
2026-03-27 22:21:50,398 - INFO - HTTP Request: HEAD https://s3.amazonaws.com/datasets.huggingface.co/datasets/datasets/wikitext/wikitext.py "HTTP/1.1 200 OK"
2026-03-27 22:21:50,610 - INFO - HTTP Request: GET https://huggingface.co/api/datasets/wikitext/revision/b08601e04326c79dfdd32d625aee71d232d685c3 "HTTP/1.1 307 Temporary Redirect"
2026-03-27 22:21:50,815 - INFO - HTTP Request: GET https://huggingface.co/api/datasets/Salesforce/wikitext/revision/b08601e04326c79dfdd32d625aee71d232d685c3 "HTTP/1.1 200 OK"
2026-03-27 22:21:51,025 - INFO - HTTP Request: HEAD https://huggingface.co/datasets/wikitext/resolve/b08601e04326c79dfdd32d625aee71d232d685c3/.huggingface.yaml "HTTP/1.1 307 Temporary Redirect"
2026-03-27 22:21:51,226 - INFO - HTTP Request: HEAD https://huggingface.co/datasets/Salesforce/wikitext/resolve/b08601e04326c79dfdd32d625aee71d232d685c3/.huggingface.yaml "HTTP/1.1 404 Not Found"
2026-03-27 22:21:51,226 - WARNING - Warning: You are sending unauthenticated requests to the HF Hub. Please set a HF_TOKEN to enable higher rate limits and faster downloads.
2026-03-27 22:21:51,658 - INFO - HTTP Request: GET https://datasets-server.huggingface.co/info?dataset=wikitext "HTTP/1.1 404 Not Found"
2026-03-27 22:21:51,857 - INFO - HTTP Request: GET https://huggingface.co/api/datasets/wikitext/tree/b08601e04326c79dfdd32d625aee71d232d685c3/wikitext-103-raw-v1?recursive=true&expand=false "HTTP/1.1 307 Temporary Redirect"
2026-03-27 22:21:52,058 - INFO - HTTP Request: GET https://huggingface.co/api/datasets/Salesforce/wikitext/tree/b08601e04326c79dfdd32d625aee71d232d685c3/wikitext-103-raw-v1?recursive=true&expand=false "HTTP/1.1 200 OK"
2026-03-27 22:21:52,264 - INFO - HTTP Request: GET https://huggingface.co/api/datasets/wikitext/tree/b08601e04326c79dfdd32d625aee71d232d685c3?recursive=false&expand=false "HTTP/1.1 307 Temporary Redirect"
2026-03-27 22:21:52,466 - INFO - HTTP Request: GET https://huggingface.co/api/datasets/Salesforce/wikitext/tree/b08601e04326c79dfdd32d625aee71d232d685c3?recursive=false&expand=false "HTTP/1.1 200 OK"
2026-03-27 22:21:52,672 - INFO - HTTP Request: HEAD https://huggingface.co/datasets/wikitext/resolve/b08601e04326c79dfdd32d625aee71d232d685c3/dataset_infos.json "HTTP/1.1 307 Temporary Redirect"
2026-03-27 22:21:52,879 - INFO - HTTP Request: HEAD https://huggingface.co/datasets/Salesforce/wikitext/resolve/b08601e04326c79dfdd32d625aee71d232d685c3/dataset_infos.json "HTTP/1.1 404 Not Found"
2026-03-27 22:22:44,648 - INFO -   Training batches: 1000
2026-03-27 22:22:44,648 - INFO - 
--- Step 7: Fine-tuning ---
2026-03-27 22:28:22,222 - INFO - ============================================================
2026-03-27 22:28:22,222 - INFO - H-M2: Projection-Only LoRA Eigenvalue Preservation
2026-03-27 22:28:22,222 - INFO - ============================================================
2026-03-27 22:28:22,222 - INFO - 
Configuration:
2026-03-27 22:28:22,222 - INFO -   Model: state-spaces/mamba-1.4b-hf
2026-03-27 22:28:22,222 - INFO -   Dataset: wikitext/wikitext-103-raw-v1
2026-03-27 22:28:22,222 - INFO -   LoRA r: 16, alpha: 32
2026-03-27 22:28:22,222 - INFO -   Target modules: ['in_proj', 'x_proj']
2026-03-27 22:28:22,222 - INFO -   Epochs: 1
2026-03-27 22:28:22,222 - INFO -   Learning rate: 0.0001
2026-03-27 22:28:22,222 - INFO -   H_spec (known): 256.18
2026-03-27 22:28:22,222 - INFO -   Gate: |ΔH_spec| < 10.0%
2026-03-27 22:28:22,222 - INFO -   Device: cuda
2026-03-27 22:28:22,222 - INFO - 
--- Step 1: Loading Mamba-1.4B ---
2026-03-27 22:28:23,999 - INFO - HTTP Request: HEAD https://huggingface.co/state-spaces/mamba-1.4b-hf/resolve/main/config.json "HTTP/1.1 307 Temporary Redirect"
2026-03-27 22:28:24,008 - INFO - HTTP Request: HEAD https://huggingface.co/api/resolve-cache/models/state-spaces/mamba-1.4b-hf/6e46eae61c27280517feef46f536d16b91076f08/config.json "HTTP/1.1 200 OK"
2026-03-27 22:28:24,214 - INFO - HTTP Request: HEAD https://huggingface.co/state-spaces/mamba-1.4b-hf/resolve/main/tokenizer_config.json "HTTP/1.1 307 Temporary Redirect"
2026-03-27 22:28:24,223 - INFO - HTTP Request: HEAD https://huggingface.co/api/resolve-cache/models/state-spaces/mamba-1.4b-hf/6e46eae61c27280517feef46f536d16b91076f08/tokenizer_config.json "HTTP/1.1 200 OK"
2026-03-27 22:28:24,432 - INFO - HTTP Request: GET https://huggingface.co/api/models/state-spaces/mamba-1.4b-hf/tree/main/additional_chat_templates?recursive=false&expand=false "HTTP/1.1 404 Not Found"
2026-03-27 22:28:24,636 - INFO - HTTP Request: GET https://huggingface.co/api/models/state-spaces/mamba-1.4b-hf/tree/main?recursive=true&expand=false "HTTP/1.1 200 OK"
2026-03-27 22:28:24,967 - INFO - HTTP Request: HEAD https://huggingface.co/state-spaces/mamba-1.4b-hf/resolve/main/config.json "HTTP/1.1 307 Temporary Redirect"
2026-03-27 22:28:24,968 - WARNING - Warning: You are sending unauthenticated requests to the HF Hub. Please set a HF_TOKEN to enable higher rate limits and faster downloads.
2026-03-27 22:28:24,977 - INFO - HTTP Request: HEAD https://huggingface.co/api/resolve-cache/models/state-spaces/mamba-1.4b-hf/6e46eae61c27280517feef46f536d16b91076f08/config.json "HTTP/1.1 200 OK"
2026-03-27 22:28:25,591 - INFO - HTTP Request: HEAD https://huggingface.co/state-spaces/mamba-1.4b-hf/resolve/main/config.json "HTTP/1.1 307 Temporary Redirect"
2026-03-27 22:28:25,600 - INFO - HTTP Request: HEAD https://huggingface.co/api/resolve-cache/models/state-spaces/mamba-1.4b-hf/6e46eae61c27280517feef46f536d16b91076f08/config.json "HTTP/1.1 200 OK"
2026-03-27 22:28:27,467 - INFO - HTTP Request: HEAD https://huggingface.co/state-spaces/mamba-1.4b-hf/resolve/main/generation_config.json "HTTP/1.1 307 Temporary Redirect"
2026-03-27 22:28:27,477 - INFO - HTTP Request: HEAD https://huggingface.co/api/resolve-cache/models/state-spaces/mamba-1.4b-hf/6e46eae61c27280517feef46f536d16b91076f08/generation_config.json "HTTP/1.1 200 OK"
2026-03-27 22:28:27,479 - INFO - 
--- Step 2: Extracting Baseline A_log ---
2026-03-27 22:28:27,485 - INFO -   Extracted 48 layer A_log tensors
2026-03-27 22:28:27,486 - INFO -   Shape per layer: torch.Size([4096, 16])
2026-03-27 22:28:27,486 - INFO - 
--- Step 3: Computing Baseline H_spec ---
2026-03-27 22:28:27,502 - INFO -   Computed H_spec: 256.43 tokens
2026-03-27 22:28:27,502 - INFO -   Expected H_spec: 256.18 tokens
2026-03-27 22:28:27,502 - INFO -   Difference: 0.25 tokens
2026-03-27 22:28:27,502 - INFO - 
--- Step 4: Applying Projection-Only LoRA ---
2026-03-27 22:28:29,131 - INFO -   Trainable params: 11,132,928 (0.80%)
2026-03-27 22:28:29,131 - INFO - 
--- Step 5: Verifying Mechanism ---
2026-03-27 22:28:29,133 - INFO -   Mechanism verification PASSED
2026-03-27 22:28:29,133 - INFO - 
--- Step 6: Loading WikiText-103 Training Data ---
2026-03-27 22:28:29,616 - INFO - HTTP Request: HEAD https://huggingface.co/datasets/wikitext/resolve/main/README.md "HTTP/1.1 307 Temporary Redirect"
2026-03-27 22:28:29,827 - INFO - HTTP Request: HEAD https://huggingface.co/datasets/Salesforce/wikitext/resolve/main/README.md "HTTP/1.1 307 Temporary Redirect"
2026-03-27 22:28:29,835 - INFO - HTTP Request: HEAD https://huggingface.co/api/resolve-cache/datasets/Salesforce/wikitext/b08601e04326c79dfdd32d625aee71d232d685c3/README.md "HTTP/1.1 200 OK"
2026-03-27 22:28:30,042 - INFO - HTTP Request: HEAD https://huggingface.co/datasets/wikitext/resolve/b08601e04326c79dfdd32d625aee71d232d685c3/wikitext.py "HTTP/1.1 307 Temporary Redirect"
2026-03-27 22:28:30,245 - INFO - HTTP Request: HEAD https://huggingface.co/datasets/Salesforce/wikitext/resolve/b08601e04326c79dfdd32d625aee71d232d685c3/wikitext.py "HTTP/1.1 404 Not Found"
2026-03-27 22:28:30,902 - INFO - HTTP Request: HEAD https://s3.amazonaws.com/datasets.huggingface.co/datasets/datasets/wikitext/wikitext.py "HTTP/1.1 200 OK"
2026-03-27 22:28:31,111 - INFO - HTTP Request: GET https://huggingface.co/api/datasets/wikitext/revision/b08601e04326c79dfdd32d625aee71d232d685c3 "HTTP/1.1 307 Temporary Redirect"
2026-03-27 22:28:31,413 - INFO - HTTP Request: GET https://huggingface.co/api/datasets/Salesforce/wikitext/revision/b08601e04326c79dfdd32d625aee71d232d685c3 "HTTP/1.1 200 OK"
2026-03-27 22:28:31,613 - INFO - HTTP Request: HEAD https://huggingface.co/datasets/wikitext/resolve/b08601e04326c79dfdd32d625aee71d232d685c3/.huggingface.yaml "HTTP/1.1 307 Temporary Redirect"
2026-03-27 22:28:31,827 - INFO - HTTP Request: HEAD https://huggingface.co/datasets/Salesforce/wikitext/resolve/b08601e04326c79dfdd32d625aee71d232d685c3/.huggingface.yaml "HTTP/1.1 404 Not Found"
2026-03-27 22:28:32,169 - INFO - HTTP Request: GET https://datasets-server.huggingface.co/info?dataset=wikitext "HTTP/1.1 404 Not Found"
2026-03-27 22:28:32,369 - INFO - HTTP Request: GET https://huggingface.co/api/datasets/wikitext/tree/b08601e04326c79dfdd32d625aee71d232d685c3/wikitext-103-raw-v1?recursive=true&expand=false "HTTP/1.1 307 Temporary Redirect"
2026-03-27 22:28:32,577 - INFO - HTTP Request: GET https://huggingface.co/api/datasets/Salesforce/wikitext/tree/b08601e04326c79dfdd32d625aee71d232d685c3/wikitext-103-raw-v1?recursive=true&expand=false "HTTP/1.1 200 OK"
2026-03-27 22:28:32,815 - INFO - HTTP Request: GET https://huggingface.co/api/datasets/wikitext/tree/b08601e04326c79dfdd32d625aee71d232d685c3?recursive=false&expand=false "HTTP/1.1 307 Temporary Redirect"
2026-03-27 22:28:33,023 - INFO - HTTP Request: GET https://huggingface.co/api/datasets/Salesforce/wikitext/tree/b08601e04326c79dfdd32d625aee71d232d685c3?recursive=false&expand=false "HTTP/1.1 200 OK"
2026-03-27 22:28:33,229 - INFO - HTTP Request: HEAD https://huggingface.co/datasets/wikitext/resolve/b08601e04326c79dfdd32d625aee71d232d685c3/dataset_infos.json "HTTP/1.1 307 Temporary Redirect"
2026-03-27 22:28:33,433 - INFO - HTTP Request: HEAD https://huggingface.co/datasets/Salesforce/wikitext/resolve/b08601e04326c79dfdd32d625aee71d232d685c3/dataset_infos.json "HTTP/1.1 404 Not Found"
2026-03-27 22:29:23,316 - INFO -   Training batches: 100
2026-03-27 22:29:23,317 - INFO - 
--- Step 7: Fine-tuning ---
2026-03-27 22:49:45,935 - INFO -   Training complete. Final loss: 3.0097
2026-03-27 22:49:45,935 - INFO - 
--- Step 8: Extracting Post-Training A_log ---
2026-03-27 22:49:45,937 - INFO -   Extracted 48 layer A_log tensors
2026-03-27 22:49:45,949 - INFO - 
--- Step 9: Validating Eigenvalue Preservation ---
2026-03-27 22:49:46,049 - INFO -   Baseline H_spec: 256.43
2026-03-27 22:49:46,049 - INFO -   Post-training H_spec: 256.43
2026-03-27 22:49:46,050 - INFO -   |ΔH_spec|: 0.0000%
2026-03-27 22:49:46,050 - INFO -   Eigenvalue correlation: 1.000000
2026-03-27 22:49:46,050 - INFO -   A_log max diff: 0.00e+00
2026-03-27 22:49:46,050 - INFO -   A_log frozen: True
2026-03-27 22:49:46,050 - INFO - 
--- Step 10: Computing Validation Perplexity ---
2026-03-27 22:49:46,373 - INFO - HTTP Request: HEAD https://huggingface.co/datasets/wikitext/resolve/main/README.md "HTTP/1.1 307 Temporary Redirect"
2026-03-27 22:49:46,578 - INFO - HTTP Request: HEAD https://huggingface.co/datasets/Salesforce/wikitext/resolve/main/README.md "HTTP/1.1 307 Temporary Redirect"
2026-03-27 22:49:46,585 - INFO - HTTP Request: HEAD https://huggingface.co/api/resolve-cache/datasets/Salesforce/wikitext/b08601e04326c79dfdd32d625aee71d232d685c3/README.md "HTTP/1.1 200 OK"
2026-03-27 22:49:46,784 - INFO - HTTP Request: HEAD https://huggingface.co/datasets/wikitext/resolve/b08601e04326c79dfdd32d625aee71d232d685c3/wikitext.py "HTTP/1.1 307 Temporary Redirect"
2026-03-27 22:49:46,982 - INFO - HTTP Request: HEAD https://huggingface.co/datasets/Salesforce/wikitext/resolve/b08601e04326c79dfdd32d625aee71d232d685c3/wikitext.py "HTTP/1.1 404 Not Found"
2026-03-27 22:49:47,669 - INFO - HTTP Request: HEAD https://s3.amazonaws.com/datasets.huggingface.co/datasets/datasets/wikitext/wikitext.py "HTTP/1.1 200 OK"
2026-03-27 22:49:47,875 - INFO - HTTP Request: HEAD https://huggingface.co/datasets/wikitext/resolve/b08601e04326c79dfdd32d625aee71d232d685c3/.huggingface.yaml "HTTP/1.1 307 Temporary Redirect"
2026-03-27 22:49:48,076 - INFO - HTTP Request: HEAD https://huggingface.co/datasets/Salesforce/wikitext/resolve/b08601e04326c79dfdd32d625aee71d232d685c3/.huggingface.yaml "HTTP/1.1 404 Not Found"
2026-03-27 22:49:48,431 - INFO - HTTP Request: GET https://datasets-server.huggingface.co/info?dataset=wikitext "HTTP/1.1 404 Not Found"
2026-03-27 22:49:48,638 - INFO - HTTP Request: HEAD https://huggingface.co/datasets/wikitext/resolve/b08601e04326c79dfdd32d625aee71d232d685c3/dataset_infos.json "HTTP/1.1 307 Temporary Redirect"
2026-03-27 22:49:48,838 - INFO - HTTP Request: HEAD https://huggingface.co/datasets/Salesforce/wikitext/resolve/b08601e04326c79dfdd32d625aee71d232d685c3/dataset_infos.json "HTTP/1.1 404 Not Found"
2026-03-27 22:50:07,643 - INFO -   Validation perplexity: 15.58
2026-03-27 22:50:07,643 - INFO - 
--- Step 11: Generating Figures ---
2026-03-27 22:50:09,971 - INFO - 
--- Step 12: Saving Results ---
2026-03-27 22:50:09,972 - INFO - 
--- Cleanup ---
2026-03-27 22:50:10,399 - INFO - 
============================================================
2026-03-27 22:50:10,404 - INFO - GATE VERDICT: PASS
2026-03-27 22:50:10,404 - INFO - |ΔH_spec| = 0.0000% < 10.0%
2026-03-27 22:50:10,404 - INFO - Eigenvalue correlation = 1.000000
2026-03-27 22:50:10,404 - INFO - Projection-only LoRA PRESERVES eigenvalues!
2026-03-27 22:50:10,404 - INFO - SSM core (A_log) remains frozen during LoRA fine-tuning.
2026-03-27 22:50:10,404 - INFO - ============================================================
