Starting H-M1 full experiment at Fri Mar 27 09:34:27 PM UTC 2026
`torch_dtype` is deprecated! Use `dtype` instead!
The fast path is not available because one of `(selective_state_update, selective_scan_fn, causal_conv1d_fn, causal_conv1d_update, mamba_inner_fn)` is None. Falling back to the sequential implementation of Mamba, as use_mambapy is set to False. To install follow https://github.com/state-spaces/mamba/#installation for mamba-ssm and install the kernels library using `pip install kernels` or https://github.com/Dao-AILab/causal-conv1d for causal-conv1d. For the mamba.py backend, follow https://github.com/alxndrTL/mamba.py.
============================================================
H-M1: SSM Eigenvalue Memory Horizon Empirical Validation
============================================================

Configuration:
  Model: state-spaces/mamba-1.4b
  Dataset: wikitext/wikitext-103-raw-v1
  Eval Sequences: 1000
  Max Seq Length: 1024
  H_spec (known): 256.18
  Gate Threshold: 1.1
  Device: cuda

--- Loading WikiText-103 ---
Loading wikitext/wikitext-103-raw-v1...
Loaded 3760 validation samples

--- Loading Model ---
Loading model: state-spaces/mamba-1.4b
Loading checkpoint shards:   0%|          | 0/2 [00:00<?, ?it/s]Loading checkpoint shards:  50%|█████     | 1/2 [00:01<00:01,  1.02s/it]Loading checkpoint shards: 100%|██████████| 2/2 [00:01<00:00,  2.05it/s]Loading checkpoint shards: 100%|██████████| 2/2 [00:01<00:00,  1.76it/s]
Model loaded with 48 layers

--- Computing H_spec from Eigenvalues ---
  Computed H_spec: 256.18 tokens
  Expected H_spec: 256.18 tokens
  Difference: 0.00 tokens

--- Preparing Evaluation Sequences ---
Tokenizing and chunking sequences...
Total tokens: 252668
Created 246 evaluation sequences of length 1024

--- Running Context Sweep ---
Context lengths: [25, 64, 128, 256, 512, 1024]
Running context sweep over 6 lengths...
  Context   25: PPL = 83.26
  Context   64: PPL = 36.40
  Context  128: PPL = 23.75
  Context  256: PPL = 17.89
  Context  512: PPL = 14.41
  Context 1024: PPL = 12.22

--- Computing Degradation Ratio ---
  Degradation Ratio: 3.0292
  Threshold: 1.1

--- Gate Evaluation ---
  Baseline PPL: 12.22 (expected: 16.3 ± 20.0%)
  PPL in range: False
  Degradation ratio > 1.1: True

--- Saving Results ---
Results saved to results.yaml

--- Generating Figures ---
  Saved: figures/ppl_vs_context_length.png
  Saved: figures/gate_metrics_bar.png
  Saved: figures/per_layer_eigenvalues.png
  Saved: figures/decay_rate_profile.png

--- Cleanup ---
Model unloaded and GPU memory cleared

============================================================
GATE VERDICT: PASS
Degradation Ratio = 3.0292 > 1.1
Eigenvalue-derived H_spec DOES predict perplexity degradation!
============================================================
