/home/anonymous/miniforge3/envs/youra-h-m2/lib/python3.10/site-packages/scipy/stats/_stats_py.py:5405: ConstantInputWarning: An input array is constant; the correlation coefficient is not defined.
  rpb, prob = pearsonr(x, y)

[1/6] Loading cluster counts...
✓ Cluster counts loaded from H-M1 experiment_results.json
  Source: hm1_summary, shape: (2000,)
[2/6] Loading hallucination labels...
  Labels shape: (2000,), positive rate: 0.000
[3/6] Validating cluster counts...
[4/6] Computing statistics...
  aggregation_rate: 0.2720
  ci: [0.2530, 0.2915]
  collapse_rate: 0.0020
  r_pb: nan, p=nan
[5/6] Evaluating gate...
  Gate result: PIVOT
[6/6] Generating figures...
✓ Results saved to outputs/experiment_results.json
✓ Validation report written to ../../04_validation.md

============================================================
EXPERIMENT COMPLETE
Gate result: PIVOT
Aggregation rate: 0.2720
============================================================

