ERROR conda.cli.main_run:execute(127): `conda run python run_experiment.py --data-dir /home/anonymous/YouRA_results_new_4_sonnet46_no_reflection/TEST_buildingtrust_sonnet46_no_reflection/docs/youra_research/20260512_buildingtrust/h-e1/code/outputs --output-dir /home/anonymous/YouRA_results_new_4_sonnet46_no_reflection/TEST_buildingtrust_sonnet46_no_reflection/docs/youra_research/20260512_buildingtrust/h-m1/code/results --figures-dir /home/anonymous/YouRA_results_new_4_sonnet46_no_reflection/TEST_buildingtrust_sonnet46_no_reflection/docs/youra_research/20260512_buildingtrust/h-m1/figures` failed. (See above for error)
============================================================
H-M1: RI → ECE Mechanism Verification
============================================================

[1/6] Computing ECE scores...
   ECE computed for 30 models

[2/6] Loading H-E1 data and merging ECE...
   Merged DataFrame shape: (30, 16)

[3/6] Running Spearman partial correlation analysis...
   ρ(RI, ECE | PC1, mean_confidence) = -0.5347 (p=0.0034)
   Bootstrap 95% CI: [-0.7815, -0.1010]
   Consistent positive families: 1

[4/6] Evaluating gate...
   Gate result: PARTIAL (conditions met: 1/3)

[5/6] Generating figures...
   Generated 6 figures in /home/anonymous/YouRA_results_new_4_sonnet46_no_reflection/TEST_buildingtrust_sonnet46_no_reflection/docs/youra_research/20260512_buildingtrust/h-m1/figures

[6/6] Exporting results...
   Results exported to /home/anonymous/YouRA_results_new_4_sonnet46_no_reflection/TEST_buildingtrust_sonnet46_no_reflection/docs/youra_research/20260512_buildingtrust/h-m1/code/results

============================================================
EXPERIMENT COMPLETE — Gate: PARTIAL
  ρ = -0.5347, p = 0.0034
  Threshold: ρ ≥ 0.4, p < 0.05
============================================================

