\BOOKMARK [1][-]{section.1}{\376\377\000I\000n\000t\000r\000o\000d\000u\000c\000t\000i\000o\000n}{}% 1
\BOOKMARK [1][-]{section.2}{\376\377\000R\000e\000l\000a\000t\000e\000d\000\040\000W\000o\000r\000k}{}% 2
\BOOKMARK [2][-]{subsubsection.2.0.1}{\376\377\0002\000.\0001\000\040\000C\000a\000l\000i\000b\000r\000a\000t\000i\000o\000n\000\040\000i\000n\000\040\000N\000e\000u\000r\000a\000l\000\040\000N\000e\000t\000w\000o\000r\000k\000s\000\040\000a\000n\000d\000\040\000L\000a\000n\000g\000u\000a\000g\000e\000\040\000M\000o\000d\000e\000l\000s}{section.2}% 3
\BOOKMARK [3][-]{subsubsection.2.0.2}{\376\377\0002\000.\0002\000\040\000R\000L\000H\000F\000\040\000A\000l\000i\000g\000n\000m\000e\000n\000t\000\040\000a\000n\000d\000\040\000C\000a\000l\000i\000b\000r\000a\000t\000i\000o\000n\000\040\000D\000e\000g\000r\000a\000d\000a\000t\000i\000o\000n}{subsubsection.2.0.1}% 4
\BOOKMARK [3][-]{subsubsection.2.0.3}{\376\377\0002\000.\0003\000\040\000V\000e\000r\000b\000a\000l\000\040\000C\000o\000n\000f\000i\000d\000e\000n\000c\000e\000\040\000a\000n\000d\000\040\000F\000r\000a\000m\000i\000n\000g\000\040\000E\000f\000f\000e\000c\000t\000s}{subsubsection.2.0.1}% 5
\BOOKMARK [1][-]{section.3}{\376\377\000M\000e\000t\000h\000o\000d\000o\000l\000o\000g\000y}{}% 6
\BOOKMARK [2][-]{subsubsection.3.0.1}{\376\377\0003\000.\0001\000\040\000P\000r\000e\000-\000R\000e\000g\000i\000s\000t\000e\000r\000e\000d\000\040\000M\000e\000c\000h\000a\000n\000i\000s\000m\000\040\000D\000i\000s\000c\000r\000i\000m\000i\000n\000a\000t\000i\000o\000n\000\040\000F\000r\000a\000m\000e\000w\000o\000r\000k}{section.3}% 7
\BOOKMARK [3][-]{subsubsection.3.0.2}{\376\377\0003\000.\0002\000\040\000M\000o\000d\000e\000l\000\040\000F\000a\000m\000i\000l\000y}{subsubsection.3.0.1}% 8
\BOOKMARK [3][-]{subsubsection.3.0.3}{\376\377\0003\000.\0003\000\040\000E\000v\000a\000l\000u\000a\000t\000i\000o\000n\000\040\000P\000r\000o\000t\000o\000c\000o\000l}{subsubsection.3.0.1}% 9
\BOOKMARK [3][-]{subsubsection.3.0.4}{\376\377\0003\000.\0004\000\040\000C\000a\000l\000i\000b\000r\000a\000t\000i\000o\000n\000\040\000M\000e\000a\000s\000u\000r\000e\000m\000e\000n\000t}{subsubsection.3.0.1}% 10
\BOOKMARK [3][-]{subsubsection.3.0.5}{\376\377\0003\000.\0005\000\040\000M\000e\000c\000h\000a\000n\000i\000s\000m\000\040\000D\000i\000s\000c\000r\000i\000m\000i\000n\000a\000t\000i\000o\000n\000\040\000M\000e\000a\000s\000u\000r\000e\000m\000e\000n\000t\000s}{subsubsection.3.0.1}% 11
\BOOKMARK [3][-]{subsubsection.3.0.6}{\376\377\0003\000.\0006\000\040\000H\000y\000p\000o\000t\000h\000e\000s\000i\000s\000-\000G\000a\000t\000e\000\040\000S\000t\000r\000u\000c\000t\000u\000r\000e}{subsubsection.3.0.1}% 12
\BOOKMARK [1][-]{section.4}{\376\377\000E\000x\000p\000e\000r\000i\000m\000e\000n\000t\000a\000l\000\040\000S\000e\000t\000u\000p}{}% 13
\BOOKMARK [2][-]{subsubsection.4.0.1}{\376\377\0004\000.\0001\000\040\000M\000o\000d\000e\000l\000s}{section.4}% 14
\BOOKMARK [3][-]{subsubsection.4.0.2}{\376\377\0004\000.\0002\000\040\000D\000a\000t\000a\000s\000e\000t\000s}{subsubsection.4.0.1}% 15
\BOOKMARK [3][-]{subsubsection.4.0.3}{\376\377\0004\000.\0003\000\040\000M\000e\000t\000r\000i\000c\000s}{subsubsection.4.0.1}% 16
\BOOKMARK [3][-]{subsubsection.4.0.4}{\376\377\0004\000.\0004\000\040\000I\000m\000p\000l\000e\000m\000e\000n\000t\000a\000t\000i\000o\000n}{subsubsection.4.0.1}% 17
\BOOKMARK [1][-]{section.5}{\376\377\000R\000e\000s\000u\000l\000t\000s}{}% 18
\BOOKMARK [2][-]{subsubsection.5.0.1}{\376\377\0005\000.\0001\000\040\000A\000l\000i\000g\000n\000m\000e\000n\000t\000\040\000I\000n\000c\000r\000e\000a\000s\000e\000s\000\040\000B\000r\000i\000e\000r\000\040\000R\000e\000l\000i\000a\000b\000i\000l\000i\000t\000y\000\040\000\050\000H\000-\000E\0001\000\051}{section.5}% 19
\BOOKMARK [3][-]{subsubsection.5.0.2}{\376\377\0005\000.\0002\000\040\000E\000x\000p\000l\000o\000r\000a\000t\000o\000r\000y\000\040\000O\000r\000d\000e\000r\000i\000n\000g\000:\000\040\000D\000P\000O\000\040\000>\000=\000\040\000P\000P\000O\000\040\000>\000\040\000S\000F\000T\000\040\000\050\000H\000-\000M\0002\000\051}{subsubsection.5.0.1}% 20
\BOOKMARK [3][-]{subsubsection.5.0.3}{\376\377\0005\000.\0003\000\040\000M\000e\000c\000h\000a\000n\000i\000s\000m\000\040\000D\000i\000s\000c\000r\000i\000m\000i\000n\000a\000t\000i\000o\000n\000:\000\040\000H\0002\000\040\000D\000o\000m\000i\000n\000a\000n\000c\000e\000\040\000\050\000H\000-\000M\0003\000\051}{subsubsection.5.0.1}% 21
\BOOKMARK [3][-]{subsubsection.5.0.4}{\376\377\0005\000.\0004\000\040\000H\0003\000\040\000E\000x\000c\000l\000u\000s\000i\000o\000n\000\040\000i\000n\000\040\000S\000o\000f\000t\000m\000a\000x\000-\000E\000C\000E\000\040\000S\000e\000t\000t\000i\000n\000g}{subsubsection.5.0.1}% 22
\BOOKMARK [1][-]{section.6}{\376\377\000D\000i\000s\000c\000u\000s\000s\000i\000o\000n}{}% 23
\BOOKMARK [2][-]{subsubsection.6.0.1}{\376\377\0006\000.\0001\000\040\000S\000u\000m\000m\000a\000r\000y\000\040\000o\000f\000\040\000F\000i\000n\000d\000i\000n\000g\000s}{section.6}% 24
\BOOKMARK [3][-]{subsubsection.6.0.2}{\376\377\0006\000.\0002\000\040\000I\000m\000p\000l\000i\000c\000a\000t\000i\000o\000n\000s\000\040\000f\000o\000r\000\040\000P\000o\000s\000t\000-\000H\000o\000c\000\040\000C\000a\000l\000i\000b\000r\000a\000t\000i\000o\000n\000\040\000C\000o\000r\000r\000e\000c\000t\000i\000o\000n}{subsubsection.6.0.1}% 25
\BOOKMARK [3][-]{subsubsection.6.0.3}{\376\377\0006\000.\0003\000\040\000S\000c\000a\000l\000e\000\040\000E\000f\000f\000e\000c\000t\000s}{subsubsection.6.0.1}% 26
\BOOKMARK [3][-]{subsubsection.6.0.4}{\376\377\0006\000.\0004\000\040\000L\000i\000m\000i\000t\000a\000t\000i\000o\000n\000s}{subsubsection.6.0.1}% 27
\BOOKMARK [3][-]{subsubsection.6.0.5}{\376\377\0006\000.\0005\000\040\000B\000r\000o\000a\000d\000e\000r\000\040\000I\000m\000p\000a\000c\000t}{subsubsection.6.0.1}% 28
\BOOKMARK [1][-]{section.7}{\376\377\000C\000o\000n\000c\000l\000u\000s\000i\000o\000n}{}% 29
