============================================================
H-M2: Domain-Stratified Contamination Re-Analysis
============================================================

[1/7] Loading contamination matrix from: ../../h-m1/code/results/contamination_matrix_wide.csv
  ✓ Loaded 59 subtasks × 3 corpora

[2/7] Classifying subtask domains...
  ✓ academic=57, commonsense=2

[3/7] Computing domain-stratified rates (2×3 table)...
  pile: academic=6.64%, commonsense=3.57%
  c4: academic=4.11%, commonsense=2.22%
  redpajama: academic=5.84%, commonsense=3.15%

[4/7] Running directional Mann-Whitney U tests...
  pile_academic_gt_commonsense: p=0.0935, r=-0.561, d=0.853, confirmed=False
  c4_commonsense_gt_academic: p=0.9133, r=0.561, d=-0.853, confirmed=False
  redpajama_academic_gt_commonsense: p=0.0935, r=-0.561, d=0.853, confirmed=False

[5/7] Kruskal-Wallis interaction test (6 groups)...
  H=22.0789, p=0.0005, significant=True

[6/7] Computing top-5 subtasks per corpus...

[7/7] Generating figures...
  ✓ domain_corpus_heatmap.png
  ✓ domain_boxplots.png
  ✓ top5_per_corpus.png
  ✓ directional_test_summary.png

  ✓ results/domain_stratified_rates.json
  ✓ results/statistical_tests.json
  ✓ experiment_results.json

============================================================
⚠️  GATE FAILED (SHOULD_WORK): only 0/3 corpora confirmed (required ≥2)
   SHOULD_WORK failure → continuing with limitation note
============================================================

EXPERIMENT COMPLETE
