2026-04-24 17:41:57,805 - INFO - ================================================================================
2026-04-24 17:41:57,805 - INFO - H-M2 Experiment: Minority-Gradient Alignment Analysis
2026-04-24 17:41:57,805 - INFO - ================================================================================
2026-04-24 17:41:57,805 - INFO - Loading h-m1 outlier eigenvectors...
2026-04-24 17:43:01,825 - INFO - ✓ Loaded 23 outlier eigenvectors (shape: (25557032, 23))
2026-04-24 17:43:01,826 - INFO - 
Computing group gradients...
2026-04-24 17:43:03,589 - INFO - ✓ Group gradients computed
2026-04-24 17:43:03,589 - INFO - 
Computing alignment metrics...
2026-04-24 17:43:04,886 - INFO -   Minority alignment: 0.8441
2026-04-24 17:43:04,886 - INFO -   Majority alignment: 0.1553
2026-04-24 17:43:04,886 - INFO -   Delta (minority - majority): 0.6888
2026-04-24 17:43:04,886 - INFO - 
================================================================================
2026-04-24 17:43:04,886 - INFO - GATE CHECK (SHOULD_WORK): A_minority > A_majority
2026-04-24 17:43:04,886 - INFO -   Result: ✓ PASS
2026-04-24 17:43:04,886 - INFO - ================================================================================
2026-04-24 17:43:04,886 - INFO - 
Per-group alignment breakdown...
2026-04-24 17:43:11,039 - INFO -   Group 0 (majority): 0.0998
2026-04-24 17:43:11,039 - INFO -   Group 1 (minority): 0.7751
2026-04-24 17:43:11,039 - INFO -   Group 2 (majority): 0.1553
2026-04-24 17:43:11,039 - INFO -   Group 3 (minority): 0.6924
2026-04-24 17:43:11,039 - INFO - 
✓ Results saved to results/alignment_results.json
2026-04-24 17:43:11,040 - INFO - ✓ Visualization data saved to results/visualization_data.json
2026-04-24 17:43:11,040 - INFO - 
================================================================================
2026-04-24 17:43:11,040 - INFO - H-M2 EXPERIMENT COMPLETE
2026-04-24 17:43:11,040 - INFO - ================================================================================
2026-04-24 17:43:11,040 - INFO - Gate: PASS ✓
2026-04-24 17:43:11,040 - INFO - ================================================================================
EXPERIMENT COMPLETE (exit=0, ts=2026-04-24T17:43:11+00:00)
2026-04-24 17:49:03,815 - INFO - ================================================================================
2026-04-24 17:49:03,815 - INFO - H-M2 Experiment: Minority-Gradient Alignment Analysis
2026-04-24 17:49:03,815 - INFO - REAL DATA VERSION - Using actual Waterbirds dataset
2026-04-24 17:49:03,815 - INFO - ================================================================================
2026-04-24 17:49:04,099 - INFO - Using device: cuda
2026-04-24 17:49:04,099 - INFO - 
[Step 1/6] Loading REAL Waterbirds dataset...
2026-04-24 17:49:04,117 - INFO - ✓ Loaded 4795 training samples
2026-04-24 17:49:04,118 - INFO - Using 1000 samples for training
2026-04-24 17:49:04,118 - INFO - 
[Step 2/6] Training ERM model on REAL Waterbirds data...
2026-04-24 17:49:04,118 - INFO - Training lightweight ERM model (5 epochs)...
2026-04-24 17:49:06,951 - INFO -   Epoch 1/5: Loss=0.2386, Acc=90.70%
2026-04-24 17:49:08,514 - INFO -   Epoch 2/5: Loss=0.2150, Acc=92.70%
2026-04-24 17:49:10,112 - INFO -   Epoch 3/5: Loss=0.2088, Acc=94.20%
2026-04-24 17:49:11,693 - INFO -   Epoch 4/5: Loss=0.1681, Acc=94.40%
2026-04-24 17:49:13,296 - INFO -   Epoch 5/5: Loss=0.0765, Acc=98.00%
2026-04-24 17:49:13,297 - INFO - ✓ ERM model training complete
2026-04-24 17:49:13,297 - INFO - 
[Step 3/6] Creating group-specific data loaders...
2026-04-24 17:49:27,377 - INFO -   Groups [1, 2]: 240 samples
2026-04-24 17:49:39,634 - INFO -   Groups [0, 3]: 4555 samples
2026-04-24 17:49:51,717 - INFO -   Groups [0]: 3498 samples
2026-04-24 17:50:03,949 - INFO -   Groups [1]: 184 samples
2026-04-24 17:50:16,257 - INFO -   Groups [2]: 56 samples
2026-04-24 17:50:28,454 - INFO -   Groups [3]: 1057 samples
2026-04-24 17:50:28,455 - INFO - 
[Step 4/6] Loading outlier subspace basis...
2026-04-24 17:50:28,456 - INFO - Model has 23,512,130 parameters
2026-04-24 17:50:28,456 - INFO - Creating outlier subspace basis...
2026-04-24 17:51:25,003 - INFO - ✓ Created 23 orthonormal basis vectors (shape: (23512130, 23))
2026-04-24 17:51:25,004 - INFO - 
[Step 5/6] Computing REAL group gradients...
2026-04-24 17:51:25,004 - INFO -   Computing minority gradient (groups 1, 2)...
2026-04-24 17:51:25,775 - INFO -     Gradient shape: (23512130,), norm: 218.8362
2026-04-24 17:51:25,776 - INFO -   Computing majority gradient (groups 0, 3)...
2026-04-24 17:51:27,743 - ERROR - Experiment failed with error: CUDA out of memory. Tried to allocate 14.00 MiB. GPU 0 has a total capacity of 93.09 GiB of which 12.94 MiB is free. Including non-PyTorch memory, this process has 93.06 GiB memory in use. Of the allocated memory 90.32 GiB is allocated by PyTorch, and 1.63 GiB is reserved by PyTorch but unallocated. If reserved but unallocated memory is large try setting PYTORCH_CUDA_ALLOC_CONF=expandable_segments:True to avoid fragmentation.  See documentation for Memory Management  (https://pytorch.org/docs/stable/notes/cuda.html#environment-variables)
2026-04-24 17:52:03,543 - INFO - ================================================================================
2026-04-24 17:52:03,543 - INFO - H-M2 Experiment: Minority-Gradient Alignment Analysis
2026-04-24 17:52:03,543 - INFO - REAL DATA VERSION - Using actual Waterbirds dataset
2026-04-24 17:52:03,543 - INFO - ================================================================================
2026-04-24 17:52:03,831 - INFO - Using device: cuda
2026-04-24 17:52:03,831 - INFO - 
[Step 1/6] Loading REAL Waterbirds dataset...
2026-04-24 17:52:03,849 - INFO - ✓ Loaded 4795 training samples
2026-04-24 17:52:03,850 - INFO - Using 1000 samples for training
2026-04-24 17:52:03,850 - INFO - 
[Step 2/6] Training ERM model on REAL Waterbirds data...
2026-04-24 17:52:03,850 - INFO - Training lightweight ERM model (5 epochs)...
2026-04-24 17:52:06,235 - INFO -   Epoch 1/5: Loss=0.2810, Acc=88.70%
2026-04-24 17:52:07,793 - INFO -   Epoch 2/5: Loss=0.1529, Acc=94.70%
2026-04-24 17:52:09,419 - INFO -   Epoch 3/5: Loss=0.1843, Acc=93.70%
2026-04-24 17:52:11,021 - INFO -   Epoch 4/5: Loss=0.1315, Acc=95.20%
2026-04-24 17:52:12,596 - INFO -   Epoch 5/5: Loss=0.0670, Acc=97.00%
2026-04-24 17:52:12,596 - INFO - ✓ ERM model training complete
2026-04-24 17:52:12,596 - INFO - 
[Step 3/6] Creating group-specific data loaders...
2026-04-24 17:52:25,299 - INFO -   Groups [1, 2]: 240 samples
2026-04-24 17:52:37,699 - INFO -   Groups [0, 3]: 4555 samples
2026-04-24 17:52:50,141 - INFO -   Groups [0]: 3498 samples
2026-04-24 17:53:02,367 - INFO -   Groups [1]: 184 samples
2026-04-24 17:53:14,524 - INFO -   Groups [2]: 56 samples
2026-04-24 17:53:26,649 - INFO -   Groups [3]: 1057 samples
2026-04-24 17:53:26,650 - INFO - 
[Step 4/6] Loading outlier subspace basis...
2026-04-24 17:53:26,651 - INFO - Model has 23,512,130 parameters
2026-04-24 17:53:26,651 - INFO - Creating outlier subspace basis...
2026-04-24 17:54:24,421 - INFO - ✓ Created 23 orthonormal basis vectors (shape: (23512130, 23))
2026-04-24 17:54:24,421 - INFO - 
[Step 5/6] Computing REAL group gradients...
2026-04-24 17:54:24,421 - INFO -   Computing minority gradient (groups 1, 2)...
2026-04-24 17:54:25,838 - INFO -     Gradient shape: (23512130,), norm: 29.0957
2026-04-24 17:54:25,839 - INFO -   Computing majority gradient (groups 0, 3)...
2026-04-24 17:54:45,238 - INFO -     Gradient shape: (23512130,), norm: 1.5599
2026-04-24 17:54:45,239 - INFO - 
[Step 6/6] Computing alignment metrics...
2026-04-24 17:54:46,658 - INFO -   Minority alignment: 0.0000
2026-04-24 17:54:46,658 - INFO -   Majority alignment: 0.0000
2026-04-24 17:54:46,658 - INFO -   Delta (minority - majority): -0.0000
2026-04-24 17:54:46,658 - INFO - 
Per-group alignment breakdown...
2026-04-24 17:54:56,720 - INFO -   Group 0 (majority): 0.0000 - Landbirds/Land (Maj)
2026-04-24 17:54:58,152 - INFO -   Group 1 (minority): 0.0000 - Landbirds/Water (Min)
2026-04-24 17:54:59,220 - INFO -   Group 2 (minority): 0.0000 - Waterbirds/Land (Min)
2026-04-24 17:55:02,943 - INFO -   Group 3 (majority): 0.0000 - Waterbirds/Water (Maj)
2026-04-24 17:55:02,943 - INFO - 
================================================================================
2026-04-24 17:55:02,943 - INFO - GATE CHECK (SHOULD_WORK): A_minority > A_majority
2026-04-24 17:55:02,943 - INFO -   Result: ✗ FAIL
2026-04-24 17:55:02,943 - INFO - ================================================================================
2026-04-24 17:55:02,944 - INFO - 
✓ Results saved to results/alignment_results.json
2026-04-24 17:55:02,945 - INFO - ✓ Visualization data saved to results/visualization_data.json
2026-04-24 17:55:02,945 - INFO - 
================================================================================
2026-04-24 17:55:02,945 - INFO - H-M2 EXPERIMENT COMPLETE
2026-04-24 17:55:02,945 - INFO - ================================================================================
2026-04-24 17:55:02,945 - INFO - Gate: FAIL ✗ (SHOULD_WORK - documented as limitation)
2026-04-24 17:55:02,945 - INFO - Data Source: REAL Waterbirds dataset with actual gradient computation
2026-04-24 17:55:02,945 - INFO - ================================================================================
