=== H-M1 Experiment: Real Data Execution ===
Date: Fri Apr 24 05:07:58 PM UTC 2026
Directory: /home/anonymous/YouRA_results_new_4_sonnet45_no_mcp/TEST_scsl_3/docs/youra_research/20260421_scsl/h-m1/code
Directory: /home/anonymous/YouRA_results_new_4_sonnet45_no_mcp/TEST_scsl_3/docs/youra_research/20260421_scsl/h-m1/code
Using GPU 4,
Using GPU 4,
Installing dependencies...
Installing dependencies...
Installing hessian-eigenthings...
Installing hessian-eigenthings...
  DEPRECATION: Building 'hessian_eigenthings' using the legacy setup.py bdist_wheel mechanism, which will be removed in a future version. pip 25.3 will enforce this behaviour change. A possible replacement is to use the standardized build interface by setting the `--use-pep517` option, (possibly combined with `--no-build-isolation`), or adding a `pyproject.toml` file to the source tree of 'hessian_eigenthings'. Discussion can be found at https://github.com/pypa/pip/issues/6334
  DEPRECATION: Building 'hessian_eigenthings' using the legacy setup.py bdist_wheel mechanism, which will be removed in a future version. pip 25.3 will enforce this behaviour change. A possible replacement is to use the standardized build interface by setting the `--use-pep517` option, (possibly combined with `--no-build-isolation`), or adding a `pyproject.toml` file to the source tree of 'hessian_eigenthings'. Discussion can be found at https://github.com/pypa/pip/issues/6334
Checking for Waterbirds dataset...
Checking for Waterbirds dataset...
EXPERIMENT COMPLETE (exit=0, ts=2026-04-24T17:08:48+00:00)
Downloading Waterbirds dataset to ../h-e1/code/data/waterbirds...
Downloading from https://worksheets.codalab.org/rest/bundles/0xd013a7ba2e88481bbc07e787f73109f5/contents/blob/...
This may take several minutes (dataset is ~1GB)...
✓ Download complete
Extracting archive...
✓ Extraction complete
✗ Error: metadata.csv not found after extraction
Downloading Waterbirds dataset to ../h-e1/code/data/waterbirds...
Downloading from https://worksheets.codalab.org/rest/bundles/0xd013a7ba2e88481bbc07e787f73109f5/contents/blob/...
This may take several minutes (dataset is ~1GB)...
✓ Download complete
Extracting archive...
✓ Extraction complete
✗ Error: metadata.csv not found after extraction
