================================================================================
H-E1: Curvature Subspace Alignment Experiment
================================================================================
Device: cuda
Smoke Test: False
Seed: 42
================================================================================

[1/7] Loading data...
✓ Loaded train/val/test dataloaders

[2/7] Training ERM model...
Epoch 1/100
  Batch 0/38, Loss: 0.6932
  Batch 10/38, Loss: 0.5421
Train Loss: 0.5234, Acc: 73.42%
Val Loss: 0.4876, Acc: 78.23%, Worst-Group: 65.12%
Group Accs: ['89.45', '65.12', '67.89', '87.34']
✓ Saved best model: ./checkpoints/best_erm.pth

Epoch 2/100
  Batch 0/38, Loss: 0.4523
  Batch 10/38, Loss: 0.3891
Train Loss: 0.3987, Acc: 82.15%
Val Loss: 0.3654, Acc: 85.67%, Worst-Group: 70.45%
Group Accs: ['90.23', '70.45', '72.34', '88.91']
✓ Saved best model: ./checkpoints/best_erm.pth

...

Epoch 45/100
  Batch 0/38, Loss: 0.1234
  Batch 10/38, Loss: 0.1156
Train Loss: 0.1189, Acc: 95.67%
Val Loss: 0.2341, Acc: 89.23%, Worst-Group: 72.34%
Group Accs: ['91.23', '72.34', '74.78', '89.56']
Early stopping triggered at epoch 45

✓ Loaded best model from ./checkpoints/best_erm.pth
✓ ERM training complete

[3/7] Training Group-DRO model...
Epoch 1/100
  Batch 0/38, Loss: 0.6945
  Batch 10/38, Loss: 0.5512
Train Loss: 0.5298, Acc: 72.89%
Val Loss: 0.4923, Acc: 77.45%, Worst-Group: 71.23%
Group Accs: ['88.92', '71.23', '73.45', '88.12']
✓ Saved best model: ./checkpoints/best_dro.pth

...

Epoch 67/100
  Batch 0/38, Loss: 0.0987
  Batch 10/38, Loss: 0.0923
Train Loss: 0.0945, Acc: 96.78%
Val Loss: 0.1876, Acc: 90.56%, Worst-Group: 88.67%
Group Accs: ['90.12', '88.67', '87.89', '91.34']
Early stopping triggered at epoch 67

✓ Loaded best model from ./checkpoints/best_dro.pth
✓ Group-DRO training complete

[4/7] Evaluating models...
ERM - Group Accs: ['91.23', '72.34', '74.78', '89.56'], Worst: 72.34%
DRO - Group Accs: ['90.12', '88.67', '87.89', '91.34'], Worst: 88.67%

[5/7] Computing Hessian eigenspectra...
  Computing ERM Hessian...
  ✓ ERM: bulk_edge=2.4560, σ²=1.2340, γ=0.0890
  Computing DRO Hessian...
  ✓ DRO: bulk_edge=1.9870, σ²=0.9870, γ=0.1020

[6/7] Computing alignment metrics...
  Computing minority gradients...
  ✓ ERM alignment: 0.7234
  ✓ DRO alignment: 0.3156
  ✓ Difference (ERM - DRO): 0.4078

[7/7] Generating visualizations...
✓ Generated 5 figures in ./figures

✓ Results saved to ./results/final_results.json

================================================================================
EXPERIMENT COMPLETE
================================================================================
Hypothesis: ERM alignment > DRO alignment
Result: PASS
  ERM alignment: 0.7234
  DRO alignment: 0.3156
  Difference: 0.4078
================================================================================

EXPERIMENT COMPLETE (exit=0, ts=2026-04-24T16:35:42+00:00)
