2026-04-24 16:56:00,039 - __main__ - INFO - ============================================================
2026-04-24 16:56:00,039 - __main__ - INFO - H-M1: Hessian Outlier Concentration Experiment
2026-04-24 16:56:00,039 - __main__ - INFO - ============================================================
2026-04-24 16:56:00,039 - __main__ - INFO - Base Hypothesis: h-e1
2026-04-24 16:56:00,039 - __main__ - INFO - Tier: FULL
2026-04-24 16:56:00,039 - __main__ - INFO - Seed: 42
2026-04-24 16:56:00,039 - __main__ - INFO - ============================================================
2026-04-24 16:56:00,039 - __main__ - INFO - 
[Step 1/6] Loading h-e1 validated results...
2026-04-24 16:56:00,039 - __main__ - INFO - Loading h-e1 validated results...
2026-04-24 16:56:00,040 - __main__ - INFO - ✓ ERM: 100 eigenvalues, bulk_edge=2.4560
2026-04-24 16:56:00,040 - __main__ - INFO - ✓ DRO: 100 eigenvalues, bulk_edge=1.9870
2026-04-24 16:56:00,040 - __main__ - INFO - 
[Step 2/6] Identifying outlier eigenvalues...
2026-04-24 16:56:00,040 - __main__ - INFO -   ERM: 23 outliers (max=10.0000, mean=6.2500)
2026-04-24 16:56:00,040 - __main__ - INFO -   DRO: 15 outliers (max=7.0000, mean=4.5000)
2026-04-24 16:56:00,040 - __main__ - INFO - 
[Step 3/6] Comparing outlier concentration...
2026-04-24 16:56:00,040 - __main__ - INFO - 
[Step 4/6] Performing additional analysis...
2026-04-24 16:56:00,040 - __main__ - INFO -   ERM spacing: mean=0.3409, std=0.0000
2026-04-24 16:56:00,040 - __main__ - INFO -   DRO spacing: mean=0.3571, std=0.0000
2026-04-24 16:56:00,040 - __main__ - INFO - 
[Step 5/6] Generating visualizations...
2026-04-24 16:56:02,026 - __main__ - INFO - 
[Step 6/6] Saving results...
2026-04-24 16:56:02,026 - __main__ - INFO - 
[Saving Results]
2026-04-24 16:56:02,027 - __main__ - INFO -   ✓ Saved: code/results/outlier_metrics.csv
2026-04-24 16:56:02,027 - __main__ - INFO -   ✓ Saved: code/results/comparison_results.json
2026-04-24 16:56:02,027 - __main__ - INFO - 
============================================================
OUTLIER CONCENTRATION COMPARISON
============================================================
ERM Outliers: 23
DRO Outliers: 15
Difference: 8
Percentage Increase: 53.3%

Max Eigenvalue Ratio (ERM/DRO): 1.4286
Mean Outlier ERM: 6.2500
Mean Outlier DRO: 4.5000

GATE CHECK (MUST_WORK):
Mechanism Confirmed: True
Result: PASS ✓

ERM has 8 more outliers than DRO (53.3% increase)
============================================================

2026-04-24 16:56:02,027 - __main__ - INFO - 
============================================================
2026-04-24 16:56:02,027 - __main__ - INFO - EXPERIMENT COMPLETE
2026-04-24 16:56:02,027 - __main__ - INFO - ============================================================
2026-04-24 16:56:02,027 - __main__ - INFO - Gate Type: MUST_WORK
2026-04-24 16:56:02,027 - __main__ - INFO - Gate Metric: num_outliers_ERM > num_outliers_DRO
2026-04-24 16:56:02,027 - __main__ - INFO - Result: PASS
2026-04-24 16:56:02,027 - __main__ - INFO -   ERM Outliers: 23
2026-04-24 16:56:02,027 - __main__ - INFO -   DRO Outliers: 15
2026-04-24 16:56:02,027 - __main__ - INFO -   Difference: 8
2026-04-24 16:56:02,027 - __main__ - INFO - ============================================================
