/home/anonymous/miniforge3/envs/youra-h-e1/lib/python3.10/site-packages/torchvision/models/_utils.py:208: UserWarning: The parameter 'pretrained' is deprecated since 0.13 and may be removed in the future, please use 'weights' instead.
  warnings.warn(
/home/anonymous/miniforge3/envs/youra-h-e1/lib/python3.10/site-packages/torchvision/models/_utils.py:223: UserWarning: Arguments other than a weight enum or `None` for 'weights' are deprecated since 0.13 and may be removed in the future. The current behavior is equivalent to passing `weights=ResNet50_Weights.IMAGENET1K_V1`. You can also use `weights=ResNet50_Weights.DEFAULT` to get the most up-to-date weights.
  warnings.warn(msg)
/home/anonymous/miniforge3/envs/youra-h-e1/lib/python3.10/site-packages/torchvision/models/_utils.py:223: UserWarning: Arguments other than a weight enum or `None` for 'weights' are deprecated since 0.13 and may be removed in the future. The current behavior is equivalent to passing `weights=MobileNet_V3_Small_Weights.IMAGENET1K_V1`. You can also use `weights=MobileNet_V3_Small_Weights.DEFAULT` to get the most up-to-date weights.
  warnings.warn(msg)
/home/anonymous/miniforge3/envs/youra-h-e1/lib/python3.10/site-packages/torchvision/models/_utils.py:223: UserWarning: Arguments other than a weight enum or `None` for 'weights' are deprecated since 0.13 and may be removed in the future. The current behavior is equivalent to passing `weights=MobileNet_V2_Weights.IMAGENET1K_V1`. You can also use `weights=MobileNet_V2_Weights.DEFAULT` to get the most up-to-date weights.
  warnings.warn(msg)
/home/anonymous/miniforge3/envs/youra-h-e1/lib/python3.10/site-packages/torchvision/models/_utils.py:223: UserWarning: Arguments other than a weight enum or `None` for 'weights' are deprecated since 0.13 and may be removed in the future. The current behavior is equivalent to passing `weights=DenseNet161_Weights.IMAGENET1K_V1`. You can also use `weights=DenseNet161_Weights.DEFAULT` to get the most up-to-date weights.
  warnings.warn(msg)
/home/anonymous/miniforge3/envs/youra-h-e1/lib/python3.10/site-packages/torchvision/models/_utils.py:223: UserWarning: Arguments other than a weight enum or `None` for 'weights' are deprecated since 0.13 and may be removed in the future. The current behavior is equivalent to passing `weights=MobileNet_V3_Large_Weights.IMAGENET1K_V1`. You can also use `weights=MobileNet_V3_Large_Weights.DEFAULT` to get the most up-to-date weights.
  warnings.warn(msg)
/home/anonymous/miniforge3/envs/youra-h-e1/lib/python3.10/site-packages/torchvision/models/_utils.py:223: UserWarning: Arguments other than a weight enum or `None` for 'weights' are deprecated since 0.13 and may be removed in the future. The current behavior is equivalent to passing `weights=ResNet34_Weights.IMAGENET1K_V1`. You can also use `weights=ResNet34_Weights.DEFAULT` to get the most up-to-date weights.
  warnings.warn(msg)
/home/anonymous/miniforge3/envs/youra-h-e1/lib/python3.10/site-packages/torchvision/models/_utils.py:223: UserWarning: Arguments other than a weight enum or `None` for 'weights' are deprecated since 0.13 and may be removed in the future. The current behavior is equivalent to passing `weights=VGG16_Weights.IMAGENET1K_V1`. You can also use `weights=VGG16_Weights.DEFAULT` to get the most up-to-date weights.
  warnings.warn(msg)
/home/anonymous/miniforge3/envs/youra-h-e1/lib/python3.10/site-packages/torchvision/models/_utils.py:223: UserWarning: Arguments other than a weight enum or `None` for 'weights' are deprecated since 0.13 and may be removed in the future. The current behavior is equivalent to passing `weights=DenseNet121_Weights.IMAGENET1K_V1`. You can also use `weights=DenseNet121_Weights.DEFAULT` to get the most up-to-date weights.
  warnings.warn(msg)
/home/anonymous/miniforge3/envs/youra-h-e1/lib/python3.10/site-packages/torchvision/models/_utils.py:223: UserWarning: Arguments other than a weight enum or `None` for 'weights' are deprecated since 0.13 and may be removed in the future. The current behavior is equivalent to passing `weights=GoogLeNet_Weights.IMAGENET1K_V1`. You can also use `weights=GoogLeNet_Weights.DEFAULT` to get the most up-to-date weights.
  warnings.warn(msg)
/home/anonymous/miniforge3/envs/youra-h-e1/lib/python3.10/site-packages/torchvision/models/_utils.py:223: UserWarning: Arguments other than a weight enum or `None` for 'weights' are deprecated since 0.13 and may be removed in the future. The current behavior is equivalent to passing `weights=ResNet101_Weights.IMAGENET1K_V1`. You can also use `weights=ResNet101_Weights.DEFAULT` to get the most up-to-date weights.
  warnings.warn(msg)
/home/anonymous/miniforge3/envs/youra-h-e1/lib/python3.10/site-packages/torchvision/models/_utils.py:223: UserWarning: Arguments other than a weight enum or `None` for 'weights' are deprecated since 0.13 and may be removed in the future. The current behavior is equivalent to passing `weights=ResNet18_Weights.IMAGENET1K_V1`. You can also use `weights=ResNet18_Weights.DEFAULT` to get the most up-to-date weights.
  warnings.warn(msg)
/home/anonymous/miniforge3/envs/youra-h-e1/lib/python3.10/site-packages/torchvision/models/_utils.py:223: UserWarning: Arguments other than a weight enum or `None` for 'weights' are deprecated since 0.13 and may be removed in the future. The current behavior is equivalent to passing `weights=VGG19_Weights.IMAGENET1K_V1`. You can also use `weights=VGG19_Weights.DEFAULT` to get the most up-to-date weights.
  warnings.warn(msg)
/home/anonymous/miniforge3/envs/youra-h-e1/lib/python3.10/site-packages/torchvision/models/_utils.py:223: UserWarning: Arguments other than a weight enum or `None` for 'weights' are deprecated since 0.13 and may be removed in the future. The current behavior is equivalent to passing `weights=VGG13_Weights.IMAGENET1K_V1`. You can also use `weights=VGG13_Weights.DEFAULT` to get the most up-to-date weights.
  warnings.warn(msg)
/home/anonymous/miniforge3/envs/youra-h-e1/lib/python3.10/site-packages/torchvision/models/_utils.py:223: UserWarning: Arguments other than a weight enum or `None` for 'weights' are deprecated since 0.13 and may be removed in the future. The current behavior is equivalent to passing `weights=EfficientNet_B2_Weights.IMAGENET1K_V1`. You can also use `weights=EfficientNet_B2_Weights.DEFAULT` to get the most up-to-date weights.
  warnings.warn(msg)
/home/anonymous/miniforge3/envs/youra-h-e1/lib/python3.10/site-packages/torchvision/models/_utils.py:223: UserWarning: Arguments other than a weight enum or `None` for 'weights' are deprecated since 0.13 and may be removed in the future. The current behavior is equivalent to passing `weights=AlexNet_Weights.IMAGENET1K_V1`. You can also use `weights=AlexNet_Weights.DEFAULT` to get the most up-to-date weights.
  warnings.warn(msg)
/home/anonymous/miniforge3/envs/youra-h-e1/lib/python3.10/site-packages/torchvision/models/_utils.py:223: UserWarning: Arguments other than a weight enum or `None` for 'weights' are deprecated since 0.13 and may be removed in the future. The current behavior is equivalent to passing `weights=Inception_V3_Weights.IMAGENET1K_V1`. You can also use `weights=Inception_V3_Weights.DEFAULT` to get the most up-to-date weights.
  warnings.warn(msg)
/home/anonymous/miniforge3/envs/youra-h-e1/lib/python3.10/site-packages/torchvision/models/_utils.py:223: UserWarning: Arguments other than a weight enum or `None` for 'weights' are deprecated since 0.13 and may be removed in the future. The current behavior is equivalent to passing `weights=VGG11_Weights.IMAGENET1K_V1`. You can also use `weights=VGG11_Weights.DEFAULT` to get the most up-to-date weights.
  warnings.warn(msg)
/home/anonymous/miniforge3/envs/youra-h-e1/lib/python3.10/site-packages/torchvision/models/_utils.py:223: UserWarning: Arguments other than a weight enum or `None` for 'weights' are deprecated since 0.13 and may be removed in the future. The current behavior is equivalent to passing `weights=EfficientNet_B1_Weights.IMAGENET1K_V1`. You can also use `weights=EfficientNet_B1_Weights.DEFAULT` to get the most up-to-date weights.
  warnings.warn(msg)
/home/anonymous/miniforge3/envs/youra-h-e1/lib/python3.10/site-packages/torchvision/models/_utils.py:223: UserWarning: Arguments other than a weight enum or `None` for 'weights' are deprecated since 0.13 and may be removed in the future. The current behavior is equivalent to passing `weights=SqueezeNet1_1_Weights.IMAGENET1K_V1`. You can also use `weights=SqueezeNet1_1_Weights.DEFAULT` to get the most up-to-date weights.
  warnings.warn(msg)
/home/anonymous/miniforge3/envs/youra-h-e1/lib/python3.10/site-packages/torchvision/models/_utils.py:223: UserWarning: Arguments other than a weight enum or `None` for 'weights' are deprecated since 0.13 and may be removed in the future. The current behavior is equivalent to passing `weights=EfficientNet_B0_Weights.IMAGENET1K_V1`. You can also use `weights=EfficientNet_B0_Weights.DEFAULT` to get the most up-to-date weights.
  warnings.warn(msg)
Using device: cuda
Loading REAL model zoo data (this may take time on first run)...
Creating REAL model zoo for train split...
Loading 50 real pretrained CNN models...
Warning: ImageNet dataset not found at ./data/imagenet. Using noise-based gap estimation.
Warning: ImageNet dataset not found at ./data/imagenet. Using noise-based gap estimation.
Warning: ImageNet dataset not found at ./data/imagenet. Using noise-based gap estimation.
Warning: ImageNet dataset not found at ./data/imagenet. Using noise-based gap estimation.
Warning: ImageNet dataset not found at ./data/imagenet. Using noise-based gap estimation.
Warning: ImageNet dataset not found at ./data/imagenet. Using noise-based gap estimation.
Warning: ImageNet dataset not found at ./data/imagenet. Using noise-based gap estimation.
Warning: ImageNet dataset not found at ./data/imagenet. Using noise-based gap estimation.
Warning: ImageNet dataset not found at ./data/imagenet. Using noise-based gap estimation.
Warning: ImageNet dataset not found at ./data/imagenet. Using noise-based gap estimation.
Warning: ImageNet dataset not found at ./data/imagenet. Using noise-based gap estimation.
Warning: ImageNet dataset not found at ./data/imagenet. Using noise-based gap estimation.
Warning: ImageNet dataset not found at ./data/imagenet. Using noise-based gap estimation.
Warning: ImageNet dataset not found at ./data/imagenet. Using noise-based gap estimation.
Warning: ImageNet dataset not found at ./data/imagenet. Using noise-based gap estimation.
Warning: ImageNet dataset not found at ./data/imagenet. Using noise-based gap estimation.
Warning: ImageNet dataset not found at ./data/imagenet. Using noise-based gap estimation.
Warning: ImageNet dataset not found at ./data/imagenet. Using noise-based gap estimation.
Warning: ImageNet dataset not found at ./data/imagenet. Using noise-based gap estimation.
Warning: ImageNet dataset not found at ./data/imagenet. Using noise-based gap estimation.
Warning: ImageNet dataset not found at ./data/imagenet. Using noise-based gap estimation.
Warning: ImageNet dataset not found at ./data/imagenet. Using noise-based gap estimation.
Warning: ImageNet dataset not found at ./data/imagenet. Using noise-based gap estimation.
Warning: ImageNet dataset not found at ./data/imagenet. Using noise-based gap estimation.
Warning: ImageNet dataset not found at ./data/imagenet. Using noise-based gap estimation.
Warning: ImageNet dataset not found at ./data/imagenet. Using noise-based gap estimation.
Warning: ImageNet dataset not found at ./data/imagenet. Using noise-based gap estimation.
Warning: ImageNet dataset not found at ./data/imagenet. Using noise-based gap estimation.
Warning: ImageNet dataset not found at ./data/imagenet. Using noise-based gap estimation.
Warning: ImageNet dataset not found at ./data/imagenet. Using noise-based gap estimation.
Warning: ImageNet dataset not found at ./data/imagenet. Using noise-based gap estimation.
Warning: ImageNet dataset not found at ./data/imagenet. Using noise-based gap estimation.
Warning: ImageNet dataset not found at ./data/imagenet. Using noise-based gap estimation.
Warning: ImageNet dataset not found at ./data/imagenet. Using noise-based gap estimation.
Warning: ImageNet dataset not found at ./data/imagenet. Using noise-based gap estimation.
Warning: ImageNet dataset not found at ./data/imagenet. Using noise-based gap estimation.
Warning: ImageNet dataset not found at ./data/imagenet. Using noise-based gap estimation.
Warning: ImageNet dataset not found at ./data/imagenet. Using noise-based gap estimation.
Warning: ImageNet dataset not found at ./data/imagenet. Using noise-based gap estimation.
Warning: ImageNet dataset not found at ./data/imagenet. Using noise-based gap estimation.
Warning: ImageNet dataset not found at ./data/imagenet. Using noise-based gap estimation.
Warning: ImageNet dataset not found at ./data/imagenet. Using noise-based gap estimation.
Warning: ImageNet dataset not found at ./data/imagenet. Using noise-based gap estimation.
Warning: ImageNet dataset not found at ./data/imagenet. Using noise-based gap estimation.
Warning: ImageNet dataset not found at ./data/imagenet. Using noise-based gap estimation.
Warning: ImageNet dataset not found at ./data/imagenet. Using noise-based gap estimation.
Warning: ImageNet dataset not found at ./data/imagenet. Using noise-based gap estimation.
Warning: ImageNet dataset not found at ./data/imagenet. Using noise-based gap estimation.
Warning: ImageNet dataset not found at ./data/imagenet. Using noise-based gap estimation.
Warning: ImageNet dataset not found at ./data/imagenet. Using noise-based gap estimation.
Loaded 50 CNN models
Loading 50 real pretrained ViT models...
Warning: ImageNet dataset not found at ./data/imagenet. Using noise-based gap estimation.
Warning: ImageNet dataset not found at ./data/imagenet. Using noise-based gap estimation.
Warning: ImageNet dataset not found at ./data/imagenet. Using noise-based gap estimation.
Warning: ImageNet dataset not found at ./data/imagenet. Using noise-based gap estimation.
Warning: ImageNet dataset not found at ./data/imagenet. Using noise-based gap estimation.
Warning: ImageNet dataset not found at ./data/imagenet. Using noise-based gap estimation.
Warning: ImageNet dataset not found at ./data/imagenet. Using noise-based gap estimation.
Warning: ImageNet dataset not found at ./data/imagenet. Using noise-based gap estimation.
Warning: ImageNet dataset not found at ./data/imagenet. Using noise-based gap estimation.
Warning: ImageNet dataset not found at ./data/imagenet. Using noise-based gap estimation.
Warning: ImageNet dataset not found at ./data/imagenet. Using noise-based gap estimation.
Warning: ImageNet dataset not found at ./data/imagenet. Using noise-based gap estimation.
Warning: ImageNet dataset not found at ./data/imagenet. Using noise-based gap estimation.
Warning: ImageNet dataset not found at ./data/imagenet. Using noise-based gap estimation.
Warning: ImageNet dataset not found at ./data/imagenet. Using noise-based gap estimation.
Warning: ImageNet dataset not found at ./data/imagenet. Using noise-based gap estimation.
Warning: ImageNet dataset not found at ./data/imagenet. Using noise-based gap estimation.
Warning: ImageNet dataset not found at ./data/imagenet. Using noise-based gap estimation.
Warning: ImageNet dataset not found at ./data/imagenet. Using noise-based gap estimation.
Warning: ImageNet dataset not found at ./data/imagenet. Using noise-based gap estimation.
Warning: ImageNet dataset not found at ./data/imagenet. Using noise-based gap estimation.
Warning: ImageNet dataset not found at ./data/imagenet. Using noise-based gap estimation.
Warning: ImageNet dataset not found at ./data/imagenet. Using noise-based gap estimation.
Warning: ImageNet dataset not found at ./data/imagenet. Using noise-based gap estimation.
Warning: ImageNet dataset not found at ./data/imagenet. Using noise-based gap estimation.
Warning: ImageNet dataset not found at ./data/imagenet. Using noise-based gap estimation.
Warning: ImageNet dataset not found at ./data/imagenet. Using noise-based gap estimation.
Warning: ImageNet dataset not found at ./data/imagenet. Using noise-based gap estimation.
Warning: ImageNet dataset not found at ./data/imagenet. Using noise-based gap estimation.
Warning: ImageNet dataset not found at ./data/imagenet. Using noise-based gap estimation.
Warning: ImageNet dataset not found at ./data/imagenet. Using noise-based gap estimation.
Warning: ImageNet dataset not found at ./data/imagenet. Using noise-based gap estimation.
Warning: ImageNet dataset not found at ./data/imagenet. Using noise-based gap estimation.
Warning: ImageNet dataset not found at ./data/imagenet. Using noise-based gap estimation.
Warning: ImageNet dataset not found at ./data/imagenet. Using noise-based gap estimation.
Warning: ImageNet dataset not found at ./data/imagenet. Using noise-based gap estimation.
Warning: ImageNet dataset not found at ./data/imagenet. Using noise-based gap estimation.
Warning: ImageNet dataset not found at ./data/imagenet. Using noise-based gap estimation.
