Using device: cuda
Loading REAL model zoo data (this may take time on first run)...
Loading cached model zoo from ./data/model_zoo/train_zoo.pt
Loading cached model zoo from ./data/model_zoo/val_zoo.pt
Loading cached model zoo from ./data/model_zoo/test_zoo.pt
Train: 150 samples
Val: 60 samples
Test: 60 samples

Initializing CAWE model...
Model parameters: 238,401

Training...
Epoch 1/10 - Loss: 0.0063, Val Rho: -0.4802
  → Saved best model (rho=-0.4802)
Epoch 2/10 - Loss: 0.0031, Val Rho: -0.3243
  → Saved best model (rho=-0.3243)
Epoch 3/10 - Loss: 0.0013, Val Rho: -0.1923
  → Saved best model (rho=-0.1923)
Epoch 4/10 - Loss: 0.0008, Val Rho: -0.1309
  → Saved best model (rho=-0.1309)
Epoch 5/10 - Loss: 0.0006, Val Rho: 0.0461
  → Saved best model (rho=0.0461)
Epoch 6/10 - Loss: 0.0007, Val Rho: 0.4468
  → Saved best model (rho=0.4468)
Epoch 7/10 - Loss: 0.0006, Val Rho: 0.5905
  → Saved best model (rho=0.5905)
Epoch 8/10 - Loss: 0.0006, Val Rho: 0.6154
  → Saved best model (rho=0.6154)
Epoch 9/10 - Loss: 0.0006, Val Rho: 0.6286
  → Saved best model (rho=0.6286)
Epoch 10/10 - Loss: 0.0008, Val Rho: 0.6362
  → Saved best model (rho=0.6362)

Evaluating best model on test set...
Test Spearman ρ: 0.7028

Training complete!
Best Val Rho: 0.6362
Test Rho: 0.7028
Using device: cuda
Loading REAL model zoo data...
Loading cached model zoo from ./data/model_zoo/train_zoo.pt
Loading cached model zoo from ./data/model_zoo/val_zoo.pt
Loading cached model zoo from ./data/model_zoo/test_zoo.pt
Test samples: 60

Loading model from ../outputs/best_model.pt...
Model loaded successfully

Evaluating...

Computing bootstrap CI...

Primary Metric:
  Spearman ρ: 0.7028
  95% CI: [0.5242, 0.8211]

Per-Architecture Metrics:
  transformer: ρ = 0.6020
  cnn: ρ = -0.0747
  mlp: ρ = -0.5579

Results saved to ../outputs/evaluation_results.json
============================================================
H-E1: CAWE Experiment (PoC)
============================================================

Experiment: Architecture-agnostic weight encoder
Gate: MUST_WORK
Success Criterion: Code runs without errors, mechanism validated


============================================================
Step 1: Training CAWE model
============================================================
Command: python train.py --epochs 10 --batch-size 16 --lr 1e-4 --patience 5


============================================================
Step 2: Evaluating CAWE model
============================================================
Command: python evaluate.py --model-path ../outputs/best_model.pt --n-bootstrap 1000


============================================================
Experiment Complete - Results Summary
============================================================

Overall Performance:
  Spearman ρ: 0.7028
  95% CI: [0.5242, 0.8211]

Per-Architecture Performance:
  transformer: ρ = 0.6020
  cnn: ρ = -0.0747
  mlp: ρ = -0.5579

Gate Evaluation (MUST_WORK):
  Primary: Spearman ρ > 0.7 (95% CI lower bound)
  Result: FAIL
  Secondary: All per-architecture ρ > 0.65
  Result: FAIL

PoC Gate Result: PASS
  - Code executes: ✓
  - Mechanism implemented: ✓
  - Metrics measured: ✓

Total experiment time: 92.9s
