/home/anonymous/miniforge3/envs/youra-h-e1/lib/python3.10/site-packages/torchvision/models/_utils.py:208: UserWarning: The parameter 'pretrained' is deprecated since 0.13 and may be removed in the future, please use 'weights' instead.
  warnings.warn(
/home/anonymous/miniforge3/envs/youra-h-e1/lib/python3.10/site-packages/torchvision/models/_utils.py:223: UserWarning: Arguments other than a weight enum or `None` for 'weights' are deprecated since 0.13 and may be removed in the future. The current behavior is equivalent to passing `weights=Inception_V3_Weights.IMAGENET1K_V1`. You can also use `weights=Inception_V3_Weights.DEFAULT` to get the most up-to-date weights.
  warnings.warn(msg)
/home/anonymous/miniforge3/envs/youra-h-e1/lib/python3.10/site-packages/torchvision/models/_utils.py:223: UserWarning: Arguments other than a weight enum or `None` for 'weights' are deprecated since 0.13 and may be removed in the future. The current behavior is equivalent to passing `weights=MobileNet_V2_Weights.IMAGENET1K_V1`. You can also use `weights=MobileNet_V2_Weights.DEFAULT` to get the most up-to-date weights.
  warnings.warn(msg)
/home/anonymous/miniforge3/envs/youra-h-e1/lib/python3.10/site-packages/torchvision/models/_utils.py:223: UserWarning: Arguments other than a weight enum or `None` for 'weights' are deprecated since 0.13 and may be removed in the future. The current behavior is equivalent to passing `weights=ResNet50_Weights.IMAGENET1K_V1`. You can also use `weights=ResNet50_Weights.DEFAULT` to get the most up-to-date weights.
  warnings.warn(msg)
/home/anonymous/miniforge3/envs/youra-h-e1/lib/python3.10/site-packages/torchvision/models/_utils.py:223: UserWarning: Arguments other than a weight enum or `None` for 'weights' are deprecated since 0.13 and may be removed in the future. The current behavior is equivalent to passing `weights=EfficientNet_B0_Weights.IMAGENET1K_V1`. You can also use `weights=EfficientNet_B0_Weights.DEFAULT` to get the most up-to-date weights.
  warnings.warn(msg)
/home/anonymous/miniforge3/envs/youra-h-e1/lib/python3.10/site-packages/torchvision/models/_utils.py:223: UserWarning: Arguments other than a weight enum or `None` for 'weights' are deprecated since 0.13 and may be removed in the future. The current behavior is equivalent to passing `weights=VGG13_Weights.IMAGENET1K_V1`. You can also use `weights=VGG13_Weights.DEFAULT` to get the most up-to-date weights.
  warnings.warn(msg)
/home/anonymous/miniforge3/envs/youra-h-e1/lib/python3.10/site-packages/torchvision/models/_utils.py:223: UserWarning: Arguments other than a weight enum or `None` for 'weights' are deprecated since 0.13 and may be removed in the future. The current behavior is equivalent to passing `weights=EfficientNet_B1_Weights.IMAGENET1K_V1`. You can also use `weights=EfficientNet_B1_Weights.DEFAULT` to get the most up-to-date weights.
  warnings.warn(msg)
/home/anonymous/miniforge3/envs/youra-h-e1/lib/python3.10/site-packages/torchvision/models/_utils.py:223: UserWarning: Arguments other than a weight enum or `None` for 'weights' are deprecated since 0.13 and may be removed in the future. The current behavior is equivalent to passing `weights=SqueezeNet1_0_Weights.IMAGENET1K_V1`. You can also use `weights=SqueezeNet1_0_Weights.DEFAULT` to get the most up-to-date weights.
  warnings.warn(msg)
/home/anonymous/miniforge3/envs/youra-h-e1/lib/python3.10/site-packages/torchvision/models/_utils.py:223: UserWarning: Arguments other than a weight enum or `None` for 'weights' are deprecated since 0.13 and may be removed in the future. The current behavior is equivalent to passing `weights=ResNet18_Weights.IMAGENET1K_V1`. You can also use `weights=ResNet18_Weights.DEFAULT` to get the most up-to-date weights.
  warnings.warn(msg)
/home/anonymous/miniforge3/envs/youra-h-e1/lib/python3.10/site-packages/torchvision/models/_utils.py:223: UserWarning: Arguments other than a weight enum or `None` for 'weights' are deprecated since 0.13 and may be removed in the future. The current behavior is equivalent to passing `weights=EfficientNet_B2_Weights.IMAGENET1K_V1`. You can also use `weights=EfficientNet_B2_Weights.DEFAULT` to get the most up-to-date weights.
  warnings.warn(msg)
/home/anonymous/miniforge3/envs/youra-h-e1/lib/python3.10/site-packages/torchvision/models/_utils.py:223: UserWarning: Arguments other than a weight enum or `None` for 'weights' are deprecated since 0.13 and may be removed in the future. The current behavior is equivalent to passing `weights=MobileNet_V3_Small_Weights.IMAGENET1K_V1`. You can also use `weights=MobileNet_V3_Small_Weights.DEFAULT` to get the most up-to-date weights.
  warnings.warn(msg)
/home/anonymous/miniforge3/envs/youra-h-e1/lib/python3.10/site-packages/torchvision/models/_utils.py:223: UserWarning: Arguments other than a weight enum or `None` for 'weights' are deprecated since 0.13 and may be removed in the future. The current behavior is equivalent to passing `weights=DenseNet169_Weights.IMAGENET1K_V1`. You can also use `weights=DenseNet169_Weights.DEFAULT` to get the most up-to-date weights.
  warnings.warn(msg)
/home/anonymous/miniforge3/envs/youra-h-e1/lib/python3.10/site-packages/torchvision/models/_utils.py:223: UserWarning: Arguments other than a weight enum or `None` for 'weights' are deprecated since 0.13 and may be removed in the future. The current behavior is equivalent to passing `weights=VGG16_Weights.IMAGENET1K_V1`. You can also use `weights=VGG16_Weights.DEFAULT` to get the most up-to-date weights.
  warnings.warn(msg)
/home/anonymous/miniforge3/envs/youra-h-e1/lib/python3.10/site-packages/torchvision/models/_utils.py:223: UserWarning: Arguments other than a weight enum or `None` for 'weights' are deprecated since 0.13 and may be removed in the future. The current behavior is equivalent to passing `weights=VGG19_Weights.IMAGENET1K_V1`. You can also use `weights=VGG19_Weights.DEFAULT` to get the most up-to-date weights.
  warnings.warn(msg)
/home/anonymous/miniforge3/envs/youra-h-e1/lib/python3.10/site-packages/torchvision/models/_utils.py:223: UserWarning: Arguments other than a weight enum or `None` for 'weights' are deprecated since 0.13 and may be removed in the future. The current behavior is equivalent to passing `weights=ResNet34_Weights.IMAGENET1K_V1`. You can also use `weights=ResNet34_Weights.DEFAULT` to get the most up-to-date weights.
  warnings.warn(msg)
/home/anonymous/miniforge3/envs/youra-h-e1/lib/python3.10/site-packages/torchvision/models/_utils.py:223: UserWarning: Arguments other than a weight enum or `None` for 'weights' are deprecated since 0.13 and may be removed in the future. The current behavior is equivalent to passing `weights=VGG11_Weights.IMAGENET1K_V1`. You can also use `weights=VGG11_Weights.DEFAULT` to get the most up-to-date weights.
  warnings.warn(msg)
/home/anonymous/miniforge3/envs/youra-h-e1/lib/python3.10/site-packages/torchvision/models/_utils.py:223: UserWarning: Arguments other than a weight enum or `None` for 'weights' are deprecated since 0.13 and may be removed in the future. The current behavior is equivalent to passing `weights=SqueezeNet1_1_Weights.IMAGENET1K_V1`. You can also use `weights=SqueezeNet1_1_Weights.DEFAULT` to get the most up-to-date weights.
  warnings.warn(msg)
/home/anonymous/miniforge3/envs/youra-h-e1/lib/python3.10/site-packages/torchvision/models/_utils.py:223: UserWarning: Arguments other than a weight enum or `None` for 'weights' are deprecated since 0.13 and may be removed in the future. The current behavior is equivalent to passing `weights=AlexNet_Weights.IMAGENET1K_V1`. You can also use `weights=AlexNet_Weights.DEFAULT` to get the most up-to-date weights.
  warnings.warn(msg)
/home/anonymous/miniforge3/envs/youra-h-e1/lib/python3.10/site-packages/torchvision/models/_utils.py:223: UserWarning: Arguments other than a weight enum or `None` for 'weights' are deprecated since 0.13 and may be removed in the future. The current behavior is equivalent to passing `weights=MobileNet_V3_Large_Weights.IMAGENET1K_V1`. You can also use `weights=MobileNet_V3_Large_Weights.DEFAULT` to get the most up-to-date weights.
  warnings.warn(msg)
/home/anonymous/miniforge3/envs/youra-h-e1/lib/python3.10/site-packages/torchvision/models/_utils.py:223: UserWarning: Arguments other than a weight enum or `None` for 'weights' are deprecated since 0.13 and may be removed in the future. The current behavior is equivalent to passing `weights=GoogLeNet_Weights.IMAGENET1K_V1`. You can also use `weights=GoogLeNet_Weights.DEFAULT` to get the most up-to-date weights.
  warnings.warn(msg)
/home/anonymous/miniforge3/envs/youra-h-e1/lib/python3.10/site-packages/torchvision/models/_utils.py:223: UserWarning: Arguments other than a weight enum or `None` for 'weights' are deprecated since 0.13 and may be removed in the future. The current behavior is equivalent to passing `weights=DenseNet161_Weights.IMAGENET1K_V1`. You can also use `weights=DenseNet161_Weights.DEFAULT` to get the most up-to-date weights.
  warnings.warn(msg)
Using device: cuda
Loading REAL model zoo data (this may take time on first run)...
Creating REAL model zoo for train split...
Loading 50 real pretrained CNN models...
Warning: ImageNet dataset not found at ./data/imagenet. Using literature-reported gaps.
Warning: ImageNet dataset not found at ./data/imagenet. Using literature-reported gaps.
Warning: ImageNet dataset not found at ./data/imagenet. Using literature-reported gaps.
Warning: ImageNet dataset not found at ./data/imagenet. Using literature-reported gaps.
Warning: ImageNet dataset not found at ./data/imagenet. Using literature-reported gaps.
Warning: ImageNet dataset not found at ./data/imagenet. Using literature-reported gaps.
Warning: ImageNet dataset not found at ./data/imagenet. Using literature-reported gaps.
Warning: ImageNet dataset not found at ./data/imagenet. Using literature-reported gaps.
Warning: ImageNet dataset not found at ./data/imagenet. Using literature-reported gaps.
Warning: ImageNet dataset not found at ./data/imagenet. Using literature-reported gaps.
Warning: ImageNet dataset not found at ./data/imagenet. Using literature-reported gaps.
Warning: ImageNet dataset not found at ./data/imagenet. Using literature-reported gaps.
Warning: ImageNet dataset not found at ./data/imagenet. Using literature-reported gaps.
Warning: ImageNet dataset not found at ./data/imagenet. Using literature-reported gaps.
Warning: ImageNet dataset not found at ./data/imagenet. Using literature-reported gaps.
Warning: ImageNet dataset not found at ./data/imagenet. Using literature-reported gaps.
Warning: ImageNet dataset not found at ./data/imagenet. Using literature-reported gaps.
Warning: ImageNet dataset not found at ./data/imagenet. Using literature-reported gaps.
Warning: ImageNet dataset not found at ./data/imagenet. Using literature-reported gaps.
Warning: ImageNet dataset not found at ./data/imagenet. Using literature-reported gaps.
Warning: ImageNet dataset not found at ./data/imagenet. Using literature-reported gaps.
Warning: ImageNet dataset not found at ./data/imagenet. Using literature-reported gaps.
Warning: ImageNet dataset not found at ./data/imagenet. Using literature-reported gaps.
Warning: ImageNet dataset not found at ./data/imagenet. Using literature-reported gaps.
Warning: ImageNet dataset not found at ./data/imagenet. Using literature-reported gaps.
Warning: ImageNet dataset not found at ./data/imagenet. Using literature-reported gaps.
Warning: ImageNet dataset not found at ./data/imagenet. Using literature-reported gaps.
Warning: ImageNet dataset not found at ./data/imagenet. Using literature-reported gaps.
Warning: ImageNet dataset not found at ./data/imagenet. Using literature-reported gaps.
Warning: ImageNet dataset not found at ./data/imagenet. Using literature-reported gaps.
Warning: ImageNet dataset not found at ./data/imagenet. Using literature-reported gaps.
Warning: ImageNet dataset not found at ./data/imagenet. Using literature-reported gaps.
Warning: ImageNet dataset not found at ./data/imagenet. Using literature-reported gaps.
Warning: ImageNet dataset not found at ./data/imagenet. Using literature-reported gaps.
Warning: ImageNet dataset not found at ./data/imagenet. Using literature-reported gaps.
Warning: ImageNet dataset not found at ./data/imagenet. Using literature-reported gaps.
Warning: ImageNet dataset not found at ./data/imagenet. Using literature-reported gaps.
Warning: ImageNet dataset not found at ./data/imagenet. Using literature-reported gaps.
Warning: ImageNet dataset not found at ./data/imagenet. Using literature-reported gaps.
Warning: ImageNet dataset not found at ./data/imagenet. Using literature-reported gaps.
Warning: ImageNet dataset not found at ./data/imagenet. Using literature-reported gaps.
Warning: ImageNet dataset not found at ./data/imagenet. Using literature-reported gaps.
Warning: ImageNet dataset not found at ./data/imagenet. Using literature-reported gaps.
Warning: ImageNet dataset not found at ./data/imagenet. Using literature-reported gaps.
Warning: ImageNet dataset not found at ./data/imagenet. Using literature-reported gaps.
Warning: ImageNet dataset not found at ./data/imagenet. Using literature-reported gaps.
Warning: ImageNet dataset not found at ./data/imagenet. Using literature-reported gaps.
Warning: ImageNet dataset not found at ./data/imagenet. Using literature-reported gaps.
Warning: ImageNet dataset not found at ./data/imagenet. Using literature-reported gaps.
Warning: ImageNet dataset not found at ./data/imagenet. Using literature-reported gaps.
Loaded 50 CNN models
Loading 50 real pretrained ViT models...
Warning: ImageNet dataset not found at ./data/imagenet. Using literature-reported gaps.
Warning: ImageNet dataset not found at ./data/imagenet. Using literature-reported gaps.
Warning: ImageNet dataset not found at ./data/imagenet. Using literature-reported gaps.
Warning: ImageNet dataset not found at ./data/imagenet. Using literature-reported gaps.
Warning: ImageNet dataset not found at ./data/imagenet. Using literature-reported gaps.
Warning: ImageNet dataset not found at ./data/imagenet. Using literature-reported gaps.
Warning: ImageNet dataset not found at ./data/imagenet. Using literature-reported gaps.
Warning: ImageNet dataset not found at ./data/imagenet. Using literature-reported gaps.
Warning: ImageNet dataset not found at ./data/imagenet. Using literature-reported gaps.
Warning: ImageNet dataset not found at ./data/imagenet. Using literature-reported gaps.
Warning: ImageNet dataset not found at ./data/imagenet. Using literature-reported gaps.
Warning: ImageNet dataset not found at ./data/imagenet. Using literature-reported gaps.
Warning: ImageNet dataset not found at ./data/imagenet. Using literature-reported gaps.
Warning: ImageNet dataset not found at ./data/imagenet. Using literature-reported gaps.
Warning: ImageNet dataset not found at ./data/imagenet. Using literature-reported gaps.
Warning: ImageNet dataset not found at ./data/imagenet. Using literature-reported gaps.
Warning: ImageNet dataset not found at ./data/imagenet. Using literature-reported gaps.
Warning: ImageNet dataset not found at ./data/imagenet. Using literature-reported gaps.
Warning: ImageNet dataset not found at ./data/imagenet. Using literature-reported gaps.
Warning: ImageNet dataset not found at ./data/imagenet. Using literature-reported gaps.
Warning: ImageNet dataset not found at ./data/imagenet. Using literature-reported gaps.
Warning: ImageNet dataset not found at ./data/imagenet. Using literature-reported gaps.
Warning: ImageNet dataset not found at ./data/imagenet. Using literature-reported gaps.
Warning: ImageNet dataset not found at ./data/imagenet. Using literature-reported gaps.
Warning: ImageNet dataset not found at ./data/imagenet. Using literature-reported gaps.
Warning: ImageNet dataset not found at ./data/imagenet. Using literature-reported gaps.
Warning: ImageNet dataset not found at ./data/imagenet. Using literature-reported gaps.
Warning: ImageNet dataset not found at ./data/imagenet. Using literature-reported gaps.
Warning: ImageNet dataset not found at ./data/imagenet. Using literature-reported gaps.
Warning: ImageNet dataset not found at ./data/imagenet. Using literature-reported gaps.
Warning: ImageNet dataset not found at ./data/imagenet. Using literature-reported gaps.
Warning: ImageNet dataset not found at ./data/imagenet. Using literature-reported gaps.
Warning: ImageNet dataset not found at ./data/imagenet. Using literature-reported gaps.
Warning: ImageNet dataset not found at ./data/imagenet. Using literature-reported gaps.
Warning: ImageNet dataset not found at ./data/imagenet. Using literature-reported gaps.
Warning: ImageNet dataset not found at ./data/imagenet. Using literature-reported gaps.
Warning: ImageNet dataset not found at ./data/imagenet. Using literature-reported gaps.
Warning: ImageNet dataset not found at ./data/imagenet. Using literature-reported gaps.
Warning: ImageNet dataset not found at ./data/imagenet. Using literature-reported gaps.
Warning: ImageNet dataset not found at ./data/imagenet. Using literature-reported gaps.
/home/anonymous/miniforge3/envs/youra-h-e1/lib/python3.10/site-packages/torchvision/models/_utils.py:223: UserWarning: Arguments other than a weight enum or `None` for 'weights' are deprecated since 0.13 and may be removed in the future. The current behavior is equivalent to passing `weights=DenseNet121_Weights.IMAGENET1K_V1`. You can also use `weights=DenseNet121_Weights.DEFAULT` to get the most up-to-date weights.
  warnings.warn(msg)
/home/anonymous/miniforge3/envs/youra-h-e1/lib/python3.10/site-packages/torchvision/models/_utils.py:223: UserWarning: Arguments other than a weight enum or `None` for 'weights' are deprecated since 0.13 and may be removed in the future. The current behavior is equivalent to passing `weights=ResNet101_Weights.IMAGENET1K_V1`. You can also use `weights=ResNet101_Weights.DEFAULT` to get the most up-to-date weights.
  warnings.warn(msg)
Warning: ImageNet dataset not found at ./data/imagenet. Using literature-reported gaps.
Warning: ImageNet dataset not found at ./data/imagenet. Using literature-reported gaps.
Warning: ImageNet dataset not found at ./data/imagenet. Using literature-reported gaps.
Warning: ImageNet dataset not found at ./data/imagenet. Using literature-reported gaps.
Warning: ImageNet dataset not found at ./data/imagenet. Using literature-reported gaps.
Warning: ImageNet dataset not found at ./data/imagenet. Using literature-reported gaps.
Warning: ImageNet dataset not found at ./data/imagenet. Using literature-reported gaps.
Warning: ImageNet dataset not found at ./data/imagenet. Using literature-reported gaps.
Warning: ImageNet dataset not found at ./data/imagenet. Using literature-reported gaps.
Warning: ImageNet dataset not found at ./data/imagenet. Using literature-reported gaps.
Loaded 50 ViT models
Generating and training 50 real MLP models on MNIST...
Trained 10/50 MLP models
Trained 20/50 MLP models
Trained 30/50 MLP models
Trained 40/50 MLP models
Trained 50/50 MLP models
Generated 50 MLP models
Cached model zoo to ./data/model_zoo/train_zoo.pt
Creating REAL model zoo for val split...
Loading 20 real pretrained CNN models...
Warning: ImageNet dataset not found at ./data/imagenet. Using literature-reported gaps.
Warning: ImageNet dataset not found at ./data/imagenet. Using literature-reported gaps.
Warning: ImageNet dataset not found at ./data/imagenet. Using literature-reported gaps.
Warning: ImageNet dataset not found at ./data/imagenet. Using literature-reported gaps.
Warning: ImageNet dataset not found at ./data/imagenet. Using literature-reported gaps.
Warning: ImageNet dataset not found at ./data/imagenet. Using literature-reported gaps.
Warning: ImageNet dataset not found at ./data/imagenet. Using literature-reported gaps.
Warning: ImageNet dataset not found at ./data/imagenet. Using literature-reported gaps.
Warning: ImageNet dataset not found at ./data/imagenet. Using literature-reported gaps.
Warning: ImageNet dataset not found at ./data/imagenet. Using literature-reported gaps.
Warning: ImageNet dataset not found at ./data/imagenet. Using literature-reported gaps.
Warning: ImageNet dataset not found at ./data/imagenet. Using literature-reported gaps.
Warning: ImageNet dataset not found at ./data/imagenet. Using literature-reported gaps.
Warning: ImageNet dataset not found at ./data/imagenet. Using literature-reported gaps.
Warning: ImageNet dataset not found at ./data/imagenet. Using literature-reported gaps.
Warning: ImageNet dataset not found at ./data/imagenet. Using literature-reported gaps.
Warning: ImageNet dataset not found at ./data/imagenet. Using literature-reported gaps.
Warning: ImageNet dataset not found at ./data/imagenet. Using literature-reported gaps.
Warning: ImageNet dataset not found at ./data/imagenet. Using literature-reported gaps.
Warning: ImageNet dataset not found at ./data/imagenet. Using literature-reported gaps.
Loaded 20 CNN models
Loading 20 real pretrained ViT models...
Warning: ImageNet dataset not found at ./data/imagenet. Using literature-reported gaps.
Warning: ImageNet dataset not found at ./data/imagenet. Using literature-reported gaps.
Warning: ImageNet dataset not found at ./data/imagenet. Using literature-reported gaps.
Warning: ImageNet dataset not found at ./data/imagenet. Using literature-reported gaps.
Warning: ImageNet dataset not found at ./data/imagenet. Using literature-reported gaps.
Warning: ImageNet dataset not found at ./data/imagenet. Using literature-reported gaps.
Warning: ImageNet dataset not found at ./data/imagenet. Using literature-reported gaps.
Warning: ImageNet dataset not found at ./data/imagenet. Using literature-reported gaps.
Warning: ImageNet dataset not found at ./data/imagenet. Using literature-reported gaps.
Warning: ImageNet dataset not found at ./data/imagenet. Using literature-reported gaps.
Warning: ImageNet dataset not found at ./data/imagenet. Using literature-reported gaps.
Warning: ImageNet dataset not found at ./data/imagenet. Using literature-reported gaps.
Warning: ImageNet dataset not found at ./data/imagenet. Using literature-reported gaps.
Warning: ImageNet dataset not found at ./data/imagenet. Using literature-reported gaps.
Warning: ImageNet dataset not found at ./data/imagenet. Using literature-reported gaps.
Warning: ImageNet dataset not found at ./data/imagenet. Using literature-reported gaps.
Warning: ImageNet dataset not found at ./data/imagenet. Using literature-reported gaps.
Warning: ImageNet dataset not found at ./data/imagenet. Using literature-reported gaps.
Warning: ImageNet dataset not found at ./data/imagenet. Using literature-reported gaps.
Warning: ImageNet dataset not found at ./data/imagenet. Using literature-reported gaps.
Loaded 20 ViT models
Generating and training 20 real MLP models on MNIST...
Trained 10/20 MLP models
Trained 20/20 MLP models
Generated 20 MLP models
Cached model zoo to ./data/model_zoo/val_zoo.pt
Creating REAL model zoo for test split...
Loading 20 real pretrained CNN models...
Warning: ImageNet dataset not found at ./data/imagenet. Using literature-reported gaps.
Warning: ImageNet dataset not found at ./data/imagenet. Using literature-reported gaps.
Warning: ImageNet dataset not found at ./data/imagenet. Using literature-reported gaps.
Warning: ImageNet dataset not found at ./data/imagenet. Using literature-reported gaps.
Warning: ImageNet dataset not found at ./data/imagenet. Using literature-reported gaps.
Warning: ImageNet dataset not found at ./data/imagenet. Using literature-reported gaps.
Warning: ImageNet dataset not found at ./data/imagenet. Using literature-reported gaps.
Warning: ImageNet dataset not found at ./data/imagenet. Using literature-reported gaps.
Warning: ImageNet dataset not found at ./data/imagenet. Using literature-reported gaps.
Warning: ImageNet dataset not found at ./data/imagenet. Using literature-reported gaps.
Warning: ImageNet dataset not found at ./data/imagenet. Using literature-reported gaps.
Warning: ImageNet dataset not found at ./data/imagenet. Using literature-reported gaps.
Warning: ImageNet dataset not found at ./data/imagenet. Using literature-reported gaps.
Warning: ImageNet dataset not found at ./data/imagenet. Using literature-reported gaps.
Warning: ImageNet dataset not found at ./data/imagenet. Using literature-reported gaps.
Warning: ImageNet dataset not found at ./data/imagenet. Using literature-reported gaps.
Warning: ImageNet dataset not found at ./data/imagenet. Using literature-reported gaps.
Warning: ImageNet dataset not found at ./data/imagenet. Using literature-reported gaps.
Warning: ImageNet dataset not found at ./data/imagenet. Using literature-reported gaps.
Warning: ImageNet dataset not found at ./data/imagenet. Using literature-reported gaps.
Loaded 20 CNN models
Loading 20 real pretrained ViT models...
Warning: ImageNet dataset not found at ./data/imagenet. Using literature-reported gaps.
Warning: ImageNet dataset not found at ./data/imagenet. Using literature-reported gaps.
Warning: ImageNet dataset not found at ./data/imagenet. Using literature-reported gaps.
Warning: ImageNet dataset not found at ./data/imagenet. Using literature-reported gaps.
Warning: ImageNet dataset not found at ./data/imagenet. Using literature-reported gaps.
Warning: ImageNet dataset not found at ./data/imagenet. Using literature-reported gaps.
Warning: ImageNet dataset not found at ./data/imagenet. Using literature-reported gaps.
Warning: ImageNet dataset not found at ./data/imagenet. Using literature-reported gaps.
Warning: ImageNet dataset not found at ./data/imagenet. Using literature-reported gaps.
Warning: ImageNet dataset not found at ./data/imagenet. Using literature-reported gaps.
Warning: ImageNet dataset not found at ./data/imagenet. Using literature-reported gaps.
Warning: ImageNet dataset not found at ./data/imagenet. Using literature-reported gaps.
Warning: ImageNet dataset not found at ./data/imagenet. Using literature-reported gaps.
Warning: ImageNet dataset not found at ./data/imagenet. Using literature-reported gaps.
Warning: ImageNet dataset not found at ./data/imagenet. Using literature-reported gaps.
Warning: ImageNet dataset not found at ./data/imagenet. Using literature-reported gaps.
Warning: ImageNet dataset not found at ./data/imagenet. Using literature-reported gaps.
Warning: ImageNet dataset not found at ./data/imagenet. Using literature-reported gaps.
Warning: ImageNet dataset not found at ./data/imagenet. Using literature-reported gaps.
Warning: ImageNet dataset not found at ./data/imagenet. Using literature-reported gaps.
Loaded 20 ViT models
Generating and training 20 real MLP models on MNIST...
Trained 10/20 MLP models
Trained 20/20 MLP models
Generated 20 MLP models
Cached model zoo to ./data/model_zoo/test_zoo.pt
Train: 150 samples
Val: 60 samples
Test: 60 samples

Initializing CAWE model...
Model parameters: 238,401

Training...
Epoch 1/10 - Loss: 0.0133, Val Rho: -0.3205
  → Saved best model (rho=-0.3205)
Epoch 2/10 - Loss: 0.0075, Val Rho: -0.2913
  → Saved best model (rho=-0.2913)
Epoch 3/10 - Loss: 0.0037, Val Rho: -0.2868
  → Saved best model (rho=-0.2868)
Epoch 4/10 - Loss: 0.0015, Val Rho: -0.2351
  → Saved best model (rho=-0.2351)
Epoch 5/10 - Loss: 0.0008, Val Rho: -0.1774
  → Saved best model (rho=-0.1774)
Epoch 6/10 - Loss: 0.0008, Val Rho: -0.0604
  → Saved best model (rho=-0.0604)
Epoch 7/10 - Loss: 0.0007, Val Rho: 0.1245
  → Saved best model (rho=0.1245)
Epoch 8/10 - Loss: 0.0006, Val Rho: 0.4512
  → Saved best model (rho=0.4512)
Epoch 9/10 - Loss: 0.0008, Val Rho: 0.5412
  → Saved best model (rho=0.5412)
Epoch 10/10 - Loss: 0.0006, Val Rho: 0.5938
  → Saved best model (rho=0.5938)

Evaluating best model on test set...
Test Spearman ρ: 0.5994

Training complete!
Best Val Rho: 0.5938
Test Rho: 0.5994
