/home/anonymous/miniforge3/envs/youra-h-m1/lib/python3.10/site-packages/torchvision/models/_utils.py:208: UserWarning: The parameter 'pretrained' is deprecated since 0.13 and may be removed in the future, please use 'weights' instead.
  warnings.warn(
/home/anonymous/miniforge3/envs/youra-h-m1/lib/python3.10/site-packages/torchvision/models/_utils.py:223: UserWarning: Arguments other than a weight enum or `None` for 'weights' are deprecated since 0.13 and may be removed in the future. The current behavior is equivalent to passing `weights=ResNet50_Weights.IMAGENET1K_V1`. You can also use `weights=ResNet50_Weights.DEFAULT` to get the most up-to-date weights.
  warnings.warn(msg)
/home/anonymous/miniforge3/envs/youra-h-m1/lib/python3.10/site-packages/torchvision/models/_utils.py:208: UserWarning: The parameter 'pretrained' is deprecated since 0.13 and may be removed in the future, please use 'weights' instead.
  warnings.warn(
/home/anonymous/miniforge3/envs/youra-h-m1/lib/python3.10/site-packages/torchvision/models/_utils.py:223: UserWarning: Arguments other than a weight enum or `None` for 'weights' are deprecated since 0.13 and may be removed in the future. The current behavior is equivalent to passing `weights=ResNet50_Weights.IMAGENET1K_V1`. You can also use `weights=ResNet50_Weights.DEFAULT` to get the most up-to-date weights.
  warnings.warn(msg)

============================================================
STEP 1: ERM Training with Gradient Logging
============================================================
Training ERM on waterbirds | seeds=[1, 2, 3] | epochs=30
  Seed 1: training 30 epochs on waterbirds
    Epoch 10/30  loss=0.0604  GDR=11.4998
    Epoch 20/30  loss=0.0359  GDR=14.0219
/home/anonymous/miniforge3/envs/youra-h-m1/lib/python3.10/site-packages/torchvision/models/_utils.py:208: UserWarning: The parameter 'pretrained' is deprecated since 0.13 and may be removed in the future, please use 'weights' instead.
  warnings.warn(
/home/anonymous/miniforge3/envs/youra-h-m1/lib/python3.10/site-packages/torchvision/models/_utils.py:223: UserWarning: Arguments other than a weight enum or `None` for 'weights' are deprecated since 0.13 and may be removed in the future. The current behavior is equivalent to passing `weights=ResNet50_Weights.IMAGENET1K_V1`. You can also use `weights=ResNet50_Weights.DEFAULT` to get the most up-to-date weights.
  warnings.warn(msg)
    Epoch 30/30  loss=0.0349  GDR=5.2176
  Seed 1: done. GDR checkpoints: 15
  Seed 2: training 30 epochs on waterbirds
    Epoch 10/30  loss=0.0547  GDR=12.6508
    Epoch 20/30  loss=0.0292  GDR=11.9106
/home/anonymous/miniforge3/envs/youra-h-m1/lib/python3.10/site-packages/torchvision/models/_utils.py:208: UserWarning: The parameter 'pretrained' is deprecated since 0.13 and may be removed in the future, please use 'weights' instead.
  warnings.warn(
/home/anonymous/miniforge3/envs/youra-h-m1/lib/python3.10/site-packages/torchvision/models/_utils.py:223: UserWarning: Arguments other than a weight enum or `None` for 'weights' are deprecated since 0.13 and may be removed in the future. The current behavior is equivalent to passing `weights=ResNet50_Weights.IMAGENET1K_V1`. You can also use `weights=ResNet50_Weights.DEFAULT` to get the most up-to-date weights.
  warnings.warn(msg)
    Epoch 30/30  loss=0.0332  GDR=9.5617
  Seed 2: done. GDR checkpoints: 15
  Seed 3: training 30 epochs on waterbirds
    Epoch 10/30  loss=0.0570  GDR=9.9177
    Epoch 20/30  loss=0.0433  GDR=9.1820
    Epoch 30/30  loss=0.0329  GDR=21.9463
  Seed 3: done. GDR checkpoints: 15

============================================================
STEP 2: Statistical Analysis (GDR + Wilcoxon + Pearson)
============================================================

============================================================
STEP 3: Gate Evaluation
============================================================
[H-M1 Gate] seeds_pass=3/3, wilcoxon_pass=0/3
[H-M1 Gate] Result: FAIL

============================================================
STEP 4: Generating Figures
============================================================
Figures saved to ./figures

Results written to ./results/h-m1/summary.json

============================================================
[H-M1] Gate: FAIL | mean_early_GDR=6.977 | Wilcoxon p=0.1250
============================================================
EXPERIMENT COMPLETE
