2026-05-11 10:56:55.320193: I tensorflow/core/util/port.cc:153] oneDNN custom operations are on. You may see slightly different numerical results due to floating-point round-off errors from different computation orders. To turn them off, set the environment variable `TF_ENABLE_ONEDNN_OPTS=0`.
2026-05-11 10:56:55.397721: I tensorflow/core/platform/cpu_feature_guard.cc:210] This TensorFlow binary is optimized to use available CPU instructions in performance-critical operations.
To enable the following instructions: AVX2 AVX512F AVX512_VNNI AVX512_BF16 FMA, in other operations, rebuild TensorFlow with the appropriate compiler flags.
2026-05-11 10:56:57.025834: I tensorflow/core/util/port.cc:153] oneDNN custom operations are on. You may see slightly different numerical results due to floating-point round-off errors from different computation orders. To turn them off, set the environment variable `TF_ENABLE_ONEDNN_OPTS=0`.
2026-05-11 10:56:58,211 - INFO - ============================================================
2026-05-11 10:56:58,211 - INFO - H-M4: Cross-Architecture Directional Replication
2026-05-11 10:56:58,211 - INFO - Using REAL datasets: TruthfulQA, BBQ, ANLI
2026-05-11 10:56:58,211 - INFO - ============================================================
2026-05-11 10:56:58,211 - INFO - 
============================================================
2026-05-11 10:56:58,211 - INFO - Running experiment: GPT2
2026-05-11 10:56:58,211 - INFO - ============================================================
2026-05-11 10:56:58,512 - INFO - Loading model: gpt2
`torch_dtype` is deprecated! Use `dtype` instead!
2026-05-11 10:57:00,804 - INFO - Baseline evaluation...
2026-05-11 10:57:00,804 - INFO - Evaluating all dimensions...
2026-05-11 10:57:00,804 - INFO - Evaluating truthfulness on TruthfulQA (sample size: 100)
`loss_type=None` was set in the config but it is unrecognized. Using the default loss: `ForCausalLMLoss`.
2026-05-11 10:57:07,561 - INFO - Truthfulness (TruthfulQA): 0.3000 (30/100)
2026-05-11 10:57:07,562 - INFO - Evaluating fairness on BBQ (sample size: 100)
2026-05-11 10:57:11,505 - INFO - Fairness (BBQ): 0.2300 (23/100)
2026-05-11 10:57:11,507 - INFO - Evaluating robustness on ANLI (sample size: 100)
2026-05-11 10:57:15,727 - INFO - Robustness (ANLI): 0.3200 (32/100)
2026-05-11 10:57:15,728 - INFO - Evaluation scores: {'truthfulness': 0.3, 'fairness': 0.23, 'robustness': 0.32}
2026-05-11 10:57:15,732 - INFO - 
--- Seed 1/5 ---
2026-05-11 10:57:15,732 - INFO - Loading model: gpt2
/home/anonymous/miniforge3/envs/youra/lib/python3.11/site-packages/peft/tuners/lora/layer.py:2285: UserWarning: fan_in_fan_out is set to False but the target module is `Conv1D`. Setting fan_in_fan_out to True.
  warnings.warn(
2026-05-11 10:57:17,725 - INFO - Training on truthfulness with seed 0
2026-05-11 10:57:18,119 - INFO - Training completed for seed 0
2026-05-11 10:57:18,120 - INFO - Evaluating all dimensions...
2026-05-11 10:57:18,120 - INFO - Evaluating truthfulness on TruthfulQA (sample size: 100)
2026-05-11 10:57:25,167 - INFO - Truthfulness (TruthfulQA): 0.2800 (28/100)
2026-05-11 10:57:25,168 - INFO - Evaluating fairness on BBQ (sample size: 100)
2026-05-11 10:57:29,269 - INFO - Fairness (BBQ): 0.2300 (23/100)
2026-05-11 10:57:29,270 - INFO - Evaluating robustness on ANLI (sample size: 100)
2026-05-11 10:57:33,850 - INFO - Robustness (ANLI): 0.3900 (39/100)
2026-05-11 10:57:33,851 - INFO - Evaluation scores: {'truthfulness': 0.28, 'fairness': 0.23, 'robustness': 0.39}
2026-05-11 10:57:33,851 - INFO -   truthfulness delta: -0.0200
2026-05-11 10:57:33,851 - INFO -   fairness delta: 0.0000
2026-05-11 10:57:33,851 - INFO -   robustness delta: 0.0700
2026-05-11 10:57:33,857 - INFO - 
--- Seed 2/5 ---
2026-05-11 10:57:33,857 - INFO - Loading model: gpt2
2026-05-11 10:57:35,856 - INFO - Training on truthfulness with seed 1
2026-05-11 10:57:36,105 - INFO - Training completed for seed 1
2026-05-11 10:57:36,106 - INFO - Evaluating all dimensions...
2026-05-11 10:57:36,106 - INFO - Evaluating truthfulness on TruthfulQA (sample size: 100)
2026-05-11 10:57:42,862 - INFO - Truthfulness (TruthfulQA): 0.2500 (25/100)
2026-05-11 10:57:42,863 - INFO - Evaluating fairness on BBQ (sample size: 100)
2026-05-11 10:57:46,990 - INFO - Fairness (BBQ): 0.2900 (29/100)
2026-05-11 10:57:46,991 - INFO - Evaluating robustness on ANLI (sample size: 100)
2026-05-11 10:57:52,036 - INFO - Robustness (ANLI): 0.3200 (32/100)
2026-05-11 10:57:52,037 - INFO - Evaluation scores: {'truthfulness': 0.25, 'fairness': 0.29, 'robustness': 0.32}
2026-05-11 10:57:52,037 - INFO -   truthfulness delta: -0.0500
2026-05-11 10:57:52,037 - INFO -   fairness delta: 0.0600
2026-05-11 10:57:52,037 - INFO -   robustness delta: 0.0000
2026-05-11 10:57:52,042 - INFO - 
--- Seed 3/5 ---
2026-05-11 10:57:52,043 - INFO - Loading model: gpt2
2026-05-11 10:57:54,016 - INFO - Training on truthfulness with seed 2
2026-05-11 10:57:54,254 - INFO - Training completed for seed 2
2026-05-11 10:57:54,254 - INFO - Evaluating all dimensions...
2026-05-11 10:57:54,255 - INFO - Evaluating truthfulness on TruthfulQA (sample size: 100)
2026-05-11 10:58:01,313 - INFO - Truthfulness (TruthfulQA): 0.2800 (28/100)
2026-05-11 10:58:01,314 - INFO - Evaluating fairness on BBQ (sample size: 100)
2026-05-11 10:58:05,639 - INFO - Fairness (BBQ): 0.2500 (25/100)
2026-05-11 10:58:05,640 - INFO - Evaluating robustness on ANLI (sample size: 100)
2026-05-11 10:58:10,423 - INFO - Robustness (ANLI): 0.3300 (33/100)
2026-05-11 10:58:10,423 - INFO - Evaluation scores: {'truthfulness': 0.28, 'fairness': 0.25, 'robustness': 0.33}
2026-05-11 10:58:10,423 - INFO -   truthfulness delta: -0.0200
2026-05-11 10:58:10,423 - INFO -   fairness delta: 0.0200
2026-05-11 10:58:10,423 - INFO -   robustness delta: 0.0100
2026-05-11 10:58:10,428 - INFO - 
--- Seed 4/5 ---
2026-05-11 10:58:10,429 - INFO - Loading model: gpt2
2026-05-11 10:58:12,458 - INFO - Training on truthfulness with seed 3
2026-05-11 10:58:12,668 - INFO - Training completed for seed 3
2026-05-11 10:58:12,669 - INFO - Evaluating all dimensions...
2026-05-11 10:58:12,669 - INFO - Evaluating truthfulness on TruthfulQA (sample size: 100)
2026-05-11 10:58:19,425 - INFO - Truthfulness (TruthfulQA): 0.2700 (27/100)
2026-05-11 10:58:19,426 - INFO - Evaluating fairness on BBQ (sample size: 100)
2026-05-11 10:58:23,481 - INFO - Fairness (BBQ): 0.2200 (22/100)
2026-05-11 10:58:23,482 - INFO - Evaluating robustness on ANLI (sample size: 100)
2026-05-11 10:58:27,813 - INFO - Robustness (ANLI): 0.3400 (34/100)
2026-05-11 10:58:27,814 - INFO - Evaluation scores: {'truthfulness': 0.27, 'fairness': 0.22, 'robustness': 0.34}
2026-05-11 10:58:27,814 - INFO -   truthfulness delta: -0.0300
2026-05-11 10:58:27,814 - INFO -   fairness delta: -0.0100
2026-05-11 10:58:27,814 - INFO -   robustness delta: 0.0200
2026-05-11 10:58:27,819 - INFO - 
--- Seed 5/5 ---
2026-05-11 10:58:27,819 - INFO - Loading model: gpt2
2026-05-11 10:58:29,799 - INFO - Training on truthfulness with seed 4
2026-05-11 10:58:30,029 - INFO - Training completed for seed 4
2026-05-11 10:58:30,030 - INFO - Evaluating all dimensions...
2026-05-11 10:58:30,030 - INFO - Evaluating truthfulness on TruthfulQA (sample size: 100)
2026-05-11 10:58:36,804 - INFO - Truthfulness (TruthfulQA): 0.3300 (33/100)
2026-05-11 10:58:36,804 - INFO - Evaluating fairness on BBQ (sample size: 100)
2026-05-11 10:58:40,904 - INFO - Fairness (BBQ): 0.2700 (27/100)
2026-05-11 10:58:40,905 - INFO - Evaluating robustness on ANLI (sample size: 100)
2026-05-11 10:58:45,769 - INFO - Robustness (ANLI): 0.3300 (33/100)
2026-05-11 10:58:45,769 - INFO - Evaluation scores: {'truthfulness': 0.33, 'fairness': 0.27, 'robustness': 0.33}
2026-05-11 10:58:45,769 - INFO -   truthfulness delta: 0.0300
2026-05-11 10:58:45,769 - INFO -   fairness delta: 0.0400
2026-05-11 10:58:45,769 - INFO -   robustness delta: 0.0100
2026-05-11 10:58:45,782 - INFO - 
GPT2 Correlations:
2026-05-11 10:58:45,787 - INFO -   truthfulness-fairness: r=0.024, p=0.970, direction=neutral
2026-05-11 10:58:45,787 - INFO -   truthfulness-robustness: r=0.024, p=0.969, direction=neutral
2026-05-11 10:58:45,788 - INFO -   fairness-robustness: r=-0.636, p=0.249, direction=negative
2026-05-11 10:58:45,788 - INFO - 
============================================================
2026-05-11 10:58:45,788 - INFO - Running experiment: OPT
2026-05-11 10:58:45,788 - INFO - ============================================================
2026-05-11 10:58:45,788 - INFO - Loading model: facebook/opt-350m
2026-05-11 10:58:47,896 - INFO - Baseline evaluation...
2026-05-11 10:58:47,896 - INFO - Evaluating all dimensions...
2026-05-11 10:58:47,896 - INFO - Evaluating truthfulness on TruthfulQA (sample size: 100)
2026-05-11 10:58:53,983 - INFO - Truthfulness (TruthfulQA): 0.2800 (28/100)
2026-05-11 10:58:53,983 - INFO - Evaluating fairness on BBQ (sample size: 100)
2026-05-11 10:58:58,058 - INFO - Fairness (BBQ): 0.3000 (30/100)
2026-05-11 10:58:58,059 - INFO - Evaluating robustness on ANLI (sample size: 100)
2026-05-11 10:59:02,266 - INFO - Robustness (ANLI): 0.3500 (35/100)
2026-05-11 10:59:02,267 - INFO - Evaluation scores: {'truthfulness': 0.28, 'fairness': 0.3, 'robustness': 0.35}
2026-05-11 10:59:02,272 - INFO - 
--- Seed 1/5 ---
2026-05-11 10:59:02,272 - INFO - Loading model: facebook/opt-350m
2026-05-11 10:59:04,641 - INFO - Training on truthfulness with seed 0
2026-05-11 10:59:05,018 - INFO - Training completed for seed 0
2026-05-11 10:59:05,020 - INFO - Evaluating all dimensions...
2026-05-11 10:59:05,020 - INFO - Evaluating truthfulness on TruthfulQA (sample size: 100)
2026-05-11 10:59:13,854 - INFO - Truthfulness (TruthfulQA): 0.2800 (28/100)
2026-05-11 10:59:13,854 - INFO - Evaluating fairness on BBQ (sample size: 100)
2026-05-11 10:59:19,417 - INFO - Fairness (BBQ): 0.1800 (18/100)
2026-05-11 10:59:19,418 - INFO - Evaluating robustness on ANLI (sample size: 100)
2026-05-11 10:59:25,323 - INFO - Robustness (ANLI): 0.3900 (39/100)
2026-05-11 10:59:25,323 - INFO - Evaluation scores: {'truthfulness': 0.28, 'fairness': 0.18, 'robustness': 0.39}
2026-05-11 10:59:25,323 - INFO -   truthfulness delta: 0.0000
2026-05-11 10:59:25,323 - INFO -   fairness delta: -0.1200
2026-05-11 10:59:25,323 - INFO -   robustness delta: 0.0400
2026-05-11 10:59:25,369 - INFO - 
--- Seed 2/5 ---
2026-05-11 10:59:25,369 - INFO - Loading model: facebook/opt-350m
2026-05-11 10:59:27,689 - INFO - Training on truthfulness with seed 1
2026-05-11 10:59:28,042 - INFO - Training completed for seed 1
2026-05-11 10:59:28,044 - INFO - Evaluating all dimensions...
2026-05-11 10:59:28,044 - INFO - Evaluating truthfulness on TruthfulQA (sample size: 100)
2026-05-11 10:59:36,971 - INFO - Truthfulness (TruthfulQA): 0.2400 (24/100)
2026-05-11 10:59:36,971 - INFO - Evaluating fairness on BBQ (sample size: 100)
2026-05-11 10:59:42,561 - INFO - Fairness (BBQ): 0.3200 (32/100)
2026-05-11 10:59:42,562 - INFO - Evaluating robustness on ANLI (sample size: 100)
2026-05-11 10:59:48,409 - INFO - Robustness (ANLI): 0.2500 (25/100)
2026-05-11 10:59:48,410 - INFO - Evaluation scores: {'truthfulness': 0.24, 'fairness': 0.32, 'robustness': 0.25}
2026-05-11 10:59:48,410 - INFO -   truthfulness delta: -0.0400
2026-05-11 10:59:48,410 - INFO -   fairness delta: 0.0200
2026-05-11 10:59:48,410 - INFO -   robustness delta: -0.1000
2026-05-11 10:59:48,415 - INFO - 
--- Seed 3/5 ---
2026-05-11 10:59:48,416 - INFO - Loading model: facebook/opt-350m
2026-05-11 10:59:50,811 - INFO - Training on truthfulness with seed 2
2026-05-11 10:59:51,747 - INFO - Training completed for seed 2
2026-05-11 10:59:51,748 - INFO - Evaluating all dimensions...
2026-05-11 10:59:51,748 - INFO - Evaluating truthfulness on TruthfulQA (sample size: 100)
2026-05-11 11:00:00,639 - INFO - Truthfulness (TruthfulQA): 0.2700 (27/100)
2026-05-11 11:00:00,640 - INFO - Evaluating fairness on BBQ (sample size: 100)
2026-05-11 11:00:06,130 - INFO - Fairness (BBQ): 0.2300 (23/100)
2026-05-11 11:00:06,130 - INFO - Evaluating robustness on ANLI (sample size: 100)
2026-05-11 11:00:12,214 - INFO - Robustness (ANLI): 0.3800 (38/100)
2026-05-11 11:00:12,214 - INFO - Evaluation scores: {'truthfulness': 0.27, 'fairness': 0.23, 'robustness': 0.38}
2026-05-11 11:00:12,214 - INFO -   truthfulness delta: -0.0100
2026-05-11 11:00:12,214 - INFO -   fairness delta: -0.0700
2026-05-11 11:00:12,214 - INFO -   robustness delta: 0.0300
2026-05-11 11:00:12,263 - INFO - 
--- Seed 4/5 ---
2026-05-11 11:00:12,264 - INFO - Loading model: facebook/opt-350m
2026-05-11 11:00:14,741 - INFO - Training on truthfulness with seed 3
2026-05-11 11:00:15,067 - INFO - Training completed for seed 3
2026-05-11 11:00:15,068 - INFO - Evaluating all dimensions...
2026-05-11 11:00:15,068 - INFO - Evaluating truthfulness on TruthfulQA (sample size: 100)
2026-05-11 11:00:23,953 - INFO - Truthfulness (TruthfulQA): 0.2400 (24/100)
2026-05-11 11:00:23,953 - INFO - Evaluating fairness on BBQ (sample size: 100)
2026-05-11 11:00:29,533 - INFO - Fairness (BBQ): 0.2200 (22/100)
2026-05-11 11:00:29,533 - INFO - Evaluating robustness on ANLI (sample size: 100)
2026-05-11 11:00:35,702 - INFO - Robustness (ANLI): 0.3300 (33/100)
2026-05-11 11:00:35,703 - INFO - Evaluation scores: {'truthfulness': 0.24, 'fairness': 0.22, 'robustness': 0.33}
2026-05-11 11:00:35,703 - INFO -   truthfulness delta: -0.0400
2026-05-11 11:00:35,703 - INFO -   fairness delta: -0.0800
2026-05-11 11:00:35,703 - INFO -   robustness delta: -0.0200
2026-05-11 11:00:35,710 - INFO - 
--- Seed 5/5 ---
2026-05-11 11:00:35,710 - INFO - Loading model: facebook/opt-350m
2026-05-11 11:00:38,157 - INFO - Training on truthfulness with seed 4
2026-05-11 11:00:38,505 - INFO - Training completed for seed 4
2026-05-11 11:00:38,506 - INFO - Evaluating all dimensions...
2026-05-11 11:00:38,506 - INFO - Evaluating truthfulness on TruthfulQA (sample size: 100)
2026-05-11 11:00:47,398 - INFO - Truthfulness (TruthfulQA): 0.2700 (27/100)
2026-05-11 11:00:47,399 - INFO - Evaluating fairness on BBQ (sample size: 100)
2026-05-11 11:00:52,834 - INFO - Fairness (BBQ): 0.2900 (29/100)
2026-05-11 11:00:52,835 - INFO - Evaluating robustness on ANLI (sample size: 100)
2026-05-11 11:00:58,976 - INFO - Robustness (ANLI): 0.3200 (32/100)
2026-05-11 11:00:58,977 - INFO - Evaluation scores: {'truthfulness': 0.27, 'fairness': 0.29, 'robustness': 0.32}
2026-05-11 11:00:58,977 - INFO -   truthfulness delta: -0.0100
2026-05-11 11:00:58,977 - INFO -   fairness delta: -0.0100
2026-05-11 11:00:58,977 - INFO -   robustness delta: -0.0300
2026-05-11 11:00:58,994 - INFO - 
OPT Correlations:
2026-05-11 11:00:58,996 - INFO -   truthfulness-fairness: r=-0.475, p=0.419, direction=negative
2026-05-11 11:00:58,996 - INFO -   truthfulness-robustness: r=0.764, p=0.132, direction=positive
2026-05-11 11:00:58,996 - INFO -   fairness-robustness: r=-0.886, p=0.046, direction=negative
2026-05-11 11:00:58,996 - INFO - 
============================================================
2026-05-11 11:00:58,996 - INFO - Running experiment: PYTHIA
2026-05-11 11:00:58,997 - INFO - ============================================================
2026-05-11 11:00:58,997 - INFO - Loading model: EleutherAI/pythia-410m
2026-05-11 11:01:00,700 - INFO - Baseline evaluation...
2026-05-11 11:01:00,700 - INFO - Evaluating all dimensions...
2026-05-11 11:01:00,700 - INFO - Evaluating truthfulness on TruthfulQA (sample size: 100)
2026-05-11 11:01:07,469 - INFO - Truthfulness (TruthfulQA): 0.3100 (31/100)
2026-05-11 11:01:07,469 - INFO - Evaluating fairness on BBQ (sample size: 100)
2026-05-11 11:01:11,730 - INFO - Fairness (BBQ): 0.2700 (27/100)
2026-05-11 11:01:11,731 - INFO - Evaluating robustness on ANLI (sample size: 100)
2026-05-11 11:01:16,375 - INFO - Robustness (ANLI): 0.3100 (31/100)
2026-05-11 11:01:16,376 - INFO - Evaluation scores: {'truthfulness': 0.31, 'fairness': 0.27, 'robustness': 0.31}
2026-05-11 11:01:16,381 - INFO - 
--- Seed 1/5 ---
2026-05-11 11:01:16,381 - INFO - Loading model: EleutherAI/pythia-410m
2026-05-11 11:01:18,099 - INFO - Training on truthfulness with seed 0
2026-05-11 11:01:18,440 - INFO - Training completed for seed 0
2026-05-11 11:01:18,441 - INFO - Evaluating all dimensions...
2026-05-11 11:01:18,442 - INFO - Evaluating truthfulness on TruthfulQA (sample size: 100)
2026-05-11 11:01:26,614 - INFO - Truthfulness (TruthfulQA): 0.3300 (33/100)
2026-05-11 11:01:26,614 - INFO - Evaluating fairness on BBQ (sample size: 100)
2026-05-11 11:01:31,791 - INFO - Fairness (BBQ): 0.2600 (26/100)
2026-05-11 11:01:31,792 - INFO - Evaluating robustness on ANLI (sample size: 100)
2026-05-11 11:01:37,297 - INFO - Robustness (ANLI): 0.2500 (25/100)
2026-05-11 11:01:37,298 - INFO - Evaluation scores: {'truthfulness': 0.33, 'fairness': 0.26, 'robustness': 0.25}
2026-05-11 11:01:37,298 - INFO -   truthfulness delta: 0.0200
2026-05-11 11:01:37,298 - INFO -   fairness delta: -0.0100
2026-05-11 11:01:37,298 - INFO -   robustness delta: -0.0600
2026-05-11 11:01:37,305 - INFO - 
--- Seed 2/5 ---
2026-05-11 11:01:37,305 - INFO - Loading model: EleutherAI/pythia-410m
2026-05-11 11:01:39,036 - INFO - Training on truthfulness with seed 1
2026-05-11 11:01:39,371 - INFO - Training completed for seed 1
2026-05-11 11:01:39,372 - INFO - Evaluating all dimensions...
2026-05-11 11:01:39,372 - INFO - Evaluating truthfulness on TruthfulQA (sample size: 100)
2026-05-11 11:01:48,138 - INFO - Truthfulness (TruthfulQA): 0.2300 (23/100)
2026-05-11 11:01:48,139 - INFO - Evaluating fairness on BBQ (sample size: 100)
2026-05-11 11:01:53,185 - INFO - Fairness (BBQ): 0.3000 (30/100)
2026-05-11 11:01:53,186 - INFO - Evaluating robustness on ANLI (sample size: 100)
2026-05-11 11:01:58,468 - INFO - Robustness (ANLI): 0.3200 (32/100)
2026-05-11 11:01:58,469 - INFO - Evaluation scores: {'truthfulness': 0.23, 'fairness': 0.3, 'robustness': 0.32}
2026-05-11 11:01:58,469 - INFO -   truthfulness delta: -0.0800
2026-05-11 11:01:58,469 - INFO -   fairness delta: 0.0300
2026-05-11 11:01:58,469 - INFO -   robustness delta: 0.0100
2026-05-11 11:01:58,474 - INFO - 
--- Seed 3/5 ---
2026-05-11 11:01:58,474 - INFO - Loading model: EleutherAI/pythia-410m
2026-05-11 11:02:00,159 - INFO - Training on truthfulness with seed 2
2026-05-11 11:02:00,496 - INFO - Training completed for seed 2
2026-05-11 11:02:00,497 - INFO - Evaluating all dimensions...
2026-05-11 11:02:00,497 - INFO - Evaluating truthfulness on TruthfulQA (sample size: 100)
2026-05-11 11:02:08,480 - INFO - Truthfulness (TruthfulQA): 0.2600 (26/100)
2026-05-11 11:02:08,480 - INFO - Evaluating fairness on BBQ (sample size: 100)
2026-05-11 11:02:13,542 - INFO - Fairness (BBQ): 0.2300 (23/100)
2026-05-11 11:02:13,542 - INFO - Evaluating robustness on ANLI (sample size: 100)
2026-05-11 11:02:18,963 - INFO - Robustness (ANLI): 0.3300 (33/100)
2026-05-11 11:02:18,964 - INFO - Evaluation scores: {'truthfulness': 0.26, 'fairness': 0.23, 'robustness': 0.33}
2026-05-11 11:02:18,964 - INFO -   truthfulness delta: -0.0500
2026-05-11 11:02:18,964 - INFO -   fairness delta: -0.0400
2026-05-11 11:02:18,964 - INFO -   robustness delta: 0.0200
2026-05-11 11:02:18,969 - INFO - 
--- Seed 4/5 ---
2026-05-11 11:02:18,969 - INFO - Loading model: EleutherAI/pythia-410m
2026-05-11 11:02:20,655 - INFO - Training on truthfulness with seed 3
2026-05-11 11:02:20,993 - INFO - Training completed for seed 3
2026-05-11 11:02:20,994 - INFO - Evaluating all dimensions...
2026-05-11 11:02:20,994 - INFO - Evaluating truthfulness on TruthfulQA (sample size: 100)
2026-05-11 11:02:29,278 - INFO - Truthfulness (TruthfulQA): 0.2700 (27/100)
2026-05-11 11:02:29,279 - INFO - Evaluating fairness on BBQ (sample size: 100)
2026-05-11 11:02:34,356 - INFO - Fairness (BBQ): 0.2200 (22/100)
2026-05-11 11:02:34,356 - INFO - Evaluating robustness on ANLI (sample size: 100)
2026-05-11 11:02:39,993 - INFO - Robustness (ANLI): 0.3900 (39/100)
2026-05-11 11:02:39,994 - INFO - Evaluation scores: {'truthfulness': 0.27, 'fairness': 0.22, 'robustness': 0.39}
2026-05-11 11:02:39,994 - INFO -   truthfulness delta: -0.0400
2026-05-11 11:02:39,994 - INFO -   fairness delta: -0.0500
2026-05-11 11:02:39,994 - INFO -   robustness delta: 0.0800
2026-05-11 11:02:40,000 - INFO - 
--- Seed 5/5 ---
2026-05-11 11:02:40,000 - INFO - Loading model: EleutherAI/pythia-410m
2026-05-11 11:02:41,740 - INFO - Training on truthfulness with seed 4
2026-05-11 11:02:42,093 - INFO - Training completed for seed 4
2026-05-11 11:02:42,094 - INFO - Evaluating all dimensions...
2026-05-11 11:02:42,094 - INFO - Evaluating truthfulness on TruthfulQA (sample size: 100)
2026-05-11 11:02:50,391 - INFO - Truthfulness (TruthfulQA): 0.3200 (32/100)
2026-05-11 11:02:50,391 - INFO - Evaluating fairness on BBQ (sample size: 100)
2026-05-11 11:02:55,726 - INFO - Fairness (BBQ): 0.2800 (28/100)
2026-05-11 11:02:55,726 - INFO - Evaluating robustness on ANLI (sample size: 100)
2026-05-11 11:03:01,711 - INFO - Robustness (ANLI): 0.4000 (40/100)
2026-05-11 11:03:01,711 - INFO - Evaluation scores: {'truthfulness': 0.32, 'fairness': 0.28, 'robustness': 0.4}
2026-05-11 11:03:01,711 - INFO -   truthfulness delta: 0.0100
2026-05-11 11:03:01,711 - INFO -   fairness delta: 0.0100
2026-05-11 11:03:01,711 - INFO -   robustness delta: 0.0900
2026-05-11 11:03:01,728 - INFO - 
PYTHIA Correlations:
2026-05-11 11:03:01,730 - INFO -   truthfulness-fairness: r=-0.032, p=0.959, direction=neutral
2026-05-11 11:03:01,731 - INFO -   truthfulness-robustness: r=-0.135, p=0.828, direction=neutral
2026-05-11 11:03:01,731 - INFO -   fairness-robustness: r=-0.163, p=0.794, direction=neutral
2026-05-11 11:03:01,731 - INFO - 
============================================================
2026-05-11 11:03:01,731 - INFO - REPLICATION ANALYSIS
2026-05-11 11:03:01,731 - INFO - ============================================================
2026-05-11 11:03:01,731 - INFO - 
truthfulness-fairness:
2026-05-11 11:03:01,731 - INFO -   Majority direction: neutral
2026-05-11 11:03:01,731 - INFO -   Replication rate: 66.67% (2/3)
2026-05-11 11:03:01,731 - INFO -   Gate passed: ✓
2026-05-11 11:03:01,731 - INFO - 
truthfulness-robustness:
2026-05-11 11:03:01,731 - INFO -   Majority direction: neutral
2026-05-11 11:03:01,731 - INFO -   Replication rate: 66.67% (2/3)
2026-05-11 11:03:01,731 - INFO -   Gate passed: ✓
2026-05-11 11:03:01,731 - INFO - 
fairness-robustness:
2026-05-11 11:03:01,731 - INFO -   Majority direction: negative
2026-05-11 11:03:01,731 - INFO -   Replication rate: 66.67% (2/3)
2026-05-11 11:03:01,731 - INFO -   Gate passed: ✓
2026-05-11 11:03:01,731 - INFO - 
============================================================
2026-05-11 11:03:01,731 - INFO - GATE EVALUATION (SHOULD_WORK)
2026-05-11 11:03:01,731 - INFO - ============================================================
2026-05-11 11:03:01,731 - INFO - Gate passed: ✓ PASS
2026-05-11 11:03:01,731 - INFO - Passed pairs: ['truthfulness-fairness', 'truthfulness-robustness', 'fairness-robustness']
2026-05-11 11:03:01,731 - INFO - 
NOTE: All dimensions now use REAL datasets:
2026-05-11 11:03:01,731 - INFO -   - Truthfulness: TruthfulQA (sampled)
2026-05-11 11:03:01,731 - INFO -   - Fairness: BBQ (sampled)
2026-05-11 11:03:01,731 - INFO -   - Robustness: ANLI Round 3 (sampled)
2026-05-11 11:03:01,731 - INFO - ✓ MOCK DATA COMPLETELY REMOVED!
2026-05-11 11:03:01,732 - INFO - 
✓ Results saved to experiment_results.json
2026-05-11 11:03:01,740 - INFO - ✓ CSV saved to outputs/results.csv
2026-05-11 11:03:01,740 - INFO - 
============================================================
2026-05-11 11:03:01,740 - INFO - EXPERIMENT COMPLETE
2026-05-11 11:03:01,740 - INFO - ============================================================
Starting H-M4: Cross-Architecture Directional Replication (PoC)
