Starting H-M4 Experiment at Fri Apr 24 06:57:29 PM UTC 2026
Working directory: /home/anonymous/YouRA_results_new_4_sonnet45_no_mcp/TEST_scsl_3/docs/youra_research/20260421_scsl/h-m4/code
GPU: 0
2026-04-24 18:57:32,562 - __main__ - INFO - ================================================================================
2026-04-24 18:57:32,562 - __main__ - INFO - H-M4 Geometry-Phenotype Coupling Experiment
2026-04-24 18:57:32,562 - __main__ - INFO - ================================================================================
2026-04-24 18:57:32,562 - __main__ - INFO - Device: cuda
2026-04-24 18:57:32,562 - __main__ - INFO - Path sampling: 20 samples
2026-04-24 18:57:32,562 - __main__ - INFO - Dataset: waterbirds at /home/anonymous/data/waterbirds_v1.0
2026-04-24 18:57:32,562 - __main__ - INFO - Loading Waterbirds dataset...
2026-04-24 18:57:32,592 - __main__ - INFO - Train batches: 38
2026-04-24 18:57:32,592 - __main__ - INFO - Val batches: 10
2026-04-24 18:57:32,592 - __main__ - INFO - ERM checkpoint not found. Training ERM model...
2026-04-24 18:57:32,886 - experiments.train_endpoints - INFO - Training ERM model...
2026-04-24 18:57:34,854 - experiments.train_endpoints - INFO - Epoch 1/5, Batch 0/38, Loss: 0.6622
2026-04-24 18:57:36,524 - experiments.train_endpoints - INFO - Epoch 1/5, Batch 20/38, Loss: 0.3778
2026-04-24 18:57:37,973 - experiments.train_endpoints - INFO - Epoch 1/5 - Train Loss: 0.2877, Train Acc: 89.09%
2026-04-24 18:57:38,613 - experiments.train_endpoints - INFO - Epoch 2/5, Batch 0/38, Loss: 0.1764
2026-04-24 18:57:40,361 - experiments.train_endpoints - INFO - Epoch 2/5, Batch 20/38, Loss: 0.1486
2026-04-24 18:57:41,873 - experiments.train_endpoints - INFO - Epoch 2/5 - Train Loss: 0.2074, Train Acc: 91.47%
2026-04-24 18:57:42,518 - experiments.train_endpoints - INFO - Epoch 3/5, Batch 0/38, Loss: 0.1801
2026-04-24 18:57:44,440 - experiments.train_endpoints - INFO - Epoch 3/5, Batch 20/38, Loss: 0.1130
2026-04-24 18:57:45,999 - experiments.train_endpoints - INFO - Epoch 3/5 - Train Loss: 0.1399, Train Acc: 94.39%
2026-04-24 18:57:46,621 - experiments.train_endpoints - INFO - Epoch 4/5, Batch 0/38, Loss: 0.0846
2026-04-24 18:57:48,372 - experiments.train_endpoints - INFO - Epoch 4/5, Batch 20/38, Loss: 0.2537
2026-04-24 18:57:49,906 - experiments.train_endpoints - INFO - Epoch 4/5 - Train Loss: 0.1478, Train Acc: 94.52%
2026-04-24 18:57:50,491 - experiments.train_endpoints - INFO - Epoch 5/5, Batch 0/38, Loss: 0.0735
2026-04-24 18:57:52,264 - experiments.train_endpoints - INFO - Epoch 5/5, Batch 20/38, Loss: 0.1105
2026-04-24 18:57:53,816 - experiments.train_endpoints - INFO - Epoch 5/5 - Train Loss: 0.1317, Train Acc: 95.35%
2026-04-24 18:57:53,953 - experiments.train_endpoints - INFO - Saved ERM checkpoint to checkpoints/erm_final.pt
2026-04-24 18:57:53,954 - __main__ - INFO - ERM model saved to checkpoints/erm_final.pt
2026-04-24 18:57:53,954 - __main__ - INFO - DRO checkpoint not found. Training DRO model...
2026-04-24 18:57:54,228 - experiments.train_endpoints - INFO - Training Group-DRO model...
2026-04-24 18:57:54,979 - experiments.train_endpoints - INFO - Epoch 1/5, Batch 0/38, Loss: 0.7032
2026-04-24 18:57:56,690 - experiments.train_endpoints - INFO - Epoch 1/5, Batch 20/38, Loss: 1.4131
2026-04-24 18:57:58,156 - experiments.train_endpoints - INFO - Epoch 1/5 - Train Loss: 0.7921
2026-04-24 18:57:58,157 - experiments.train_endpoints - INFO - Group weights: [0.24968255 0.24949023 0.25093642 0.2498908 ]
2026-04-24 18:57:58,792 - experiments.train_endpoints - INFO - Epoch 2/5, Batch 0/38, Loss: 0.4605
2026-04-24 18:58:00,503 - experiments.train_endpoints - INFO - Epoch 2/5, Batch 20/38, Loss: 0.4927
2026-04-24 18:58:02,026 - experiments.train_endpoints - INFO - Epoch 2/5 - Train Loss: 0.6793
2026-04-24 18:58:02,027 - experiments.train_endpoints - INFO - Group weights: [0.24944125 0.24927112 0.2513646  0.24992298]
2026-04-24 18:58:02,614 - experiments.train_endpoints - INFO - Epoch 3/5, Batch 0/38, Loss: 0.6723
2026-04-24 18:58:04,456 - experiments.train_endpoints - INFO - Epoch 3/5, Batch 20/38, Loss: 0.6614
2026-04-24 18:58:05,928 - experiments.train_endpoints - INFO - Epoch 3/5 - Train Loss: 0.6479
2026-04-24 18:58:05,929 - experiments.train_endpoints - INFO - Group weights: [0.24919586 0.24925387 0.25154713 0.2500031 ]
2026-04-24 18:58:06,609 - experiments.train_endpoints - INFO - Epoch 4/5, Batch 0/38, Loss: 0.8675
2026-04-24 18:58:08,359 - experiments.train_endpoints - INFO - Epoch 4/5, Batch 20/38, Loss: 0.6857
2026-04-24 18:58:09,874 - experiments.train_endpoints - INFO - Epoch 4/5 - Train Loss: 0.6466
2026-04-24 18:58:09,874 - experiments.train_endpoints - INFO - Group weights: [0.24897116 0.2491286  0.2517741  0.25012624]
2026-04-24 18:58:10,541 - experiments.train_endpoints - INFO - Epoch 5/5, Batch 0/38, Loss: 0.6763
2026-04-24 18:58:12,246 - experiments.train_endpoints - INFO - Epoch 5/5, Batch 20/38, Loss: 0.6696
2026-04-24 18:58:13,712 - experiments.train_endpoints - INFO - Epoch 5/5 - Train Loss: 0.6910
2026-04-24 18:58:13,713 - experiments.train_endpoints - INFO - Group weights: [0.24892412 0.24912807 0.25183266 0.2501151 ]
2026-04-24 18:58:13,847 - experiments.train_endpoints - INFO - Saved DRO checkpoint to checkpoints/dro_final.pt
2026-04-24 18:58:13,847 - __main__ - INFO - DRO model saved to checkpoints/dro_final.pt
2026-04-24 18:58:13,850 - __main__ - INFO - Starting coupling experiment...
2026-04-24 18:58:14,148 - experiments.coupling_experiment - INFO - Starting geometry-phenotype coupling experiment...
2026-04-24 18:58:14,149 - experiments.coupling_experiment - INFO - Loading ERM and DRO checkpoints...
2026-04-24 18:58:14,255 - experiments.coupling_experiment - INFO - Evaluating FGE path...
2026-04-24 18:58:14,255 - experiments.coupling_experiment - INFO - Sampling FGE path with 20 checkpoints...
2026-04-24 18:58:14,376 - experiments.coupling_experiment - INFO - Evaluating checkpoint 1/20 (α=0.000)...
2026-04-24 18:58:16,136 - experiments.coupling_experiment - INFO -   A(w) = 0.1669
2026-04-24 18:58:17,424 - experiments.coupling_experiment - INFO -   WGA = 0.3233
2026-04-24 18:58:17,425 - experiments.coupling_experiment - INFO - Evaluating checkpoint 2/20 (α=0.053)...
2026-04-24 18:58:19,113 - experiments.coupling_experiment - INFO -   A(w) = 1.0000
2026-04-24 18:58:20,423 - experiments.coupling_experiment - INFO -   WGA = 0.0451
2026-04-24 18:58:20,423 - experiments.coupling_experiment - INFO - Evaluating checkpoint 3/20 (α=0.105)...
2026-04-24 18:58:22,132 - experiments.coupling_experiment - INFO -   A(w) = 1.0000
2026-04-24 18:58:23,483 - experiments.coupling_experiment - INFO -   WGA = 0.0075
2026-04-24 18:58:23,484 - experiments.coupling_experiment - INFO - Evaluating checkpoint 4/20 (α=0.158)...
2026-04-24 18:58:25,184 - experiments.coupling_experiment - INFO -   A(w) = 1.0000
2026-04-24 18:58:26,511 - experiments.coupling_experiment - INFO -   WGA = 0.0000
2026-04-24 18:58:26,511 - experiments.coupling_experiment - INFO - Evaluating checkpoint 5/20 (α=0.211)...
2026-04-24 18:58:28,266 - experiments.coupling_experiment - INFO -   A(w) = 1.0000
2026-04-24 18:58:29,576 - experiments.coupling_experiment - INFO -   WGA = 0.0000
2026-04-24 18:58:29,576 - experiments.coupling_experiment - INFO - Evaluating checkpoint 6/20 (α=0.263)...
2026-04-24 18:58:31,310 - experiments.coupling_experiment - INFO -   A(w) = 0.6242
2026-04-24 18:58:32,635 - experiments.coupling_experiment - INFO -   WGA = 0.0000
2026-04-24 18:58:32,635 - experiments.coupling_experiment - INFO - Evaluating checkpoint 7/20 (α=0.316)...
2026-04-24 18:58:34,382 - experiments.coupling_experiment - INFO -   A(w) = 0.3500
2026-04-24 18:58:35,666 - experiments.coupling_experiment - INFO -   WGA = 0.0000
2026-04-24 18:58:35,666 - experiments.coupling_experiment - INFO - Evaluating checkpoint 8/20 (α=0.368)...
2026-04-24 18:58:37,345 - experiments.coupling_experiment - INFO -   A(w) = 0.2087
2026-04-24 18:58:38,679 - experiments.coupling_experiment - INFO -   WGA = 0.0000
2026-04-24 18:58:38,679 - experiments.coupling_experiment - INFO - Evaluating checkpoint 9/20 (α=0.421)...
2026-04-24 18:58:40,421 - experiments.coupling_experiment - INFO -   A(w) = 0.1309
2026-04-24 18:58:41,725 - experiments.coupling_experiment - INFO -   WGA = 0.0000
2026-04-24 18:58:41,725 - experiments.coupling_experiment - INFO - Evaluating checkpoint 10/20 (α=0.474)...
2026-04-24 18:58:43,403 - experiments.coupling_experiment - INFO -   A(w) = 0.0853
2026-04-24 18:58:44,724 - experiments.coupling_experiment - INFO -   WGA = 0.0000
2026-04-24 18:58:44,724 - experiments.coupling_experiment - INFO - Evaluating checkpoint 11/20 (α=0.526)...
2026-04-24 18:58:46,463 - experiments.coupling_experiment - INFO -   A(w) = 0.0583
2026-04-24 18:58:47,709 - experiments.coupling_experiment - INFO -   WGA = 0.0000
2026-04-24 18:58:47,709 - experiments.coupling_experiment - INFO - Evaluating checkpoint 12/20 (α=0.579)...
2026-04-24 18:58:49,463 - experiments.coupling_experiment - INFO -   A(w) = 0.0414
2026-04-24 18:58:50,757 - experiments.coupling_experiment - INFO -   WGA = 0.0000
2026-04-24 18:58:50,758 - experiments.coupling_experiment - INFO - Evaluating checkpoint 13/20 (α=0.632)...
2026-04-24 18:58:52,460 - experiments.coupling_experiment - INFO -   A(w) = 0.0297
2026-04-24 18:58:53,763 - experiments.coupling_experiment - INFO -   WGA = 0.0000
2026-04-24 18:58:53,763 - experiments.coupling_experiment - INFO - Evaluating checkpoint 14/20 (α=0.684)...
2026-04-24 18:58:55,480 - experiments.coupling_experiment - INFO -   A(w) = 0.0213
2026-04-24 18:58:56,793 - experiments.coupling_experiment - INFO -   WGA = 0.0000
2026-04-24 18:58:56,794 - experiments.coupling_experiment - INFO - Evaluating checkpoint 15/20 (α=0.737)...
2026-04-24 18:58:58,503 - experiments.coupling_experiment - INFO -   A(w) = 0.0149
2026-04-24 18:58:59,830 - experiments.coupling_experiment - INFO -   WGA = 0.0000
2026-04-24 18:58:59,830 - experiments.coupling_experiment - INFO - Evaluating checkpoint 16/20 (α=0.789)...
2026-04-24 18:59:01,588 - experiments.coupling_experiment - INFO -   A(w) = 0.0101
2026-04-24 18:59:02,944 - experiments.coupling_experiment - INFO -   WGA = 0.0000
2026-04-24 18:59:02,944 - experiments.coupling_experiment - INFO - Evaluating checkpoint 17/20 (α=0.842)...
2026-04-24 18:59:04,673 - experiments.coupling_experiment - INFO -   A(w) = 0.0069
2026-04-24 18:59:05,984 - experiments.coupling_experiment - INFO -   WGA = 0.0000
2026-04-24 18:59:05,984 - experiments.coupling_experiment - INFO - Evaluating checkpoint 18/20 (α=0.895)...
2026-04-24 18:59:07,689 - experiments.coupling_experiment - INFO -   A(w) = 0.0058
2026-04-24 18:59:09,005 - experiments.coupling_experiment - INFO -   WGA = 0.0301
2026-04-24 18:59:09,006 - experiments.coupling_experiment - INFO - Evaluating checkpoint 19/20 (α=0.947)...
2026-04-24 18:59:10,739 - experiments.coupling_experiment - INFO -   A(w) = 0.0108
2026-04-24 18:59:12,066 - experiments.coupling_experiment - INFO -   WGA = 0.0602
2026-04-24 18:59:12,066 - experiments.coupling_experiment - INFO - Evaluating checkpoint 20/20 (α=1.000)...
2026-04-24 18:59:13,773 - experiments.coupling_experiment - INFO -   A(w) = 0.0979
2026-04-24 18:59:15,047 - experiments.coupling_experiment - INFO -   WGA = 0.0977
2026-04-24 18:59:15,047 - experiments.coupling_experiment - INFO - Computing Spearman correlation for FGE path...
2026-04-24 18:59:15,050 - experiments.coupling_experiment - INFO - FGE Results: ρ=0.0447, p=0.8517
2026-04-24 18:59:15,056 - experiments.coupling_experiment - INFO - Evaluating Linear path...
2026-04-24 18:59:15,056 - experiments.coupling_experiment - INFO - Sampling Linear path with 20 checkpoints...
2026-04-24 18:59:15,158 - experiments.coupling_experiment - INFO - Evaluating checkpoint 1/20 (α=0.000)...
2026-04-24 18:59:16,866 - experiments.coupling_experiment - INFO -   A(w) = 0.1669
2026-04-24 18:59:18,175 - experiments.coupling_experiment - INFO -   WGA = 0.3233
2026-04-24 18:59:18,175 - experiments.coupling_experiment - INFO - Evaluating checkpoint 2/20 (α=0.053)...
2026-04-24 18:59:19,978 - experiments.coupling_experiment - INFO -   A(w) = 1.0000
2026-04-24 18:59:21,289 - experiments.coupling_experiment - INFO -   WGA = 0.0451
2026-04-24 18:59:21,289 - experiments.coupling_experiment - INFO - Evaluating checkpoint 3/20 (α=0.105)...
2026-04-24 18:59:23,022 - experiments.coupling_experiment - INFO -   A(w) = 1.0000
2026-04-24 18:59:24,341 - experiments.coupling_experiment - INFO -   WGA = 0.0075
2026-04-24 18:59:24,341 - experiments.coupling_experiment - INFO - Evaluating checkpoint 4/20 (α=0.158)...
2026-04-24 18:59:26,066 - experiments.coupling_experiment - INFO -   A(w) = 1.0000
2026-04-24 18:59:27,413 - experiments.coupling_experiment - INFO -   WGA = 0.0000
2026-04-24 18:59:27,413 - experiments.coupling_experiment - INFO - Evaluating checkpoint 5/20 (α=0.211)...
2026-04-24 18:59:29,126 - experiments.coupling_experiment - INFO -   A(w) = 1.0000
2026-04-24 18:59:30,423 - experiments.coupling_experiment - INFO -   WGA = 0.0000
2026-04-24 18:59:30,423 - experiments.coupling_experiment - INFO - Evaluating checkpoint 6/20 (α=0.263)...
2026-04-24 18:59:32,130 - experiments.coupling_experiment - INFO -   A(w) = 0.6242
2026-04-24 18:59:33,392 - experiments.coupling_experiment - INFO -   WGA = 0.0000
2026-04-24 18:59:33,392 - experiments.coupling_experiment - INFO - Evaluating checkpoint 7/20 (α=0.316)...
2026-04-24 18:59:35,154 - experiments.coupling_experiment - INFO -   A(w) = 0.3500
2026-04-24 18:59:36,518 - experiments.coupling_experiment - INFO -   WGA = 0.0000
2026-04-24 18:59:36,518 - experiments.coupling_experiment - INFO - Evaluating checkpoint 8/20 (α=0.368)...
2026-04-24 18:59:38,288 - experiments.coupling_experiment - INFO -   A(w) = 0.2087
2026-04-24 18:59:39,627 - experiments.coupling_experiment - INFO -   WGA = 0.0000
2026-04-24 18:59:39,627 - experiments.coupling_experiment - INFO - Evaluating checkpoint 9/20 (α=0.421)...
2026-04-24 18:59:41,425 - experiments.coupling_experiment - INFO -   A(w) = 0.1309
2026-04-24 18:59:42,803 - experiments.coupling_experiment - INFO -   WGA = 0.0000
2026-04-24 18:59:42,803 - experiments.coupling_experiment - INFO - Evaluating checkpoint 10/20 (α=0.474)...
2026-04-24 18:59:44,515 - experiments.coupling_experiment - INFO -   A(w) = 0.0853
2026-04-24 18:59:45,830 - experiments.coupling_experiment - INFO -   WGA = 0.0000
2026-04-24 18:59:45,830 - experiments.coupling_experiment - INFO - Evaluating checkpoint 11/20 (α=0.526)...
2026-04-24 18:59:47,589 - experiments.coupling_experiment - INFO -   A(w) = 0.0583
2026-04-24 18:59:48,939 - experiments.coupling_experiment - INFO -   WGA = 0.0000
2026-04-24 18:59:48,939 - experiments.coupling_experiment - INFO - Evaluating checkpoint 12/20 (α=0.579)...
2026-04-24 18:59:50,681 - experiments.coupling_experiment - INFO -   A(w) = 0.0414
2026-04-24 18:59:52,064 - experiments.coupling_experiment - INFO -   WGA = 0.0000
2026-04-24 18:59:52,064 - experiments.coupling_experiment - INFO - Evaluating checkpoint 13/20 (α=0.632)...
2026-04-24 18:59:53,780 - experiments.coupling_experiment - INFO -   A(w) = 0.0297
2026-04-24 18:59:55,132 - experiments.coupling_experiment - INFO -   WGA = 0.0000
2026-04-24 18:59:55,132 - experiments.coupling_experiment - INFO - Evaluating checkpoint 14/20 (α=0.684)...
2026-04-24 18:59:56,853 - experiments.coupling_experiment - INFO -   A(w) = 0.0213
2026-04-24 18:59:58,162 - experiments.coupling_experiment - INFO -   WGA = 0.0000
2026-04-24 18:59:58,162 - experiments.coupling_experiment - INFO - Evaluating checkpoint 15/20 (α=0.737)...
2026-04-24 18:59:59,928 - experiments.coupling_experiment - INFO -   A(w) = 0.0149
2026-04-24 19:00:01,226 - experiments.coupling_experiment - INFO -   WGA = 0.0000
2026-04-24 19:00:01,226 - experiments.coupling_experiment - INFO - Evaluating checkpoint 16/20 (α=0.789)...
2026-04-24 19:00:02,983 - experiments.coupling_experiment - INFO -   A(w) = 0.0101
2026-04-24 19:00:04,337 - experiments.coupling_experiment - INFO -   WGA = 0.0000
2026-04-24 19:00:04,337 - experiments.coupling_experiment - INFO - Evaluating checkpoint 17/20 (α=0.842)...
2026-04-24 19:00:06,061 - experiments.coupling_experiment - INFO -   A(w) = 0.0069
2026-04-24 19:00:07,402 - experiments.coupling_experiment - INFO -   WGA = 0.0000
2026-04-24 19:00:07,402 - experiments.coupling_experiment - INFO - Evaluating checkpoint 18/20 (α=0.895)...
2026-04-24 19:00:09,104 - experiments.coupling_experiment - INFO -   A(w) = 0.0058
2026-04-24 19:00:10,420 - experiments.coupling_experiment - INFO -   WGA = 0.0301
2026-04-24 19:00:10,420 - experiments.coupling_experiment - INFO - Evaluating checkpoint 19/20 (α=0.947)...
2026-04-24 19:00:12,137 - experiments.coupling_experiment - INFO -   A(w) = 0.0108
2026-04-24 19:00:13,482 - experiments.coupling_experiment - INFO -   WGA = 0.0602
2026-04-24 19:00:13,482 - experiments.coupling_experiment - INFO - Evaluating checkpoint 20/20 (α=1.000)...
2026-04-24 19:00:15,217 - experiments.coupling_experiment - INFO -   A(w) = 0.0979
2026-04-24 19:00:16,509 - experiments.coupling_experiment - INFO -   WGA = 0.0977
2026-04-24 19:00:16,509 - experiments.coupling_experiment - INFO - Computing Spearman correlation for Linear path...
2026-04-24 19:00:16,511 - experiments.coupling_experiment - INFO - Linear Results: ρ=0.0447, p=0.8517
2026-04-24 19:00:16,517 - experiments.coupling_experiment - INFO - Aggregating results...
2026-04-24 19:00:16,517 - experiments.coupling_experiment - INFO - Generating visualizations...
2026-04-24 19:00:17,932 - experiments.coupling_experiment - INFO - Visualizations saved to figures
2026-04-24 19:00:17,933 - experiments.coupling_experiment - INFO - Saving validation report...
2026-04-24 19:00:17,933 - experiments.coupling_experiment - INFO - Metrics saved to results/metrics.json
2026-04-24 19:00:17,934 - __main__ - INFO - Gate Result: FAIL
2026-04-24 19:00:17,935 - __main__ - INFO - Message: No significant negative correlation found
Traceback (most recent call last):
  File "/home/anonymous/YouRA_results_new_4_sonnet45_no_mcp/TEST_scsl_3/docs/youra_research/20260421_scsl/h-m4/code/run_experiment.py", line 249, in <module>
    result = main()
  File "/home/anonymous/YouRA_results_new_4_sonnet45_no_mcp/TEST_scsl_3/docs/youra_research/20260421_scsl/h-m4/code/run_experiment.py", line 234, in main
    generate_validation_report(config, results, gate_result, report_path)
  File "/home/anonymous/YouRA_results_new_4_sonnet45_no_mcp/TEST_scsl_3/docs/youra_research/20260421_scsl/h-m4/code/run_experiment.py", line 93, in generate_validation_report
    **Date:** {Path(output_path).stat().st_mtime}
  File "/home/anonymous/miniforge3/envs/woo/lib/python3.10/pathlib.py", line 1095, in stat
    return self._accessor.stat(self, follow_symlinks=follow_symlinks)
FileNotFoundError: [Errno 2] No such file or directory: '04_validation.md'
Experiment completed successfully
