\BOOKMARK [1][-]{section.1}{\376\377\000I\000n\000t\000r\000o\000d\000u\000c\000t\000i\000o\000n}{}% 1
\BOOKMARK [1][-]{section.2}{\376\377\000R\000e\000l\000a\000t\000e\000d\000\040\000W\000o\000r\000k}{}% 2
\BOOKMARK [2][-]{subsubsection.2.0.1}{\376\377\0002\000.\0001\000\040\000S\000p\000u\000r\000i\000o\000u\000s\000\040\000C\000o\000r\000r\000e\000l\000a\000t\000i\000o\000n\000\040\000R\000o\000b\000u\000s\000t\000n\000e\000s\000s}{section.2}% 3
\BOOKMARK [3][-]{subsubsection.2.0.2}{\376\377\0002\000.\0002\000\040\000L\000a\000b\000e\000l\000-\000F\000r\000e\000e\000\040\000T\000w\000o\000-\000S\000t\000a\000g\000e\000\040\000M\000e\000t\000h\000o\000d\000s}{subsubsection.2.0.1}% 4
\BOOKMARK [3][-]{subsubsection.2.0.3}{\376\377\0002\000.\0003\000\040\000G\000r\000a\000d\000i\000e\000n\000t\000\040\000D\000y\000n\000a\000m\000i\000c\000s\000\040\000a\000n\000d\000\040\000R\000e\000l\000a\000t\000e\000d\000\040\000S\000i\000g\000n\000a\000l\000s}{subsubsection.2.0.1}% 5
\BOOKMARK [3][-]{subsubsection.2.0.4}{\376\377\0002\000.\0004\000\040\000P\000o\000s\000i\000t\000i\000o\000n}{subsubsection.2.0.1}% 6
\BOOKMARK [1][-]{section.3}{\376\377\000M\000e\000t\000h\000o\000d\000o\000l\000o\000g\000y}{}% 7
\BOOKMARK [2][-]{subsubsection.3.0.1}{\376\377\0003\000.\0001\000\040\000N\000o\000r\000m\000a\000l\000i\000z\000e\000d\000\040\000P\000e\000r\000-\000S\000a\000m\000p\000l\000e\000\040\000L\000a\000s\000t\000-\000L\000a\000y\000e\000r\000\040\000G\000r\000a\000d\000i\000e\000n\000t\000\040\000N\000o\000r\000m}{section.3}% 8
\BOOKMARK [3][-]{subsubsection.3.0.2}{\376\377\0003\000.\0002\000\040\000E\000f\000f\000i\000c\000i\000e\000n\000t\000\040\000C\000o\000m\000p\000u\000t\000a\000t\000i\000o\000n\000\040\000v\000i\000a\000\040\000F\000C\000\040\000F\000o\000r\000w\000a\000r\000d\000\040\000H\000o\000o\000k}{subsubsection.3.0.1}% 9
\BOOKMARK [3][-]{subsubsection.3.0.3}{\376\377\0003\000.\0003\000\040\000P\000s\000e\000u\000d\000o\000-\000M\000i\000n\000o\000r\000i\000t\000y\000\040\000S\000u\000b\000s\000e\000t\000\040\000C\000o\000n\000s\000t\000r\000u\000c\000t\000i\000o\000n}{subsubsection.3.0.1}% 10
\BOOKMARK [3][-]{subsubsection.3.0.4}{\376\377\0003\000.\0004\000\040\000P\000r\000o\000p\000o\000s\000e\000d\000\040\000F\000u\000l\000l\000\040\000P\000i\000p\000e\000l\000i\000n\000e\000:\000\040\000S\000t\000a\000g\000e\000\040\0002\000\040\000L\000a\000s\000t\000-\000L\000a\000y\000e\000r\000\040\000R\000e\000t\000r\000a\000i\000n\000i\000n\000g\000\040\000\050\000N\000o\000t\000\040\000E\000x\000e\000c\000u\000t\000e\000d\000\051}{subsubsection.3.0.1}% 11
\BOOKMARK [1][-]{section.4}{\376\377\000E\000x\000p\000e\000r\000i\000m\000e\000n\000t\000a\000l\000\040\000S\000e\000t\000u\000p}{}% 12
\BOOKMARK [2][-]{subsubsection.4.0.1}{\376\377\0004\000.\0001\000\040\000D\000a\000t\000a\000s\000e\000t}{section.4}% 13
\BOOKMARK [3][-]{subsubsection.4.0.2}{\376\377\0004\000.\0002\000\040\000M\000o\000d\000e\000l\000\040\000a\000n\000d\000\040\000T\000r\000a\000i\000n\000i\000n\000g}{subsubsection.4.0.1}% 14
\BOOKMARK [3][-]{subsubsection.4.0.3}{\376\377\0004\000.\0003\000\040\000E\000v\000a\000l\000u\000a\000t\000i\000o\000n\000\040\000M\000e\000t\000r\000i\000c\000s}{subsubsection.4.0.1}% 15
\BOOKMARK [3][-]{subsubsection.4.0.4}{\376\377\0004\000.\0004\000\040\000I\000m\000p\000l\000e\000m\000e\000n\000t\000a\000t\000i\000o\000n}{subsubsection.4.0.1}% 16
\BOOKMARK [1][-]{section.5}{\376\377\000R\000e\000s\000u\000l\000t\000s}{}% 17
\BOOKMARK [2][-]{subsubsection.5.0.1}{\376\377\0005\000.\0001\000\040\000P\000r\000o\000x\000y\000\040\000S\000i\000g\000n\000a\000l\000\040\000Q\000u\000a\000l\000i\000t\000y\000\040\000a\000t\000\040\000T\000\137\000i\000d\000\040\000=\000\040\0005}{section.5}% 18
\BOOKMARK [3][-]{subsubsection.5.0.2}{\376\377\0005\000.\0002\000\040\000T\000h\000e\000\040\000b\000a\000l\000a\000n\000c\000e\000\137\000d\000e\000v\000i\000a\000t\000i\000o\000n\000\040\000F\000a\000i\000l\000u\000r\000e\000:\000\040\000C\000r\000i\000t\000e\000r\000i\000o\000n\000\040\000D\000e\000s\000i\000g\000n\000\040\000A\000n\000a\000l\000y\000s\000i\000s}{subsubsection.5.0.1}% 19
\BOOKMARK [3][-]{subsubsection.5.0.3}{\376\377\0005\000.\0003\000\040\000T\000e\000m\000p\000o\000r\000a\000l\000\040\000P\000e\000r\000s\000i\000s\000t\000e\000n\000c\000e\000\040\000o\000f\000\040\000t\000h\000e\000\040\000P\000r\000o\000x\000y\000\040\000S\000i\000g\000n\000a\000l}{subsubsection.5.0.1}% 20
\BOOKMARK [3][-]{subsubsection.5.0.4}{\376\377\0005\000.\0004\000\040\000F\000e\000a\000t\000u\000r\000e\000\040\000N\000o\000r\000m\000\040\000E\000q\000u\000a\000l\000i\000z\000a\000t\000i\000o\000n}{subsubsection.5.0.1}% 21
\BOOKMARK [1][-]{section.6}{\376\377\000D\000i\000s\000c\000u\000s\000s\000i\000o\000n}{}% 22
\BOOKMARK [2][-]{subsubsection.6.0.1}{\376\377\0006\000.\0001\000\040\000I\000n\000t\000e\000r\000p\000r\000e\000t\000a\000t\000i\000o\000n\000\040\000o\000f\000\040\000t\000h\000e\000\040\000P\000A\000R\000T\000I\000A\000L\000\040\000G\000a\000t\000e\000\040\000R\000e\000s\000u\000l\000t}{section.6}% 23
\BOOKMARK [3][-]{subsubsection.6.0.2}{\376\377\0006\000.\0002\000\040\000M\000e\000c\000h\000a\000n\000i\000s\000t\000i\000c\000\040\000A\000c\000c\000o\000u\000n\000t}{subsubsection.6.0.1}% 24
\BOOKMARK [3][-]{subsubsection.6.0.3}{\376\377\0006\000.\0003\000\040\000R\000e\000l\000a\000t\000i\000o\000n\000s\000h\000i\000p\000\040\000t\000o\000\040\000E\000L\0002\000N}{subsubsection.6.0.1}% 25
\BOOKMARK [3][-]{subsubsection.6.0.4}{\376\377\0006\000.\0004\000\040\000L\000i\000m\000i\000t\000a\000t\000i\000o\000n\000s}{subsubsection.6.0.1}% 26
\BOOKMARK [1][-]{section.7}{\376\377\000C\000o\000n\000c\000l\000u\000s\000i\000o\000n}{}% 27
