2026-05-04 10:33:35,105 [INFO] datasets: PyTorch version 2.10.0+cu128 available.
2026-05-04 10:33:35,204 [INFO] run_experiment_poc: ============================================================
2026-05-04 10:33:35,204 [INFO] run_experiment_poc: H-M2 PoC: Budget-Ratio Dose-Response Analysis (GPT-2 proxy)
2026-05-04 10:33:35,204 [INFO] run_experiment_poc: CUDA_VISIBLE_DEVICES=1
2026-05-04 10:33:35,204 [INFO] run_experiment_poc: ============================================================
2026-05-04 10:33:35,206 [INFO] run_experiment_poc: Mode: GPT-2 proxy (PoC)
2026-05-04 10:33:35,206 [INFO] run_experiment_poc: Adapters: [('gpt2', 'sequential'), ('gpt2', 'eviction-aware')]
2026-05-04 10:33:35,206 [INFO] run_experiment_poc: 
Loading: gpt2 [sequential]
2026-05-04 10:33:35,206 [INFO] h_m1_model: Loading base model: gpt2 (condition=baseline)
2026-05-04 10:33:35,999 [INFO] accelerate.utils.modeling: We will use 90% of the memory on device 0 for storing the model, and 10% for the buffer to avoid OOM. You can set `max_memory` in to a higher value to use more memory (at your own risk).
2026-05-04 10:33:36,899 [INFO] h_m1_model: Loading PEFT adapter from: /home/anonymous/YouRA_results_new_4_sonnet46_no_mcp/TEST_scope/docs/youra_research/20260504_scope/h-e1/code/outputs/h-e1/gpt2-baseline/adapter
2026-05-04 10:33:38,104 [INFO] run_experiment_poc:   Budget ratio: 0.25
2026-05-04 10:33:38,105 [INFO] h_m1_data: Loading LongBench task: narrativeqa
2026-05-04 10:33:52,414 [INFO] h_m1_data: Loading LongBench task: qasper
2026-05-04 10:33:56,314 [INFO] h_m1_data: Loading LongBench task: multifieldqa_en
2026-05-04 10:33:59,661 [INFO] h_m1_data: Loading LongBench task: multifieldqa_zh
2026-05-04 10:34:03,240 [INFO] h_m1_data: Loading LongBench task: hotpotqa
2026-05-04 10:34:09,327 [INFO] h_m1_data: Loading LongBench task: 2wikimqa
2026-05-04 10:34:10,801 [WARNING] h_m1_data: Failed to load 2wikimqa: [Errno 2] Failed to open local file '/home/anonymous/.cache/huggingface/datasets/THUDM___long_bench/2wikimqa/1.0.0/4a916a4bde5c3481ac49b84d5dde69a9d2eefcd67f884ef65b3d97ee7cc91f3e/long_bench-test.arrow'. Detail: [errno 2] No such file or directory. Returning empty.
2026-05-04 10:34:10,801 [INFO] h_m1_data: Loading LongBench task: musique
2026-05-04 10:34:12,286 [WARNING] h_m1_data: Failed to load musique: [Errno 2] Failed to open local file '/home/anonymous/.cache/huggingface/datasets/THUDM___long_bench/musique/1.0.0/4a916a4bde5c3481ac49b84d5dde69a9d2eefcd67f884ef65b3d97ee7cc91f3e/long_bench-test.arrow'. Detail: [errno 2] No such file or directory. Returning empty.
2026-05-04 10:34:12,286 [INFO] h_m1_data: Loading LongBench task: dureader
2026-05-04 10:34:18,591 [INFO] h_m1_data: Loading LongBench task: gov_report
2026-05-04 10:34:24,210 [INFO] h_m1_data: Loading LongBench task: qmsum
2026-05-04 10:34:25,743 [WARNING] h_m1_data: Failed to load qmsum: [Errno 2] Failed to open local file '/home/anonymous/.cache/huggingface/datasets/THUDM___long_bench/qmsum/1.0.0/4a916a4bde5c3481ac49b84d5dde69a9d2eefcd67f884ef65b3d97ee7cc91f3e/long_bench-test.arrow'. Detail: [errno 2] No such file or directory. Returning empty.
2026-05-04 10:34:25,743 [INFO] h_m1_data: Loading LongBench task: multi_news
2026-05-04 10:34:27,209 [WARNING] h_m1_data: Failed to load multi_news: [Errno 2] Failed to open local file '/home/anonymous/.cache/huggingface/datasets/THUDM___long_bench/multi_news/1.0.0/4a916a4bde5c3481ac49b84d5dde69a9d2eefcd67f884ef65b3d97ee7cc91f3e/long_bench-test.arrow'. Detail: [errno 2] No such file or directory. Returning empty.
2026-05-04 10:34:27,209 [INFO] h_m1_data: Loading LongBench task: vcsum
2026-05-04 10:34:33,694 [INFO] h_m1_data: Loading LongBench task: trec
2026-05-04 10:34:35,607 [WARNING] h_m1_data: Failed to load trec: [Errno 2] Failed to open local file '/home/anonymous/.cache/huggingface/datasets/THUDM___long_bench/trec/1.0.0/4a916a4bde5c3481ac49b84d5dde69a9d2eefcd67f884ef65b3d97ee7cc91f3e/long_bench-test.arrow'. Detail: [errno 2] No such file or directory. Returning empty.
2026-05-04 10:34:35,607 [INFO] h_m1_data: Loading LongBench task: triviaqa
2026-05-04 10:34:41,285 [INFO] h_m1_data: Loading LongBench task: samsum
2026-05-04 10:34:42,785 [WARNING] h_m1_data: Failed to load samsum: [Errno 2] Failed to open local file '/home/anonymous/.cache/huggingface/datasets/THUDM___long_bench/samsum/1.0.0/4a916a4bde5c3481ac49b84d5dde69a9d2eefcd67f884ef65b3d97ee7cc91f3e/long_bench-test.arrow'. Detail: [errno 2] No such file or directory. Returning empty.
2026-05-04 10:34:42,785 [INFO] h_m1_data: Loading LongBench task: lsht
2026-05-04 10:34:51,922 [INFO] h_m1_data: Loading LongBench task: passage_count
2026-05-04 10:34:59,026 [INFO] h_m1_data: Loading LongBench task: passage_retrieval_en
2026-05-04 10:35:01,093 [WARNING] h_m1_data: Failed to load passage_retrieval_en: [Errno 2] Failed to open local file '/home/anonymous/.cache/huggingface/datasets/THUDM___long_bench/passage_retrieval_en/1.0.0/4a916a4bde5c3481ac49b84d5dde69a9d2eefcd67f884ef65b3d97ee7cc91f3e/long_bench-test.arrow'. Detail: [errno 2] No such file or directory. Returning empty.
2026-05-04 10:35:01,094 [INFO] h_m1_data: Loading LongBench task: passage_retrieval_zh
2026-05-04 10:35:04,774 [INFO] h_m1_data: Loading LongBench task: lcc
2026-05-04 10:35:09,940 [INFO] h_m1_data: Loading LongBench task: repobench-p
2026-05-04 10:35:11,495 [WARNING] h_m1_data: Failed to load repobench-p: [Errno 2] Failed to open local file '/home/anonymous/.cache/huggingface/datasets/THUDM___long_bench/repobench-p/1.0.0/4a916a4bde5c3481ac49b84d5dde69a9d2eefcd67f884ef65b3d97ee7cc91f3e/long_bench-test.arrow'. Detail: [errno 2] No such file or directory. Returning empty.
2026-05-04 10:35:11,496 [INFO] run_experiment_poc:     Mean category score: 0.0000
2026-05-04 10:35:11,496 [INFO] run_experiment_poc:     single-doc-qa: 0.0000
2026-05-04 10:35:11,496 [INFO] run_experiment_poc:     multi-doc-qa: 0.0000
2026-05-04 10:35:11,496 [INFO] run_experiment_poc:     summarization: 0.0000
2026-05-04 10:35:11,496 [INFO] run_experiment_poc:     few-shot: 0.0000
2026-05-04 10:35:11,496 [INFO] run_experiment_poc:     synthetic: 0.0000
2026-05-04 10:35:11,496 [INFO] run_experiment_poc:     code: 0.0000
2026-05-04 10:35:11,496 [INFO] run_experiment_poc:   Budget ratio: 0.5
2026-05-04 10:35:11,496 [INFO] h_m1_data: Loading LongBench task: narrativeqa
2026-05-04 10:35:22,850 [INFO] h_m1_data: Loading LongBench task: qasper
2026-05-04 10:35:26,744 [INFO] h_m1_data: Loading LongBench task: multifieldqa_en
2026-05-04 10:35:30,040 [INFO] h_m1_data: Loading LongBench task: multifieldqa_zh
2026-05-04 10:35:33,602 [INFO] h_m1_data: Loading LongBench task: hotpotqa
2026-05-04 10:35:39,633 [INFO] h_m1_data: Loading LongBench task: 2wikimqa
2026-05-04 10:35:41,100 [WARNING] h_m1_data: Failed to load 2wikimqa: [Errno 2] Failed to open local file '/home/anonymous/.cache/huggingface/datasets/THUDM___long_bench/2wikimqa/1.0.0/4a916a4bde5c3481ac49b84d5dde69a9d2eefcd67f884ef65b3d97ee7cc91f3e/long_bench-test.arrow'. Detail: [errno 2] No such file or directory. Returning empty.
2026-05-04 10:35:41,100 [INFO] h_m1_data: Loading LongBench task: musique
2026-05-04 10:35:42,558 [WARNING] h_m1_data: Failed to load musique: [Errno 2] Failed to open local file '/home/anonymous/.cache/huggingface/datasets/THUDM___long_bench/musique/1.0.0/4a916a4bde5c3481ac49b84d5dde69a9d2eefcd67f884ef65b3d97ee7cc91f3e/long_bench-test.arrow'. Detail: [errno 2] No such file or directory. Returning empty.
2026-05-04 10:35:42,558 [INFO] h_m1_data: Loading LongBench task: dureader
2026-05-04 10:35:48,694 [INFO] h_m1_data: Loading LongBench task: gov_report
2026-05-04 10:35:54,110 [INFO] h_m1_data: Loading LongBench task: qmsum
2026-05-04 10:35:55,570 [WARNING] h_m1_data: Failed to load qmsum: [Errno 2] Failed to open local file '/home/anonymous/.cache/huggingface/datasets/THUDM___long_bench/qmsum/1.0.0/4a916a4bde5c3481ac49b84d5dde69a9d2eefcd67f884ef65b3d97ee7cc91f3e/long_bench-test.arrow'. Detail: [errno 2] No such file or directory. Returning empty.
2026-05-04 10:35:55,571 [INFO] h_m1_data: Loading LongBench task: multi_news
2026-05-04 10:35:57,046 [WARNING] h_m1_data: Failed to load multi_news: [Errno 2] Failed to open local file '/home/anonymous/.cache/huggingface/datasets/THUDM___long_bench/multi_news/1.0.0/4a916a4bde5c3481ac49b84d5dde69a9d2eefcd67f884ef65b3d97ee7cc91f3e/long_bench-test.arrow'. Detail: [errno 2] No such file or directory. Returning empty.
2026-05-04 10:35:57,046 [INFO] h_m1_data: Loading LongBench task: vcsum
2026-05-04 10:36:03,324 [INFO] h_m1_data: Loading LongBench task: trec
2026-05-04 10:36:04,784 [WARNING] h_m1_data: Failed to load trec: [Errno 2] Failed to open local file '/home/anonymous/.cache/huggingface/datasets/THUDM___long_bench/trec/1.0.0/4a916a4bde5c3481ac49b84d5dde69a9d2eefcd67f884ef65b3d97ee7cc91f3e/long_bench-test.arrow'. Detail: [errno 2] No such file or directory. Returning empty.
2026-05-04 10:36:04,785 [INFO] h_m1_data: Loading LongBench task: triviaqa
2026-05-04 10:36:10,154 [INFO] h_m1_data: Loading LongBench task: samsum
2026-05-04 10:36:11,654 [WARNING] h_m1_data: Failed to load samsum: [Errno 2] Failed to open local file '/home/anonymous/.cache/huggingface/datasets/THUDM___long_bench/samsum/1.0.0/4a916a4bde5c3481ac49b84d5dde69a9d2eefcd67f884ef65b3d97ee7cc91f3e/long_bench-test.arrow'. Detail: [errno 2] No such file or directory. Returning empty.
2026-05-04 10:36:11,655 [INFO] h_m1_data: Loading LongBench task: lsht
2026-05-04 10:36:20,498 [INFO] h_m1_data: Loading LongBench task: passage_count
2026-05-04 10:36:27,614 [INFO] h_m1_data: Loading LongBench task: passage_retrieval_en
2026-05-04 10:36:29,608 [WARNING] h_m1_data: Failed to load passage_retrieval_en: [Errno 2] Failed to open local file '/home/anonymous/.cache/huggingface/datasets/THUDM___long_bench/passage_retrieval_en/1.0.0/4a916a4bde5c3481ac49b84d5dde69a9d2eefcd67f884ef65b3d97ee7cc91f3e/long_bench-test.arrow'. Detail: [errno 2] No such file or directory. Returning empty.
2026-05-04 10:36:29,608 [INFO] h_m1_data: Loading LongBench task: passage_retrieval_zh
2026-05-04 10:36:33,189 [INFO] h_m1_data: Loading LongBench task: lcc
2026-05-04 10:36:38,297 [INFO] h_m1_data: Loading LongBench task: repobench-p
2026-05-04 10:36:39,758 [WARNING] h_m1_data: Failed to load repobench-p: [Errno 2] Failed to open local file '/home/anonymous/.cache/huggingface/datasets/THUDM___long_bench/repobench-p/1.0.0/4a916a4bde5c3481ac49b84d5dde69a9d2eefcd67f884ef65b3d97ee7cc91f3e/long_bench-test.arrow'. Detail: [errno 2] No such file or directory. Returning empty.
2026-05-04 10:36:39,759 [INFO] run_experiment_poc:     Mean category score: 0.0000
2026-05-04 10:36:39,759 [INFO] run_experiment_poc:     single-doc-qa: 0.0000
2026-05-04 10:36:39,759 [INFO] run_experiment_poc:     multi-doc-qa: 0.0000
2026-05-04 10:36:39,759 [INFO] run_experiment_poc:     summarization: 0.0000
2026-05-04 10:36:39,759 [INFO] run_experiment_poc:     few-shot: 0.0000
2026-05-04 10:36:39,759 [INFO] run_experiment_poc:     synthetic: 0.0000
2026-05-04 10:36:39,759 [INFO] run_experiment_poc:     code: 0.0000
2026-05-04 10:36:39,759 [INFO] run_experiment_poc:   Budget ratio: 0.75
2026-05-04 10:36:39,759 [INFO] h_m1_data: Loading LongBench task: narrativeqa
2026-05-04 10:36:51,117 [INFO] h_m1_data: Loading LongBench task: qasper
2026-05-04 10:36:55,021 [INFO] h_m1_data: Loading LongBench task: multifieldqa_en
2026-05-04 10:36:58,325 [INFO] h_m1_data: Loading LongBench task: multifieldqa_zh
2026-05-04 10:37:01,956 [INFO] h_m1_data: Loading LongBench task: hotpotqa
2026-05-04 10:37:07,908 [INFO] h_m1_data: Loading LongBench task: 2wikimqa
2026-05-04 10:37:09,352 [WARNING] h_m1_data: Failed to load 2wikimqa: [Errno 2] Failed to open local file '/home/anonymous/.cache/huggingface/datasets/THUDM___long_bench/2wikimqa/1.0.0/4a916a4bde5c3481ac49b84d5dde69a9d2eefcd67f884ef65b3d97ee7cc91f3e/long_bench-test.arrow'. Detail: [errno 2] No such file or directory. Returning empty.
2026-05-04 10:37:09,352 [INFO] h_m1_data: Loading LongBench task: musique
2026-05-04 10:37:10,828 [WARNING] h_m1_data: Failed to load musique: [Errno 2] Failed to open local file '/home/anonymous/.cache/huggingface/datasets/THUDM___long_bench/musique/1.0.0/4a916a4bde5c3481ac49b84d5dde69a9d2eefcd67f884ef65b3d97ee7cc91f3e/long_bench-test.arrow'. Detail: [errno 2] No such file or directory. Returning empty.
2026-05-04 10:37:10,828 [INFO] h_m1_data: Loading LongBench task: dureader
2026-05-04 10:37:16,988 [INFO] h_m1_data: Loading LongBench task: gov_report
2026-05-04 10:37:22,481 [INFO] h_m1_data: Loading LongBench task: qmsum
2026-05-04 10:37:23,971 [WARNING] h_m1_data: Failed to load qmsum: [Errno 2] Failed to open local file '/home/anonymous/.cache/huggingface/datasets/THUDM___long_bench/qmsum/1.0.0/4a916a4bde5c3481ac49b84d5dde69a9d2eefcd67f884ef65b3d97ee7cc91f3e/long_bench-test.arrow'. Detail: [errno 2] No such file or directory. Returning empty.
2026-05-04 10:37:23,972 [INFO] h_m1_data: Loading LongBench task: multi_news
2026-05-04 10:37:25,420 [WARNING] h_m1_data: Failed to load multi_news: [Errno 2] Failed to open local file '/home/anonymous/.cache/huggingface/datasets/THUDM___long_bench/multi_news/1.0.0/4a916a4bde5c3481ac49b84d5dde69a9d2eefcd67f884ef65b3d97ee7cc91f3e/long_bench-test.arrow'. Detail: [errno 2] No such file or directory. Returning empty.
2026-05-04 10:37:25,421 [INFO] h_m1_data: Loading LongBench task: vcsum
2026-05-04 10:37:31,792 [INFO] h_m1_data: Loading LongBench task: trec
2026-05-04 10:37:33,329 [WARNING] h_m1_data: Failed to load trec: [Errno 2] Failed to open local file '/home/anonymous/.cache/huggingface/datasets/THUDM___long_bench/trec/1.0.0/4a916a4bde5c3481ac49b84d5dde69a9d2eefcd67f884ef65b3d97ee7cc91f3e/long_bench-test.arrow'. Detail: [errno 2] No such file or directory. Returning empty.
2026-05-04 10:37:33,329 [INFO] h_m1_data: Loading LongBench task: triviaqa
2026-05-04 10:37:38,692 [INFO] h_m1_data: Loading LongBench task: samsum
2026-05-04 10:37:40,152 [WARNING] h_m1_data: Failed to load samsum: [Errno 2] Failed to open local file '/home/anonymous/.cache/huggingface/datasets/THUDM___long_bench/samsum/1.0.0/4a916a4bde5c3481ac49b84d5dde69a9d2eefcd67f884ef65b3d97ee7cc91f3e/long_bench-test.arrow'. Detail: [errno 2] No such file or directory. Returning empty.
2026-05-04 10:37:40,152 [INFO] h_m1_data: Loading LongBench task: lsht
2026-05-04 10:37:48,941 [INFO] h_m1_data: Loading LongBench task: passage_count
2026-05-04 10:37:56,015 [INFO] h_m1_data: Loading LongBench task: passage_retrieval_en
2026-05-04 10:37:57,863 [WARNING] h_m1_data: Failed to load passage_retrieval_en: [Errno 2] Failed to open local file '/home/anonymous/.cache/huggingface/datasets/THUDM___long_bench/passage_retrieval_en/1.0.0/4a916a4bde5c3481ac49b84d5dde69a9d2eefcd67f884ef65b3d97ee7cc91f3e/long_bench-test.arrow'. Detail: [errno 2] No such file or directory. Returning empty.
2026-05-04 10:37:57,864 [INFO] h_m1_data: Loading LongBench task: passage_retrieval_zh
2026-05-04 10:38:01,460 [INFO] h_m1_data: Loading LongBench task: lcc
2026-05-04 10:38:06,633 [INFO] h_m1_data: Loading LongBench task: repobench-p
2026-05-04 10:38:08,196 [WARNING] h_m1_data: Failed to load repobench-p: [Errno 2] Failed to open local file '/home/anonymous/.cache/huggingface/datasets/THUDM___long_bench/repobench-p/1.0.0/4a916a4bde5c3481ac49b84d5dde69a9d2eefcd67f884ef65b3d97ee7cc91f3e/long_bench-test.arrow'. Detail: [errno 2] No such file or directory. Returning empty.
2026-05-04 10:38:08,196 [INFO] run_experiment_poc:     Mean category score: 0.0000
2026-05-04 10:38:08,196 [INFO] run_experiment_poc:     single-doc-qa: 0.0000
2026-05-04 10:38:08,196 [INFO] run_experiment_poc:     multi-doc-qa: 0.0000
2026-05-04 10:38:08,196 [INFO] run_experiment_poc:     summarization: 0.0000
2026-05-04 10:38:08,196 [INFO] run_experiment_poc:     few-shot: 0.0000
2026-05-04 10:38:08,196 [INFO] run_experiment_poc:     synthetic: 0.0000
2026-05-04 10:38:08,196 [INFO] run_experiment_poc:     code: 0.0000
2026-05-04 10:38:43,449 [INFO] datasets: PyTorch version 2.10.0+cu128 available.
2026-05-04 10:38:43,551 [INFO] run_experiment_poc: ============================================================
2026-05-04 10:38:43,551 [INFO] run_experiment_poc: H-M2 PoC: Budget-Ratio Dose-Response Analysis (GPT-2 proxy)
2026-05-04 10:38:43,551 [INFO] run_experiment_poc: CUDA_VISIBLE_DEVICES=1
2026-05-04 10:38:43,551 [INFO] run_experiment_poc: ============================================================
2026-05-04 10:38:43,552 [INFO] run_experiment_poc: Mode: GPT-2 proxy (PoC)
2026-05-04 10:38:43,552 [INFO] run_experiment_poc: Adapters: [('gpt2', 'sequential'), ('gpt2', 'eviction-aware')]
2026-05-04 10:38:43,552 [INFO] run_experiment_poc: 
Loading: gpt2 [sequential]
2026-05-04 10:38:43,552 [INFO] h_m1_model: Loading base model: gpt2 (condition=baseline)
2026-05-04 10:38:44,453 [INFO] accelerate.utils.modeling: We will use 90% of the memory on device 0 for storing the model, and 10% for the buffer to avoid OOM. You can set `max_memory` in to a higher value to use more memory (at your own risk).
2026-05-04 10:38:45,272 [INFO] h_m1_model: Loading PEFT adapter from: /home/anonymous/YouRA_results_new_4_sonnet46_no_mcp/TEST_scope/docs/youra_research/20260504_scope/h-e1/code/outputs/h-e1/gpt2-baseline/adapter
2026-05-04 10:38:46,441 [INFO] run_experiment_poc:   Budget ratio: 0.25
2026-05-04 10:38:46,441 [INFO] h_m1_data: Loading LongBench task: narrativeqa
2026-05-04 10:39:00,441 [INFO] h_m1_data: Loading LongBench task: qasper
2026-05-04 10:39:04,344 [INFO] h_m1_data: Loading LongBench task: multifieldqa_en
2026-05-04 10:39:07,681 [INFO] h_m1_data: Loading LongBench task: multifieldqa_zh
2026-05-04 10:39:11,281 [INFO] h_m1_data: Loading LongBench task: hotpotqa
2026-05-04 10:39:17,304 [INFO] h_m1_data: Loading LongBench task: 2wikimqa
2026-05-04 10:39:18,795 [WARNING] h_m1_data: Failed to load 2wikimqa: [Errno 2] Failed to open local file '/home/anonymous/.cache/huggingface/datasets/THUDM___long_bench/2wikimqa/1.0.0/4a916a4bde5c3481ac49b84d5dde69a9d2eefcd67f884ef65b3d97ee7cc91f3e/long_bench-test.arrow'. Detail: [errno 2] No such file or directory. Returning empty.
2026-05-04 10:39:18,795 [INFO] h_m1_data: Loading LongBench task: musique
2026-05-04 10:39:20,419 [WARNING] h_m1_data: Failed to load musique: [Errno 2] Failed to open local file '/home/anonymous/.cache/huggingface/datasets/THUDM___long_bench/musique/1.0.0/4a916a4bde5c3481ac49b84d5dde69a9d2eefcd67f884ef65b3d97ee7cc91f3e/long_bench-test.arrow'. Detail: [errno 2] No such file or directory. Returning empty.
2026-05-04 10:39:20,420 [INFO] h_m1_data: Loading LongBench task: dureader
2026-05-04 10:39:26,793 [INFO] h_m1_data: Loading LongBench task: gov_report
2026-05-04 10:39:32,446 [INFO] h_m1_data: Loading LongBench task: qmsum
2026-05-04 10:39:33,938 [WARNING] h_m1_data: Failed to load qmsum: [Errno 2] Failed to open local file '/home/anonymous/.cache/huggingface/datasets/THUDM___long_bench/qmsum/1.0.0/4a916a4bde5c3481ac49b84d5dde69a9d2eefcd67f884ef65b3d97ee7cc91f3e/long_bench-test.arrow'. Detail: [errno 2] No such file or directory. Returning empty.
2026-05-04 10:39:33,938 [INFO] h_m1_data: Loading LongBench task: multi_news
2026-05-04 10:39:35,443 [WARNING] h_m1_data: Failed to load multi_news: [Errno 2] Failed to open local file '/home/anonymous/.cache/huggingface/datasets/THUDM___long_bench/multi_news/1.0.0/4a916a4bde5c3481ac49b84d5dde69a9d2eefcd67f884ef65b3d97ee7cc91f3e/long_bench-test.arrow'. Detail: [errno 2] No such file or directory. Returning empty.
2026-05-04 10:39:35,444 [INFO] h_m1_data: Loading LongBench task: vcsum
2026-05-04 10:39:41,850 [INFO] h_m1_data: Loading LongBench task: trec
2026-05-04 10:39:43,331 [WARNING] h_m1_data: Failed to load trec: [Errno 2] Failed to open local file '/home/anonymous/.cache/huggingface/datasets/THUDM___long_bench/trec/1.0.0/4a916a4bde5c3481ac49b84d5dde69a9d2eefcd67f884ef65b3d97ee7cc91f3e/long_bench-test.arrow'. Detail: [errno 2] No such file or directory. Returning empty.
2026-05-04 10:39:43,331 [INFO] h_m1_data: Loading LongBench task: triviaqa
2026-05-04 10:39:48,879 [INFO] h_m1_data: Loading LongBench task: samsum
2026-05-04 10:39:50,391 [WARNING] h_m1_data: Failed to load samsum: [Errno 2] Failed to open local file '/home/anonymous/.cache/huggingface/datasets/THUDM___long_bench/samsum/1.0.0/4a916a4bde5c3481ac49b84d5dde69a9d2eefcd67f884ef65b3d97ee7cc91f3e/long_bench-test.arrow'. Detail: [errno 2] No such file or directory. Returning empty.
2026-05-04 10:39:50,391 [INFO] h_m1_data: Loading LongBench task: lsht
2026-05-04 10:39:59,371 [INFO] h_m1_data: Loading LongBench task: passage_count
2026-05-04 10:40:06,592 [INFO] h_m1_data: Loading LongBench task: passage_retrieval_en
2026-05-04 10:40:08,681 [WARNING] h_m1_data: Failed to load passage_retrieval_en: [Errno 2] Failed to open local file '/home/anonymous/.cache/huggingface/datasets/THUDM___long_bench/passage_retrieval_en/1.0.0/4a916a4bde5c3481ac49b84d5dde69a9d2eefcd67f884ef65b3d97ee7cc91f3e/long_bench-test.arrow'. Detail: [errno 2] No such file or directory. Returning empty.
2026-05-04 10:40:08,681 [INFO] h_m1_data: Loading LongBench task: passage_retrieval_zh
2026-05-04 10:40:12,454 [INFO] h_m1_data: Loading LongBench task: lcc
2026-05-04 10:40:17,815 [INFO] h_m1_data: Loading LongBench task: repobench-p
2026-05-04 10:40:19,299 [WARNING] h_m1_data: Failed to load repobench-p: [Errno 2] Failed to open local file '/home/anonymous/.cache/huggingface/datasets/THUDM___long_bench/repobench-p/1.0.0/4a916a4bde5c3481ac49b84d5dde69a9d2eefcd67f884ef65b3d97ee7cc91f3e/long_bench-test.arrow'. Detail: [errno 2] No such file or directory. Returning empty.
2026-05-04 10:40:19,301 [INFO] run_experiment_poc:     Mean category score: 0.0000
2026-05-04 10:40:19,301 [INFO] run_experiment_poc:     single-doc-qa: 0.0000
2026-05-04 10:40:19,301 [INFO] run_experiment_poc:     multi-doc-qa: 0.0000
2026-05-04 10:40:19,301 [INFO] run_experiment_poc:     summarization: 0.0000
2026-05-04 10:40:19,301 [INFO] run_experiment_poc:     few-shot: 0.0000
2026-05-04 10:40:19,301 [INFO] run_experiment_poc:     synthetic: 0.0000
2026-05-04 10:40:19,301 [INFO] run_experiment_poc:     code: 0.0000
2026-05-04 10:40:19,301 [INFO] run_experiment_poc:   Budget ratio: 0.5
2026-05-04 10:40:19,301 [INFO] h_m1_data: Loading LongBench task: narrativeqa
2026-05-04 10:40:30,937 [INFO] h_m1_data: Loading LongBench task: qasper
2026-05-04 10:40:34,808 [INFO] h_m1_data: Loading LongBench task: multifieldqa_en
2026-05-04 10:40:38,090 [INFO] h_m1_data: Loading LongBench task: multifieldqa_zh
2026-05-04 10:40:41,637 [INFO] h_m1_data: Loading LongBench task: hotpotqa
2026-05-04 10:40:47,674 [INFO] h_m1_data: Loading LongBench task: 2wikimqa
2026-05-04 10:40:49,221 [WARNING] h_m1_data: Failed to load 2wikimqa: [Errno 2] Failed to open local file '/home/anonymous/.cache/huggingface/datasets/THUDM___long_bench/2wikimqa/1.0.0/4a916a4bde5c3481ac49b84d5dde69a9d2eefcd67f884ef65b3d97ee7cc91f3e/long_bench-test.arrow'. Detail: [errno 2] No such file or directory. Returning empty.
2026-05-04 10:40:49,221 [INFO] h_m1_data: Loading LongBench task: musique
2026-05-04 10:40:50,701 [WARNING] h_m1_data: Failed to load musique: [Errno 2] Failed to open local file '/home/anonymous/.cache/huggingface/datasets/THUDM___long_bench/musique/1.0.0/4a916a4bde5c3481ac49b84d5dde69a9d2eefcd67f884ef65b3d97ee7cc91f3e/long_bench-test.arrow'. Detail: [errno 2] No such file or directory. Returning empty.
2026-05-04 10:40:50,701 [INFO] h_m1_data: Loading LongBench task: dureader
2026-05-04 10:40:56,840 [INFO] h_m1_data: Loading LongBench task: gov_report
2026-05-04 10:41:02,458 [INFO] h_m1_data: Loading LongBench task: qmsum
2026-05-04 10:41:03,937 [WARNING] h_m1_data: Failed to load qmsum: [Errno 2] Failed to open local file '/home/anonymous/.cache/huggingface/datasets/THUDM___long_bench/qmsum/1.0.0/4a916a4bde5c3481ac49b84d5dde69a9d2eefcd67f884ef65b3d97ee7cc91f3e/long_bench-test.arrow'. Detail: [errno 2] No such file or directory. Returning empty.
2026-05-04 10:41:03,937 [INFO] h_m1_data: Loading LongBench task: multi_news
2026-05-04 10:41:05,402 [WARNING] h_m1_data: Failed to load multi_news: [Errno 2] Failed to open local file '/home/anonymous/.cache/huggingface/datasets/THUDM___long_bench/multi_news/1.0.0/4a916a4bde5c3481ac49b84d5dde69a9d2eefcd67f884ef65b3d97ee7cc91f3e/long_bench-test.arrow'. Detail: [errno 2] No such file or directory. Returning empty.
2026-05-04 10:41:05,402 [INFO] h_m1_data: Loading LongBench task: vcsum
2026-05-04 10:41:11,678 [INFO] h_m1_data: Loading LongBench task: trec
2026-05-04 10:41:13,155 [WARNING] h_m1_data: Failed to load trec: [Errno 2] Failed to open local file '/home/anonymous/.cache/huggingface/datasets/THUDM___long_bench/trec/1.0.0/4a916a4bde5c3481ac49b84d5dde69a9d2eefcd67f884ef65b3d97ee7cc91f3e/long_bench-test.arrow'. Detail: [errno 2] No such file or directory. Returning empty.
2026-05-04 10:41:13,156 [INFO] h_m1_data: Loading LongBench task: triviaqa
2026-05-04 10:41:18,540 [INFO] h_m1_data: Loading LongBench task: samsum
2026-05-04 10:41:20,039 [WARNING] h_m1_data: Failed to load samsum: [Errno 2] Failed to open local file '/home/anonymous/.cache/huggingface/datasets/THUDM___long_bench/samsum/1.0.0/4a916a4bde5c3481ac49b84d5dde69a9d2eefcd67f884ef65b3d97ee7cc91f3e/long_bench-test.arrow'. Detail: [errno 2] No such file or directory. Returning empty.
2026-05-04 10:41:20,039 [INFO] h_m1_data: Loading LongBench task: lsht
2026-05-04 10:41:28,834 [INFO] h_m1_data: Loading LongBench task: passage_count
2026-05-04 10:41:35,979 [INFO] h_m1_data: Loading LongBench task: passage_retrieval_en
2026-05-04 10:41:37,970 [WARNING] h_m1_data: Failed to load passage_retrieval_en: [Errno 2] Failed to open local file '/home/anonymous/.cache/huggingface/datasets/THUDM___long_bench/passage_retrieval_en/1.0.0/4a916a4bde5c3481ac49b84d5dde69a9d2eefcd67f884ef65b3d97ee7cc91f3e/long_bench-test.arrow'. Detail: [errno 2] No such file or directory. Returning empty.
2026-05-04 10:41:37,970 [INFO] h_m1_data: Loading LongBench task: passage_retrieval_zh
2026-05-04 10:41:41,610 [INFO] h_m1_data: Loading LongBench task: lcc
2026-05-04 10:41:46,733 [INFO] h_m1_data: Loading LongBench task: repobench-p
2026-05-04 10:41:48,218 [WARNING] h_m1_data: Failed to load repobench-p: [Errno 2] Failed to open local file '/home/anonymous/.cache/huggingface/datasets/THUDM___long_bench/repobench-p/1.0.0/4a916a4bde5c3481ac49b84d5dde69a9d2eefcd67f884ef65b3d97ee7cc91f3e/long_bench-test.arrow'. Detail: [errno 2] No such file or directory. Returning empty.
2026-05-04 10:41:48,219 [INFO] run_experiment_poc:     Mean category score: 0.0000
2026-05-04 10:41:48,219 [INFO] run_experiment_poc:     single-doc-qa: 0.0000
2026-05-04 10:41:48,219 [INFO] run_experiment_poc:     multi-doc-qa: 0.0000
2026-05-04 10:41:48,219 [INFO] run_experiment_poc:     summarization: 0.0000
2026-05-04 10:41:48,219 [INFO] run_experiment_poc:     few-shot: 0.0000
2026-05-04 10:41:48,219 [INFO] run_experiment_poc:     synthetic: 0.0000
2026-05-04 10:41:48,219 [INFO] run_experiment_poc:     code: 0.0000
2026-05-04 10:41:48,219 [INFO] run_experiment_poc:   Budget ratio: 0.75
2026-05-04 10:41:48,219 [INFO] h_m1_data: Loading LongBench task: narrativeqa
2026-05-04 10:41:59,477 [INFO] h_m1_data: Loading LongBench task: qasper
2026-05-04 10:42:03,349 [INFO] h_m1_data: Loading LongBench task: multifieldqa_en
2026-05-04 10:42:06,698 [INFO] h_m1_data: Loading LongBench task: multifieldqa_zh
2026-05-04 10:42:10,272 [INFO] h_m1_data: Loading LongBench task: hotpotqa
2026-05-04 10:42:16,314 [INFO] h_m1_data: Loading LongBench task: 2wikimqa
2026-05-04 10:42:17,832 [WARNING] h_m1_data: Failed to load 2wikimqa: [Errno 2] Failed to open local file '/home/anonymous/.cache/huggingface/datasets/THUDM___long_bench/2wikimqa/1.0.0/4a916a4bde5c3481ac49b84d5dde69a9d2eefcd67f884ef65b3d97ee7cc91f3e/long_bench-test.arrow'. Detail: [errno 2] No such file or directory. Returning empty.
2026-05-04 10:42:17,832 [INFO] h_m1_data: Loading LongBench task: musique
2026-05-04 10:42:19,306 [WARNING] h_m1_data: Failed to load musique: [Errno 2] Failed to open local file '/home/anonymous/.cache/huggingface/datasets/THUDM___long_bench/musique/1.0.0/4a916a4bde5c3481ac49b84d5dde69a9d2eefcd67f884ef65b3d97ee7cc91f3e/long_bench-test.arrow'. Detail: [errno 2] No such file or directory. Returning empty.
2026-05-04 10:42:19,306 [INFO] h_m1_data: Loading LongBench task: dureader
2026-05-04 10:42:25,456 [INFO] h_m1_data: Loading LongBench task: gov_report
2026-05-04 10:42:30,934 [INFO] h_m1_data: Loading LongBench task: qmsum
2026-05-04 10:42:32,437 [WARNING] h_m1_data: Failed to load qmsum: [Errno 2] Failed to open local file '/home/anonymous/.cache/huggingface/datasets/THUDM___long_bench/qmsum/1.0.0/4a916a4bde5c3481ac49b84d5dde69a9d2eefcd67f884ef65b3d97ee7cc91f3e/long_bench-test.arrow'. Detail: [errno 2] No such file or directory. Returning empty.
2026-05-04 10:42:32,438 [INFO] h_m1_data: Loading LongBench task: multi_news
2026-05-04 10:42:33,952 [WARNING] h_m1_data: Failed to load multi_news: [Errno 2] Failed to open local file '/home/anonymous/.cache/huggingface/datasets/THUDM___long_bench/multi_news/1.0.0/4a916a4bde5c3481ac49b84d5dde69a9d2eefcd67f884ef65b3d97ee7cc91f3e/long_bench-test.arrow'. Detail: [errno 2] No such file or directory. Returning empty.
2026-05-04 10:42:33,952 [INFO] h_m1_data: Loading LongBench task: vcsum
2026-05-04 10:42:40,243 [INFO] h_m1_data: Loading LongBench task: trec
2026-05-04 10:42:41,771 [WARNING] h_m1_data: Failed to load trec: [Errno 2] Failed to open local file '/home/anonymous/.cache/huggingface/datasets/THUDM___long_bench/trec/1.0.0/4a916a4bde5c3481ac49b84d5dde69a9d2eefcd67f884ef65b3d97ee7cc91f3e/long_bench-test.arrow'. Detail: [errno 2] No such file or directory. Returning empty.
2026-05-04 10:42:41,771 [INFO] h_m1_data: Loading LongBench task: triviaqa
2026-05-04 10:42:47,196 [INFO] h_m1_data: Loading LongBench task: samsum
2026-05-04 10:42:48,675 [WARNING] h_m1_data: Failed to load samsum: [Errno 2] Failed to open local file '/home/anonymous/.cache/huggingface/datasets/THUDM___long_bench/samsum/1.0.0/4a916a4bde5c3481ac49b84d5dde69a9d2eefcd67f884ef65b3d97ee7cc91f3e/long_bench-test.arrow'. Detail: [errno 2] No such file or directory. Returning empty.
2026-05-04 10:42:48,675 [INFO] h_m1_data: Loading LongBench task: lsht
2026-05-04 10:42:57,487 [INFO] h_m1_data: Loading LongBench task: passage_count
2026-05-04 10:43:04,602 [INFO] h_m1_data: Loading LongBench task: passage_retrieval_en
2026-05-04 10:43:06,401 [WARNING] h_m1_data: Failed to load passage_retrieval_en: [Errno 2] Failed to open local file '/home/anonymous/.cache/huggingface/datasets/THUDM___long_bench/passage_retrieval_en/1.0.0/4a916a4bde5c3481ac49b84d5dde69a9d2eefcd67f884ef65b3d97ee7cc91f3e/long_bench-test.arrow'. Detail: [errno 2] No such file or directory. Returning empty.
2026-05-04 10:43:06,401 [INFO] h_m1_data: Loading LongBench task: passage_retrieval_zh
2026-05-04 10:43:10,005 [INFO] h_m1_data: Loading LongBench task: lcc
2026-05-04 10:43:15,136 [INFO] h_m1_data: Loading LongBench task: repobench-p
2026-05-04 10:43:16,627 [WARNING] h_m1_data: Failed to load repobench-p: [Errno 2] Failed to open local file '/home/anonymous/.cache/huggingface/datasets/THUDM___long_bench/repobench-p/1.0.0/4a916a4bde5c3481ac49b84d5dde69a9d2eefcd67f884ef65b3d97ee7cc91f3e/long_bench-test.arrow'. Detail: [errno 2] No such file or directory. Returning empty.
2026-05-04 10:43:16,627 [INFO] run_experiment_poc:     Mean category score: 0.0000
2026-05-04 10:43:16,627 [INFO] run_experiment_poc:     single-doc-qa: 0.0000
2026-05-04 10:43:16,627 [INFO] run_experiment_poc:     multi-doc-qa: 0.0000
2026-05-04 10:43:16,627 [INFO] run_experiment_poc:     summarization: 0.0000
2026-05-04 10:43:16,627 [INFO] run_experiment_poc:     few-shot: 0.0000
2026-05-04 10:43:16,627 [INFO] run_experiment_poc:     synthetic: 0.0000
2026-05-04 10:43:16,627 [INFO] run_experiment_poc:     code: 0.0000
