2026-04-24 17:52:03,543 - INFO - ================================================================================
2026-04-24 17:52:03,543 - INFO - H-M2 Experiment: Minority-Gradient Alignment Analysis
2026-04-24 17:52:03,543 - INFO - REAL DATA VERSION - Using actual Waterbirds dataset
2026-04-24 17:52:03,543 - INFO - ================================================================================
2026-04-24 17:52:03,831 - INFO - Using device: cuda
2026-04-24 17:52:03,831 - INFO - 
[Step 1/6] Loading REAL Waterbirds dataset...
2026-04-24 17:52:03,849 - INFO - ✓ Loaded 4795 training samples
2026-04-24 17:52:03,850 - INFO - Using 1000 samples for training
2026-04-24 17:52:03,850 - INFO - 
[Step 2/6] Training ERM model on REAL Waterbirds data...
2026-04-24 17:52:03,850 - INFO - Training lightweight ERM model (5 epochs)...
/home/anonymous/miniforge3/envs/woo/lib/python3.10/site-packages/torchvision/models/_utils.py:208: UserWarning: The parameter 'pretrained' is deprecated since 0.13 and may be removed in the future, please use 'weights' instead.
  warnings.warn(
/home/anonymous/miniforge3/envs/woo/lib/python3.10/site-packages/torchvision/models/_utils.py:223: UserWarning: Arguments other than a weight enum or `None` for 'weights' are deprecated since 0.13 and may be removed in the future. The current behavior is equivalent to passing `weights=ResNet50_Weights.IMAGENET1K_V1`. You can also use `weights=ResNet50_Weights.DEFAULT` to get the most up-to-date weights.
  warnings.warn(msg)
2026-04-24 17:52:06,235 - INFO -   Epoch 1/5: Loss=0.2810, Acc=88.70%
2026-04-24 17:52:07,793 - INFO -   Epoch 2/5: Loss=0.1529, Acc=94.70%
2026-04-24 17:52:09,419 - INFO -   Epoch 3/5: Loss=0.1843, Acc=93.70%
2026-04-24 17:52:11,021 - INFO -   Epoch 4/5: Loss=0.1315, Acc=95.20%
2026-04-24 17:52:12,596 - INFO -   Epoch 5/5: Loss=0.0670, Acc=97.00%
2026-04-24 17:52:12,596 - INFO - ✓ ERM model training complete
2026-04-24 17:52:12,596 - INFO - 
[Step 3/6] Creating group-specific data loaders...
2026-04-24 17:52:25,299 - INFO -   Groups [1, 2]: 240 samples
2026-04-24 17:52:37,699 - INFO -   Groups [0, 3]: 4555 samples
2026-04-24 17:52:50,141 - INFO -   Groups [0]: 3498 samples
2026-04-24 17:53:02,367 - INFO -   Groups [1]: 184 samples
2026-04-24 17:53:14,524 - INFO -   Groups [2]: 56 samples
2026-04-24 17:53:26,649 - INFO -   Groups [3]: 1057 samples
2026-04-24 17:53:26,650 - INFO - 
[Step 4/6] Loading outlier subspace basis...
2026-04-24 17:53:26,651 - INFO - Model has 23,512,130 parameters
2026-04-24 17:53:26,651 - INFO - Creating outlier subspace basis...
2026-04-24 17:54:24,421 - INFO - ✓ Created 23 orthonormal basis vectors (shape: (23512130, 23))
2026-04-24 17:54:24,421 - INFO - 
[Step 5/6] Computing REAL group gradients...
2026-04-24 17:54:24,421 - INFO -   Computing minority gradient (groups 1, 2)...
2026-04-24 17:54:25,838 - INFO -     Gradient shape: (23512130,), norm: 29.0957
2026-04-24 17:54:25,839 - INFO -   Computing majority gradient (groups 0, 3)...
2026-04-24 17:54:45,238 - INFO -     Gradient shape: (23512130,), norm: 1.5599
2026-04-24 17:54:45,239 - INFO - 
[Step 6/6] Computing alignment metrics...
2026-04-24 17:54:46,658 - INFO -   Minority alignment: 0.0000
2026-04-24 17:54:46,658 - INFO -   Majority alignment: 0.0000
2026-04-24 17:54:46,658 - INFO -   Delta (minority - majority): -0.0000
2026-04-24 17:54:46,658 - INFO - 
Per-group alignment breakdown...
2026-04-24 17:54:56,720 - INFO -   Group 0 (majority): 0.0000 - Landbirds/Land (Maj)
2026-04-24 17:54:58,152 - INFO -   Group 1 (minority): 0.0000 - Landbirds/Water (Min)
2026-04-24 17:54:59,220 - INFO -   Group 2 (minority): 0.0000 - Waterbirds/Land (Min)
2026-04-24 17:55:02,943 - INFO -   Group 3 (majority): 0.0000 - Waterbirds/Water (Maj)
2026-04-24 17:55:02,943 - INFO - 
================================================================================
2026-04-24 17:55:02,943 - INFO - GATE CHECK (SHOULD_WORK): A_minority > A_majority
2026-04-24 17:55:02,943 - INFO -   Result: ✗ FAIL
2026-04-24 17:55:02,943 - INFO - ================================================================================
2026-04-24 17:55:02,944 - INFO - 
✓ Results saved to results/alignment_results.json
2026-04-24 17:55:02,945 - INFO - ✓ Visualization data saved to results/visualization_data.json
2026-04-24 17:55:02,945 - INFO - 
================================================================================
2026-04-24 17:55:02,945 - INFO - H-M2 EXPERIMENT COMPLETE
2026-04-24 17:55:02,945 - INFO - ================================================================================
2026-04-24 17:55:02,945 - INFO - Gate: FAIL ✗ (SHOULD_WORK - documented as limitation)
2026-04-24 17:55:02,945 - INFO - Data Source: REAL Waterbirds dataset with actual gradient computation
2026-04-24 17:55:02,945 - INFO - ================================================================================
