2026-03-17 04:06:30,383 [INFO] h-m2: ============================================================
2026-03-17 04:06:30,383 [INFO] h-m2: H-M2: DPO vs SFT Logit Delta Variance in Low-Margin Regions
2026-03-17 04:06:30,383 [INFO] h-m2: ============================================================
2026-03-17 04:06:30,383 [INFO] h-m2: 
[1] Loading H-E1 cache files...
2026-03-17 04:06:30,383 [INFO] h-m2.load: Loading cache: pair2/mmlu
2026-03-17 04:06:30,387 [INFO] h-m2.load:   ✓ pair2/mmlu: N=14042
2026-03-17 04:06:30,387 [INFO] h-m2.load: Loading cache: pair2/truthfulqa
2026-03-17 04:06:30,387 [INFO] h-m2.load:   ✓ pair2/truthfulqa: N=817
2026-03-17 04:06:30,387 [INFO] h-m2.load: Loading cache: pair2/arc
2026-03-17 04:06:30,388 [INFO] h-m2.load:   ✓ pair2/arc: N=1172
2026-03-17 04:06:30,388 [INFO] h-m2.load: Loading cache: pair4/mmlu
2026-03-17 04:06:30,391 [INFO] h-m2.load:   ✓ pair4/mmlu: N=14042
2026-03-17 04:06:30,391 [INFO] h-m2.load: Loading cache: pair4/truthfulqa
2026-03-17 04:06:30,391 [INFO] h-m2.load:   ✓ pair4/truthfulqa: N=817
2026-03-17 04:06:30,391 [INFO] h-m2.load: Loading cache: pair4/arc
2026-03-17 04:06:30,392 [INFO] h-m2.load:   ✓ pair4/arc: N=1172
2026-03-17 04:06:30,392 [INFO] h-m2:   ✓ Loaded 2 pairs × 3 datasets
2026-03-17 04:06:30,392 [INFO] h-m2: 
[2] Running per-dataset variance analysis...
2026-03-17 04:06:30,392 [INFO] h-m2.analysis: 
── Dataset: mmlu ──
2026-03-17 04:06:30,392 [INFO] h-m2.analysis:   Computing DPO variance by quintile...
2026-03-17 04:06:30,392 [INFO] analysis_variance: delta shape: (14042, 4), delta_var shape: (14042,)
2026-03-17 04:06:30,393 [INFO] analysis_variance: Quintile stratification: Q1 has N=2766 items (expected ~2808)
2026-03-17 04:06:30,395 [INFO] h-m2.analysis:   Computing SFT variance by quintile...
2026-03-17 04:06:30,395 [INFO] analysis_variance: delta shape: (14042, 4), delta_var shape: (14042,)
2026-03-17 04:06:30,396 [INFO] analysis_variance: Quintile stratification: Q1 has N=2555 items (expected ~2808)
2026-03-17 04:06:30,397 [INFO] h-m2.analysis:   Running Welch's t-test on Q1 residuals...
2026-03-17 04:06:30,656 [INFO] h-m2.analysis:   mmlu: DPO_q1_var=0.7073, SFT_q1_var=0.2229, ratio=1.180, p=1.0000
2026-03-17 04:06:30,656 [INFO] h-m2.analysis: 
── Dataset: truthfulqa ──
2026-03-17 04:06:30,656 [INFO] h-m2.analysis:   Computing DPO variance by quintile...
2026-03-17 04:06:30,656 [INFO] analysis_variance: delta shape: (817, 4), delta_var shape: (817,)
2026-03-17 04:06:30,656 [INFO] analysis_variance: Quintile stratification: Q1 has N=158 items (expected ~163)
2026-03-17 04:06:30,657 [INFO] h-m2.analysis:   Computing SFT variance by quintile...
2026-03-17 04:06:30,657 [INFO] analysis_variance: delta shape: (817, 4), delta_var shape: (817,)
2026-03-17 04:06:30,657 [INFO] analysis_variance: Quintile stratification: Q1 has N=149 items (expected ~163)
2026-03-17 04:06:30,658 [INFO] h-m2.analysis:   Running Welch's t-test on Q1 residuals...
2026-03-17 04:06:30,828 [INFO] h-m2.analysis:   truthfulqa: DPO_q1_var=0.7490, SFT_q1_var=0.4124, ratio=0.678, p=1.0000
2026-03-17 04:06:30,828 [INFO] h-m2.analysis: 
── Dataset: arc ──
2026-03-17 04:06:30,828 [INFO] h-m2.analysis:   Computing DPO variance by quintile...
2026-03-17 04:06:30,828 [INFO] analysis_variance: delta shape: (1172, 4), delta_var shape: (1172,)
2026-03-17 04:06:30,829 [INFO] analysis_variance: Quintile stratification: Q1 has N=235 items (expected ~234)
2026-03-17 04:06:30,829 [INFO] h-m2.analysis:   Computing SFT variance by quintile...
2026-03-17 04:06:30,829 [INFO] analysis_variance: delta shape: (1172, 4), delta_var shape: (1172,)
2026-03-17 04:06:30,829 [INFO] analysis_variance: Quintile stratification: Q1 has N=233 items (expected ~234)
2026-03-17 04:06:30,830 [INFO] h-m2.analysis:   Running Welch's t-test on Q1 residuals...
2026-03-17 04:06:31,003 [INFO] h-m2.analysis:   arc: DPO_q1_var=1.9522, SFT_q1_var=0.2720, ratio=2.386, p=0.9924
2026-03-17 04:06:31,003 [INFO] h-m2: 
[3] Running no-KL ablation (comparison only)...
2026-03-17 04:06:31,004 [INFO] analysis_variance: delta shape: (14042, 4), delta_var shape: (14042,)
2026-03-17 04:06:31,005 [INFO] analysis_variance: Quintile stratification: Q1 has N=2766 items (expected ~2808)
2026-03-17 04:06:31,006 [INFO] analysis_variance: delta shape: (14042, 4), delta_var shape: (14042,)
2026-03-17 04:06:31,007 [INFO] analysis_variance: Quintile stratification: Q1 has N=2555 items (expected ~2808)
2026-03-17 04:06:31,007 [INFO] analysis_variance: delta shape: (817, 4), delta_var shape: (817,)
2026-03-17 04:06:31,007 [INFO] analysis_variance: Quintile stratification: Q1 has N=158 items (expected ~163)
2026-03-17 04:06:31,008 [INFO] analysis_variance: delta shape: (817, 4), delta_var shape: (817,)
2026-03-17 04:06:31,008 [INFO] analysis_variance: Quintile stratification: Q1 has N=149 items (expected ~163)
2026-03-17 04:06:31,008 [INFO] analysis_variance: delta shape: (1172, 4), delta_var shape: (1172,)
2026-03-17 04:06:31,008 [INFO] analysis_variance: Quintile stratification: Q1 has N=235 items (expected ~234)
2026-03-17 04:06:31,008 [INFO] analysis_variance: delta shape: (1172, 4), delta_var shape: (1172,)
2026-03-17 04:06:31,009 [INFO] analysis_variance: Quintile stratification: Q1 has N=233 items (expected ~234)
2026-03-17 04:06:31,009 [INFO] h-m2: 
[4] Running isotropic sanity check...
2026-03-17 04:06:31,009 [INFO] analysis_variance: delta shape: (1000, 4), delta_var shape: (1000,)
2026-03-17 04:06:31,009 [INFO] analysis_variance: Quintile stratification: Q1 has N=200 items (expected ~200)
2026-03-17 04:06:31,009 [INFO] h-m2:   Sanity: is_flat=True, max/min_ratio=1.890
2026-03-17 04:06:31,009 [INFO] h-m2: 
[5] Verifying mechanism activation...
2026-03-17 04:06:31,009 [INFO] analysis_variance: delta shape logged separately; mechanism indicators: {'quintile_stratification_ok': True, 'variance_computed': True, 'kl_controlled': True, 'test_executed': True}
2026-03-17 04:06:31,009 [INFO] h-m2:   Mechanism activated: True, indicators: {'quintile_stratification_ok': True, 'variance_computed': True, 'kl_controlled': True, 'test_executed': True}
2026-03-17 04:06:31,009 [INFO] h-m2: 
[6] Evaluating gate...
2026-03-17 04:06:31,010 [INFO] h-m2.gate: Gate: FAIL (0/3 datasets significant)
2026-03-17 04:06:31,010 [INFO] h-m2.gate: H-M2 NULL RESULT: no significant Q1 variance difference (0/3)
2026-03-17 04:06:31,010 [INFO] h-m2: 
[7] Generating figures...
2026-03-17 04:06:31,245 [INFO] h-m2:   ✓ Fig 1 saved
2026-03-17 04:06:31,596 [INFO] h-m2:   ✓ Fig 2 saved
2026-03-17 04:06:32,658 [INFO] h-m2:   ✓ Fig 3 saved
2026-03-17 04:06:32,804 [INFO] h-m2:   ✓ Fig 4 saved
2026-03-17 04:06:33,059 [INFO] h-m2:   ✓ Fig 5 saved
2026-03-17 04:06:33,059 [INFO] h-m2: 
[8] Saving experiment_results.json...
2026-03-17 04:06:33,060 [INFO] h-m2: Results saved: /home/anonymous/YouRA_results_new_4_sonnet45/TEST_buildingtrust/docs/youra_research/20260317_buildingtrust/h-m2/experiment_results.json
2026-03-17 04:06:33,060 [INFO] h-m2: 
============================================================
2026-03-17 04:06:33,060 [INFO] h-m2: H-M2 COMPLETE: gate=NULL RESULT
2026-03-17 04:06:33,060 [INFO] h-m2:   Significant datasets: 0/3
2026-03-17 04:06:33,060 [INFO] h-m2:   mmlu: ratio=1.180, p=1.0000, d=-0.490
2026-03-17 04:06:33,060 [INFO] h-m2:   truthfulqa: ratio=0.678, p=1.0000, d=-1.536
2026-03-17 04:06:33,060 [INFO] h-m2:   arc: ratio=2.386, p=0.9924, d=-0.225
2026-03-17 04:06:33,060 [INFO] h-m2: ============================================================
