2026-03-17 04:02:37,362 [INFO] h-m2: ============================================================
2026-03-17 04:02:37,362 [INFO] h-m2: H-M2: DPO vs SFT Logit Delta Variance in Low-Margin Regions
2026-03-17 04:02:37,362 [INFO] h-m2: ============================================================
2026-03-17 04:02:37,362 [INFO] h-m2: 
[1] Loading H-E1 cache files...
2026-03-17 04:02:37,362 [INFO] h-m2.load: Loading cache: pair2/mmlu
2026-03-17 04:02:37,366 [INFO] h-m2.load:   ✓ pair2/mmlu: N=14042
2026-03-17 04:02:37,366 [INFO] h-m2.load: Loading cache: pair2/truthfulqa
2026-03-17 04:02:37,366 [INFO] h-m2.load:   ✓ pair2/truthfulqa: N=817
2026-03-17 04:02:37,366 [INFO] h-m2.load: Loading cache: pair2/arc
2026-03-17 04:02:37,367 [INFO] h-m2.load:   ✓ pair2/arc: N=1172
2026-03-17 04:02:37,367 [INFO] h-m2.load: Loading cache: pair4/mmlu
2026-03-17 04:02:37,370 [INFO] h-m2.load:   ✓ pair4/mmlu: N=14042
2026-03-17 04:02:37,370 [INFO] h-m2.load: Loading cache: pair4/truthfulqa
2026-03-17 04:02:37,370 [INFO] h-m2.load:   ✓ pair4/truthfulqa: N=817
2026-03-17 04:02:37,370 [INFO] h-m2.load: Loading cache: pair4/arc
2026-03-17 04:02:37,371 [INFO] h-m2.load:   ✓ pair4/arc: N=1172
2026-03-17 04:02:37,371 [INFO] h-m2:   ✓ Loaded 2 pairs × 3 datasets
2026-03-17 04:02:37,371 [INFO] h-m2: 
[2] Running per-dataset variance analysis...
2026-03-17 04:02:37,371 [INFO] h-m2.analysis: 
── Dataset: mmlu ──
2026-03-17 04:02:37,371 [INFO] h-m2.analysis:   Computing DPO variance by quintile...
2026-03-17 04:02:37,372 [INFO] analysis_variance: delta shape: (14042, 4), delta_var shape: (14042,)
2026-03-17 04:02:37,373 [INFO] analysis_variance: Quintile stratification: Q1 has N=2766 items (expected ~2808)
2026-03-17 04:02:37,374 [INFO] h-m2.analysis:   Computing SFT variance by quintile...
2026-03-17 04:02:37,375 [INFO] analysis_variance: delta shape: (14042, 4), delta_var shape: (14042,)
2026-03-17 04:02:37,375 [INFO] analysis_variance: Quintile stratification: Q1 has N=2555 items (expected ~2808)
2026-03-17 04:02:37,377 [INFO] h-m2.analysis:   Running Welch's t-test on Q1 residuals...
2026-03-17 04:02:37,621 [INFO] h-m2.analysis:   mmlu: DPO_q1_var=0.7073, SFT_q1_var=0.2229, ratio=3.173, p=0.5000
2026-03-17 04:02:37,621 [INFO] h-m2.analysis: 
── Dataset: truthfulqa ──
2026-03-17 04:02:37,621 [INFO] h-m2.analysis:   Computing DPO variance by quintile...
2026-03-17 04:02:37,621 [INFO] analysis_variance: delta shape: (817, 4), delta_var shape: (817,)
2026-03-17 04:02:37,621 [INFO] analysis_variance: Quintile stratification: Q1 has N=158 items (expected ~163)
2026-03-17 04:02:37,622 [INFO] h-m2.analysis:   Computing SFT variance by quintile...
2026-03-17 04:02:37,622 [INFO] analysis_variance: delta shape: (817, 4), delta_var shape: (817,)
2026-03-17 04:02:37,622 [INFO] analysis_variance: Quintile stratification: Q1 has N=149 items (expected ~163)
2026-03-17 04:02:37,622 [INFO] h-m2.analysis:   Running Welch's t-test on Q1 residuals...
2026-03-17 04:02:37,775 [INFO] h-m2.analysis:   truthfulqa: DPO_q1_var=0.7490, SFT_q1_var=0.4124, ratio=1.815, p=0.5000
2026-03-17 04:02:37,775 [INFO] h-m2.analysis: 
── Dataset: arc ──
2026-03-17 04:02:37,775 [INFO] h-m2.analysis:   Computing DPO variance by quintile...
2026-03-17 04:02:37,775 [INFO] analysis_variance: delta shape: (1172, 4), delta_var shape: (1172,)
2026-03-17 04:02:37,775 [INFO] analysis_variance: Quintile stratification: Q1 has N=235 items (expected ~234)
2026-03-17 04:02:37,776 [INFO] h-m2.analysis:   Computing SFT variance by quintile...
2026-03-17 04:02:37,776 [INFO] analysis_variance: delta shape: (1172, 4), delta_var shape: (1172,)
2026-03-17 04:02:37,776 [INFO] analysis_variance: Quintile stratification: Q1 has N=233 items (expected ~234)
2026-03-17 04:02:37,776 [INFO] h-m2.analysis:   Running Welch's t-test on Q1 residuals...
2026-03-17 04:02:37,962 [INFO] h-m2.analysis:   arc: DPO_q1_var=1.9522, SFT_q1_var=0.2720, ratio=7.176, p=0.5000
2026-03-17 04:02:37,962 [INFO] h-m2: 
[3] Running no-KL ablation (comparison only)...
2026-03-17 04:02:37,963 [INFO] analysis_variance: delta shape: (14042, 4), delta_var shape: (14042,)
2026-03-17 04:02:37,964 [INFO] analysis_variance: Quintile stratification: Q1 has N=2766 items (expected ~2808)
2026-03-17 04:02:37,965 [INFO] analysis_variance: delta shape: (14042, 4), delta_var shape: (14042,)
2026-03-17 04:02:37,966 [INFO] analysis_variance: Quintile stratification: Q1 has N=2555 items (expected ~2808)
2026-03-17 04:02:37,967 [INFO] analysis_variance: delta shape: (817, 4), delta_var shape: (817,)
2026-03-17 04:02:37,967 [INFO] analysis_variance: Quintile stratification: Q1 has N=158 items (expected ~163)
2026-03-17 04:02:37,967 [INFO] analysis_variance: delta shape: (817, 4), delta_var shape: (817,)
2026-03-17 04:02:37,967 [INFO] analysis_variance: Quintile stratification: Q1 has N=149 items (expected ~163)
2026-03-17 04:02:37,968 [INFO] analysis_variance: delta shape: (1172, 4), delta_var shape: (1172,)
2026-03-17 04:02:37,968 [INFO] analysis_variance: Quintile stratification: Q1 has N=235 items (expected ~234)
2026-03-17 04:02:37,968 [INFO] analysis_variance: delta shape: (1172, 4), delta_var shape: (1172,)
2026-03-17 04:02:37,968 [INFO] analysis_variance: Quintile stratification: Q1 has N=233 items (expected ~234)
2026-03-17 04:02:37,968 [INFO] h-m2: 
[4] Running isotropic sanity check...
2026-03-17 04:02:37,969 [INFO] analysis_variance: delta shape: (1000, 4), delta_var shape: (1000,)
2026-03-17 04:02:37,969 [INFO] analysis_variance: Quintile stratification: Q1 has N=200 items (expected ~200)
2026-03-17 04:02:37,969 [INFO] h-m2:   Sanity: is_flat=True, max/min_ratio=1.890
2026-03-17 04:02:37,969 [INFO] h-m2: 
[5] Verifying mechanism activation...
2026-03-17 04:02:37,969 [INFO] analysis_variance: delta shape logged separately; mechanism indicators: {'quintile_stratification_ok': True, 'variance_computed': True, 'kl_controlled': True, 'test_executed': True}
2026-03-17 04:02:37,969 [INFO] h-m2:   Mechanism activated: True, indicators: {'quintile_stratification_ok': True, 'variance_computed': True, 'kl_controlled': True, 'test_executed': True}
2026-03-17 04:02:37,969 [INFO] h-m2: 
[6] Evaluating gate...
2026-03-17 04:02:37,969 [INFO] h-m2.gate: Gate: FAIL (0/3 datasets significant)
2026-03-17 04:02:37,969 [INFO] h-m2.gate: H-M2 NULL RESULT: no significant Q1 variance difference (0/3)
2026-03-17 04:02:37,969 [INFO] h-m2: 
[7] Generating figures...
2026-03-17 04:02:38,240 [INFO] h-m2:   ✓ Fig 1 saved
2026-03-17 04:02:38,605 [INFO] h-m2:   ✓ Fig 2 saved
2026-03-17 04:02:39,743 [INFO] h-m2:   ✓ Fig 3 saved
2026-03-17 04:02:39,907 [INFO] h-m2:   ✓ Fig 4 saved
2026-03-17 04:02:40,173 [INFO] h-m2:   ✓ Fig 5 saved
2026-03-17 04:02:40,173 [INFO] h-m2: 
[8] Saving experiment_results.json...
Traceback (most recent call last):
  File "/home/anonymous/YouRA_results_new_4_sonnet45/TEST_buildingtrust/docs/youra_research/20260317_buildingtrust/h-m2/code/run_analysis.py", line 399, in <module>
    main()
  File "/home/anonymous/YouRA_results_new_4_sonnet45/TEST_buildingtrust/docs/youra_research/20260317_buildingtrust/h-m2/code/run_analysis.py", line 384, in main
    save_results(all_results, RESULTS_PATH)
  File "/home/anonymous/YouRA_results_new_4_sonnet45/TEST_buildingtrust/docs/youra_research/20260317_buildingtrust/h-m2/code/run_analysis.py", line 221, in save_results
    json.dump(serializable, f, indent=2)
  File "/home/anonymous/miniforge3/envs/youra-h-m2/lib/python3.10/json/__init__.py", line 179, in dump
    for chunk in iterable:
  File "/home/anonymous/miniforge3/envs/youra-h-m2/lib/python3.10/json/encoder.py", line 431, in _iterencode
    yield from _iterencode_dict(o, _current_indent_level)
  File "/home/anonymous/miniforge3/envs/youra-h-m2/lib/python3.10/json/encoder.py", line 405, in _iterencode_dict
    yield from chunks
  File "/home/anonymous/miniforge3/envs/youra-h-m2/lib/python3.10/json/encoder.py", line 405, in _iterencode_dict
    yield from chunks
  File "/home/anonymous/miniforge3/envs/youra-h-m2/lib/python3.10/json/encoder.py", line 438, in _iterencode
    o = _default(o)
  File "/home/anonymous/miniforge3/envs/youra-h-m2/lib/python3.10/json/encoder.py", line 179, in default
    raise TypeError(f'Object of type {o.__class__.__name__} '
TypeError: Object of type bool is not JSON serializable

ERROR conda.cli.main_run:execute(127): `conda run python run_analysis.py` failed. (See above for error)
