\BOOKMARK [1][-]{section.1}{\376\377\000I\000n\000t\000r\000o\000d\000u\000c\000t\000i\000o\000n}{}% 1
\BOOKMARK [1][-]{section.2}{\376\377\000R\000e\000l\000a\000t\000e\000d\000\040\000W\000o\000r\000k}{}% 2
\BOOKMARK [2][-]{subsubsection.2.0.1}{\376\377\000U\000n\000c\000e\000r\000t\000a\000i\000n\000t\000y\000\040\000Q\000u\000a\000n\000t\000i\000f\000i\000c\000a\000t\000i\000o\000n\000\040\000M\000e\000t\000h\000o\000d\000s}{section.2}% 3
\BOOKMARK [3][-]{subsubsection.2.0.2}{\376\377\000R\000e\000p\000r\000o\000d\000u\000c\000i\000b\000i\000l\000i\000t\000y\000\040\000a\000n\000d\000\040\000R\000a\000n\000d\000o\000m\000\040\000S\000e\000e\000d\000\040\000S\000t\000u\000d\000i\000e\000s}{subsubsection.2.0.1}% 4
\BOOKMARK [3][-]{subsubsection.2.0.3}{\376\377\000S\000a\000m\000p\000l\000e\000\040\000S\000i\000z\000e\000\040\000T\000h\000e\000o\000r\000y}{subsubsection.2.0.1}% 5
\BOOKMARK [1][-]{section.3}{\376\377\000M\000e\000t\000h\000o\000d\000o\000l\000o\000g\000y}{}% 6
\BOOKMARK [2][-]{subsubsection.3.0.1}{\376\377\000D\000e\000s\000i\000g\000n\000\040\000P\000h\000i\000l\000o\000s\000o\000p\000h\000y}{section.3}% 7
\BOOKMARK [3][-]{subsubsection.3.0.2}{\376\377\000E\000x\000p\000e\000r\000i\000m\000e\000n\000t\000a\000l\000\040\000S\000e\000t\000u\000p}{subsubsection.3.0.1}% 8
\BOOKMARK [3][-]{subsubsection.3.0.3}{\376\377\000H\000y\000p\000o\000t\000h\000e\000s\000i\000s\000\040\000D\000e\000c\000o\000m\000p\000o\000s\000i\000t\000i\000o\000n}{subsubsection.3.0.1}% 9
\BOOKMARK [3][-]{subsubsection.3.0.4}{\376\377\000M\000e\000t\000r\000i\000c\000s\000\040\000a\000n\000d\000\040\000S\000t\000a\000t\000i\000s\000t\000i\000c\000a\000l\000\040\000T\000e\000s\000t\000s}{subsubsection.3.0.1}% 10
\BOOKMARK [1][-]{section.4}{\376\377\000E\000x\000p\000e\000r\000i\000m\000e\000n\000t\000a\000l\000\040\000S\000e\000t\000u\000p}{}% 11
\BOOKMARK [2][-]{subsubsection.4.0.1}{\376\377\000E\000x\000p\000e\000r\000i\000m\000e\000n\000t\000a\000l\000\040\000Q\000u\000e\000s\000t\000i\000o\000n\000s}{section.4}% 12
\BOOKMARK [3][-]{subsubsection.4.0.2}{\376\377\000H\000a\000r\000d\000w\000a\000r\000e\000\040\000a\000n\000d\000\040\000S\000o\000f\000t\000w\000a\000r\000e}{subsubsection.4.0.1}% 13
\BOOKMARK [3][-]{subsubsection.4.0.3}{\376\377\000R\000e\000p\000r\000o\000d\000u\000c\000i\000b\000i\000l\000i\000t\000y\000\040\000C\000o\000n\000t\000r\000o\000l\000s}{subsubsection.4.0.1}% 14
\BOOKMARK [1][-]{section.5}{\376\377\000R\000e\000s\000u\000l\000t\000s}{}% 15
\BOOKMARK [2][-]{subsubsection.5.0.1}{\376\377\000V\000a\000r\000i\000a\000n\000c\000e\000\040\000M\000e\000a\000s\000u\000r\000e\000m\000e\000n\000t\000s\000\040\000\050\000H\000-\000E\0001\000\051}{section.5}% 16
\BOOKMARK [3][-]{subsubsection.5.0.2}{\376\377\000S\000e\000e\000d\000\040\000I\000n\000d\000e\000p\000e\000n\000d\000e\000n\000c\000e\000\040\000V\000a\000l\000i\000d\000a\000t\000i\000o\000n\000\040\000\050\000H\000-\000M\0001\000\051}{subsubsection.5.0.1}% 17
\BOOKMARK [3][-]{subsubsection.5.0.3}{\376\377\000T\000r\000a\000j\000e\000c\000t\000o\000r\000y\000\040\000D\000i\000v\000e\000r\000g\000e\000n\000c\000e\000\040\000V\000a\000l\000i\000d\000a\000t\000i\000o\000n\000\040\000\050\000H\000-\000M\0002\000\051}{subsubsection.5.0.1}% 18
\BOOKMARK [3][-]{subsubsection.5.0.4}{\376\377\000B\000o\000o\000t\000s\000t\000r\000a\000p\000\040\000S\000t\000a\000b\000i\000l\000i\000t\000y\000\040\000A\000n\000a\000l\000y\000s\000i\000s\000\040\000\050\000H\000-\000M\0003\000\051}{subsubsection.5.0.1}% 19
\BOOKMARK [3][-]{subsubsection.5.0.5}{\376\377\000S\000u\000m\000m\000a\000r\000y\000\040\000o\000f\000\040\000G\000a\000t\000e\000\040\000R\000e\000s\000u\000l\000t\000s}{subsubsection.5.0.1}% 20
\BOOKMARK [1][-]{section.6}{\376\377\000D\000i\000s\000c\000u\000s\000s\000i\000o\000n}{}% 21
\BOOKMARK [2][-]{subsubsection.6.0.1}{\376\377\000I\000n\000t\000e\000r\000p\000r\000e\000t\000a\000t\000i\000o\000n\000\040\000o\000f\000\040\000F\000i\000n\000d\000i\000n\000g\000s}{section.6}% 22
\BOOKMARK [3][-]{subsubsection.6.0.2}{\376\377\000L\000i\000m\000i\000t\000a\000t\000i\000o\000n\000s}{subsubsection.6.0.1}% 23
\BOOKMARK [3][-]{subsubsection.6.0.3}{\376\377\000I\000m\000p\000l\000i\000c\000a\000t\000i\000o\000n\000s\000\040\000f\000o\000r\000\040\000U\000n\000c\000e\000r\000t\000a\000i\000n\000t\000y\000\040\000Q\000u\000a\000n\000t\000i\000f\000i\000c\000a\000t\000i\000o\000n\000\040\000R\000e\000s\000e\000a\000r\000c\000h}{subsubsection.6.0.1}% 24
\BOOKMARK [3][-]{subsubsection.6.0.4}{\376\377\000I\000m\000p\000l\000i\000c\000a\000t\000i\000o\000n\000s\000\040\000f\000o\000r\000\040\000R\000e\000p\000r\000o\000d\000u\000c\000i\000b\000i\000l\000i\000t\000y}{subsubsection.6.0.1}% 25
\BOOKMARK [3][-]{subsubsection.6.0.5}{\376\377\000F\000u\000t\000u\000r\000e\000\040\000W\000o\000r\000k}{subsubsection.6.0.1}% 26
\BOOKMARK [1][-]{section.7}{\376\377\000C\000o\000n\000c\000l\000u\000s\000i\000o\000n}{}% 27
