/home/anonymous/YouRA_results_new_4/TEST_mldpr/docs/youra_research/20260315_mlpdr/h-e1/code/validation.py:125: ConstantInputWarning: An input array is constant; the correlation coefficient is not defined.
  r, p_value = stats.pearsonr(auto_scores, human_scores)
/home/anonymous/YouRA_results_new_4/TEST_mldpr/docs/youra_research/20260315_mlpdr/h-e1/code/validation.py:133: ConstantInputWarning: An input array is constant; the correlation coefficient is not defined.
  r_boot, _ = stats.pearsonr(auto_scores[idx], human_scores[idx])
/home/anonymous/YouRA_results_new_4/TEST_mldpr/docs/youra_research/20260315_mlpdr/h-e1/code/visualization.py:171: RankWarning: Polyfit may be poorly conditioned
  m, b = np.polyfit(auto_scores, human_scores, 1)


============================================================
H-E1: DTS-Weighted Documentation Completeness PoC
============================================================

============================================================
FULL COLLECTION
  HF: 500, OpenML: 200, UCI: ~100
============================================================

[Full] Collecting from HuggingFace Hub...
  [HF] Listing datasets (this may take a moment)...
  [HF] Total available: 5000
  [HF] Sampled 500 datasets (target: 500)
  [HF] Collected 491 datasets
  ✓ HuggingFace: 491 datasets

[Full] Collecting from OpenML...
  [OpenML] Listing all datasets...
  [OpenML] Total available: 6383
  [OpenML] Sampled 200 datasets (target: 200)
  [OpenML] Collected 200 datasets
  ✓ OpenML: 200 datasets

[Full] Collecting from UCI ML Repository...
  [UCI] Fetching dataset ID list...
  [UCI] Collecting 100 datasets...
  [UCI] Collected 62 datasets
  ✓ UCI: 62 datasets

[Full] Corpus saved: ./data/corpus.csv (753 rows)

[Pipeline] Scoring corpus...
  ✓ Scored 753 datasets
  Mean DTS score: 1.000
  Coverage rate (>0): 1.000

[Pipeline] Generating annotation template...
  [Validation] Template written: ./data/validation/human_annotation_template.csv (120 rows)

[Pipeline] Simulating human annotations (PoC mode)...
  Simulated Pearson r = nan

[Pipeline] Building results...
  Mechanism indicators: {'scoring_ran': True, 'coverage_achievable': True, 'weighting_effect': False, 'human_correlation_positive': False}

[Pipeline] Gate result: PASS ✓
  Coverage: 1.000 (threshold: 0.7)
  Pearson r: nan (threshold: 0.7)
  [Evaluate] Results saved: ./results/h_e1_results.json

[Pipeline] Generating figures...
  [Fig] Saved: ./figures/gate_metrics_comparison.png
  [Fig] Saved: ./figures/per_section_coverage_heatmap.png
  [Fig] Saved: ./figures/dts_score_distribution.png
  [Fig] Saved: ./figures/human_automated_scatter.png
  [Fig] Saved: ./figures/missing_field_analysis.png
  [Fig] All figures generated in: ./figures

============================================================
H-E1 PIPELINE COMPLETE
============================================================
  Datasets scored: 753
  Overall coverage rate: 1.000
  Pearson r (human-auto): nan
  Mechanism activated: False
  Gate: PASS ✓
  Results: ./results/h_e1_results.json
============================================================

