/home/anonymous/miniforge3/envs/youra-h-m4/lib/python3.10/site-packages/torchvision/models/_utils.py:208: UserWarning: The parameter 'pretrained' is deprecated since 0.13 and may be removed in the future, please use 'weights' instead.
  warnings.warn(
/home/anonymous/miniforge3/envs/youra-h-m4/lib/python3.10/site-packages/torchvision/models/_utils.py:223: UserWarning: Arguments other than a weight enum or `None` for 'weights' are deprecated since 0.13 and may be removed in the future. The current behavior is equivalent to passing `weights=ResNet50_Weights.IMAGENET1K_V1`. You can also use `weights=ResNet50_Weights.DEFAULT` to get the most up-to-date weights.
  warnings.warn(msg)

=== Phase A: Training Backbones ===

Training seed 1...
Seed 1: all checkpoints exist, skipping training
Seed 1 checkpoints: [1, 2, 10, 20, 30]

Training seed 2...
Checkpoint saved: epoch 1 → /home/anonymous/YouRA_results_new_4_sonnet46_no_mcp/TEST_scsl/docs/youra_research/20260504_scsl/h-m4/code/checkpoints/seed_2/epoch_001.pt (loss=0.3559)
Checkpoint saved: epoch 2 → /home/anonymous/YouRA_results_new_4_sonnet46_no_mcp/TEST_scsl/docs/youra_research/20260504_scsl/h-m4/code/checkpoints/seed_2/epoch_002.pt (loss=0.1623)
Checkpoint saved: epoch 10 → /home/anonymous/YouRA_results_new_4_sonnet46_no_mcp/TEST_scsl/docs/youra_research/20260504_scsl/h-m4/code/checkpoints/seed_2/epoch_010.pt (loss=0.0792)
Checkpoint saved: epoch 20 → /home/anonymous/YouRA_results_new_4_sonnet46_no_mcp/TEST_scsl/docs/youra_research/20260504_scsl/h-m4/code/checkpoints/seed_2/epoch_020.pt (loss=0.0547)
/home/anonymous/miniforge3/envs/youra-h-m4/lib/python3.10/site-packages/torchvision/models/_utils.py:208: UserWarning: The parameter 'pretrained' is deprecated since 0.13 and may be removed in the future, please use 'weights' instead.
  warnings.warn(
/home/anonymous/miniforge3/envs/youra-h-m4/lib/python3.10/site-packages/torchvision/models/_utils.py:223: UserWarning: Arguments other than a weight enum or `None` for 'weights' are deprecated since 0.13 and may be removed in the future. The current behavior is equivalent to passing `weights=ResNet50_Weights.IMAGENET1K_V1`. You can also use `weights=ResNet50_Weights.DEFAULT` to get the most up-to-date weights.
  warnings.warn(msg)
Checkpoint saved: epoch 30 → /home/anonymous/YouRA_results_new_4_sonnet46_no_mcp/TEST_scsl/docs/youra_research/20260504_scsl/h-m4/code/checkpoints/seed_2/epoch_030.pt (loss=0.0443)
Seed 2 checkpoints: [1, 2, 10, 20, 30]

Training seed 3...
Checkpoint saved: epoch 1 → /home/anonymous/YouRA_results_new_4_sonnet46_no_mcp/TEST_scsl/docs/youra_research/20260504_scsl/h-m4/code/checkpoints/seed_3/epoch_001.pt (loss=0.3614)
Checkpoint saved: epoch 2 → /home/anonymous/YouRA_results_new_4_sonnet46_no_mcp/TEST_scsl/docs/youra_research/20260504_scsl/h-m4/code/checkpoints/seed_3/epoch_002.pt (loss=0.1621)
Checkpoint saved: epoch 10 → /home/anonymous/YouRA_results_new_4_sonnet46_no_mcp/TEST_scsl/docs/youra_research/20260504_scsl/h-m4/code/checkpoints/seed_3/epoch_010.pt (loss=0.0684)
Checkpoint saved: epoch 20 → /home/anonymous/YouRA_results_new_4_sonnet46_no_mcp/TEST_scsl/docs/youra_research/20260504_scsl/h-m4/code/checkpoints/seed_3/epoch_020.pt (loss=0.0551)
/home/anonymous/miniforge3/envs/youra-h-m4/lib/python3.10/site-packages/torchvision/models/_utils.py:208: UserWarning: The parameter 'pretrained' is deprecated since 0.13 and may be removed in the future, please use 'weights' instead.
  warnings.warn(
/home/anonymous/miniforge3/envs/youra-h-m4/lib/python3.10/site-packages/torchvision/models/_utils.py:223: UserWarning: Arguments other than a weight enum or `None` for 'weights' are deprecated since 0.13 and may be removed in the future. The current behavior is equivalent to passing `weights=None`.
  warnings.warn(msg)
Checkpoint saved: epoch 30 → /home/anonymous/YouRA_results_new_4_sonnet46_no_mcp/TEST_scsl/docs/youra_research/20260504_scsl/h-m4/code/checkpoints/seed_3/epoch_030.pt (loss=0.0400)
Seed 3 checkpoints: [1, 2, 10, 20, 30]

=== Phase B: Feature Extraction + DFR Evaluation ===
Extracting features: seed=1, epoch=1
/home/anonymous/miniforge3/envs/youra-h-m4/lib/python3.10/site-packages/torchvision/models/_utils.py:208: UserWarning: The parameter 'pretrained' is deprecated since 0.13 and may be removed in the future, please use 'weights' instead.
  warnings.warn(
/home/anonymous/miniforge3/envs/youra-h-m4/lib/python3.10/site-packages/torchvision/models/_utils.py:223: UserWarning: Arguments other than a weight enum or `None` for 'weights' are deprecated since 0.13 and may be removed in the future. The current behavior is equivalent to passing `weights=None`.
  warnings.warn(msg)
/home/anonymous/miniforge3/envs/youra-h-m4/lib/python3.10/site-packages/torchvision/models/_utils.py:208: UserWarning: The parameter 'pretrained' is deprecated since 0.13 and may be removed in the future, please use 'weights' instead.
  warnings.warn(
/home/anonymous/miniforge3/envs/youra-h-m4/lib/python3.10/site-packages/torchvision/models/_utils.py:223: UserWarning: Arguments other than a weight enum or `None` for 'weights' are deprecated since 0.13 and may be removed in the future. The current behavior is equivalent to passing `weights=None`.
  warnings.warn(msg)
DFR applied at epoch 1: ERM WGA=0.2087, DFR WGA=0.8115, improvement=0.6028
Extracting features: seed=1, epoch=2
/home/anonymous/miniforge3/envs/youra-h-m4/lib/python3.10/site-packages/torchvision/models/_utils.py:208: UserWarning: The parameter 'pretrained' is deprecated since 0.13 and may be removed in the future, please use 'weights' instead.
  warnings.warn(
/home/anonymous/miniforge3/envs/youra-h-m4/lib/python3.10/site-packages/torchvision/models/_utils.py:223: UserWarning: Arguments other than a weight enum or `None` for 'weights' are deprecated since 0.13 and may be removed in the future. The current behavior is equivalent to passing `weights=None`.
  warnings.warn(msg)
/home/anonymous/miniforge3/envs/youra-h-m4/lib/python3.10/site-packages/torchvision/models/_utils.py:208: UserWarning: The parameter 'pretrained' is deprecated since 0.13 and may be removed in the future, please use 'weights' instead.
  warnings.warn(
/home/anonymous/miniforge3/envs/youra-h-m4/lib/python3.10/site-packages/torchvision/models/_utils.py:223: UserWarning: Arguments other than a weight enum or `None` for 'weights' are deprecated since 0.13 and may be removed in the future. The current behavior is equivalent to passing `weights=None`.
  warnings.warn(msg)
DFR applied at epoch 2: ERM WGA=0.3364, DFR WGA=0.8240, improvement=0.4875
Extracting features: seed=1, epoch=10
/home/anonymous/miniforge3/envs/youra-h-m4/lib/python3.10/site-packages/torchvision/models/_utils.py:208: UserWarning: The parameter 'pretrained' is deprecated since 0.13 and may be removed in the future, please use 'weights' instead.
  warnings.warn(
/home/anonymous/miniforge3/envs/youra-h-m4/lib/python3.10/site-packages/torchvision/models/_utils.py:223: UserWarning: Arguments other than a weight enum or `None` for 'weights' are deprecated since 0.13 and may be removed in the future. The current behavior is equivalent to passing `weights=None`.
  warnings.warn(msg)
/home/anonymous/miniforge3/envs/youra-h-m4/lib/python3.10/site-packages/torchvision/models/_utils.py:208: UserWarning: The parameter 'pretrained' is deprecated since 0.13 and may be removed in the future, please use 'weights' instead.
  warnings.warn(
/home/anonymous/miniforge3/envs/youra-h-m4/lib/python3.10/site-packages/torchvision/models/_utils.py:223: UserWarning: Arguments other than a weight enum or `None` for 'weights' are deprecated since 0.13 and may be removed in the future. The current behavior is equivalent to passing `weights=None`.
  warnings.warn(msg)
DFR applied at epoch 10: ERM WGA=0.7299, DFR WGA=0.8536, improvement=0.1236
Extracting features: seed=1, epoch=20
/home/anonymous/miniforge3/envs/youra-h-m4/lib/python3.10/site-packages/torchvision/models/_utils.py:208: UserWarning: The parameter 'pretrained' is deprecated since 0.13 and may be removed in the future, please use 'weights' instead.
  warnings.warn(
/home/anonymous/miniforge3/envs/youra-h-m4/lib/python3.10/site-packages/torchvision/models/_utils.py:223: UserWarning: Arguments other than a weight enum or `None` for 'weights' are deprecated since 0.13 and may be removed in the future. The current behavior is equivalent to passing `weights=None`.
  warnings.warn(msg)
/home/anonymous/miniforge3/envs/youra-h-m4/lib/python3.10/site-packages/torchvision/models/_utils.py:208: UserWarning: The parameter 'pretrained' is deprecated since 0.13 and may be removed in the future, please use 'weights' instead.
  warnings.warn(
/home/anonymous/miniforge3/envs/youra-h-m4/lib/python3.10/site-packages/torchvision/models/_utils.py:223: UserWarning: Arguments other than a weight enum or `None` for 'weights' are deprecated since 0.13 and may be removed in the future. The current behavior is equivalent to passing `weights=None`.
  warnings.warn(msg)
DFR applied at epoch 20: ERM WGA=0.7150, DFR WGA=0.8645, improvement=0.1495
Extracting features: seed=1, epoch=30
/home/anonymous/miniforge3/envs/youra-h-m4/lib/python3.10/site-packages/torchvision/models/_utils.py:208: UserWarning: The parameter 'pretrained' is deprecated since 0.13 and may be removed in the future, please use 'weights' instead.
  warnings.warn(
/home/anonymous/miniforge3/envs/youra-h-m4/lib/python3.10/site-packages/torchvision/models/_utils.py:223: UserWarning: Arguments other than a weight enum or `None` for 'weights' are deprecated since 0.13 and may be removed in the future. The current behavior is equivalent to passing `weights=None`.
  warnings.warn(msg)
/home/anonymous/miniforge3/envs/youra-h-m4/lib/python3.10/site-packages/torchvision/models/_utils.py:208: UserWarning: The parameter 'pretrained' is deprecated since 0.13 and may be removed in the future, please use 'weights' instead.
  warnings.warn(
/home/anonymous/miniforge3/envs/youra-h-m4/lib/python3.10/site-packages/torchvision/models/_utils.py:223: UserWarning: Arguments other than a weight enum or `None` for 'weights' are deprecated since 0.13 and may be removed in the future. The current behavior is equivalent to passing `weights=None`.
  warnings.warn(msg)
DFR applied at epoch 30: ERM WGA=0.7259, DFR WGA=0.8645, improvement=0.1386
Extracting features: seed=2, epoch=1
/home/anonymous/miniforge3/envs/youra-h-m4/lib/python3.10/site-packages/torchvision/models/_utils.py:208: UserWarning: The parameter 'pretrained' is deprecated since 0.13 and may be removed in the future, please use 'weights' instead.
  warnings.warn(
/home/anonymous/miniforge3/envs/youra-h-m4/lib/python3.10/site-packages/torchvision/models/_utils.py:223: UserWarning: Arguments other than a weight enum or `None` for 'weights' are deprecated since 0.13 and may be removed in the future. The current behavior is equivalent to passing `weights=None`.
  warnings.warn(msg)
/home/anonymous/miniforge3/envs/youra-h-m4/lib/python3.10/site-packages/torchvision/models/_utils.py:208: UserWarning: The parameter 'pretrained' is deprecated since 0.13 and may be removed in the future, please use 'weights' instead.
  warnings.warn(
/home/anonymous/miniforge3/envs/youra-h-m4/lib/python3.10/site-packages/torchvision/models/_utils.py:223: UserWarning: Arguments other than a weight enum or `None` for 'weights' are deprecated since 0.13 and may be removed in the future. The current behavior is equivalent to passing `weights=None`.
  warnings.warn(msg)
DFR applied at epoch 1: ERM WGA=0.1994, DFR WGA=0.8006, improvement=0.6012
Extracting features: seed=2, epoch=2
/home/anonymous/miniforge3/envs/youra-h-m4/lib/python3.10/site-packages/torchvision/models/_utils.py:208: UserWarning: The parameter 'pretrained' is deprecated since 0.13 and may be removed in the future, please use 'weights' instead.
  warnings.warn(
/home/anonymous/miniforge3/envs/youra-h-m4/lib/python3.10/site-packages/torchvision/models/_utils.py:223: UserWarning: Arguments other than a weight enum or `None` for 'weights' are deprecated since 0.13 and may be removed in the future. The current behavior is equivalent to passing `weights=None`.
  warnings.warn(msg)
/home/anonymous/miniforge3/envs/youra-h-m4/lib/python3.10/site-packages/torchvision/models/_utils.py:208: UserWarning: The parameter 'pretrained' is deprecated since 0.13 and may be removed in the future, please use 'weights' instead.
  warnings.warn(
/home/anonymous/miniforge3/envs/youra-h-m4/lib/python3.10/site-packages/torchvision/models/_utils.py:223: UserWarning: Arguments other than a weight enum or `None` for 'weights' are deprecated since 0.13 and may be removed in the future. The current behavior is equivalent to passing `weights=None`.
  warnings.warn(msg)
DFR applied at epoch 2: ERM WGA=0.3349, DFR WGA=0.8053, improvement=0.4704
Extracting features: seed=2, epoch=10
/home/anonymous/miniforge3/envs/youra-h-m4/lib/python3.10/site-packages/torchvision/models/_utils.py:208: UserWarning: The parameter 'pretrained' is deprecated since 0.13 and may be removed in the future, please use 'weights' instead.
  warnings.warn(
/home/anonymous/miniforge3/envs/youra-h-m4/lib/python3.10/site-packages/torchvision/models/_utils.py:223: UserWarning: Arguments other than a weight enum or `None` for 'weights' are deprecated since 0.13 and may be removed in the future. The current behavior is equivalent to passing `weights=None`.
  warnings.warn(msg)
/home/anonymous/miniforge3/envs/youra-h-m4/lib/python3.10/site-packages/torchvision/models/_utils.py:208: UserWarning: The parameter 'pretrained' is deprecated since 0.13 and may be removed in the future, please use 'weights' instead.
  warnings.warn(
/home/anonymous/miniforge3/envs/youra-h-m4/lib/python3.10/site-packages/torchvision/models/_utils.py:223: UserWarning: Arguments other than a weight enum or `None` for 'weights' are deprecated since 0.13 and may be removed in the future. The current behavior is equivalent to passing `weights=None`.
  warnings.warn(msg)
DFR applied at epoch 10: ERM WGA=0.7103, DFR WGA=0.8474, improvement=0.1371
Extracting features: seed=2, epoch=20
/home/anonymous/miniforge3/envs/youra-h-m4/lib/python3.10/site-packages/torchvision/models/_utils.py:208: UserWarning: The parameter 'pretrained' is deprecated since 0.13 and may be removed in the future, please use 'weights' instead.
  warnings.warn(
/home/anonymous/miniforge3/envs/youra-h-m4/lib/python3.10/site-packages/torchvision/models/_utils.py:223: UserWarning: Arguments other than a weight enum or `None` for 'weights' are deprecated since 0.13 and may be removed in the future. The current behavior is equivalent to passing `weights=None`.
  warnings.warn(msg)
/home/anonymous/miniforge3/envs/youra-h-m4/lib/python3.10/site-packages/torchvision/models/_utils.py:208: UserWarning: The parameter 'pretrained' is deprecated since 0.13 and may be removed in the future, please use 'weights' instead.
  warnings.warn(
/home/anonymous/miniforge3/envs/youra-h-m4/lib/python3.10/site-packages/torchvision/models/_utils.py:223: UserWarning: Arguments other than a weight enum or `None` for 'weights' are deprecated since 0.13 and may be removed in the future. The current behavior is equivalent to passing `weights=None`.
  warnings.warn(msg)
DFR applied at epoch 20: ERM WGA=0.7477, DFR WGA=0.8598, improvement=0.1121
Extracting features: seed=2, epoch=30
/home/anonymous/miniforge3/envs/youra-h-m4/lib/python3.10/site-packages/torchvision/models/_utils.py:208: UserWarning: The parameter 'pretrained' is deprecated since 0.13 and may be removed in the future, please use 'weights' instead.
  warnings.warn(
/home/anonymous/miniforge3/envs/youra-h-m4/lib/python3.10/site-packages/torchvision/models/_utils.py:223: UserWarning: Arguments other than a weight enum or `None` for 'weights' are deprecated since 0.13 and may be removed in the future. The current behavior is equivalent to passing `weights=None`.
  warnings.warn(msg)
/home/anonymous/miniforge3/envs/youra-h-m4/lib/python3.10/site-packages/torchvision/models/_utils.py:208: UserWarning: The parameter 'pretrained' is deprecated since 0.13 and may be removed in the future, please use 'weights' instead.
  warnings.warn(
/home/anonymous/miniforge3/envs/youra-h-m4/lib/python3.10/site-packages/torchvision/models/_utils.py:223: UserWarning: Arguments other than a weight enum or `None` for 'weights' are deprecated since 0.13 and may be removed in the future. The current behavior is equivalent to passing `weights=None`.
  warnings.warn(msg)
DFR applied at epoch 30: ERM WGA=0.7196, DFR WGA=0.8769, improvement=0.1573
Extracting features: seed=3, epoch=1
/home/anonymous/miniforge3/envs/youra-h-m4/lib/python3.10/site-packages/torchvision/models/_utils.py:208: UserWarning: The parameter 'pretrained' is deprecated since 0.13 and may be removed in the future, please use 'weights' instead.
  warnings.warn(
/home/anonymous/miniforge3/envs/youra-h-m4/lib/python3.10/site-packages/torchvision/models/_utils.py:223: UserWarning: Arguments other than a weight enum or `None` for 'weights' are deprecated since 0.13 and may be removed in the future. The current behavior is equivalent to passing `weights=None`.
  warnings.warn(msg)
/home/anonymous/miniforge3/envs/youra-h-m4/lib/python3.10/site-packages/torchvision/models/_utils.py:208: UserWarning: The parameter 'pretrained' is deprecated since 0.13 and may be removed in the future, please use 'weights' instead.
  warnings.warn(
/home/anonymous/miniforge3/envs/youra-h-m4/lib/python3.10/site-packages/torchvision/models/_utils.py:223: UserWarning: Arguments other than a weight enum or `None` for 'weights' are deprecated since 0.13 and may be removed in the future. The current behavior is equivalent to passing `weights=None`.
  warnings.warn(msg)
DFR applied at epoch 1: ERM WGA=0.2414, DFR WGA=0.8069, improvement=0.5654
Extracting features: seed=3, epoch=2
/home/anonymous/miniforge3/envs/youra-h-m4/lib/python3.10/site-packages/torchvision/models/_utils.py:208: UserWarning: The parameter 'pretrained' is deprecated since 0.13 and may be removed in the future, please use 'weights' instead.
  warnings.warn(
/home/anonymous/miniforge3/envs/youra-h-m4/lib/python3.10/site-packages/torchvision/models/_utils.py:223: UserWarning: Arguments other than a weight enum or `None` for 'weights' are deprecated since 0.13 and may be removed in the future. The current behavior is equivalent to passing `weights=None`.
  warnings.warn(msg)
/home/anonymous/miniforge3/envs/youra-h-m4/lib/python3.10/site-packages/torchvision/models/_utils.py:208: UserWarning: The parameter 'pretrained' is deprecated since 0.13 and may be removed in the future, please use 'weights' instead.
  warnings.warn(
/home/anonymous/miniforge3/envs/youra-h-m4/lib/python3.10/site-packages/torchvision/models/_utils.py:223: UserWarning: Arguments other than a weight enum or `None` for 'weights' are deprecated since 0.13 and may be removed in the future. The current behavior is equivalent to passing `weights=None`.
  warnings.warn(msg)
DFR applied at epoch 2: ERM WGA=0.3318, DFR WGA=0.8224, improvement=0.4907
Extracting features: seed=3, epoch=10
/home/anonymous/miniforge3/envs/youra-h-m4/lib/python3.10/site-packages/torchvision/models/_utils.py:208: UserWarning: The parameter 'pretrained' is deprecated since 0.13 and may be removed in the future, please use 'weights' instead.
  warnings.warn(
/home/anonymous/miniforge3/envs/youra-h-m4/lib/python3.10/site-packages/torchvision/models/_utils.py:223: UserWarning: Arguments other than a weight enum or `None` for 'weights' are deprecated since 0.13 and may be removed in the future. The current behavior is equivalent to passing `weights=None`.
  warnings.warn(msg)
/home/anonymous/miniforge3/envs/youra-h-m4/lib/python3.10/site-packages/torchvision/models/_utils.py:208: UserWarning: The parameter 'pretrained' is deprecated since 0.13 and may be removed in the future, please use 'weights' instead.
  warnings.warn(
/home/anonymous/miniforge3/envs/youra-h-m4/lib/python3.10/site-packages/torchvision/models/_utils.py:223: UserWarning: Arguments other than a weight enum or `None` for 'weights' are deprecated since 0.13 and may be removed in the future. The current behavior is equivalent to passing `weights=None`.
  warnings.warn(msg)
DFR applied at epoch 10: ERM WGA=0.6822, DFR WGA=0.8520, improvement=0.1698
Extracting features: seed=3, epoch=20
/home/anonymous/miniforge3/envs/youra-h-m4/lib/python3.10/site-packages/torchvision/models/_utils.py:208: UserWarning: The parameter 'pretrained' is deprecated since 0.13 and may be removed in the future, please use 'weights' instead.
  warnings.warn(
/home/anonymous/miniforge3/envs/youra-h-m4/lib/python3.10/site-packages/torchvision/models/_utils.py:223: UserWarning: Arguments other than a weight enum or `None` for 'weights' are deprecated since 0.13 and may be removed in the future. The current behavior is equivalent to passing `weights=None`.
  warnings.warn(msg)
/home/anonymous/miniforge3/envs/youra-h-m4/lib/python3.10/site-packages/torchvision/models/_utils.py:208: UserWarning: The parameter 'pretrained' is deprecated since 0.13 and may be removed in the future, please use 'weights' instead.
  warnings.warn(
/home/anonymous/miniforge3/envs/youra-h-m4/lib/python3.10/site-packages/torchvision/models/_utils.py:223: UserWarning: Arguments other than a weight enum or `None` for 'weights' are deprecated since 0.13 and may be removed in the future. The current behavior is equivalent to passing `weights=None`.
  warnings.warn(msg)
DFR applied at epoch 20: ERM WGA=0.7290, DFR WGA=0.8629, improvement=0.1340
Extracting features: seed=3, epoch=30
/home/anonymous/miniforge3/envs/youra-h-m4/lib/python3.10/site-packages/torchvision/models/_utils.py:208: UserWarning: The parameter 'pretrained' is deprecated since 0.13 and may be removed in the future, please use 'weights' instead.
  warnings.warn(
/home/anonymous/miniforge3/envs/youra-h-m4/lib/python3.10/site-packages/torchvision/models/_utils.py:223: UserWarning: Arguments other than a weight enum or `None` for 'weights' are deprecated since 0.13 and may be removed in the future. The current behavior is equivalent to passing `weights=None`.
  warnings.warn(msg)
DFR applied at epoch 30: ERM WGA=0.7445, DFR WGA=0.8723, improvement=0.1277

=== Phase C: Correlation Analysis ===
Pearson r=-0.8145, p(one-tailed)=0.9534
Gate: LIMITATION
Monotonic: False (1/4 positive diffs)

=== Phase D: Visualization + Export ===
Results saved to: ./results/h-m4_results.json

============================================================
H-M4 GATE RESULT SUMMARY
============================================================
GATE: LIMITATION (r=-0.8145 <= 0.7)
Pearson r = -0.8145, one-tailed p = 0.9534
Decision: LIMITATION
Note: Pearson r=-0.8145 <= threshold=0.7; logged as limitation
============================================================

e3/envs/youra/lib/python3.11/site-packages/torchvision/models/_utils.py:208: UserWarning: The parameter 'pretrained' is deprecated since 0.13 and may be removed in the future, please use 'weights' instead.
  warnings.warn(
/home/anonymous/miniforge3/envs/youra/lib/python3.11/site-packages/torchvision/models/_utils.py:223: UserWarning: Arguments other than a weight enum or `None` for 'weights' are deprecated since 0.13 and may be removed in the future. The current behavior is equivalent to passing `weights=None`.
  warnings.warn(msg)
DFR applied at epoch 30: ERM WGA=0.7445, DFR WGA=0.8723, improvement=0.1277

=== Phase C: Correlation Analysis ===
Pearson r=-0.8145, p(one-tailed)=0.9534
Gate: LIMITATION
Monotonic: False (1/4 positive diffs)

=== Phase D: Visualization + Export ===
Results saved to: ./results/h-m4_results.json

============================================================
H-M4 GATE RESULT SUMMARY
============================================================
GATE: LIMITATION (r=-0.8145 <= 0.7)
Pearson r = -0.8145, one-tailed p = 0.9534
Decision: LIMITATION
Note: Pearson r=-0.8145 <= threshold=0.7; logged as limitation
============================================================

