16:55:02 [INFO] h-m3: === H-M3: Transition Epoch t* Reproducibility Analysis ===
16:55:02 [INFO] h-m3: Config: configs/waterbirds.yaml
16:55:02 [INFO] h-m3: [1/6] Config loaded in 0.00s
16:55:02 [INFO] data_loader:   seed=1: delta_curve shape=(15,), range=[-0.0167, 0.0250]
16:55:02 [INFO] data_loader:   seed=2: delta_curve shape=(15,), range=[-0.0375, 0.0333]
16:55:02 [INFO] data_loader:   seed=3: delta_curve shape=(15,), range=[-0.0458, 0.0167]
16:55:02 [INFO] data_loader: Loaded delta curves from .npy files for seeds [1, 2, 3]
16:55:02 [INFO] data_loader: Validated seed=1: 15 checkpoints
16:55:02 [INFO] data_loader: Validated seed=2: 15 checkpoints
16:55:02 [INFO] data_loader: Validated seed=3: 15 checkpoints
16:55:02 [INFO] data_loader: Validation passed: 3 seeds, all arrays >= 15 checkpoints
16:55:02 [INFO] h-m3: [2/6] Delta curves loaded (3 seeds) in 0.00s
16:55:02 [INFO] analyzer: [Seed 1] t*=4 epochs, gap_area=0.0625, adaptive=False
16:55:02 [INFO] analyzer: [Seed 2] t*=2 epochs, gap_area=0.0375, adaptive=False
16:55:02 [INFO] analyzer: [Seed 3] t*=0 epochs, gap_area=0.0208, adaptive=False
16:55:02 [INFO] analyzer: Cross-seed summary: mean_t*=2.00, std_t*=2.00 epochs, valid_seeds=3/3
16:55:02 [INFO] h-m3: [3/6] Analysis complete: mean_t*=2.00, std_t*=2.00 in 0.00s
16:55:02 [INFO] statistical_validator: Gate evaluation: std(t*)=2.00, threshold=10.0, decision=PASS, CI=[0.00, 2.31]
16:55:02 [INFO] statistical_validator: Mechanism verification: {'all_seeds_found_t_star': True, 'std_below_threshold': True, 'gap_area_positive': True, 'curves_loaded': True}
16:55:03 [INFO] h-m3: [4/6] Gate: PASS (std=2.00 < 10.0) in 0.28s
16:55:03 [INFO] visualizer: Saved gate metrics figure: ./figures/gate_metrics.png
16:55:03 [INFO] visualizer: Saved delta timeline figure: ./figures/delta_timeline.png
16:55:03 [INFO] visualizer: Saved gap area boxplot: ./figures/gap_area_boxplot.png
16:55:03 [INFO] visualizer: All figures saved: ['./figures/gate_metrics.png', './figures/delta_timeline.png', './figures/gap_area_boxplot.png']
16:55:03 [INFO] h-m3: [5/6] 3 figures saved in 0.66s
16:55:03 [INFO] results_exporter: Results JSON saved: ./results/h-m3_results.json
16:55:03 [INFO] results_exporter: Delta curves CSV saved: ./results/delta_curves.csv
16:55:03 [INFO] h-m3: [6/6] Results exported in 0.00s
16:55:03 [INFO] h-m3: === EXPERIMENT COMPLETE in 0.94s ===


============================================================
H-M3 GATE RESULT: PASS
============================================================
  std(t*) = 2.00 epochs  (threshold: < 10.0)
  mean(t*) = 2.00 epochs
  95% CI for std(t*): [0.00, 2.31]
  t* per seed: {1: 4, 2: 2, 3: 0}
  Mechanism activated: True
    ✓ all_seeds_found_t_star: True
    ✓ std_below_threshold: True
    ✓ gap_area_positive: True
    ✓ curves_loaded: True
============================================================


