============================================================
H-M3: Non-Monotonicity Confirmation (G3 >= G4)
============================================================
Started at: 2026-03-30T10:27:12.194513
Data source: ../../h-m1/code/results/repair_results.json

[Step 1/7] Loading H-M1 results...
Loaded 1520 repair results from H-M1

[Step 2/7] Extracting paired outcomes...
Extracted 304 paired G3/G4 outcomes

[Step 3/7] Validating data integrity...
Data validation passed: 304 pairs, G3=51, G4=69

[Step 4/7] Running statistical tests...
Contingency table:
  Both success (a): 50
  G3 only (b): 1
  G4 only (c): 19
  Both fail (d): 234
  Total: 304
McNemar's test: p=0.0000, significant=True

[Step 5/7] Running equivalence tests...
TOST: equivalent=False, diff=5.92%
95% CI: [-0.39%, 12.23%]

[Step 6/7] Evaluating gate condition...

============================================================
GATE EVALUATION: FAIL
============================================================
G3 rate: 16.78%
G4 rate: 22.70%
Difference (G4-G3): 5.92%
Within 2% margin: False
McNemar p-value: 0.0000
Reason: G4 significantly outperforms G3 (p=0.0000, diff=5.92%): contradicts non-monotonicity
============================================================


[Step 7/7] Saving results and generating figures...
Saved contingency table to results/contingency_table.json
Saved statistical tests to results/statistical_tests.yaml
Saved gate metrics to results/metrics.yaml

Generating figures...
Saved gate comparison figure to figures/gate_comparison.png
Saved contingency heatmap to figures/contingency_heatmap.png
Saved confidence interval plot to figures/confidence_interval.png
Saved granularity curve to figures/granularity_curve.png

All 4 figures saved to figures/

============================================================
ANALYSIS COMPLETE
============================================================
G3 success rate: 16.78% (51/304)
G4 success rate: 22.70% (69/304)
Difference (G4-G3): 5.92%
McNemar p-value: 0.0000
TOST equivalent: False
Gate: FAIL
Reason: G4 significantly outperforms G3 (p=0.0000, diff=5.92%): contradicts non-monotonicity
============================================================

Final Gate Result: FAIL
