============================================================
H-M-INTEGRATED MECHANISM ANALYSIS
============================================================

📊 Step 1: Loading H-E1 results...
  ✅ Loaded data for 3 models

📈 Step 2: Computing percentile rankings...
  ✅ Computed ranks for 5 dimensions

📉 Step 3: Analyzing variance...
  ✅ M3 clustering test: FAIL
     Mann-Whitney p-value: 1.0000

🧪 Step 4: Running statistical tests...
  M1 (Execution Dominance): PASS
     Mean correctness rank: 0.0% (threshold: ≤15%)

  M2 (Preference Balance): FAIL
     Mean rank across all dimensions: 53.3% (threshold: ≤30%)

  M3 (Clustering Consistency): FAIL
     p-value: 1.0000 (threshold: <0.05)

🚪 Step 5: Validating MUST_WORK gate...
  Gate Result: FAIL
  Gate Type: MUST_WORK

  ❌ FAILURE REASONS:
     - M2 FAILED: Preference models mean rank 53.3% > 30.0% threshold
     - M3 FAILED: Mann-Whitney p-value 1.0000 >= 0.05 threshold

🎨 Step 6: Generating visualizations...
📊 Generating mechanism validation plots...
  ✅ dimension_rankings.png
  ✅ m1_execution_dominance.png
  ✅ m2_preference_balance.png
  ✅ m3_variance_analysis.png
  ✅ gate_metrics.png
📁 All plots saved to /home/anonymous/YouRA_results_new_4_sonnet45/TEST_dl4c/docs/youra_research/20260317_dl4c/h-m-integrated/code/figures/

💾 Step 7: Saving results...
  ✅ Results saved to /home/anonymous/YouRA_results_new_4_sonnet45/TEST_dl4c/docs/youra_research/20260317_dl4c/h-m-integrated/code/results/mechanism_results.json
  ✅ Ranks saved to /home/anonymous/YouRA_results_new_4_sonnet45/TEST_dl4c/docs/youra_research/20260317_dl4c/h-m-integrated/code/results/model_ranks.csv

============================================================
ANALYSIS COMPLETE
============================================================
Gate Result: FAIL
M1: ✅ PASS
M2: ❌ FAIL
M3: ⚠️ FAIL (optional)
============================================================
