Warning: You are sending unauthenticated requests to the HF Hub. Please set a HF_TOKEN to enable higher rate limits and faster downloads.
================================================================================
H-E1: Minimal REAL Experiment (3 models, 10 tasks, 10 samples)
================================================================================
This generates REAL profiling data from REAL models on REAL HumanEval+ tasks
================================================================================
Seeds set: {'random': 42, 'numpy': 42, 'torch': 42}

[1/7] Loading HumanEval+ dataset...
Loading HumanEval+ dataset...
Loaded 164 problems
  Using 10 random tasks

[2/7] Initializing components...
  Profiler initialized

[3/7] Profiling 3 models...

--- Model 1/3: microsoft/phi-2 (execution) ---
Loading model: microsoft/phi-2...
Traceback (most recent call last):
  File "/home/anonymous/YouRA_results_new_4_sonnet45/TEST_dl4c/docs/youra_research/20260317_dl4c/h-e1/code/run_minimal_real.py", line 265, in <module>
    exit(main())
  File "/home/anonymous/YouRA_results_new_4_sonnet45/TEST_dl4c/docs/youra_research/20260317_dl4c/h-e1/code/run_minimal_real.py", line 129, in main
    manager = ModelManager(
TypeError: ModelManager.__init__() got an unexpected keyword argument 'model_name'
