Warning: You are sending unauthenticated requests to the HF Hub. Please set a HF_TOKEN to enable higher rate limits and faster downloads.
================================================================================
H-E1: Alignment Method Clustering Analysis (POC)
================================================================================
POC Mode: Using 3 models, 10 tasks, 10 samples/task
================================================================================
Seeds set: {'random': 42, 'numpy': 42, 'torch': 42}

[1/7] Loading dataset...
Loading HumanEval+ dataset...
Loaded 164 problems
Using 10 tasks (subset from 164 total)

[2/7] Initializing components...

[3/7] Profiling 3 models...

--- Model 1/3: microsoft/phi-2 (execution) ---
Loading model: microsoft/phi-2...
Loading weights:   0%|          | 0/453 [00:00<?, ?it/s]Loading weights: 100%|██████████| 453/453 [00:00<00:00, 8097.49it/s]
  Generating 10 samples for HumanEval/163... Done (10 successful)
  Generating 10 samples for HumanEval/28... Done (10 successful)
  Generating 10 samples for HumanEval/6... Done (10 successful)
  Generating 10 samples for HumanEval/70... Done (10 successful)
  Generating 10 samples for HumanEval/62... Done (10 successful)
  Generating 10 samples for HumanEval/57... Done (10 successful)
  Generating 10 samples for HumanEval/35... Done (10 successful)
  Generating 10 samples for HumanEval/26... Done (10 successful)
  Generating 10 samples for HumanEval/139... Done (10 successful)
Progress: 10/10 tasks completed
  Generating 10 samples for HumanEval/22... Done (10 successful)
Average signature for microsoft/phi-2:
  correctness: 0.1300
  cyclomatic: 1.3238
  ast_depth: 7.2913
  runtime_ms: 0.0909
  memory_kb: 7.3279
Unloading model: None...
Model unloaded, GPU memory freed

--- Model 2/3: Salesforce/codegen-350M-mono (preference) ---
Loading model: Salesforce/codegen-350M-mono...
Loading weights:   0%|          | 0/165 [00:00<?, ?it/s]Loading weights: 100%|██████████| 165/165 [00:00<00:00, 39718.79it/s]
[1mCodeGenForCausalLM LOAD REPORT[0m from: Salesforce/codegen-350M-mono
Key                                     | Status     |  | 
----------------------------------------+------------+--+-
transformer.h.{0...19}.attn.causal_mask | UNEXPECTED |  | 

[3mNotes:
- UNEXPECTED[3m	:can be ignored when loading from different task/architecture; not ok if you expect identical arch.[0m
  Generating 10 samples for HumanEval/163... Done (10 successful)
  Generating 10 samples for HumanEval/28... Done (10 successful)
  Generating 10 samples for HumanEval/6... Done (10 successful)
  Generating 10 samples for HumanEval/70... Done (10 successful)
  Generating 10 samples for HumanEval/62... Done (10 successful)
  Generating 10 samples for HumanEval/57... Done (10 successful)
  Generating 10 samples for HumanEval/35... Done (10 successful)
  Generating 10 samples for HumanEval/26... Done (10 successful)
  Generating 10 samples for HumanEval/139... Done (10 successful)
Progress: 10/10 tasks completed
  Generating 10 samples for HumanEval/22... Done (10 successful)
Average signature for Salesforce/codegen-350M-mono:
  correctness: 0.0100
  cyclomatic: 1.1750
  ast_depth: 5.5000
  runtime_ms: 0.0912
  memory_kb: 2.1255
Unloading model: None...
Model unloaded, GPU memory freed

--- Model 3/3: Salesforce/codegen-350M-nl (baseline) ---
Loading model: Salesforce/codegen-350M-nl...
Loading weights:   0%|          | 0/165 [00:00<?, ?it/s]Loading weights: 100%|██████████| 165/165 [00:00<00:00, 32007.22it/s]
[1mCodeGenForCausalLM LOAD REPORT[0m from: Salesforce/codegen-350M-nl
Key                                     | Status     |  | 
----------------------------------------+------------+--+-
transformer.h.{0...19}.attn.causal_mask | UNEXPECTED |  | 

[3mNotes:
- UNEXPECTED[3m	:can be ignored when loading from different task/architecture; not ok if you expect identical arch.[0m
  Generating 10 samples for HumanEval/163... Done (10 successful)
  Generating 10 samples for HumanEval/28... Done (10 successful)
  Generating 10 samples for HumanEval/6... Done (10 successful)
  Generating 10 samples for HumanEval/70... Done (10 successful)
  Generating 10 samples for HumanEval/62... Done (10 successful)
  Generating 10 samples for HumanEval/57... Done (10 successful)
  Generating 10 samples for HumanEval/35... Done (10 successful)
  Generating 10 samples for HumanEval/26... Done (10 successful)
  Generating 10 samples for HumanEval/139... Done (10 successful)
Progress: 10/10 tasks completed
  Generating 10 samples for HumanEval/22... Done (10 successful)
Average signature for Salesforce/codegen-350M-nl:
  correctness: 0.0000
  cyclomatic: 1.2667
  ast_depth: 3.2500
  runtime_ms: 0.1000
  memory_kb: 1.0000
Unloading model: None...
Model unloaded, GPU memory freed

[4/7] Performing clustering analysis...
Feature matrix shape: (3, 5)
PCA explained variance: [7.49806346e-01 2.50193654e-01 7.73597952e-33]
Total variance explained: 1.000
PCA-reduced shape: (3, 3)
Cluster assignments: [1 0 2]

[5/7] Computing metrics...
Cohen's d (effect size): 0.000
Silhouette score: 0.000
Alignment purity: 1.000

[6/7] Generating visualizations...
Saved: /home/anonymous/YouRA_results_new_4_sonnet45/TEST_dl4c/docs/youra_research/20260317_dl4c/h-e1/figures/3d_scatter.png
Saved: /home/anonymous/YouRA_results_new_4_sonnet45/TEST_dl4c/docs/youra_research/20260317_dl4c/h-e1/figures/heatmap.png
Saved: /home/anonymous/YouRA_results_new_4_sonnet45/TEST_dl4c/docs/youra_research/20260317_dl4c/h-e1/figures/boxplots.png
Saved: /home/anonymous/YouRA_results_new_4_sonnet45/TEST_dl4c/docs/youra_research/20260317_dl4c/h-e1/figures/dendrogram.png
Saved: /home/anonymous/YouRA_results_new_4_sonnet45/TEST_dl4c/docs/youra_research/20260317_dl4c/h-e1/figures/effect_size.png
Saved: /home/anonymous/YouRA_results_new_4_sonnet45/TEST_dl4c/docs/youra_research/20260317_dl4c/h-e1/figures/gate_metrics.png

[7/7] Saving results...

Saved signatures to: /home/anonymous/YouRA_results_new_4_sonnet45/TEST_dl4c/docs/youra_research/20260317_dl4c/h-e1/results/signatures.csv
Saved metrics to: /home/anonymous/YouRA_results_new_4_sonnet45/TEST_dl4c/docs/youra_research/20260317_dl4c/h-e1/results/metrics.csv

================================================================================
GATE EVALUATION (MUST_WORK)
================================================================================
Metric: cohens_d
Threshold: 1.5
Actual: 0.000

Gate Status: FAIL ✗

WARNING: MUST_WORK gate FAILED!
Cohen's d (0.000) is below threshold (1.5)
This indicates that alignment method signatures are NOT detectable.
Pipeline should HALT and route back to Phase 0.

================================================================================
Experiment Complete!
================================================================================
