2026-05-05 14:06:20,833 INFO __main__: ============================================================
2026-05-05 14:06:20,834 INFO __main__: h-m3: NFN vs Flat MLP Delta-rho Controlled Benchmark
2026-05-05 14:06:20,834 INFO __main__: ============================================================
2026-05-05 14:06:20,835 INFO __main__: Device: cuda
2026-05-05 14:06:20,835 WARNING data_loader: CIFAR-10 zoo not found at ../../.data_cache/datasets/cifar10_hyp_rand
2026-05-05 14:06:20,835 WARNING data_loader: Attempting download from ModelZoos/ModelZooDataset...
2026-05-05 14:06:20,838 WARNING data_loader: CIFAR-10 unavailable — will skip CIFAR-10 steps
2026-05-05 14:06:20,838 WARNING __main__: CIFAR-10 unavailable — MNIST-CNN primary result only
2026-05-05 14:06:20,838 INFO __main__: 
[MNIST-CNN] Loading FlatMLP from checkpoint...
2026-05-05 14:07:59,803 INFO __main__: ============================================================
2026-05-05 14:07:59,804 INFO __main__: h-m3: NFN vs Flat MLP Delta-rho Controlled Benchmark
2026-05-05 14:07:59,804 INFO __main__: ============================================================
2026-05-05 14:07:59,805 INFO __main__: Device: cuda
2026-05-05 14:07:59,805 WARNING data_loader: CIFAR-10 zoo not found at /home/anonymous/YouRA_results_new_4_sonnet46_no_mcp/TEST_wsl/docs/youra_research/20260505_wsl/.data_cache/datasets/cifar10_hyp_rand
2026-05-05 14:07:59,805 WARNING data_loader: Attempting download from ModelZoos/ModelZooDataset...
2026-05-05 14:07:59,808 WARNING data_loader: CIFAR-10 unavailable — will skip CIFAR-10 steps
2026-05-05 14:07:59,808 WARNING __main__: CIFAR-10 unavailable — MNIST-CNN primary result only
2026-05-05 14:07:59,808 INFO __main__: 
[MNIST-CNN] Loading FlatMLP from checkpoint...
2026-05-05 14:07:59,809 INFO h-m1: Loading /home/anonymous/YouRA_results_new_4_sonnet46_no_mcp/TEST_wsl/docs/youra_research/20260505_wsl/.data_cache/datasets/mnist_hyp_rand/dataset_mnist_hyp_rand.pt
2026-05-05 14:09:26,297 INFO __main__: ============================================================
2026-05-05 14:09:26,298 INFO __main__: h-m3: NFN vs Flat MLP Delta-rho Controlled Benchmark
2026-05-05 14:09:26,298 INFO __main__: ============================================================
2026-05-05 14:09:26,299 INFO __main__: Device: cuda
2026-05-05 14:09:26,299 WARNING data_loader: CIFAR-10 zoo not found at /home/anonymous/YouRA_results_new_4_sonnet46_no_mcp/TEST_wsl/docs/youra_research/20260505_wsl/.data_cache/datasets/cifar10_hyp_rand
2026-05-05 14:09:26,299 WARNING data_loader: Attempting download from ModelZoos/ModelZooDataset...
2026-05-05 14:09:26,302 WARNING data_loader: CIFAR-10 unavailable — will skip CIFAR-10 steps
2026-05-05 14:09:26,302 WARNING __main__: CIFAR-10 unavailable — MNIST-CNN primary result only
2026-05-05 14:09:26,302 INFO __main__: 
[MNIST-CNN] Loading FlatMLP from checkpoint...
2026-05-05 14:09:26,303 INFO h-m1: Loading /home/anonymous/YouRA_results_new_4_sonnet46_no_mcp/TEST_wsl/docs/youra_research/20260505_wsl/.data_cache/datasets/mnist_hyp_rand/dataset_mnist_hyp_rand.pt
2026-05-05 14:10:42,669 INFO h-m1:   trainset: 1589 final-epoch checkpoints (max_iter=50)
2026-05-05 14:10:42,671 INFO h-m1:   valset: 322 final-epoch checkpoints (max_iter=50)
2026-05-05 14:10:42,672 INFO h-m1:   testset: 338 final-epoch checkpoints (max_iter=50)
2026-05-05 14:10:44,868 INFO h-m1: Total checkpoints: 2249 (train=1589, val=322, test=338)
2026-05-05 14:10:44,871 INFO h-m1: Computing z-score normalization from training set...
2026-05-05 14:10:44,938 INFO h-m1: input_dim=2464, mean.norm=1.9050
2026-05-05 14:10:44,938 INFO data_loader: MNIST flat loaded: input_dim=2464, train=1589, val=322, test=338
2026-05-05 14:10:44,941 WARNING models: FlatMLP checkpoint not found at /home/anonymous/YouRA_results_new_4_sonnet46_no_mcp/TEST_wsl/docs/youra_research/20260505_wsl/h-m1/code/results/best_flat_mlp_encoder.pt. Returning untrained model.
2026-05-05 14:10:45,407 INFO evaluate: FlatEncoder: rho=0.1688 (95% CI [0.0687, 0.2734])
2026-05-05 14:10:45,407 INFO __main__: FlatMLP MNIST rho=0.1688
2026-05-05 14:10:45,407 INFO __main__: 
[MNIST-CNN] Loading NFN from checkpoint...
2026-05-05 14:10:45,408 INFO h-m2: Loading /home/anonymous/YouRA_results_new_4_sonnet46_no_mcp/TEST_wsl/docs/youra_research/20260505_wsl/.data_cache/datasets/mnist_hyp_rand/dataset_mnist_hyp_rand.pt
2026-05-05 14:11:56,663 INFO h-m2:   trainset: 1589 final-epoch checkpoints (max_iter=50)
2026-05-05 14:11:56,664 INFO h-m2:   valset: 322 final-epoch checkpoints (max_iter=50)
2026-05-05 14:11:56,665 INFO h-m2:   testset: 338 final-epoch checkpoints (max_iter=50)
2026-05-05 14:11:58,949 INFO h-m2: Total checkpoints: 2249 (train=1589, val=322, test=338)
2026-05-05 14:11:58,956 INFO h-m2: Discovered 10 weight keys: ['module_list.0.weight', 'module_list.0.bias', 'module_list.3.weight', 'module_list.3.bias', 'module_list.6.weight', 'module_list.6.bias', 'module_list.9.weight', 'module_list.9.bias', 'module_list.11.weight', 'module_list.11.bias']
2026-05-05 14:11:58,956 INFO h-m2: Computing z-score normalization from training set...
2026-05-05 14:11:58,994 INFO h-m2: input_dim=2464, mean.norm=1.9050
2026-05-05 14:11:58,995 INFO data_loader: MNIST NFN loaded: weight_shapes=[torch.Size([8, 1, 5, 5]), torch.Size([8]), torch.Size([6, 8, 5, 5])]..., train=1589
2026-05-05 14:11:59,004 INFO models: NFN checkpoint loaded from /home/anonymous/YouRA_results_new_4_sonnet46_no_mcp/TEST_wsl/docs/youra_research/20260505_wsl/h-m2/code/results/best_nfn_encoder.pt (epoch=114)
2026-05-05 14:11:59,269 INFO evaluate: NFNEncoder: rho=0.6806 (95% CI [0.6030, 0.7480])
2026-05-05 14:11:59,270 INFO __main__: NFN MNIST rho=0.6806
2026-05-05 14:11:59,270 INFO __main__: 
[MNIST-CNN] Training DeepSets from scratch...
2026-05-05 14:11:59,271 INFO models:   phi_hidden=64: 130,560 params
2026-05-05 14:11:59,271 INFO models:   phi_hidden=96: 182,336 params
2026-05-05 14:11:59,273 INFO models:   phi_hidden=128: 236,160 params
2026-05-05 14:11:59,274 INFO models:   phi_hidden=160: 292,032 params
2026-05-05 14:11:59,275 INFO models:   phi_hidden=192: 349,952 params
2026-05-05 14:11:59,277 INFO models:   phi_hidden=256: 471,936 params
2026-05-05 14:11:59,277 WARNING models: No phi_hidden in [64, 96, 128, 160, 192, 256] hits [475000,525000]. Using closest: phi_hidden=256 (471,936 params)
2026-05-05 14:12:05,013 INFO train:   Epoch 10/150: train_loss=0.0007, val_loss=0.0211
2026-05-05 14:12:10,164 INFO train:   Epoch 20/150: train_loss=0.0012, val_loss=0.0224
2026-05-05 14:12:15,331 INFO train:   Epoch 30/150: train_loss=0.0004, val_loss=0.0219
2026-05-05 14:12:20,483 INFO train:   Epoch 40/150: train_loss=0.0009, val_loss=0.0235
2026-05-05 14:12:25,633 INFO train:   Epoch 50/150: train_loss=0.0004, val_loss=0.0213
2026-05-05 14:12:30,805 INFO train:   Epoch 60/150: train_loss=0.0000, val_loss=0.0220
2026-05-05 14:12:35,983 INFO train:   Epoch 70/150: train_loss=0.0000, val_loss=0.0219
2026-05-05 14:12:41,133 INFO train:   Epoch 80/150: train_loss=0.0001, val_loss=0.0218
2026-05-05 14:12:46,282 INFO train:   Epoch 90/150: train_loss=0.0001, val_loss=0.0225
2026-05-05 14:12:51,432 INFO train:   Epoch 100/150: train_loss=0.0000, val_loss=0.0222
2026-05-05 14:12:56,583 INFO train:   Epoch 110/150: train_loss=0.0000, val_loss=0.0222
2026-05-05 14:13:01,733 INFO train:   Epoch 120/150: train_loss=0.0000, val_loss=0.0222
2026-05-05 14:13:06,886 INFO train:   Epoch 130/150: train_loss=0.0000, val_loss=0.0222
2026-05-05 14:13:12,062 INFO train:   Epoch 140/150: train_loss=0.0000, val_loss=0.0222
2026-05-05 14:13:17,225 INFO train:   Epoch 150/150: train_loss=0.0000, val_loss=0.0222
2026-05-05 14:13:17,225 INFO train: Training complete. Best val_loss=0.0203 at epoch 39
2026-05-05 14:13:17,529 INFO evaluate: DeepSetsEncoder: rho=0.4466 (95% CI [0.3443, 0.5437])
2026-05-05 14:13:17,529 INFO __main__: DeepSets MNIST rho=0.4466
2026-05-05 14:13:17,529 INFO __main__: 
Computing delta_rho CI (MNIST-CNN)...
2026-05-05 14:13:17,933 INFO evaluate: delta_rho=0.5119 (95% CI [0.3814, 0.6382])
2026-05-05 14:13:17,933 INFO __main__: 
Computing tier analysis (P3)...
2026-05-05 14:13:17,934 INFO evaluate: Tier analysis: low=0.8559, mid=0.3169, high=-0.3135
2026-05-05 14:13:17,935 INFO __main__: 
Checking gates (P1, P2)...
2026-05-05 14:13:17,935 INFO evaluate: Gate P1: True (delta_mnist=0.5119, ci_lower=0.3814)
2026-05-05 14:13:17,935 INFO evaluate: Gate P2: True (flat=0.1688 < ds=0.4466 < nfn=0.6806)
2026-05-05 14:13:17,935 INFO __main__: 
Generating figures...
2026-05-05 14:13:17,935 WARNING __main__: Visualization error (non-fatal): No module named 'matplotlib'
2026-05-05 14:13:17,935 INFO evaluate: Results saved to /home/anonymous/YouRA_results_new_4_sonnet46_no_mcp/TEST_wsl/docs/youra_research/20260505_wsl/h-m3/code/results/h-m3_results.json
2026-05-05 14:13:17,935 INFO __main__: 
============================================================
2026-05-05 14:13:17,936 INFO __main__: EXPERIMENT COMPLETE
2026-05-05 14:13:17,936 INFO __main__: ============================================================
2026-05-05 14:13:17,936 INFO __main__: FlatMLP MNIST rho:  0.1688
2026-05-05 14:13:17,936 INFO __main__: DeepSets MNIST rho: 0.4466
2026-05-05 14:13:17,936 INFO __main__: NFN MNIST rho:      0.6806
2026-05-05 14:13:17,936 INFO __main__: delta_rho (MNIST):  0.5119 (95% CI [0.3814, 0.6382])
2026-05-05 14:13:17,936 INFO __main__: Gate P1 (SHOULD_WORK): PASS
2026-05-05 14:13:17,936 INFO __main__: Gate P2 (ordering):    PASS
2026-05-05 14:13:17,936 INFO __main__: ============================================================
