/home/anonymous/YouRA_results_new_4_sonnet45_no_mcp/TEST_verifai/docs/youra_research/20260420_verifai/h-m3/code/evaluation/ablation_framework.py:108: ConstantInputWarning: An input array is constant; the correlation coefficient is not defined.
  pearson_r, pearson_p = pearsonr(ground_truth, predictions)
/home/anonymous/YouRA_results_new_4_sonnet45_no_mcp/TEST_verifai/docs/youra_research/20260420_verifai/h-m3/code/evaluation/ablation_framework.py:113: ConstantInputWarning: An input array is constant; the correlation coefficient is not defined.
  spearman_rho, spearman_p = spearmanr(ground_truth, predictions)
============================================================
H-M3: Hybrid Signal Combination Experiment
============================================================

📊 Loading h-m1 results from: /home/anonymous/YouRA_results_new_4_sonnet45_no_mcp/TEST_verifai/docs/youra_research/20260420_verifai/h-m1/code/results/results_raw.csv
  ✓ Loaded 100 theorems
    Success: 63, Timeout: 37
📊 Extracting signals from h-m2 data...
  Loading h-m2 results from: /home/anonymous/YouRA_results_new_4_sonnet45_no_mcp/TEST_verifai/docs/youra_research/20260420_verifai/h-m3/code/results/h_m2_full_results.pkl
  ✓ Loaded 40 h-m2 results with tree data
  h-m2 breakdown: 40 timeout, 0 success
  ✓ Matched 37/100 theorems with h-m2 tree data
  ✓ Extracted signals for 100 theorems from REAL h-m2 data

📊 Selecting thresholds from timeout group...
  Selected thresholds:
    confidence_variance: 0.2850
    state_collisions: 0.0000
    exponential_growth: 0.0000
    backtrack_freq: 0.0000

📊 Running ablation framework (7 models)...

  Results:
  Model            Precision     Recall         F1
  --------------------------------------------------
  confidence_only      1.000      0.486      0.655
  symbolic_only        1.000      0.351      0.520
  search_only          0.000      0.000      0.000
  conf_symb            1.000      0.676      0.806
  conf_search          1.000      0.486      0.655
  symb_search          1.000      0.351      0.520
  hybrid_all           1.000      0.162      0.279

📊 Checking gate condition...
  Hybrid F1: 0.279
  Max Single F1: 0.655
  Gate condition (hybrid > max_single): ✗ FAIL

✓ Results saved to: /home/anonymous/YouRA_results_new_4_sonnet45_no_mcp/TEST_verifai/docs/youra_research/20260420_verifai/h-m3/code/results/h_m3_results.json

============================================================
Experiment complete!
============================================================
