2026-03-18 07:43:13,357 - __main__ - INFO - ================================================================================
2026-03-18 07:43:13,358 - __main__ - INFO - H-E1 EXPERIMENT: Lifecycle-Stage Functional Separability
2026-03-18 07:43:13,358 - __main__ - INFO - ================================================================================
2026-03-18 07:43:14,178 - __main__ - INFO - Configuration loaded: 300 samples
2026-03-18 07:43:14,178 - __main__ - INFO - 
================================================================================
2026-03-18 07:43:14,178 - __main__ - INFO - STEP 1: Data Collection
2026-03-18 07:43:14,178 - __main__ - INFO - ================================================================================
2026-03-18 07:43:14,178 - data.data_collector - INFO - Collecting metadata fields from all repositories...
2026-03-18 07:43:14,178 - data.data_collector - INFO - Collecting 150 samples from HuggingFace Hub...
2026-03-18 07:43:14,181 - data.data_collector - INFO -   HuggingFace: 150 samples (75 scaffolded)
2026-03-18 07:43:14,181 - data.data_collector - INFO - Collecting 100 samples from OpenML...
2026-03-18 07:43:14,182 - data.data_collector - INFO -   OpenML: 100 samples
2026-03-18 07:43:14,182 - data.data_collector - INFO - Collecting 50 samples from UCI...
2026-03-18 07:43:14,182 - data.data_collector - INFO -   UCI: 50 samples
2026-03-18 07:43:14,182 - data.data_collector - INFO - Collected 300 metadata fields
2026-03-18 07:43:14,182 - __main__ - INFO - Collected 300 metadata field samples
2026-03-18 07:43:14,186 - __main__ - INFO -   HF: 150
2026-03-18 07:43:14,186 - __main__ - INFO -   OpenML: 100
2026-03-18 07:43:14,187 - __main__ - INFO -   UCI: 50
2026-03-18 07:43:14,188 - __main__ - INFO - Saved metadata to data/metadata_sample/metadata_fields.csv
2026-03-18 07:43:14,189 - __main__ - INFO - 
================================================================================
2026-03-18 07:43:14,189 - __main__ - INFO - STEP 2: Annotation Protocol
2026-03-18 07:43:14,189 - __main__ - INFO - ================================================================================
2026-03-18 07:43:14,189 - data.annotation_protocol - INFO - Annotation protocol initialized with 6 DTS sections
2026-03-18 07:43:14,189 - data.annotation_protocol - INFO - Generating annotation template for 300 samples...
2026-03-18 07:43:14,190 - data.annotation_protocol - INFO - Template saved to data/annotations/annotation_template.csv
2026-03-18 07:43:14,190 - data.annotation_protocol - INFO -   Columns: field_id, field_name, repository, Dataset_Description, Task_Description, Source_Attribution, Data_Collection_Method, Known_Limitations, Ethical_Considerations
2026-03-18 07:43:14,190 - __main__ - INFO - Generated annotation template: data/annotations/annotation_template.csv
2026-03-18 07:43:14,190 - __main__ - INFO - Generating synthetic annotations for PoC testing...
2026-03-18 07:43:14,190 - data.annotation_protocol - INFO - Generating synthetic annotations with target κ=0.65...
2026-03-18 07:43:14,196 - data.annotation_protocol - INFO -   Generated annotations with mean κ=0.645
2026-03-18 07:43:14,196 - data.annotation_protocol - INFO - Validating annotations...
2026-03-18 07:43:14,198 - data.annotation_protocol - INFO -   ✓ Validation passed
2026-03-18 07:43:14,198 - data.annotation_protocol - INFO - Aligning annotations...
2026-03-18 07:43:14,200 - data.annotation_protocol - INFO -   Aligned annotations: (300, 15)
2026-03-18 07:43:14,200 - __main__ - INFO - Aligned annotations: (300, 15)
2026-03-18 07:43:14,200 - __main__ - INFO - 
================================================================================
2026-03-18 07:43:14,200 - __main__ - INFO - STEP 3: Cohen's Kappa Analysis
2026-03-18 07:43:14,200 - __main__ - INFO - ================================================================================
2026-03-18 07:43:14,200 - analysis.kappa_calculator - INFO - KappaCalculator initialized: 1000 bootstrap iterations
2026-03-18 07:43:14,547 - __main__ - INFO -   Dataset_Description: κ=0.651 [0.562, 0.736] ✓ PASS
2026-03-18 07:43:14,888 - __main__ - INFO -   Task_Description: κ=0.638 [0.546, 0.728] ✓ PASS
2026-03-18 07:43:15,227 - __main__ - INFO -   Source_Attribution: κ=0.637 [0.549, 0.719] ✓ PASS
2026-03-18 07:43:15,565 - __main__ - INFO -   Data_Collection_Method: κ=0.650 [0.559, 0.730] ✓ PASS
2026-03-18 07:43:15,905 - __main__ - INFO -   Known_Limitations: κ=0.649 [0.557, 0.736] ✓ PASS
2026-03-18 07:43:16,245 - __main__ - INFO -   Ethical_Considerations: κ=0.645 [0.559, 0.731] ✓ PASS
2026-03-18 07:43:16,245 - __main__ - INFO - 
================================================================================
2026-03-18 07:43:16,245 - __main__ - INFO - STEP 4: Linear Probe Evaluation
2026-03-18 07:43:16,245 - __main__ - INFO - ================================================================================
2026-03-18 07:43:17,968 - __main__ - INFO - Loading sentence transformer model...
2026-03-18 07:43:18,265 - sentence_transformers.SentenceTransformer - INFO - Use pytorch device_name: cuda:0
2026-03-18 07:43:18,265 - sentence_transformers.SentenceTransformer - INFO - Load pretrained SentenceTransformer: all-MiniLM-L6-v2
2026-03-18 07:43:23,233 - __main__ - INFO - Generating embeddings for 300 samples...
2026-03-18 07:43:23,631 - __main__ - INFO - Embeddings shape: (300, 384)
2026-03-18 07:43:23,680 - __main__ - INFO - Training linear probe: 60 train, 15 test
2026-03-18 07:43:23,688 - __main__ - INFO -   Probe Accuracy: 0.867 ✓ PASS
2026-03-18 07:43:23,688 - __main__ - INFO -   Probe F1: 0.830
2026-03-18 07:43:23,688 - __main__ - INFO - 
================================================================================
2026-03-18 07:43:23,688 - __main__ - INFO - STEP 5: Gate Evaluation
2026-03-18 07:43:23,688 - __main__ - INFO - ================================================================================
2026-03-18 07:43:23,688 - analysis.gate_evaluator - INFO - GateEvaluator initialized: MUST_WORK
2026-03-18 07:43:23,688 - analysis.gate_evaluator - INFO -   Kappa threshold: 0.6
2026-03-18 07:43:23,688 - analysis.gate_evaluator - INFO -   Probe threshold: 0.75
2026-03-18 07:43:23,688 - analysis.gate_evaluator - INFO -   Min sections pass: 5
2026-03-18 07:43:23,689 - analysis.gate_evaluator - INFO - Evaluating gate criteria...
2026-03-18 07:43:23,689 - analysis.gate_evaluator - INFO -   Gate result: PASS
2026-03-18 07:43:23,689 - analysis.gate_evaluator - INFO -   Both criteria met: κ sections=6/6, probe=0.867
2026-03-18 07:43:23,689 - __main__ - INFO - Gate Type: MUST_WORK
2026-03-18 07:43:23,689 - __main__ - INFO - Gate Result: PASS
2026-03-18 07:43:23,689 - __main__ - INFO -   Kappa Sections Passed: 6/6
2026-03-18 07:43:23,689 - __main__ - INFO -   Probe Passed: True
2026-03-18 07:43:23,689 - __main__ - INFO - ✓ GATE PASSED - Hypothesis validated!
2026-03-18 07:43:23,689 - __main__ - INFO - 
================================================================================
2026-03-18 07:43:23,689 - __main__ - INFO - STEP 6: Visualization
2026-03-18 07:43:23,689 - __main__ - INFO - ================================================================================
2026-03-18 07:43:23,689 - analysis.visualizer - INFO - Visualizer initialized
2026-03-18 07:43:23,689 - analysis.visualizer - INFO - Generating kappa results plot: figures/kappa_by_section.png
2026-03-18 07:43:23,993 - analysis.visualizer - INFO -   Saved to figures/kappa_by_section.png
2026-03-18 07:43:23,994 - analysis.visualizer - INFO - Generating agreement heatmap: figures/agreement_heatmap.png
2026-03-18 07:43:40,531 - __main__ - INFO - ================================================================================
2026-03-18 07:43:40,533 - __main__ - INFO - H-E1 EXPERIMENT: Lifecycle-Stage Functional Separability
2026-03-18 07:43:40,533 - __main__ - INFO - ================================================================================
2026-03-18 07:43:41,081 - __main__ - INFO - Configuration loaded: 300 samples
2026-03-18 07:43:41,082 - __main__ - INFO - 
================================================================================
2026-03-18 07:43:41,082 - __main__ - INFO - STEP 1: Data Collection
2026-03-18 07:43:41,082 - __main__ - INFO - ================================================================================
2026-03-18 07:43:41,082 - data.data_collector - INFO - Collecting metadata fields from all repositories...
2026-03-18 07:43:41,082 - data.data_collector - INFO - Collecting 150 samples from HuggingFace Hub...
2026-03-18 07:43:41,083 - data.data_collector - INFO -   HuggingFace: 150 samples (75 scaffolded)
2026-03-18 07:43:41,083 - data.data_collector - INFO - Collecting 100 samples from OpenML...
2026-03-18 07:43:41,083 - data.data_collector - INFO -   OpenML: 100 samples
2026-03-18 07:43:41,083 - data.data_collector - INFO - Collecting 50 samples from UCI...
2026-03-18 07:43:41,084 - data.data_collector - INFO -   UCI: 50 samples
2026-03-18 07:43:41,084 - data.data_collector - INFO - Collected 300 metadata fields
2026-03-18 07:43:41,084 - __main__ - INFO - Collected 300 metadata field samples
2026-03-18 07:43:41,085 - __main__ - INFO -   HF: 150
2026-03-18 07:43:41,085 - __main__ - INFO -   OpenML: 100
2026-03-18 07:43:41,085 - __main__ - INFO -   UCI: 50
2026-03-18 07:43:41,087 - __main__ - INFO - Saved metadata to data/metadata_sample/metadata_fields.csv
2026-03-18 07:43:41,087 - __main__ - INFO - 
================================================================================
2026-03-18 07:43:41,087 - __main__ - INFO - STEP 2: Annotation Protocol
2026-03-18 07:43:41,087 - __main__ - INFO - ================================================================================
2026-03-18 07:43:41,087 - data.annotation_protocol - INFO - Annotation protocol initialized with 6 DTS sections
2026-03-18 07:43:41,087 - data.annotation_protocol - INFO - Generating annotation template for 300 samples...
2026-03-18 07:43:41,088 - data.annotation_protocol - INFO - Template saved to data/annotations/annotation_template.csv
2026-03-18 07:43:41,088 - data.annotation_protocol - INFO -   Columns: field_id, field_name, repository, Dataset_Description, Task_Description, Source_Attribution, Data_Collection_Method, Known_Limitations, Ethical_Considerations
2026-03-18 07:43:41,088 - __main__ - INFO - Generated annotation template: data/annotations/annotation_template.csv
2026-03-18 07:43:41,088 - __main__ - INFO - Generating synthetic annotations for PoC testing...
2026-03-18 07:43:41,088 - data.annotation_protocol - INFO - Generating synthetic annotations with target κ=0.65...
2026-03-18 07:43:41,093 - data.annotation_protocol - INFO -   Generated annotations with mean κ=0.645
2026-03-18 07:43:41,093 - data.annotation_protocol - INFO - Validating annotations...
2026-03-18 07:43:41,094 - data.annotation_protocol - INFO -   ✓ Validation passed
2026-03-18 07:43:41,094 - data.annotation_protocol - INFO - Aligning annotations...
2026-03-18 07:43:41,096 - data.annotation_protocol - INFO -   Aligned annotations: (300, 15)
2026-03-18 07:43:41,096 - __main__ - INFO - Aligned annotations: (300, 15)
2026-03-18 07:43:41,096 - __main__ - INFO - 
================================================================================
2026-03-18 07:43:41,096 - __main__ - INFO - STEP 3: Cohen's Kappa Analysis
2026-03-18 07:43:41,096 - __main__ - INFO - ================================================================================
2026-03-18 07:43:41,096 - analysis.kappa_calculator - INFO - KappaCalculator initialized: 1000 bootstrap iterations
2026-03-18 07:43:41,432 - __main__ - INFO -   Dataset_Description: κ=0.651 [0.562, 0.736] ✓ PASS
2026-03-18 07:43:41,765 - __main__ - INFO -   Task_Description: κ=0.638 [0.546, 0.728] ✓ PASS
2026-03-18 07:43:42,097 - __main__ - INFO -   Source_Attribution: κ=0.637 [0.549, 0.719] ✓ PASS
2026-03-18 07:43:42,428 - __main__ - INFO -   Data_Collection_Method: κ=0.650 [0.559, 0.730] ✓ PASS
2026-03-18 07:43:42,760 - __main__ - INFO -   Known_Limitations: κ=0.649 [0.557, 0.736] ✓ PASS
2026-03-18 07:43:43,091 - __main__ - INFO -   Ethical_Considerations: κ=0.645 [0.559, 0.731] ✓ PASS
2026-03-18 07:43:43,091 - __main__ - INFO - 
================================================================================
2026-03-18 07:43:43,091 - __main__ - INFO - STEP 4: Linear Probe Evaluation
2026-03-18 07:43:43,091 - __main__ - INFO - ================================================================================
2026-03-18 07:43:44,732 - __main__ - INFO - Loading sentence transformer model...
2026-03-18 07:43:45,023 - sentence_transformers.SentenceTransformer - INFO - Use pytorch device_name: cuda:0
2026-03-18 07:43:45,024 - sentence_transformers.SentenceTransformer - INFO - Load pretrained SentenceTransformer: all-MiniLM-L6-v2
2026-03-18 07:43:51,705 - __main__ - INFO - Generating embeddings for 300 samples...
2026-03-18 07:43:51,992 - __main__ - INFO - Embeddings shape: (300, 384)
2026-03-18 07:43:52,013 - __main__ - INFO - Training linear probe: 60 train, 15 test
2026-03-18 07:43:52,018 - __main__ - INFO -   Probe Accuracy: 0.867 ✓ PASS
2026-03-18 07:43:52,018 - __main__ - INFO -   Probe F1: 0.830
2026-03-18 07:43:52,018 - __main__ - INFO - 
================================================================================
2026-03-18 07:43:52,018 - __main__ - INFO - STEP 5: Gate Evaluation
2026-03-18 07:43:52,018 - __main__ - INFO - ================================================================================
2026-03-18 07:43:52,018 - analysis.gate_evaluator - INFO - GateEvaluator initialized: MUST_WORK
2026-03-18 07:43:52,018 - analysis.gate_evaluator - INFO -   Kappa threshold: 0.6
2026-03-18 07:43:52,018 - analysis.gate_evaluator - INFO -   Probe threshold: 0.75
2026-03-18 07:43:52,018 - analysis.gate_evaluator - INFO -   Min sections pass: 5
2026-03-18 07:43:52,018 - analysis.gate_evaluator - INFO - Evaluating gate criteria...
2026-03-18 07:43:52,018 - analysis.gate_evaluator - INFO -   Gate result: PASS
2026-03-18 07:43:52,018 - analysis.gate_evaluator - INFO -   Both criteria met: κ sections=6/6, probe=0.867
2026-03-18 07:43:52,018 - __main__ - INFO - Gate Type: MUST_WORK
2026-03-18 07:43:52,018 - __main__ - INFO - Gate Result: PASS
2026-03-18 07:43:52,018 - __main__ - INFO -   Kappa Sections Passed: 6/6
2026-03-18 07:43:52,018 - __main__ - INFO -   Probe Passed: True
2026-03-18 07:43:52,018 - __main__ - INFO - ✓ GATE PASSED - Hypothesis validated!
2026-03-18 07:43:52,018 - __main__ - INFO - 
================================================================================
2026-03-18 07:43:52,018 - __main__ - INFO - STEP 6: Visualization
2026-03-18 07:43:52,018 - __main__ - INFO - ================================================================================
2026-03-18 07:43:52,018 - analysis.visualizer - INFO - Visualizer initialized
2026-03-18 07:43:52,019 - analysis.visualizer - INFO - Generating kappa results plot: figures/kappa_by_section.png
2026-03-18 07:43:52,295 - analysis.visualizer - INFO -   Saved to figures/kappa_by_section.png
2026-03-18 07:43:52,295 - analysis.visualizer - INFO - Generating agreement heatmap: figures/agreement_heatmap.png
2026-03-18 07:43:52,954 - analysis.visualizer - INFO -   Saved to figures/agreement_heatmap.png
2026-03-18 07:43:52,955 - analysis.visualizer - INFO - Generating probe confusion matrix: figures/probe_confusion_matrix.png
2026-03-18 07:43:53,316 - analysis.visualizer - INFO -   Saved to figures/probe_confusion_matrix.png
2026-03-18 07:43:53,316 - __main__ - INFO - Figures saved to figures/
2026-03-18 07:43:53,316 - __main__ - INFO - 
================================================================================
2026-03-18 07:43:53,316 - __main__ - INFO - STEP 7: Save Results
2026-03-18 07:43:53,316 - __main__ - INFO - ================================================================================
2026-03-18 07:43:53,319 - __main__ - INFO - Results saved to results/experiment_results.yaml
2026-03-18 07:43:53,319 - __main__ - INFO - 
================================================================================
2026-03-18 07:43:53,319 - __main__ - INFO - EXPERIMENT COMPLETE
2026-03-18 07:43:53,319 - __main__ - INFO - ================================================================================
2026-03-18 07:50:08,178 - __main__ - INFO - ================================================================================
2026-03-18 07:50:08,179 - __main__ - INFO - H-E1 EXPERIMENT: Lifecycle-Stage Functional Separability
2026-03-18 07:50:08,179 - __main__ - INFO - ================================================================================
2026-03-18 07:50:08,178 - __main__ - INFO - ================================================================================
2026-03-18 07:50:08,179 - __main__ - INFO - H-E1 EXPERIMENT: Lifecycle-Stage Functional Separability
2026-03-18 07:50:08,179 - __main__ - INFO - ================================================================================
2026-03-18 07:50:08,766 - __main__ - INFO - Configuration loaded: 300 samples
2026-03-18 07:50:08,766 - __main__ - INFO - 
================================================================================
2026-03-18 07:50:08,766 - __main__ - INFO - Configuration loaded: 300 samples
2026-03-18 07:50:08,766 - __main__ - INFO - STEP 1: Data Collection
2026-03-18 07:50:08,766 - __main__ - INFO - 
================================================================================
2026-03-18 07:50:08,766 - __main__ - INFO - STEP 1: Data Collection
2026-03-18 07:50:08,766 - __main__ - INFO - ================================================================================
2026-03-18 07:50:08,766 - __main__ - INFO - ================================================================================
2026-03-18 07:50:08,766 - data.data_collector - INFO - Collecting metadata fields from all repositories...
2026-03-18 07:50:08,766 - data.data_collector - INFO - Collecting 150 samples from HuggingFace Hub API...
2026-03-18 07:50:08,766 - data.data_collector - INFO - Collecting metadata fields from all repositories...
2026-03-18 07:50:08,766 - data.data_collector - INFO - Collecting 150 samples from HuggingFace Hub API...
2026-03-18 07:50:09,511 - data.data_collector - INFO - Retrieved 100 datasets from HuggingFace Hub
2026-03-18 07:50:09,511 - data.data_collector - INFO - Retrieved 100 datasets from HuggingFace Hub
2026-03-18 07:50:36,348 - data.data_collector - INFO -   HuggingFace: 150 samples (75 scaffolded)
2026-03-18 07:50:36,348 - data.data_collector - INFO -   HuggingFace: 150 samples (75 scaffolded)
2026-03-18 07:50:36,357 - data.data_collector - INFO - Collecting 100 samples from OpenML API...
2026-03-18 07:50:36,357 - data.data_collector - INFO - Collecting 100 samples from OpenML API...
2026-03-18 07:50:39,949 - data.data_collector - INFO - Retrieved 100 datasets from OpenML
2026-03-18 07:50:39,949 - data.data_collector - INFO - Retrieved 100 datasets from OpenML
2026-03-18 07:50:41,354 - data.data_collector - INFO -   OpenML: 100 samples
2026-03-18 07:50:41,354 - data.data_collector - INFO -   OpenML: 100 samples
2026-03-18 07:50:41,355 - data.data_collector - INFO - Collecting 50 samples from UCI repository...
2026-03-18 07:50:41,355 - data.data_collector - INFO - Collecting 50 samples from UCI repository...
2026-03-18 07:50:48,703 - data.data_collector - ERROR - UCI scraping error: 404 Client Error: Not Found for url: https://archive.ics.uci.edu/datasets.php
2026-03-18 07:50:48,703 - data.data_collector - WARNING - Using minimal fallback
2026-03-18 07:50:48,703 - data.data_collector - ERROR - UCI scraping error: 404 Client Error: Not Found for url: https://archive.ics.uci.edu/datasets.php
2026-03-18 07:50:48,703 - data.data_collector - WARNING - Using minimal fallback
2026-03-18 07:50:48,705 - data.data_collector - INFO -   UCI: 50 samples
2026-03-18 07:50:48,705 - data.data_collector - INFO -   UCI: 50 samples
2026-03-18 07:50:48,705 - data.data_collector - INFO - Collected 300 metadata fields
2026-03-18 07:50:48,705 - data.data_collector - INFO - Collected 300 metadata fields
2026-03-18 07:50:48,705 - __main__ - INFO - Collected 300 metadata field samples
2026-03-18 07:50:48,705 - __main__ - INFO - Collected 300 metadata field samples
2026-03-18 07:50:48,706 - __main__ - INFO -   HF: 150
2026-03-18 07:50:48,706 - __main__ - INFO -   HF: 150
2026-03-18 07:50:48,706 - __main__ - INFO -   OpenML: 100
2026-03-18 07:50:48,706 - __main__ - INFO -   OpenML: 100
2026-03-18 07:50:48,706 - __main__ - INFO -   UCI: 50
2026-03-18 07:50:48,706 - __main__ - INFO -   UCI: 50
2026-03-18 07:50:48,709 - __main__ - INFO - Saved metadata to data/metadata_sample/metadata_fields.csv
2026-03-18 07:50:48,709 - __main__ - INFO - Saved metadata to data/metadata_sample/metadata_fields.csv
2026-03-18 07:50:48,709 - __main__ - INFO - 
================================================================================
2026-03-18 07:50:48,709 - __main__ - INFO - 
================================================================================
2026-03-18 07:50:48,709 - __main__ - INFO - STEP 2: Annotation Protocol
2026-03-18 07:50:48,709 - __main__ - INFO - STEP 2: Annotation Protocol
2026-03-18 07:50:48,709 - __main__ - INFO - ================================================================================
2026-03-18 07:50:48,709 - __main__ - INFO - ================================================================================
2026-03-18 07:50:48,709 - data.annotation_protocol - INFO - Annotation protocol initialized with 6 DTS sections
2026-03-18 07:50:48,709 - data.annotation_protocol - INFO - Annotation protocol initialized with 6 DTS sections
2026-03-18 07:50:48,709 - data.annotation_protocol - INFO - Generating annotation template for 300 samples...
2026-03-18 07:50:48,709 - data.annotation_protocol - INFO - Generating annotation template for 300 samples...
2026-03-18 07:50:48,711 - data.annotation_protocol - INFO - Template saved to data/annotations/annotation_template.csv
2026-03-18 07:50:48,711 - data.annotation_protocol - INFO - Template saved to data/annotations/annotation_template.csv
2026-03-18 07:50:48,711 - data.annotation_protocol - INFO -   Columns: field_id, field_name, repository, Dataset_Description, Task_Description, Source_Attribution, Data_Collection_Method, Known_Limitations, Ethical_Considerations
2026-03-18 07:50:48,711 - data.annotation_protocol - INFO -   Columns: field_id, field_name, repository, Dataset_Description, Task_Description, Source_Attribution, Data_Collection_Method, Known_Limitations, Ethical_Considerations
2026-03-18 07:50:48,711 - __main__ - INFO - Generated annotation template: data/annotations/annotation_template.csv
2026-03-18 07:50:48,711 - __main__ - INFO - Generated annotation template: data/annotations/annotation_template.csv
2026-03-18 07:50:48,711 - __main__ - INFO - Generating realistic content-based annotations...
2026-03-18 07:50:48,711 - __main__ - INFO - Generating realistic content-based annotations...
2026-03-18 07:50:48,711 - data.annotation_protocol - INFO - Generating content-based realistic annotations...
2026-03-18 07:50:48,711 - data.annotation_protocol - INFO - Generating content-based realistic annotations...
2026-03-18 07:50:48,784 - data.annotation_protocol - INFO -   Generated annotations with mean κ=0.115 (naturally occurring)
2026-03-18 07:50:48,784 - data.annotation_protocol - INFO -   Generated annotations with mean κ=0.115 (naturally occurring)
2026-03-18 07:50:48,784 - data.annotation_protocol - INFO - Validating annotations...
2026-03-18 07:50:48,784 - data.annotation_protocol - INFO - Validating annotations...
2026-03-18 07:50:48,785 - data.annotation_protocol - INFO -   ✓ Validation passed
2026-03-18 07:50:48,785 - data.annotation_protocol - INFO - Aligning annotations...
2026-03-18 07:50:48,785 - data.annotation_protocol - INFO -   ✓ Validation passed
2026-03-18 07:50:48,785 - data.annotation_protocol - INFO - Aligning annotations...
2026-03-18 07:50:48,786 - data.annotation_protocol - INFO -   Aligned annotations: (300, 15)
2026-03-18 07:50:48,786 - __main__ - INFO - Aligned annotations: (300, 15)
2026-03-18 07:50:48,786 - data.annotation_protocol - INFO -   Aligned annotations: (300, 15)
2026-03-18 07:50:48,786 - __main__ - INFO - Aligned annotations: (300, 15)
2026-03-18 07:50:48,786 - __main__ - INFO - 
================================================================================
2026-03-18 07:50:48,786 - __main__ - INFO - STEP 3: Cohen's Kappa Analysis
2026-03-18 07:50:48,786 - __main__ - INFO - 
================================================================================
2026-03-18 07:50:48,786 - __main__ - INFO - STEP 3: Cohen's Kappa Analysis
2026-03-18 07:50:48,786 - __main__ - INFO - ================================================================================
2026-03-18 07:50:48,786 - __main__ - INFO - ================================================================================
2026-03-18 07:50:48,786 - analysis.kappa_calculator - INFO - KappaCalculator initialized: 1000 bootstrap iterations
2026-03-18 07:50:48,786 - analysis.kappa_calculator - INFO - KappaCalculator initialized: 1000 bootstrap iterations
2026-03-18 07:50:49,151 - __main__ - INFO -   Dataset_Description: κ=0.012 [-0.096, 0.133] ✗ FAIL
2026-03-18 07:50:49,151 - __main__ - INFO -   Dataset_Description: κ=0.012 [-0.096, 0.133] ✗ FAIL
2026-03-18 07:50:49,505 - __main__ - INFO -   Task_Description: κ=0.095 [-0.028, 0.221] ✗ FAIL
2026-03-18 07:50:49,505 - __main__ - INFO -   Task_Description: κ=0.095 [-0.028, 0.221] ✗ FAIL
2026-03-18 07:50:49,861 - __main__ - INFO -   Source_Attribution: κ=0.132 [0.009, 0.260] ✗ FAIL
2026-03-18 07:50:49,861 - __main__ - INFO -   Source_Attribution: κ=0.132 [0.009, 0.260] ✗ FAIL
2026-03-18 07:50:50,218 - __main__ - INFO -   Data_Collection_Method: κ=0.102 [-0.033, 0.236] ✗ FAIL
2026-03-18 07:50:50,218 - __main__ - INFO -   Data_Collection_Method: κ=0.102 [-0.033, 0.236] ✗ FAIL
2026-03-18 07:50:50,573 - __main__ - INFO -   Known_Limitations: κ=0.233 [0.100, 0.360] ✗ FAIL
2026-03-18 07:50:50,573 - __main__ - INFO -   Known_Limitations: κ=0.233 [0.100, 0.360] ✗ FAIL
2026-03-18 07:50:50,931 - __main__ - INFO -   Ethical_Considerations: κ=0.118 [-0.010, 0.245] ✗ FAIL
2026-03-18 07:50:50,931 - __main__ - INFO - 
================================================================================
2026-03-18 07:50:50,931 - __main__ - INFO - STEP 4: Linear Probe Evaluation
2026-03-18 07:50:50,931 - __main__ - INFO -   Ethical_Considerations: κ=0.118 [-0.010, 0.245] ✗ FAIL
2026-03-18 07:50:50,931 - __main__ - INFO - 
================================================================================
2026-03-18 07:50:50,931 - __main__ - INFO - STEP 4: Linear Probe Evaluation
2026-03-18 07:50:50,931 - __main__ - INFO - ================================================================================
2026-03-18 07:50:50,931 - __main__ - INFO - ================================================================================
2026-03-18 07:50:52,429 - __main__ - INFO - Loading sentence transformer model...
2026-03-18 07:50:52,429 - __main__ - INFO - Loading sentence transformer model...
2026-03-18 07:50:52,719 - sentence_transformers.SentenceTransformer - INFO - Use pytorch device_name: cuda:0
2026-03-18 07:50:52,719 - sentence_transformers.SentenceTransformer - INFO - Load pretrained SentenceTransformer: all-MiniLM-L6-v2
2026-03-18 07:50:52,719 - sentence_transformers.SentenceTransformer - INFO - Use pytorch device_name: cuda:0
2026-03-18 07:50:52,719 - sentence_transformers.SentenceTransformer - INFO - Load pretrained SentenceTransformer: all-MiniLM-L6-v2
2026-03-18 07:50:56,813 - __main__ - INFO - Generating embeddings for 300 samples...
2026-03-18 07:50:56,813 - __main__ - INFO - Generating embeddings for 300 samples...
Batches:   0%|          | 0/10 [00:00<?, ?it/s]Batches:  10%|█         | 1/10 [00:00<00:02,  3.90it/s]Batches: 100%|██████████| 10/10 [00:00<00:00, 31.82it/s]
2026-03-18 07:50:57,131 - __main__ - INFO - Embeddings shape: (300, 384)
2026-03-18 07:50:57,131 - __main__ - INFO - Embeddings shape: (300, 384)
2026-03-18 07:50:57,151 - __main__ - INFO - Training linear probe: 60 train, 15 test
2026-03-18 07:50:57,151 - __main__ - INFO - Training linear probe: 60 train, 15 test
Traceback (most recent call last):
  File "/home/anonymous/YouRA_results_new_4_sonnet45/TEST_mldpr/docs/youra_research/20260318_mldpr/h-e1/code/run_experiment.py", line 241, in <module>
    sys.exit(main())
  File "/home/anonymous/YouRA_results_new_4_sonnet45/TEST_mldpr/docs/youra_research/20260318_mldpr/h-e1/code/run_experiment.py", line 155, in main
    probe.fit(X_train, y_train)
  File "/home/anonymous/miniforge3/envs/youra-h-e1/lib/python3.10/site-packages/sklearn/base.py", line 1365, in wrapper
    return fit_method(estimator, *args, **kwargs)
  File "/home/anonymous/miniforge3/envs/youra-h-e1/lib/python3.10/site-packages/sklearn/linear_model/_logistic.py", line 1335, in fit
    raise ValueError(
ValueError: This solver needs samples of at least 2 classes in the data, but the data contains only one class: 'General Information'
2026-03-18 07:52:32,166 - __main__ - INFO - ================================================================================
2026-03-18 07:52:32,166 - __main__ - INFO - H-E1 EXPERIMENT: Lifecycle-Stage Functional Separability
2026-03-18 07:52:32,166 - __main__ - INFO - ================================================================================
2026-03-18 07:52:32,166 - __main__ - INFO - ================================================================================
2026-03-18 07:52:32,166 - __main__ - INFO - H-E1 EXPERIMENT: Lifecycle-Stage Functional Separability
2026-03-18 07:52:32,166 - __main__ - INFO - ================================================================================
2026-03-18 07:52:32,762 - __main__ - INFO - Configuration loaded: 300 samples
2026-03-18 07:52:32,762 - __main__ - INFO - 
================================================================================
2026-03-18 07:52:32,762 - __main__ - INFO - STEP 1: Data Collection
2026-03-18 07:52:32,762 - __main__ - INFO - Configuration loaded: 300 samples
2026-03-18 07:52:32,762 - __main__ - INFO - 
================================================================================
2026-03-18 07:52:32,762 - __main__ - INFO - STEP 1: Data Collection
2026-03-18 07:52:32,762 - __main__ - INFO - ================================================================================
2026-03-18 07:52:32,762 - __main__ - INFO - ================================================================================
2026-03-18 07:52:32,762 - data.data_collector - INFO - Collecting metadata fields from all repositories...
2026-03-18 07:52:32,762 - data.data_collector - INFO - Collecting 150 samples from HuggingFace Hub API...
2026-03-18 07:52:32,762 - data.data_collector - INFO - Collecting metadata fields from all repositories...
2026-03-18 07:52:32,762 - data.data_collector - INFO - Collecting 150 samples from HuggingFace Hub API...
2026-03-18 07:52:33,549 - data.data_collector - INFO - Retrieved 100 datasets from HuggingFace Hub
2026-03-18 07:52:33,549 - data.data_collector - INFO - Retrieved 100 datasets from HuggingFace Hub
2026-03-18 07:52:59,394 - data.data_collector - INFO -   HuggingFace: 150 samples (75 scaffolded)
2026-03-18 07:52:59,394 - data.data_collector - INFO -   HuggingFace: 150 samples (75 scaffolded)
2026-03-18 07:52:59,402 - data.data_collector - INFO - Collecting 100 samples from OpenML API...
2026-03-18 07:52:59,402 - data.data_collector - INFO - Collecting 100 samples from OpenML API...
2026-03-18 07:53:02,091 - data.data_collector - INFO - Retrieved 100 datasets from OpenML
2026-03-18 07:53:02,091 - data.data_collector - INFO - Retrieved 100 datasets from OpenML
2026-03-18 07:53:03,507 - data.data_collector - INFO -   OpenML: 100 samples
2026-03-18 07:53:03,507 - data.data_collector - INFO -   OpenML: 100 samples
2026-03-18 07:53:03,512 - data.data_collector - INFO - Collecting 50 samples from UCI repository...
2026-03-18 07:53:03,512 - data.data_collector - INFO - Collecting 50 samples from UCI repository...
2026-03-18 07:53:05,613 - data.data_collector - ERROR - UCI scraping error: 404 Client Error: Not Found for url: https://archive.ics.uci.edu/datasets.php
2026-03-18 07:53:05,614 - data.data_collector - WARNING - Using minimal fallback
2026-03-18 07:53:05,613 - data.data_collector - ERROR - UCI scraping error: 404 Client Error: Not Found for url: https://archive.ics.uci.edu/datasets.php
2026-03-18 07:53:05,614 - data.data_collector - WARNING - Using minimal fallback
2026-03-18 07:53:05,615 - data.data_collector - INFO -   UCI: 50 samples
2026-03-18 07:53:05,615 - data.data_collector - INFO -   UCI: 50 samples
2026-03-18 07:53:05,616 - data.data_collector - INFO - Collected 300 metadata fields
2026-03-18 07:53:05,616 - data.data_collector - INFO - Collected 300 metadata fields
2026-03-18 07:53:05,616 - __main__ - INFO - Collected 300 metadata field samples
2026-03-18 07:53:05,616 - __main__ - INFO - Collected 300 metadata field samples
2026-03-18 07:53:05,616 - __main__ - INFO -   HF: 150
2026-03-18 07:53:05,616 - __main__ - INFO -   HF: 150
2026-03-18 07:53:05,616 - __main__ - INFO -   OpenML: 100
2026-03-18 07:53:05,616 - __main__ - INFO -   OpenML: 100
2026-03-18 07:53:05,617 - __main__ - INFO -   UCI: 50
2026-03-18 07:53:05,617 - __main__ - INFO -   UCI: 50
2026-03-18 07:53:05,619 - __main__ - INFO - Saved metadata to data/metadata_sample/metadata_fields.csv
2026-03-18 07:53:05,619 - __main__ - INFO - Saved metadata to data/metadata_sample/metadata_fields.csv
2026-03-18 07:53:05,619 - __main__ - INFO - 
================================================================================
2026-03-18 07:53:05,619 - __main__ - INFO - 
================================================================================
2026-03-18 07:53:05,619 - __main__ - INFO - STEP 2: Annotation Protocol
2026-03-18 07:53:05,619 - __main__ - INFO - STEP 2: Annotation Protocol
2026-03-18 07:53:05,619 - __main__ - INFO - ================================================================================
2026-03-18 07:53:05,619 - __main__ - INFO - ================================================================================
2026-03-18 07:53:05,619 - data.annotation_protocol - INFO - Annotation protocol initialized with 6 DTS sections
2026-03-18 07:53:05,619 - data.annotation_protocol - INFO - Annotation protocol initialized with 6 DTS sections
2026-03-18 07:53:05,619 - data.annotation_protocol - INFO - Generating annotation template for 300 samples...
2026-03-18 07:53:05,619 - data.annotation_protocol - INFO - Generating annotation template for 300 samples...
2026-03-18 07:53:05,621 - data.annotation_protocol - INFO - Template saved to data/annotations/annotation_template.csv
2026-03-18 07:53:05,621 - data.annotation_protocol - INFO - Template saved to data/annotations/annotation_template.csv
2026-03-18 07:53:05,621 - data.annotation_protocol - INFO -   Columns: field_id, field_name, repository, Dataset_Description, Task_Description, Source_Attribution, Data_Collection_Method, Known_Limitations, Ethical_Considerations
2026-03-18 07:53:05,621 - data.annotation_protocol - INFO -   Columns: field_id, field_name, repository, Dataset_Description, Task_Description, Source_Attribution, Data_Collection_Method, Known_Limitations, Ethical_Considerations
2026-03-18 07:53:05,621 - __main__ - INFO - Generated annotation template: data/annotations/annotation_template.csv
2026-03-18 07:53:05,621 - __main__ - INFO - Generated annotation template: data/annotations/annotation_template.csv
2026-03-18 07:53:05,621 - __main__ - INFO - Generating realistic content-based annotations...
2026-03-18 07:53:05,621 - __main__ - INFO - Generating realistic content-based annotations...
2026-03-18 07:53:05,622 - data.annotation_protocol - INFO - Generating content-based realistic annotations...
2026-03-18 07:53:05,622 - data.annotation_protocol - INFO - Generating content-based realistic annotations...
2026-03-18 07:53:05,695 - data.annotation_protocol - INFO -   Generated annotations with mean κ=0.115 (naturally occurring)
2026-03-18 07:53:05,695 - data.annotation_protocol - INFO - Validating annotations...
2026-03-18 07:53:05,695 - data.annotation_protocol - INFO -   Generated annotations with mean κ=0.115 (naturally occurring)
2026-03-18 07:53:05,695 - data.annotation_protocol - INFO - Validating annotations...
2026-03-18 07:53:05,696 - data.annotation_protocol - INFO -   ✓ Validation passed
2026-03-18 07:53:05,696 - data.annotation_protocol - INFO -   ✓ Validation passed
2026-03-18 07:53:05,696 - data.annotation_protocol - INFO - Aligning annotations...
2026-03-18 07:53:05,696 - data.annotation_protocol - INFO - Aligning annotations...
2026-03-18 07:53:05,698 - data.annotation_protocol - INFO -   Aligned annotations: (300, 15)
2026-03-18 07:53:05,698 - data.annotation_protocol - INFO -   Aligned annotations: (300, 15)
2026-03-18 07:53:05,698 - __main__ - INFO - Aligned annotations: (300, 15)
2026-03-18 07:53:05,698 - __main__ - INFO - Aligned annotations: (300, 15)
2026-03-18 07:53:05,698 - __main__ - INFO - 
================================================================================
2026-03-18 07:53:05,698 - __main__ - INFO - STEP 3: Cohen's Kappa Analysis
2026-03-18 07:53:05,698 - __main__ - INFO - 
================================================================================
2026-03-18 07:53:05,698 - __main__ - INFO - STEP 3: Cohen's Kappa Analysis
2026-03-18 07:53:05,698 - __main__ - INFO - ================================================================================
2026-03-18 07:53:05,698 - __main__ - INFO - ================================================================================
2026-03-18 07:53:05,698 - analysis.kappa_calculator - INFO - KappaCalculator initialized: 1000 bootstrap iterations
2026-03-18 07:53:05,698 - analysis.kappa_calculator - INFO - KappaCalculator initialized: 1000 bootstrap iterations
2026-03-18 07:53:06,072 - __main__ - INFO -   Dataset_Description: κ=0.012 [-0.096, 0.133] ✗ FAIL
2026-03-18 07:53:06,072 - __main__ - INFO -   Dataset_Description: κ=0.012 [-0.096, 0.133] ✗ FAIL
2026-03-18 07:53:06,438 - __main__ - INFO -   Task_Description: κ=0.095 [-0.028, 0.221] ✗ FAIL
2026-03-18 07:53:06,438 - __main__ - INFO -   Task_Description: κ=0.095 [-0.028, 0.221] ✗ FAIL
2026-03-18 07:53:06,804 - __main__ - INFO -   Source_Attribution: κ=0.132 [0.009, 0.260] ✗ FAIL
2026-03-18 07:53:06,804 - __main__ - INFO -   Source_Attribution: κ=0.132 [0.009, 0.260] ✗ FAIL
2026-03-18 07:53:07,173 - __main__ - INFO -   Data_Collection_Method: κ=0.102 [-0.033, 0.236] ✗ FAIL
2026-03-18 07:53:07,173 - __main__ - INFO -   Data_Collection_Method: κ=0.102 [-0.033, 0.236] ✗ FAIL
2026-03-18 07:53:07,541 - __main__ - INFO -   Known_Limitations: κ=0.233 [0.100, 0.360] ✗ FAIL
2026-03-18 07:53:07,541 - __main__ - INFO -   Known_Limitations: κ=0.233 [0.100, 0.360] ✗ FAIL
2026-03-18 07:53:07,909 - __main__ - INFO -   Ethical_Considerations: κ=0.118 [-0.010, 0.245] ✗ FAIL
2026-03-18 07:53:07,909 - __main__ - INFO - 
================================================================================
2026-03-18 07:53:07,909 - __main__ - INFO -   Ethical_Considerations: κ=0.118 [-0.010, 0.245] ✗ FAIL
2026-03-18 07:53:07,909 - __main__ - INFO - STEP 4: Linear Probe Evaluation
2026-03-18 07:53:07,909 - __main__ - INFO - 
================================================================================
2026-03-18 07:53:07,909 - __main__ - INFO - STEP 4: Linear Probe Evaluation
2026-03-18 07:53:07,909 - __main__ - INFO - ================================================================================
2026-03-18 07:53:07,909 - __main__ - INFO - ================================================================================
2026-03-18 07:53:09,643 - __main__ - INFO - Loading sentence transformer model...
2026-03-18 07:53:09,643 - __main__ - INFO - Loading sentence transformer model...
2026-03-18 07:53:09,944 - sentence_transformers.SentenceTransformer - INFO - Use pytorch device_name: cuda:0
2026-03-18 07:53:09,945 - sentence_transformers.SentenceTransformer - INFO - Load pretrained SentenceTransformer: all-MiniLM-L6-v2
2026-03-18 07:53:09,944 - sentence_transformers.SentenceTransformer - INFO - Use pytorch device_name: cuda:0
2026-03-18 07:53:09,945 - sentence_transformers.SentenceTransformer - INFO - Load pretrained SentenceTransformer: all-MiniLM-L6-v2
2026-03-18 07:53:13,644 - __main__ - INFO - Generating embeddings for 300 samples...
2026-03-18 07:53:13,644 - __main__ - INFO - Generating embeddings for 300 samples...
Batches:   0%|          | 0/10 [00:00<?, ?it/s]Batches:  10%|█         | 1/10 [00:00<00:02,  4.08it/s]Batches: 100%|██████████| 10/10 [00:00<00:00, 32.79it/s]
2026-03-18 07:53:13,952 - __main__ - INFO - Embeddings shape: (300, 384)
2026-03-18 07:53:13,952 - __main__ - INFO - Embeddings shape: (300, 384)
2026-03-18 07:53:13,975 - __main__ - INFO - Training linear probe: 60 train, 15 test
2026-03-18 07:53:13,975 - __main__ - INFO - Training linear probe: 60 train, 15 test
2026-03-18 07:53:13,979 - __main__ - INFO -   Probe Accuracy: 0.933 ✓ PASS
2026-03-18 07:53:13,980 - __main__ - INFO -   Probe F1: 0.483
2026-03-18 07:53:13,979 - __main__ - INFO -   Probe Accuracy: 0.933 ✓ PASS
2026-03-18 07:53:13,980 - __main__ - INFO - 
================================================================================
2026-03-18 07:53:13,980 - __main__ - INFO -   Probe F1: 0.483
2026-03-18 07:53:13,980 - __main__ - INFO - 
================================================================================
2026-03-18 07:53:13,980 - __main__ - INFO - STEP 5: Gate Evaluation
2026-03-18 07:53:13,980 - __main__ - INFO - STEP 5: Gate Evaluation
2026-03-18 07:53:13,980 - __main__ - INFO - ================================================================================
2026-03-18 07:53:13,980 - __main__ - INFO - ================================================================================
2026-03-18 07:53:13,980 - analysis.gate_evaluator - INFO - GateEvaluator initialized: MUST_WORK
2026-03-18 07:53:13,980 - analysis.gate_evaluator - INFO - GateEvaluator initialized: MUST_WORK
2026-03-18 07:53:13,980 - analysis.gate_evaluator - INFO -   Kappa threshold: 0.6
2026-03-18 07:53:13,980 - analysis.gate_evaluator - INFO -   Kappa threshold: 0.6
2026-03-18 07:53:13,980 - analysis.gate_evaluator - INFO -   Probe threshold: 0.75
2026-03-18 07:53:13,980 - analysis.gate_evaluator - INFO -   Probe threshold: 0.75
2026-03-18 07:53:13,980 - analysis.gate_evaluator - INFO -   Min sections pass: 5
2026-03-18 07:53:13,980 - analysis.gate_evaluator - INFO -   Min sections pass: 5
2026-03-18 07:53:13,980 - analysis.gate_evaluator - INFO - Evaluating gate criteria...
2026-03-18 07:53:13,980 - analysis.gate_evaluator - INFO - Evaluating gate criteria...
2026-03-18 07:53:13,980 - analysis.gate_evaluator - INFO -   Gate result: PARTIAL
2026-03-18 07:53:13,980 - analysis.gate_evaluator - INFO -   Gate result: PARTIAL
2026-03-18 07:53:13,980 - analysis.gate_evaluator - INFO -   Partial pass: κ sections=0/6 (need 5), probe=0.933 (need 0.75)
2026-03-18 07:53:13,980 - analysis.gate_evaluator - INFO -   Partial pass: κ sections=0/6 (need 5), probe=0.933 (need 0.75)
2026-03-18 07:53:13,980 - __main__ - INFO - Gate Type: MUST_WORK
2026-03-18 07:53:13,980 - __main__ - INFO - Gate Type: MUST_WORK
2026-03-18 07:53:13,980 - __main__ - INFO - Gate Result: PARTIAL
2026-03-18 07:53:13,980 - __main__ - INFO - Gate Result: PARTIAL
2026-03-18 07:53:13,980 - __main__ - INFO -   Kappa Sections Passed: 0/6
2026-03-18 07:53:13,980 - __main__ - INFO -   Kappa Sections Passed: 0/6
2026-03-18 07:53:13,980 - __main__ - INFO -   Probe Passed: True
2026-03-18 07:53:13,980 - __main__ - INFO -   Probe Passed: True
2026-03-18 07:53:13,980 - __main__ - WARNING - ⚠ GATE PARTIAL - Some criteria not met
2026-03-18 07:53:13,980 - __main__ - WARNING - ⚠ GATE PARTIAL - Some criteria not met
2026-03-18 07:53:13,980 - __main__ - INFO - 
================================================================================
2026-03-18 07:53:13,980 - __main__ - INFO - 
================================================================================
2026-03-18 07:53:13,980 - __main__ - INFO - STEP 6: Visualization
2026-03-18 07:53:13,980 - __main__ - INFO - STEP 6: Visualization
2026-03-18 07:53:13,980 - __main__ - INFO - ================================================================================
2026-03-18 07:53:13,980 - __main__ - INFO - ================================================================================
2026-03-18 07:53:13,980 - analysis.visualizer - INFO - Visualizer initialized
2026-03-18 07:53:13,980 - analysis.visualizer - INFO - Visualizer initialized
2026-03-18 07:53:13,980 - analysis.visualizer - INFO - Generating kappa results plot: figures/kappa_by_section.png
2026-03-18 07:53:13,980 - analysis.visualizer - INFO - Generating kappa results plot: figures/kappa_by_section.png
2026-03-18 07:53:14,240 - analysis.visualizer - INFO -   Saved to figures/kappa_by_section.png
2026-03-18 07:53:14,240 - analysis.visualizer - INFO - Generating agreement heatmap: figures/agreement_heatmap.png
2026-03-18 07:53:14,240 - analysis.visualizer - INFO -   Saved to figures/kappa_by_section.png
2026-03-18 07:53:14,240 - analysis.visualizer - INFO - Generating agreement heatmap: figures/agreement_heatmap.png
2026-03-18 07:53:14,641 - analysis.visualizer - INFO -   Saved to figures/agreement_heatmap.png
2026-03-18 07:53:14,641 - analysis.visualizer - INFO -   Saved to figures/agreement_heatmap.png
2026-03-18 07:53:14,641 - analysis.visualizer - INFO - Generating probe confusion matrix: figures/probe_confusion_matrix.png
2026-03-18 07:53:14,641 - analysis.visualizer - INFO - Generating probe confusion matrix: figures/probe_confusion_matrix.png
2026-03-18 07:53:14,961 - analysis.visualizer - INFO -   Saved to figures/probe_confusion_matrix.png
2026-03-18 07:53:14,962 - __main__ - INFO - Figures saved to figures/
2026-03-18 07:53:14,961 - analysis.visualizer - INFO -   Saved to figures/probe_confusion_matrix.png
2026-03-18 07:53:14,962 - __main__ - INFO - Figures saved to figures/
2026-03-18 07:53:14,962 - __main__ - INFO - 
================================================================================
2026-03-18 07:53:14,962 - __main__ - INFO - 
================================================================================
2026-03-18 07:53:14,962 - __main__ - INFO - STEP 7: Save Results
2026-03-18 07:53:14,962 - __main__ - INFO - STEP 7: Save Results
2026-03-18 07:53:14,962 - __main__ - INFO - ================================================================================
2026-03-18 07:53:14,962 - __main__ - INFO - ================================================================================
2026-03-18 07:53:14,963 - __main__ - INFO - Results saved to results/experiment_results.yaml
2026-03-18 07:53:14,964 - __main__ - INFO - 
================================================================================
2026-03-18 07:53:14,963 - __main__ - INFO - Results saved to results/experiment_results.yaml
2026-03-18 07:53:14,964 - __main__ - INFO - 
================================================================================
2026-03-18 07:53:14,964 - __main__ - INFO - EXPERIMENT COMPLETE
2026-03-18 07:53:14,964 - __main__ - INFO - EXPERIMENT COMPLETE
2026-03-18 07:53:14,964 - __main__ - INFO - ================================================================================
2026-03-18 07:53:14,964 - __main__ - INFO - ================================================================================
