============================================================
H-M1: Submission Count → Score Compression Causal Mechanism
============================================================

[Step 1] Loading quarterly panel...
Loading PWC raw data from HuggingFace...
  Fetching pwc-archive/evaluation-tables from HuggingFace...
  Extracted 48,311 rows from 1120 tasks
  Raw: 48,311 rows, 1120 tasks
Computing quarterly panel...
  Panel: 6,938 rows, 466 benchmarks
  Panel rows: 6,938, benchmarks: 466

[Step 2] Estimating sigma_measurement...
  sigma_map: 7592 benchmarks, median=0.3323

[Step 3] Detecting compression events...
  Compression events: 389
  Qualifying benchmarks: 145

[Step 4] Computing Spearman baseline...
  Spearman rho=0.0519, p=1.5139e-05, n=6938

[Step 5] Running Granger causality panel (may take a few minutes)...
  Running Granger tests for 466 benchmarks...
    Progress: 50/466, valid forward: 8
    Progress: 100/466, valid forward: 9
    Progress: 150/466, valid forward: 16
    Progress: 200/466, valid forward: 22
    Progress: 250/466, valid forward: 28
    Progress: 300/466, valid forward: 31
    Progress: 350/466, valid forward: 33
    Progress: 400/466, valid forward: 40
    Progress: 450/466, valid forward: 41
  Forward results: 466 benchmarks tested

[Step 6] Aggregating Granger results...
  n_significant_lag2=5, pct=12.2%, min_p=1.8539482935169255e-05

[Step 7] Verifying mechanism activation...
  panel_constructed: True
  sufficient_benchmarks: True
  spearman_computed: True
  granger_computed: True
  spearman_significant: False
  granger_significant_lag2: True

[Step 8] Checking gate condition...

[Step 9] Generating figures...
Generating figures in /home/anonymous/YouRA_results_new_4_sonnet46_no_reflection/TEST_mldpr_sonnet46_no_reflection/docs/youra_research/20260519_mldpr/h-m1/figures...
Saved gate_metrics.png
Saved scatter_submission_compression.png
Saved lag_profile.png
Saved timeseries_overlay.png
Saved compression_distribution.png
Saved reverse_causality.png
All figures generated.

[Step 10] Saving results...
Results saved to /home/anonymous/YouRA_results_new_4_sonnet46_no_reflection/TEST_mldpr_sonnet46_no_reflection/docs/youra_research/20260519_mldpr/h-m1/results.json
CSV saved to /home/anonymous/YouRA_results_new_4_sonnet46_no_reflection/TEST_mldpr_sonnet46_no_reflection/docs/youra_research/20260519_mldpr/h-m1/code/outputs/results.csv

============================================================
GATE: PASS
============================================================
  Spearman rho=0.0519 (target >0.4), p=1.5139e-05
  Granger min_p_lag2=1.8539482935169255e-05 (target <0.05)
============================================================
