/home/anonymous/miniforge3/envs/youra-h-m2/lib/python3.10/site-packages/requests/__init__.py:113: RequestsDependencyWarning: urllib3 (2.6.3) or chardet (6.0.0.post1)/charset_normalizer (3.4.4) doesn't match a supported version!
  warnings.warn(

============================================================
H-M2: Domain-Specific Degradation Signal Timing Analysis
============================================================

[Step 2] Loading H-M1 panel...
  Fetching pwc-archive/evaluation-tables from HuggingFace...
  Extracted 48,311 rows from 1120 tasks
  Panel: 6938 rows, 466 benchmarks

[Step 3] Computing H_d signals (CV/NLP/Tabular)...
    H_d signals: 100/466 benchmarks processed
    H_d signals: 200/466 benchmarks processed
    H_d signals: 300/466 benchmarks processed
    H_d signals: 400/466 benchmarks processed
    H_d signals complete: 466 benchmarks
  hd_cv: 4730 non-null values
  hd_nlp: 4067 non-null values
  hd_tabular: 1886 non-null values

[Step 4] Detecting collapse events...
⚠ R1 mitigation: only 1 events (< 20), retrying with tau=0.85
  → After mitigation: 1 collapse events
  Collapse events: 1 (tau_threshold=0.85)

[Step 5] Filtering compressed benchmarks...
  Compressed benchmarks: 145

[Step 6] Computing signal onset times per domain...
  Domain cv: 145 benchmarks, 0 onset events observed
  Domain nlp: 145 benchmarks, 0 onset events observed
  Domain tabular: 145 benchmarks, 0 onset events observed

[Step 7] Running temporal ordering tests (Kaplan-Meier)...
  cv: fraction_leading=0.000, n_events=0, median_lead=infmo
  nlp: fraction_leading=0.000, n_events=0, median_lead=infmo
  tabular: fraction_leading=0.000, n_events=0, median_lead=infmo

[Step 8] Running statistical tests (MW + AUC)...
  cv: MW p=1.0000, AUC_lead=0.390, AUC_conc=0.564
  nlp: MW p=0.0076, AUC_lead=0.857, AUC_conc=0.835
  tabular: MW p=0.0435, AUC_lead=0.318, AUC_conc=0.318

[Step 9] Running ablation variants A1-A5...
  Running ablation A1: t-24mo offset (PROPOSED)
    → domains_passing=0
  Running ablation A2: t-12mo offset
    → domains_passing=0
  Running ablation A3: t offset (concurrent baseline)
    → domains_passing=0
  Running ablation A4: compression-filtered only
    → domains_passing=0
  Running ablation A5: all benchmarks, no compression filter
    → domains_passing=0

[Step 10] Evaluating gate condition...
  Mechanism indicators: {'onset_df_populated': True, 'collapse_events_found': False, 'lead_time_computed': True, 'km_fitted': True, 'fraction_computed': True}

  SHOULD_WORK Gate: FAIL
  Passing domains: []

[Step 11] Generating figures and saving results...
Generating figures...
✓ Saved: /home/anonymous/YouRA_results_new_4_sonnet46_no_reflection/TEST_mldpr_sonnet46_no_reflection/docs/youra_research/20260519_mldpr/h-m2/figures/gate_metrics_fraction_leading.png
✓ Saved: /home/anonymous/YouRA_results_new_4_sonnet46_no_reflection/TEST_mldpr_sonnet46_no_reflection/docs/youra_research/20260519_mldpr/h-m2/figures/km_lead_time_curves.png
✓ Saved: /home/anonymous/YouRA_results_new_4_sonnet46_no_reflection/TEST_mldpr_sonnet46_no_reflection/docs/youra_research/20260519_mldpr/h-m2/figures/signal_emergence_timeline.png
✓ Saved: /home/anonymous/YouRA_results_new_4_sonnet46_no_reflection/TEST_mldpr_sonnet46_no_reflection/docs/youra_research/20260519_mldpr/h-m2/figures/auc_comparison.png
✓ Saved: /home/anonymous/YouRA_results_new_4_sonnet46_no_reflection/TEST_mldpr_sonnet46_no_reflection/docs/youra_research/20260519_mldpr/h-m2/figures/mann_whitney_boxplot.png
✓ All figures saved to /home/anonymous/YouRA_results_new_4_sonnet46_no_reflection/TEST_mldpr_sonnet46_no_reflection/docs/youra_research/20260519_mldpr/h-m2/figures
✓ Results saved to /home/anonymous/YouRA_results_new_4_sonnet46_no_reflection/TEST_mldpr_sonnet46_no_reflection/docs/youra_research/20260519_mldpr/h-m2/results.json
✓ CSV saved to /home/anonymous/YouRA_results_new_4_sonnet46_no_reflection/TEST_mldpr_sonnet46_no_reflection/docs/youra_research/20260519_mldpr/h-m2/code/outputs/results.csv

============================================================
EXPERIMENT COMPLETE — Gate: FAIL
Passing domains: []
  cv: fraction_leading=0.000
  nlp: fraction_leading=0.000
  tabular: fraction_leading=0.000
============================================================

