2026-03-15 02:46:56,033 - INFO - __main__ - ============================================================
2026-03-15 02:46:56,033 - INFO - __main__ - H-M2: Pre-Softmax Logit Margin Inflation Analysis
2026-03-15 02:46:56,033 - INFO - __main__ - smoke_test=False, device=cpu
2026-03-15 02:46:56,033 - INFO - __main__ - ============================================================
2026-03-15 02:46:56,034 - INFO - __main__ - Logging to: /home/anonymous/YouRA_results_new_4/TEST_buildingtrust/docs/youra_research/20260315_buildingtrust/h-m2/code/experiment.log
2026-03-15 02:46:56,034 - INFO - __main__ - [Step 1] Loading logprob matrices...
2026-03-15 02:46:56,034 - INFO - load_data - Attempting Path A: load from h-e1 cached results (/home/anonymous/YouRA_results_new_4/TEST_buildingtrust/docs/youra_research/20260315_buildingtrust/h-e1/code/results)
2026-03-15 02:46:56,034 - INFO - load_data - Loading logprob matrices from Path A: /home/anonymous/YouRA_results_new_4/TEST_buildingtrust/docs/youra_research/20260315_buildingtrust/h-e1/code/results
2026-03-15 02:46:56,469 - INFO - calibration_analysis - Loaded 28654 samples for model 'pythia-1.4b-base'
2026-03-15 02:46:56,471 - INFO - load_data -   pythia-1.4b-base: 28654 samples, shape (28654, 4)
2026-03-15 02:46:56,674 - INFO - calibration_analysis - Loaded 14042 samples for model 'pythia-2.8b-base'
2026-03-15 02:46:56,675 - INFO - load_data -   pythia-2.8b-base: 14042 samples, shape (14042, 4)
2026-03-15 02:46:56,887 - INFO - calibration_analysis - Loaded 14042 samples for model 'pythia-6.9b-base'
2026-03-15 02:46:56,887 - INFO - load_data -   pythia-6.9b-base: 14042 samples, shape (14042, 4)
2026-03-15 02:46:57,091 - INFO - calibration_analysis - Loaded 14042 samples for model 'pythia-1.4b-sft'
2026-03-15 02:46:57,092 - INFO - load_data -   pythia-1.4b-sft: 14042 samples, shape (14042, 4)
2026-03-15 02:46:57,316 - INFO - calibration_analysis - Loaded 14042 samples for model 'pythia-1.4b-dpo'
2026-03-15 02:46:57,316 - INFO - load_data -   pythia-1.4b-dpo: 14042 samples, shape (14042, 4)
2026-03-15 02:46:57,524 - INFO - calibration_analysis - Loaded 14042 samples for model 'pythia-1.4b-ppo'
2026-03-15 02:46:57,524 - INFO - load_data -   pythia-1.4b-ppo: 14042 samples, shape (14042, 4)
2026-03-15 02:46:57,729 - INFO - calibration_analysis - Loaded 14042 samples for model 'pythia-2.8b-sft'
2026-03-15 02:46:57,730 - INFO - load_data -   pythia-2.8b-sft: 14042 samples, shape (14042, 4)
2026-03-15 02:46:57,940 - INFO - calibration_analysis - Loaded 14042 samples for model 'pythia-2.8b-dpo'
2026-03-15 02:46:57,940 - INFO - load_data -   pythia-2.8b-dpo: 14042 samples, shape (14042, 4)
2026-03-15 02:46:58,145 - INFO - calibration_analysis - Loaded 14042 samples for model 'pythia-2.8b-ppo'
2026-03-15 02:46:58,146 - INFO - load_data -   pythia-2.8b-ppo: 14042 samples, shape (14042, 4)
2026-03-15 02:46:58,351 - INFO - calibration_analysis - Loaded 14042 samples for model 'pythia-6.9b-sft'
2026-03-15 02:46:58,351 - INFO - load_data -   pythia-6.9b-sft: 14042 samples, shape (14042, 4)
2026-03-15 02:46:58,556 - INFO - calibration_analysis - Loaded 14042 samples for model 'pythia-6.9b-dpo'
2026-03-15 02:46:58,557 - INFO - load_data -   pythia-6.9b-dpo: 14042 samples, shape (14042, 4)
2026-03-15 02:46:58,792 - INFO - calibration_analysis - Loaded 14042 samples for model 'pythia-6.9b-ppo'
2026-03-15 02:46:58,792 - INFO - load_data -   pythia-6.9b-ppo: 14042 samples, shape (14042, 4)
2026-03-15 02:46:58,792 - INFO - load_data - Sample count mismatch across models (min=14042, max=28654). Truncating all to min=14042 for consistent margin comparison.
2026-03-15 02:46:58,792 - INFO - load_data - Path A: loaded 12 models, 14042 samples each
2026-03-15 02:46:58,792 - INFO - load_data - Path A succeeded.
2026-03-15 02:46:58,792 - INFO - __main__ - Execution path: Path A, loaded 12 models
2026-03-15 02:46:58,792 - INFO - __main__ - [Step 2] Validating shapes...
2026-03-15 02:46:58,792 - INFO - __main__ - Shape validation passed: 12 models, each (14042, 4)
2026-03-15 02:46:58,792 - INFO - __main__ - [Step 3] Computing delta margins for all 9 pairs...
2026-03-15 02:46:58,884 - INFO - margin_analysis -   sft_1.4b: Δmargin=0.1334 [CI: 0.1289, 0.1383]
2026-03-15 02:46:58,974 - INFO - margin_analysis -   sft_2.8b: Δmargin=0.0110 [CI: 0.0087, 0.0131]
2026-03-15 02:46:59,065 - INFO - margin_analysis -   sft_6.9b: Δmargin=0.0267 [CI: 0.0249, 0.0283]
2026-03-15 02:46:59,156 - INFO - margin_analysis -   dpo_1.4b: Δmargin=0.4908 [CI: 0.4840, 0.4988]
2026-03-15 02:46:59,246 - INFO - margin_analysis -   dpo_2.8b: Δmargin=0.2077 [CI: 0.2024, 0.2134]
2026-03-15 02:46:59,337 - INFO - margin_analysis -   dpo_6.9b: Δmargin=0.0721 [CI: 0.0699, 0.0743]
2026-03-15 02:46:59,427 - INFO - margin_analysis -   ppo_1.4b: Δmargin=0.3937 [CI: 0.3893, 0.3980]
2026-03-15 02:46:59,518 - INFO - margin_analysis -   ppo_2.8b: Δmargin=0.2526 [CI: 0.2467, 0.2578]
2026-03-15 02:46:59,609 - INFO - margin_analysis -   ppo_6.9b: Δmargin=-0.0364 [CI: -0.0394, -0.0334]
2026-03-15 02:46:59,609 - INFO - __main__ - Delta margins computed for 9 pairs
2026-03-15 02:46:59,609 - INFO - __main__ - [Step 4] Testing gradient ordering (Wilcoxon)...
2026-03-15 02:46:59,610 - INFO - margin_analysis - Wilcoxon PPO>=DPO: stat=1.0000, p=0.8750
2026-03-15 02:46:59,610 - INFO - margin_analysis - Wilcoxon DPO>SFT: stat=6.0000, p=0.1250
2026-03-15 02:46:59,610 - INFO - __main__ - Ordering stats: {'ppo_ge_dpo_stat': 1.0, 'ppo_ge_dpo_p': 0.875, 'dpo_gt_sft_stat': 6.0, 'dpo_gt_sft_p': 0.125}
2026-03-15 02:46:59,610 - INFO - __main__ - [Step 5] Verifying mechanism activation...
2026-03-15 02:46:59,610 - INFO - __main__ - Mechanism verified: True, indicators: {'logprob_matrix_shape_ok': True, 'margins_positive': True, 'delta_computed': True, 'delta_positive_ppo_count': 2, 'ci_lower_positive_ppo_count': 2}
2026-03-15 02:46:59,610 - INFO - __main__ - [Step 6] Evaluating SHOULD_WORK gate...
2026-03-15 02:46:59,610 - INFO - gate_and_report -   PPO 1.4b: PASS (Δ=0.3937, CI_lower=0.3893)
2026-03-15 02:46:59,610 - INFO - gate_and_report -   PPO 2.8b: PASS (Δ=0.2526, CI_lower=0.2467)
2026-03-15 02:46:59,610 - INFO - gate_and_report -   PPO 6.9b: FAIL (Δ=-0.0364, CI_lower=-0.0394)
2026-03-15 02:46:59,610 - INFO - gate_and_report - SHOULD_WORK gate: 2/3 PPO sizes pass → PASS
2026-03-15 02:46:59,610 - INFO - __main__ - Gate result: PASS
2026-03-15 02:46:59,610 - WARNING - __main__ - Failed checks: ['ppo_6.9b: delta_mean=-0.0364 or ci_lower=-0.0394 not > 0']
2026-03-15 02:46:59,610 - INFO - __main__ - [Step 7] Generating figures...
2026-03-15 02:46:59,610 - INFO - visualization - Generating all 5 figures...
2026-03-15 02:46:59,741 - INFO - visualization - Figure 1 saved: /home/anonymous/YouRA_results_new_4/TEST_buildingtrust/docs/youra_research/20260315_buildingtrust/h-m2/figures/figure_01_delta_margin_gate.png
/home/anonymous/YouRA_results_new_4/TEST_buildingtrust/docs/youra_research/20260315_buildingtrust/h-m2/code/visualization.py:153: FutureWarning: 

Passing `palette` without assigning `hue` is deprecated and will be removed in v0.14.0. Assign the `x` variable to `hue` and set `legend=False` for the same effect.

  sns.violinplot(
2026-03-15 02:47:00,157 - INFO - visualization - Figure 2 saved: /home/anonymous/YouRA_results_new_4/TEST_buildingtrust/docs/youra_research/20260315_buildingtrust/h-m2/figures/figure_02_margin_violin.png
2026-03-15 02:47:00,160 - INFO - visualization - Parsed 0 ΔECE values from /home/anonymous/YouRA_results_new_4/TEST_buildingtrust/docs/youra_research/20260315_buildingtrust/h-e1/04_validation.md
2026-03-15 02:47:00,237 - INFO - visualization - Figure 3 saved: /home/anonymous/YouRA_results_new_4/TEST_buildingtrust/docs/youra_research/20260315_buildingtrust/h-m2/figures/figure_03_delta_margin_vs_delta_ece.png
2026-03-15 02:47:00,346 - INFO - visualization - Figure 4 saved: /home/anonymous/YouRA_results_new_4/TEST_buildingtrust/docs/youra_research/20260315_buildingtrust/h-m2/figures/figure_04_gradient_ordering_heatmap.png
2026-03-15 02:47:00,467 - INFO - visualization - Figure 5 saved: /home/anonymous/YouRA_results_new_4/TEST_buildingtrust/docs/youra_research/20260315_buildingtrust/h-m2/figures/figure_05_margin_cdf.png
2026-03-15 02:47:00,468 - INFO - visualization - Figures generated: 5/5
2026-03-15 02:47:00,468 - INFO - __main__ - Figures generated: 5
2026-03-15 02:47:00,468 - INFO - __main__ - [Step 8] Generating validation report...
2026-03-15 02:47:00,468 - INFO - gate_and_report - Validation report written to /home/anonymous/YouRA_results_new_4/TEST_buildingtrust/docs/youra_research/20260315_buildingtrust/h-m2/04_validation.md (82 lines)
2026-03-15 02:47:00,468 - INFO - __main__ - Validation report written: /home/anonymous/YouRA_results_new_4/TEST_buildingtrust/docs/youra_research/20260315_buildingtrust/h-m2/04_validation.md
2026-03-15 02:47:00,468 - INFO - __main__ - Updating verification_state.yaml...
2026-03-15 02:47:00,524 - INFO - gate_and_report - verification_state.yaml updated: h-m2 gate=PASS
2026-03-15 02:47:00,524 - INFO - __main__ - verification_state.yaml updated
2026-03-15 02:47:00,524 - INFO - __main__ - experiment_results.json saved: /home/anonymous/YouRA_results_new_4/TEST_buildingtrust/docs/youra_research/20260315_buildingtrust/h-m2/experiment_results.json
2026-03-15 02:47:00,524 - INFO - __main__ - ============================================================
2026-03-15 02:47:00,524 - INFO - __main__ - H-M2 PIPELINE COMPLETE
2026-03-15 02:47:00,524 - INFO - __main__ - Gate: PASS
2026-03-15 02:47:00,525 - INFO - __main__ - Duration: 4.5 seconds
2026-03-15 02:47:00,525 - INFO - __main__ - ============================================================
00,524 - INFO - __main__ - Gate: PASS
2026-03-15 02:47:00,525 - INFO - __main__ - Duration: 4.5 seconds
2026-03-15 02:47:00,525 - INFO - __main__ - ============================================================
