\BOOKMARK [1][-]{section.1}{\376\377\000I\000n\000t\000r\000o\000d\000u\000c\000t\000i\000o\000n}{}% 1
\BOOKMARK [2][-]{subsubsection.1.0.1}{\376\377\000C\000o\000n\000t\000r\000i\000b\000u\000t\000i\000o\000n\000s}{section.1}% 2
\BOOKMARK [3][-]{subsubsection.1.0.2}{\376\377\000L\000i\000m\000i\000t\000a\000t\000i\000o\000n\000s}{subsubsection.1.0.1}% 3
\BOOKMARK [1][-]{section.2}{\376\377\000R\000e\000l\000a\000t\000e\000d\000\040\000W\000o\000r\000k}{}% 4
\BOOKMARK [2][-]{subsubsection.2.0.1}{\376\377\000S\000o\000f\000t\000w\000a\000r\000e\000\040\000E\000c\000o\000s\000y\000s\000t\000e\000m\000\040\000D\000y\000n\000a\000m\000i\000c\000s}{section.2}% 5
\BOOKMARK [3][-]{subsubsection.2.0.2}{\376\377\000T\000i\000m\000e\000\040\000S\000e\000r\000i\000e\000s\000\040\000C\000l\000u\000s\000t\000e\000r\000i\000n\000g}{subsubsection.2.0.1}% 6
\BOOKMARK [3][-]{subsubsection.2.0.3}{\376\377\000C\000h\000a\000n\000g\000e\000p\000o\000i\000n\000t\000\040\000D\000e\000t\000e\000c\000t\000i\000o\000n}{subsubsection.2.0.1}% 7
\BOOKMARK [1][-]{section.3}{\376\377\000M\000e\000t\000h\000o\000d\000o\000l\000o\000g\000y}{}% 8
\BOOKMARK [2][-]{subsubsection.3.0.1}{\376\377\0003\000.\0001\000\040\000D\000a\000t\000a\000\040\000C\000o\000l\000l\000e\000c\000t\000i\000o\000n\000\040\000a\000n\000d\000\040\000P\000r\000e\000p\000r\000o\000c\000e\000s\000s\000i\000n\000g}{section.3}% 9
\BOOKMARK [3][-]{subsubsection.3.0.2}{\376\377\0003\000.\0002\000\040\000L\000e\000v\000e\000l\000\040\0001\000:\000\040\000P\000E\000L\000T\000\040\000C\000h\000a\000n\000g\000e\000p\000o\000i\000n\000t\000\040\000D\000e\000t\000e\000c\000t\000i\000o\000n}{subsubsection.3.0.1}% 10
\BOOKMARK [3][-]{subsubsection.3.0.3}{\376\377\0003\000.\0003\000\040\000L\000e\000v\000e\000l\000\040\0002\000:\000\040\000D\000T\000W\000\040\000T\000r\000a\000j\000e\000c\000t\000o\000r\000y\000\040\000C\000l\000u\000s\000t\000e\000r\000i\000n\000g}{subsubsection.3.0.1}% 11
\BOOKMARK [3][-]{subsubsection.3.0.4}{\376\377\0003\000.\0004\000\040\000S\000t\000a\000b\000i\000l\000i\000t\000y\000\040\000V\000a\000l\000i\000d\000a\000t\000i\000o\000n}{subsubsection.3.0.1}% 12
\BOOKMARK [1][-]{section.4}{\376\377\000E\000x\000p\000e\000r\000i\000m\000e\000n\000t\000a\000l\000\040\000S\000e\000t\000u\000p}{}% 13
\BOOKMARK [2][-]{subsubsection.4.0.1}{\376\377\0004\000.\0001\000\040\000R\000e\000s\000e\000a\000r\000c\000h\000\040\000Q\000u\000e\000s\000t\000i\000o\000n\000s}{section.4}% 14
\BOOKMARK [3][-]{subsubsection.4.0.2}{\376\377\0004\000.\0002\000\040\000D\000a\000t\000a\000s\000e\000t}{subsubsection.4.0.1}% 15
\BOOKMARK [3][-]{subsubsection.4.0.3}{\376\377\0004\000.\0003\000\040\000B\000a\000s\000e\000l\000i\000n\000e\000s}{subsubsection.4.0.1}% 16
\BOOKMARK [3][-]{subsubsection.4.0.4}{\376\377\0004\000.\0004\000\040\000I\000m\000p\000l\000e\000m\000e\000n\000t\000a\000t\000i\000o\000n}{subsubsection.4.0.1}% 17
\BOOKMARK [1][-]{section.5}{\376\377\000R\000e\000s\000u\000l\000t\000s}{}% 18
\BOOKMARK [2][-]{subsubsection.5.0.1}{\376\377\0005\000.\0001\000\040\000R\000Q\0001\000:\000\040\000C\000l\000u\000s\000t\000e\000r\000i\000n\000g\000\040\000S\000t\000r\000u\000c\000t\000u\000r\000e}{section.5}% 19
\BOOKMARK [3][-]{subsubsection.5.0.2}{\376\377\0005\000.\0002\000\040\000R\000Q\0002\000:\000\040\000P\000h\000a\000s\000e\000\040\000D\000e\000t\000e\000c\000t\000i\000o\000n}{subsubsection.5.0.1}% 20
\BOOKMARK [3][-]{subsubsection.5.0.3}{\376\377\0005\000.\0003\000\040\000R\000Q\0003\000:\000\040\000S\000h\000a\000p\000e\000\040\000D\000i\000f\000f\000e\000r\000e\000n\000t\000i\000a\000t\000i\000o\000n}{subsubsection.5.0.1}% 21
\BOOKMARK [3][-]{subsubsection.5.0.4}{\376\377\0005\000.\0004\000\040\000R\000Q\0004\000:\000\040\000A\000r\000c\000h\000e\000t\000y\000p\000e\000\040\000R\000e\000c\000o\000v\000e\000r\000y}{subsubsection.5.0.1}% 22
\BOOKMARK [3][-]{subsubsection.5.0.5}{\376\377\0005\000.\0005\000\040\000S\000u\000m\000m\000a\000r\000y}{subsubsection.5.0.1}% 23
\BOOKMARK [1][-]{section.6}{\376\377\000D\000i\000s\000c\000u\000s\000s\000i\000o\000n}{}% 24
\BOOKMARK [2][-]{subsubsection.6.0.1}{\376\377\0006\000.\0001\000\040\000F\000i\000n\000d\000i\000n\000g\000s}{section.6}% 25
\BOOKMARK [3][-]{subsubsection.6.0.2}{\376\377\0006\000.\0002\000\040\000L\000i\000m\000i\000t\000a\000t\000i\000o\000n\000s}{subsubsection.6.0.1}% 26
\BOOKMARK [3][-]{subsubsection.6.0.3}{\376\377\0006\000.\0003\000\040\000I\000m\000p\000l\000i\000c\000a\000t\000i\000o\000n\000s}{subsubsection.6.0.1}% 27
\BOOKMARK [1][-]{section.7}{\376\377\000C\000o\000n\000c\000l\000u\000s\000i\000o\000n}{}% 28
\BOOKMARK [2][-]{subsubsection.7.0.1}{\376\377\000F\000u\000t\000u\000r\000e\000\040\000W\000o\000r\000k}{section.7}% 29
