H-E1 Quotient Space Existence - Experiment
============================================================
Using device: cuda

============================================================
Running experiment: K=32, λ_equiv=0.5
============================================================

Creating dataloaders...
Creating model...
Training model...
Epoch 10/20 - Loss: 0.1942, Val: 0.1837
Early stopping at epoch 12
Loading best checkpoint...
Evaluating model...
Computing reconstruction error...
Computing frozen-K generalization...
Computing kernel robustness...

Results:
  Reconstruction Error: 19.18%
  Frozen-K Generalization: 10.31%
  Kernel Robustness: 0.00%
Generating visualizations...
Generating t-SNE visualization...

============================================================
GATE VERDICT
============================================================
Reconstruction Error: 19.18% (target: <10.0%) ✗
Frozen-K Generalization: 10.31% (target: <10.0%) ✗
Kernel Robustness: 0.00% (target: ≥90.0%) ✗

Overall: FAIL
============================================================

EXPERIMENT COMPLETE
Results saved to ./results/experiment_results.json
Figures saved to ./figures/
