\BOOKMARK [1][-]{section.1}{\376\377\000I\000n\000t\000r\000o\000d\000u\000c\000t\000i\000o\000n}{}% 1
\BOOKMARK [2][-]{subsubsection.1.0.1}{\376\377\0001\000.\0001\000\040\000T\000h\000e\000\040\000M\000u\000l\000t\000i\000-\000O\000b\000j\000e\000c\000t\000i\000v\000e\000\040\000N\000a\000t\000u\000r\000e\000\040\000o\000f\000\040\000A\000t\000t\000r\000i\000b\000u\000t\000i\000o\000n\000\040\000Q\000u\000a\000l\000i\000t\000y}{section.1}% 2
\BOOKMARK [3][-]{subsubsection.1.0.2}{\376\377\0001\000.\0002\000\040\000F\000r\000o\000m\000\040\000S\000i\000n\000g\000l\000e\000-\000M\000e\000t\000r\000i\000c\000\040\000t\000o\000\040\000M\000u\000l\000t\000i\000-\000O\000b\000j\000e\000c\000t\000i\000v\000e\000\040\000E\000v\000a\000l\000u\000a\000t\000i\000o\000n}{subsubsection.1.0.1}% 3
\BOOKMARK [3][-]{subsubsection.1.0.3}{\376\377\0001\000.\0003\000\040\000C\000o\000n\000t\000r\000i\000b\000u\000t\000i\000o\000n\000s}{subsubsection.1.0.1}% 4
\BOOKMARK [1][-]{section.2}{\376\377\000R\000e\000l\000a\000t\000e\000d\000\040\000W\000o\000r\000k}{}% 5
\BOOKMARK [2][-]{subsubsection.2.0.1}{\376\377\0002\000.\0001\000\040\000I\000n\000f\000l\000u\000e\000n\000c\000e\000\040\000F\000u\000n\000c\000t\000i\000o\000n\000s\000\040\000a\000n\000d\000\040\000T\000h\000e\000i\000r\000\040\000L\000i\000m\000i\000t\000a\000t\000i\000o\000n\000s}{section.2}% 6
\BOOKMARK [3][-]{subsubsection.2.0.2}{\376\377\0002\000.\0002\000\040\000S\000c\000a\000l\000a\000b\000l\000e\000\040\000A\000t\000t\000r\000i\000b\000u\000t\000i\000o\000n\000\040\000A\000p\000p\000r\000o\000x\000i\000m\000a\000t\000i\000o\000n\000s}{subsubsection.2.0.1}% 7
\BOOKMARK [3][-]{subsubsection.2.0.3}{\376\377\0002\000.\0003\000\040\000E\000v\000a\000l\000u\000a\000t\000i\000o\000n\000\040\000P\000r\000o\000t\000o\000c\000o\000l\000s\000\040\000a\000n\000d\000\040\000B\000e\000n\000c\000h\000m\000a\000r\000k\000s}{subsubsection.2.0.1}% 8
\BOOKMARK [3][-]{subsubsection.2.0.4}{\376\377\0002\000.\0004\000\040\000P\000o\000s\000i\000t\000i\000o\000n\000i\000n\000g}{subsubsection.2.0.1}% 9
\BOOKMARK [1][-]{section.3}{\376\377\000M\000e\000t\000h\000o\000d\000o\000l\000o\000g\000y}{}% 10
\BOOKMARK [2][-]{subsubsection.3.0.1}{\376\377\0003\000.\0001\000\040\000Q\000u\000a\000l\000i\000t\000y\000\040\000M\000e\000t\000r\000i\000c\000s\000\040\000f\000o\000r\000\040\000A\000t\000t\000r\000i\000b\000u\000t\000i\000o\000n}{section.3}% 11
\BOOKMARK [3][-]{subsubsection.3.0.2}{\376\377\0003\000.\0002\000\040\000C\000o\000m\000p\000u\000t\000e\000\040\000N\000o\000r\000m\000a\000l\000i\000z\000a\000t\000i\000o\000n\000\040\000v\000i\000a\000\040\000G\000r\000a\000d\000i\000e\000n\000t\000-\000E\000q\000u\000i\000v\000a\000l\000e\000n\000t\000\040\000O\000p\000e\000r\000a\000t\000i\000o\000n\000s}{subsubsection.3.0.1}% 12
\BOOKMARK [3][-]{subsubsection.3.0.3}{\376\377\0003\000.\0003\000\040\000H\000y\000p\000o\000t\000h\000e\000s\000i\000s\000-\000D\000r\000i\000v\000e\000n\000\040\000V\000a\000l\000i\000d\000a\000t\000i\000o\000n\000\040\000S\000t\000r\000u\000c\000t\000u\000r\000e}{subsubsection.3.0.1}% 13
\BOOKMARK [1][-]{section.4}{\376\377\000E\000x\000p\000e\000r\000i\000m\000e\000n\000t\000a\000l\000\040\000S\000e\000t\000u\000p}{}% 14
\BOOKMARK [2][-]{subsubsection.4.0.1}{\376\377\0004\000.\0001\000\040\000D\000a\000t\000a\000s\000e\000t\000s\000\040\000a\000n\000d\000\040\000M\000o\000d\000e\000l\000s}{section.4}% 15
\BOOKMARK [3][-]{subsubsection.4.0.2}{\376\377\0004\000.\0002\000\040\000A\000t\000t\000r\000i\000b\000u\000t\000i\000o\000n\000\040\000M\000e\000t\000h\000o\000d\000s}{subsubsection.4.0.1}% 16
\BOOKMARK [3][-]{subsubsection.4.0.3}{\376\377\0004\000.\0003\000\040\000I\000m\000p\000l\000e\000m\000e\000n\000t\000a\000t\000i\000o\000n\000\040\000D\000e\000t\000a\000i\000l\000s}{subsubsection.4.0.1}% 17
\BOOKMARK [3][-]{subsubsection.4.0.4}{\376\377\0004\000.\0004\000\040\000S\000t\000a\000t\000i\000s\000t\000i\000c\000a\000l\000\040\000A\000n\000a\000l\000y\000s\000i\000s}{subsubsection.4.0.1}% 18
\BOOKMARK [1][-]{section.5}{\376\377\000R\000e\000s\000u\000l\000t\000s}{}% 19
\BOOKMARK [2][-]{subsubsection.5.0.1}{\376\377\0005\000.\0001\000\040\000H\000-\000E\0001\000:\000\040\000P\000a\000r\000e\000t\000o\000\040\000T\000r\000a\000d\000e\000-\000o\000f\000f\000s\000\040\000E\000x\000i\000s\000t}{section.5}% 20
\BOOKMARK [3][-]{subsubsection.5.0.2}{\376\377\0005\000.\0002\000\040\000H\000-\000M\0001\000:\000\040\000C\000o\000n\000v\000e\000x\000\040\000S\000e\000t\000t\000i\000n\000g\000s\000\040\000S\000h\000o\000w\000\040\000M\000e\000t\000r\000i\000c\000\040\000C\000o\000u\000p\000l\000i\000n\000g}{subsubsection.5.0.1}% 21
\BOOKMARK [3][-]{subsubsection.5.0.3}{\376\377\0005\000.\0003\000\040\000H\000-\000M\0002\000:\000\040\000D\000e\000e\000p\000\040\000N\000e\000t\000w\000o\000r\000k\000s\000\040\000S\000h\000o\000w\000\040\000M\000e\000t\000r\000i\000c\000\040\000D\000e\000c\000o\000u\000p\000l\000i\000n\000g}{subsubsection.5.0.1}% 22
\BOOKMARK [3][-]{subsubsection.5.0.4}{\376\377\0005\000.\0004\000\040\000H\000-\000M\0003\000:\000\040\000M\000e\000t\000h\000o\000d\000s\000\040\000I\000d\000e\000n\000t\000i\000f\000y\000\040\000D\000i\000f\000f\000e\000r\000e\000n\000t\000\040\000I\000n\000f\000l\000u\000e\000n\000t\000i\000a\000l\000\040\000E\000x\000a\000m\000p\000l\000e\000s}{subsubsection.5.0.1}% 23
\BOOKMARK [3][-]{subsubsection.5.0.5}{\376\377\0005\000.\0005\000\040\000S\000u\000m\000m\000a\000r\000y}{subsubsection.5.0.1}% 24
\BOOKMARK [1][-]{section.6}{\376\377\000D\000i\000s\000c\000u\000s\000s\000i\000o\000n}{}% 25
\BOOKMARK [2][-]{subsubsection.6.0.1}{\376\377\0006\000.\0001\000\040\000K\000e\000y\000\040\000F\000i\000n\000d\000i\000n\000g\000s}{section.6}% 26
\BOOKMARK [3][-]{subsubsection.6.0.2}{\376\377\0006\000.\0002\000\040\000P\000r\000a\000c\000t\000i\000c\000a\000l\000\040\000G\000u\000i\000d\000a\000n\000c\000e}{subsubsection.6.0.1}% 27
\BOOKMARK [3][-]{subsubsection.6.0.3}{\376\377\0006\000.\0003\000\040\000L\000i\000m\000i\000t\000a\000t\000i\000o\000n\000s}{subsubsection.6.0.1}% 28
\BOOKMARK [3][-]{subsubsection.6.0.4}{\376\377\0006\000.\0004\000\040\000B\000r\000o\000a\000d\000e\000r\000\040\000I\000m\000p\000l\000i\000c\000a\000t\000i\000o\000n\000s}{subsubsection.6.0.1}% 29
\BOOKMARK [1][-]{section.7}{\376\377\000C\000o\000n\000c\000l\000u\000s\000i\000o\000n}{}% 30
