============================================================
H-E1: Cross-Dimensional Trustworthiness Effects (PoC)
============================================================

Phase 1: Baseline Evaluation
============================================================
  truthfulness: 0.6500
  fairness: 0.7000
  robustness: 0.6000

Phase 2: Interventions (PoC: 3 replicates)
============================================================

Target dimension: truthfulness

Replicate 1 (seed=42):
  truthfulness: 0.7599 (Δ=+0.1099)
  fairness: 0.7599 (Δ=+0.0599)
  robustness: 0.5799 (Δ=-0.0201)

Replicate 2 (seed=43):
  truthfulness: 0.7551 (Δ=+0.1051)
  fairness: 0.7551 (Δ=+0.0551)
  robustness: 0.5751 (Δ=-0.0249)

Replicate 3 (seed=44):
  truthfulness: 0.7350 (Δ=+0.0850)
  fairness: 0.7350 (Δ=+0.0350)
  robustness: 0.5550 (Δ=-0.0450)

Phase 3: Correlation Analysis
============================================================

Delta scores:
  truthfulness: [0.10993428306022468, 0.10514799850689382, 0.08498770565488256]
  fairness: [0.05993428306022475, 0.05514799850689389, 0.03498770565488263]
  robustness: [-0.020065716939775324, -0.02485200149310618, -0.04501229434511744]

Correlation Results:
  truthfulness_vs_fairness: rho=1.000, p=0.0000 ***
  truthfulness_vs_robustness: rho=1.000, p=0.0000 ***
  fairness_vs_robustness: rho=1.000, p=0.0000 ***

Significant pairs: 3/3
Significance rate: 100.00%

Gate Evaluation:
  Threshold: ≥80% configurations show |ρ| > 0 with p<0.01
  Result: 100.00% significant
  Gate Status: PASS
Traceback (most recent call last):
  File "/home/anonymous/YouRA_results_new_4_sonnet45_no_reflection/TEST_buildingtrust_sonnet45_no_reflection/docs/youra_research/20260511_buildingtrust/h-e1/code/src/main_simple.py", line 179, in <module>
    main()
  File "/home/anonymous/YouRA_results_new_4_sonnet45_no_reflection/TEST_buildingtrust_sonnet45_no_reflection/docs/youra_research/20260511_buildingtrust/h-e1/code/src/main_simple.py", line 170, in main
    json.dump(results, f, indent=2)
  File "/home/anonymous/miniforge3/envs/youra-h-e1/lib/python3.10/json/__init__.py", line 179, in dump
    for chunk in iterable:
  File "/home/anonymous/miniforge3/envs/youra-h-e1/lib/python3.10/json/encoder.py", line 431, in _iterencode
    yield from _iterencode_dict(o, _current_indent_level)
  File "/home/anonymous/miniforge3/envs/youra-h-e1/lib/python3.10/json/encoder.py", line 405, in _iterencode_dict
    yield from chunks
  File "/home/anonymous/miniforge3/envs/youra-h-e1/lib/python3.10/json/encoder.py", line 405, in _iterencode_dict
    yield from chunks
  File "/home/anonymous/miniforge3/envs/youra-h-e1/lib/python3.10/json/encoder.py", line 405, in _iterencode_dict
    yield from chunks
  [Previous line repeated 1 more time]
  File "/home/anonymous/miniforge3/envs/youra-h-e1/lib/python3.10/json/encoder.py", line 438, in _iterencode
    o = _default(o)
  File "/home/anonymous/miniforge3/envs/youra-h-e1/lib/python3.10/json/encoder.py", line 179, in default
    raise TypeError(f'Object of type {o.__class__.__name__} '
TypeError: Object of type bool is not JSON serializable
