2026-03-14 22:47:15,061 [INFO] Starting experiment h-e1
2026-03-14 22:47:15,061 [INFO] Model: all-MiniLM-L6-v2, cache_dir: /home/anonymous/YouRA_results_new_4/TEST_bi_align/docs/youra_research/20260315_bi_align/.data_cache/datasets/hh-rlhf, output_dir: /home/anonymous/YouRA_results_new_4/TEST_bi_align/docs/youra_research/20260315_bi_align/h-e1/code/outputs_dryrun
2026-03-14 22:47:15,061 [INFO] Loading HH-RLHF splits...
2026-03-14 22:47:24,237 [INFO] Loaded 118263 conversations
2026-03-14 22:47:24,237 [INFO] Extracting (h_next, a_actual, h_prompt) pairs...
2026-03-14 22:47:26,445 [INFO] Extracted 155362 pairs
2026-03-14 22:47:26,489 [INFO] Subsampled to 500 pairs
2026-03-14 22:47:26,490 [INFO] Computing embeddings...
2026-03-14 22:47:30,422 [INFO] Embeddings shape: (500, 384)
2026-03-14 22:47:30,422 [INFO] Building control embeddings...
2026-03-14 22:47:30,434 [INFO] Control embeddings built
2026-03-14 22:47:30,434 [INFO] Computing cosine similarities...
2026-03-14 22:47:30,434 [INFO] cos_actual mean (before resid): 0.3348
2026-03-14 22:47:30,434 [INFO] Applying residualization (length + lexical overlap)...
2026-03-14 22:47:30,437 [INFO] cos_actual mean (after resid): 0.0000
2026-03-14 22:47:30,437 [INFO] Running statistical tests on raw cosine similarities...
2026-03-14 22:47:41,491 [INFO] Starting experiment h-e1
2026-03-14 22:47:41,491 [INFO] Model: all-MiniLM-L6-v2, cache_dir: /home/anonymous/YouRA_results_new_4/TEST_bi_align/docs/youra_research/20260315_bi_align/.data_cache/datasets/hh-rlhf, output_dir: /home/anonymous/YouRA_results_new_4/TEST_bi_align/docs/youra_research/20260315_bi_align/h-e1/code/outputs_dryrun
2026-03-14 22:47:41,491 [INFO] Loading HH-RLHF splits...
2026-03-14 22:47:51,380 [INFO] Loaded 118263 conversations
2026-03-14 22:47:51,380 [INFO] Extracting (h_next, a_actual, h_prompt) pairs...
2026-03-14 22:47:53,633 [INFO] Extracted 155362 pairs
2026-03-14 22:47:53,670 [INFO] Subsampled to 1500 pairs
2026-03-14 22:47:53,670 [INFO] Computing embeddings...
2026-03-14 22:47:57,068 [INFO] Embeddings shape: (500, 384)
2026-03-14 22:47:57,068 [INFO] Building control embeddings...
2026-03-14 22:47:57,078 [INFO] Control embeddings built
2026-03-14 22:47:57,078 [INFO] Computing cosine similarities...
2026-03-14 22:47:57,078 [INFO] cos_actual mean (before resid): 0.3348
2026-03-14 22:47:57,078 [INFO] Applying residualization (length + lexical overlap)...
2026-03-14 22:50:44,693 [INFO] Starting experiment h-e1
2026-03-14 22:50:44,693 [INFO] Model: all-MiniLM-L6-v2, cache_dir: /home/anonymous/YouRA_results_new_4/TEST_bi_align/docs/youra_research/20260315_bi_align/.data_cache/datasets/hh-rlhf, output_dir: /home/anonymous/YouRA_results_new_4/TEST_bi_align/docs/youra_research/20260315_bi_align/h-e1/code/outputs_dryrun
2026-03-14 22:50:44,693 [INFO] Loading HH-RLHF splits...
2026-03-14 22:50:55,309 [INFO] Loaded 118263 conversations
2026-03-14 22:50:55,309 [INFO] Extracting (h_next, a_actual, h_prompt) pairs...
2026-03-14 22:50:57,492 [INFO] Extracted 155362 pairs
2026-03-14 22:50:57,515 [INFO] Subsampled to 1500 pairs
2026-03-14 22:50:57,515 [INFO] Computing embeddings...
2026-03-14 22:51:01,124 [INFO] Embeddings shape: (500, 384)
2026-03-14 22:51:01,124 [INFO] Building control embeddings...
2026-03-14 22:51:01,134 [INFO] Control embeddings built
2026-03-14 22:51:01,134 [INFO] Computing cosine similarities...
2026-03-14 22:51:01,134 [INFO] cos_actual mean (before resid): 0.3348
2026-03-14 22:51:01,134 [INFO] Applying residualization (length + lexical overlap)...
2026-03-14 22:51:38,879 [INFO] Starting experiment h-e1
2026-03-14 22:51:38,879 [INFO] Model: all-MiniLM-L6-v2, cache_dir: /home/anonymous/YouRA_results_new_4/TEST_bi_align/docs/youra_research/20260315_bi_align/.data_cache/datasets/hh-rlhf, output_dir: /home/anonymous/YouRA_results_new_4/TEST_bi_align/docs/youra_research/20260315_bi_align/h-e1/code/outputs_dryrun
2026-03-14 22:51:38,879 [INFO] Loading HH-RLHF splits...
2026-03-14 22:51:50,296 [INFO] Loaded 118263 conversations
2026-03-14 22:51:50,296 [INFO] Extracting (h_next, a_actual, h_prompt) pairs...
2026-03-14 22:51:52,591 [INFO] Extracted 155362 pairs
2026-03-14 22:51:52,649 [INFO] Subsampled to 1500 pairs
2026-03-14 22:51:52,650 [INFO] Computing embeddings...
2026-03-14 22:51:57,078 [INFO] Embeddings shape: (1500, 384)
2026-03-14 22:51:57,079 [INFO] Building control embeddings...
2026-03-14 22:51:57,138 [INFO] Control embeddings built
2026-03-14 22:51:57,138 [INFO] Computing cosine similarities...
2026-03-14 22:51:57,139 [INFO] cos_actual mean (before resid): 0.3426
2026-03-14 22:51:57,139 [INFO] Applying residualization (length + lexical overlap)...
2026-03-14 22:51:57,142 [INFO] cos_actual mean (after resid): -0.0000
2026-03-14 22:51:57,142 [INFO] Running statistical tests on raw cosine similarities...
2026-03-14 22:51:57,307 [INFO] Running statistical tests on residualized cosine similarities...
2026-03-14 22:51:57,470 [INFO] C_sem (resid) = -0.000000
2026-03-14 22:51:57,470 [INFO] C_sem = 0.315418
2026-03-14 22:51:57,470 [INFO] C_sem 95% CI = [0.302566, 0.327794]
2026-03-14 22:51:57,470 [INFO] Mechanism activated: True
2026-03-14 22:51:57,470 [INFO] Indicators: {'embeddings_computed': True, 'c_sem_positive': True, 'ci_lower_positive': np.True_, 'ordering_holds': True, 'sufficient_pairs': True}
2026-03-14 22:51:57,470 [INFO] Generating figures...
2026-03-14 22:51:59,072 [INFO] Figures saved
2026-03-14 22:51:59,072 [INFO] Results saved to /home/anonymous/YouRA_results_new_4/TEST_bi_align/docs/youra_research/20260315_bi_align/h-e1/code/outputs_dryrun/results.json
2026-03-14 22:51:59,072 [INFO] Gate passed: True
