/home/anonymous/miniforge3/envs/youra-h-m1/lib/python3.10/site-packages/requests/__init__.py:113: RequestsDependencyWarning: urllib3 (1.26.20) or chardet (7.0.1)/charset_normalizer (3.4.5) doesn't match a supported version!
  warnings.warn(
2026-03-15 06:09:30,475 [INFO] __main__: Starting h-m1 experiment (dry_run=False)
2026-03-15 06:09:30,475 [INFO] __main__: Step 1: Loading tier data...
2026-03-15 06:09:30,475 [INFO] data_loader: Loading tier: helpful-base
2026-03-15 06:09:34,692 [INFO] data_loader: Tier helpful-base: 63830 pairs extracted
2026-03-15 06:09:34,692 [INFO] data_loader: Loading tier: helpful-rejection-sampled
2026-03-15 06:09:37,840 [INFO] data_loader: Tier helpful-rejection-sampled: 65359 pairs extracted
2026-03-15 06:09:37,840 [INFO] data_loader: Loading tier: helpful-online
2026-03-15 06:09:40,253 [INFO] data_loader: Tier helpful-online: 26173 pairs extracted
2026-03-15 06:09:40,262 [INFO] __main__: Tier sizes:
2026-03-15 06:09:40,262 [INFO] __main__:   helpful-base: 63830 pairs
2026-03-15 06:09:40,262 [INFO] __main__:   helpful-rejection-sampled: 65359 pairs
2026-03-15 06:09:40,262 [INFO] __main__:   helpful-online: 26173 pairs
2026-03-15 06:09:40,262 [INFO] __main__: Step 2: KS test on tier prompt distributions...
2026-03-15 06:09:40,563 [INFO] sentence_transformers.SentenceTransformer: Use pytorch device_name: cuda:0
2026-03-15 06:09:40,563 [INFO] sentence_transformers.SentenceTransformer: Load pretrained SentenceTransformer: all-MiniLM-L6-v2
2026-03-15 06:09:44,639 [INFO] __main__: KS test complete. IPW triggered: True
2026-03-15 06:09:44,639 [INFO] __main__: Step 3: Running 3-model × 3-tier analysis...
2026-03-15 06:09:44,639 [INFO] __main__:   Model: all-MiniLM-L6-v2 (minilm)
2026-03-15 06:09:44,641 [INFO] sentence_transformers.SentenceTransformer: Use pytorch device_name: cuda:0
2026-03-15 06:09:44,641 [INFO] sentence_transformers.SentenceTransformer: Load pretrained SentenceTransformer: all-MiniLM-L6-v2
2026-03-15 06:11:14,898 [INFO] accommodation: Tier helpful-base C_sem computed: 0.3036
2026-03-15 06:12:45,914 [INFO] accommodation: Tier helpful-rejection-sampled C_sem computed: 0.3367
2026-03-15 06:13:00,804 [INFO] accommodation: Tier helpful-online C_sem computed: 0.3678
2026-03-15 06:13:00,817 [INFO] __main__: Tier helpful-base C_sem computed: 0.3036
2026-03-15 06:13:00,817 [INFO] __main__: Tier helpful-rejection-sampled C_sem computed: 0.3367
2026-03-15 06:13:00,817 [INFO] __main__: Tier helpful-online C_sem computed: 0.3678
2026-03-15 07:57:35,933 [INFO] __main__:   J-T test: stat=4039609994.00, p=0.0010
2026-03-15 07:57:37,170 [INFO] __main__:   Model: paraphrase-MiniLM-L6-v2 (paraphrase)
2026-03-15 07:57:37,173 [INFO] sentence_transformers.SentenceTransformer: Use pytorch device_name: cuda:0
2026-03-15 07:57:37,173 [INFO] sentence_transformers.SentenceTransformer: Load pretrained SentenceTransformer: paraphrase-MiniLM-L6-v2
2026-03-15 07:59:06,382 [INFO] accommodation: Tier helpful-base C_sem computed: 0.2714
2026-03-15 08:00:35,165 [INFO] accommodation: Tier helpful-rejection-sampled C_sem computed: 0.3068
2026-03-15 08:00:49,716 [INFO] accommodation: Tier helpful-online C_sem computed: 0.3456
2026-03-15 08:00:49,728 [INFO] __main__: Tier helpful-base C_sem computed: 0.2714
2026-03-15 08:00:49,728 [INFO] __main__: Tier helpful-rejection-sampled C_sem computed: 0.3068
2026-03-15 08:00:49,728 [INFO] __main__: Tier helpful-online C_sem computed: 0.3456
2026-03-15 09:45:01,815 [INFO] __main__:   J-T test: stat=4116983176.50, p=0.0010
2026-03-15 09:45:03,051 [INFO] __main__:   Model: all-mpnet-base-v2 (mpnet)
2026-03-15 09:45:03,054 [INFO] sentence_transformers.SentenceTransformer: Use pytorch device_name: cuda:0
2026-03-15 09:45:03,054 [INFO] sentence_transformers.SentenceTransformer: Load pretrained SentenceTransformer: all-mpnet-base-v2
2026-03-15 09:46:37,239 [INFO] accommodation: Tier helpful-base C_sem computed: 0.3138
2026-03-15 09:48:11,628 [INFO] accommodation: Tier helpful-rejection-sampled C_sem computed: 0.3483
2026-03-15 09:48:26,629 [INFO] accommodation: Tier helpful-online C_sem computed: 0.3820
2026-03-15 09:48:26,656 [INFO] __main__: Tier helpful-base C_sem computed: 0.3138
2026-03-15 09:48:26,656 [INFO] __main__: Tier helpful-rejection-sampled C_sem computed: 0.3483
2026-03-15 09:48:26,656 [INFO] __main__: Tier helpful-online C_sem computed: 0.3820
2026-03-15 11:32:21,847 [INFO] __main__:   J-T test: stat=4090937042.00, p=0.0010
2026-03-15 11:32:23,084 [INFO] __main__: Step 4: Checking model consistency...
2026-03-15 11:32:23,084 [INFO] __main__: Consistency: 3/3 models pass gate
2026-03-15 11:32:26,686 [INFO] __main__: Step 6: Computing IPW-corrected C_sem (KS triggered)...
2026-03-15 11:32:38,536 [INFO] __main__: Mechanism activated: True
2026-03-15 11:32:40,107 [INFO] __main__: Validation report saved: /home/anonymous/YouRA_results_new_4/TEST_bi_align/docs/youra_research/20260315_bi_align/h-m1/outputs/04_validation.md
2026-03-15 11:32:40,108 [INFO] __main__: Results saved: /home/anonymous/YouRA_results_new_4/TEST_bi_align/docs/youra_research/20260315_bi_align/h-m1/outputs/experiment_results.json
2026-03-15 11:32:40,622 [INFO] __main__: Generated: tier_csem_bars.png
2026-03-15 11:32:40,779 [INFO] __main__: Generated: tier_monotonicity_lines.png
2026-03-15 11:32:40,983 [INFO] __main__: Generated: cohend_heatmap.png
2026-03-15 11:32:41,231 [INFO] __main__: Generated: tier_violin.png
2026-03-15 11:32:41,884 [INFO] __main__: Generated: bootstrap_kde_tiers.png
2026-03-15 11:32:41,997 [INFO] __main__: Generated: ipw_comparison.png
2026-03-15 11:32:42,091 [INFO] __main__: Generated: ks_summary.png
2026-03-15 11:32:42,091 [INFO] __main__: Experiment complete. Gate: PASS

