Epoch 1: loss=0.2133, acc=0.9178
Epoch 2: loss=0.1255, acc=0.9529
Epoch 3: loss=0.0948, acc=0.9625
Epoch 4: loss=0.0915, acc=0.9685
Epoch 5: loss=0.0881, acc=0.9666
Checkpoint saved: ./checkpoints/h-e1/waterbirds/epoch_005.pt
Epoch 1: loss=0.1641, acc=0.9346
Epoch 2: loss=0.1362, acc=0.9452
Epoch 3: loss=0.1293, acc=0.9482
Epoch 4: loss=0.1271, acc=0.9488
Epoch 5: loss=0.1240, acc=0.9500
Checkpoint saved: ./checkpoints/h-e1/celeba/epoch_005.pt
Embeddings extracted: shape (4795, 2048)
Saved: ./embeddings/h-e1/waterbirds_epoch5.npy, ./embeddings/h-e1/waterbirds_labels.npy, ./embeddings/h-e1/waterbirds_group_ids.npy
Embeddings extracted: shape (162770, 2048)
Saved: ./embeddings/h-e1/celeba_epoch5.npy, ./embeddings/h-e1/celeba_labels.npy, ./embeddings/h-e1/celeba_group_ids.npy

============================================================
H-E1 GATE EVALUATION
============================================================

Running k-means probe on waterbirds...
  AMI=0.7622, Purity=0.8919
  Random baseline: AMI=0.0001, Purity=0.7276
  Mechanism OK: True

Running k-means probe on celeba...
  AMI=0.2578, Purity=0.4557
  Random baseline: AMI=-0.0000, Purity=0.4395
  Mechanism OK: False

Dataset              AMI   Purity   AMI>=0.5 Purity>=0.75   Pass
----------------------------------------------------------------
waterbirds        0.7622   0.8919          Y            Y      Y
celeba            0.2578   0.4557          N            N      N

============================================================
GATE: FAIL -- H-M1, H-M2, H-M3, H-M4, H-C1 BLOCKED
============================================================
Results saved: ./results/h-e1/overall_results.yaml
Saved: /home/anonymous/YouRA_results_new_4_sonnet46_no_reflection/TEST_scsl_sonnet46_no_reflection/docs/youra_research/20260520_scsl/h-e1/figures/metrics_bar.png
Saved: /home/anonymous/YouRA_results_new_4_sonnet46_no_reflection/TEST_scsl_sonnet46_no_reflection/docs/youra_research/20260520_scsl/h-e1/figures/tsne_class_waterbirds.png
Saved: /home/anonymous/YouRA_results_new_4_sonnet46_no_reflection/TEST_scsl_sonnet46_no_reflection/docs/youra_research/20260520_scsl/h-e1/figures/tsne_group_waterbirds.png
Saved: /home/anonymous/YouRA_results_new_4_sonnet46_no_reflection/TEST_scsl_sonnet46_no_reflection/docs/youra_research/20260520_scsl/h-e1/figures/tsne_cluster_waterbirds.png
Saved: /home/anonymous/YouRA_results_new_4_sonnet46_no_reflection/TEST_scsl_sonnet46_no_reflection/docs/youra_research/20260520_scsl/h-e1/figures/cluster_composition_waterbirds.png
Saved: /home/anonymous/YouRA_results_new_4_sonnet46_no_reflection/TEST_scsl_sonnet46_no_reflection/docs/youra_research/20260520_scsl/h-e1/figures/tsne_class_celeba.png
Saved: /home/anonymous/YouRA_results_new_4_sonnet46_no_reflection/TEST_scsl_sonnet46_no_reflection/docs/youra_research/20260520_scsl/h-e1/figures/tsne_group_celeba.png
Saved: /home/anonymous/YouRA_results_new_4_sonnet46_no_reflection/TEST_scsl_sonnet46_no_reflection/docs/youra_research/20260520_scsl/h-e1/figures/tsne_cluster_celeba.png
Saved: /home/anonymous/YouRA_results_new_4_sonnet46_no_reflection/TEST_scsl_sonnet46_no_reflection/docs/youra_research/20260520_scsl/h-e1/figures/cluster_composition_celeba.png
============================================================
H-E1: Spurious Direction Recovery via K-Means Clustering
============================================================

[1/5] Training ERM on Waterbirds (5 epochs)...

>>> /home/anonymous/miniforge3/envs/youra-h-e1/bin/python /home/anonymous/YouRA_results_new_4_sonnet46_no_reflection/TEST_scsl_sonnet46_no_reflection/docs/youra_research/20260520_scsl/h-e1/code/train.py --config /home/anonymous/YouRA_results_new_4_sonnet46_no_reflection/TEST_scsl_sonnet46_no_reflection/docs/youra_research/20260520_scsl/h-e1/code/configs/waterbirds.yaml --dataset waterbirds --output_dir ./checkpoints/h-e1/waterbirds --stop_epoch 5

[2/5] Training ERM on CelebA (5 epochs)...

>>> /home/anonymous/miniforge3/envs/youra-h-e1/bin/python /home/anonymous/YouRA_results_new_4_sonnet46_no_reflection/TEST_scsl_sonnet46_no_reflection/docs/youra_research/20260520_scsl/h-e1/code/train.py --config /home/anonymous/YouRA_results_new_4_sonnet46_no_reflection/TEST_scsl_sonnet46_no_reflection/docs/youra_research/20260520_scsl/h-e1/code/configs/celeba.yaml --dataset celeba --output_dir ./checkpoints/h-e1/celeba --stop_epoch 5

[3/5] Extracting embeddings -- Waterbirds...

>>> /home/anonymous/miniforge3/envs/youra-h-e1/bin/python /home/anonymous/YouRA_results_new_4_sonnet46_no_reflection/TEST_scsl_sonnet46_no_reflection/docs/youra_research/20260520_scsl/h-e1/code/extract.py --ckpt ./checkpoints/h-e1/waterbirds/epoch_005.pt --dataset waterbirds --data_dir ./data/waterbirds/waterbird_complete95_forest2water2 --output_dir ./embeddings/h-e1

[4/5] Extracting embeddings -- CelebA...

>>> /home/anonymous/miniforge3/envs/youra-h-e1/bin/python /home/anonymous/YouRA_results_new_4_sonnet46_no_reflection/TEST_scsl_sonnet46_no_reflection/docs/youra_research/20260520_scsl/h-e1/code/extract.py --ckpt ./checkpoints/h-e1/celeba/epoch_005.pt --dataset celeba --data_dir ./data/celeba/celebA_v1.0 --output_dir ./embeddings/h-e1

[5/5] Gate evaluation...

>>> /home/anonymous/miniforge3/envs/youra-h-e1/bin/python /home/anonymous/YouRA_results_new_4_sonnet46_no_reflection/TEST_scsl_sonnet46_no_reflection/docs/youra_research/20260520_scsl/h-e1/code/evaluate.py --wb_embeddings ./embeddings/h-e1/waterbirds_epoch5.npy --wb_group_ids ./embeddings/h-e1/waterbirds_group_ids.npy --celeba_embeddings ./embeddings/h-e1/celeba_epoch5.npy --celeba_group_ids ./embeddings/h-e1/celeba_group_ids.npy --output_dir ./results/h-e1 --figures_dir /home/anonymous/YouRA_results_new_4_sonnet46_no_reflection/TEST_scsl_sonnet46_no_reflection/docs/youra_research/20260520_scsl/h-e1/figures --embeddings_dir ./embeddings/h-e1

============================================================
EXPERIMENT COMPLETE
============================================================
Final gate result: FAIL

