Warning: You are sending unauthenticated requests to the HF Hub. Please set a HF_TOKEN to enable higher rate limits and faster downloads.
`torch_dtype` is deprecated! Use `dtype` instead!
Traceback (most recent call last):
  File "/home/anonymous/YouRA_results_new_4_sonnet45/TEST_dl4c/docs/youra_research/20260317_dl4c/h-e1/code/run_experiment_poc.py", line 147, in run_experiment
    model_manager.load_model(model_name)
  File "/home/anonymous/YouRA_results_new_4_sonnet45/TEST_dl4c/docs/youra_research/20260317_dl4c/h-e1/code/model_manager.py", line 43, in load_model
    self.model = AutoModelForCausalLM.from_pretrained(
  File "/home/anonymous/miniforge3/envs/woo/lib/python3.10/site-packages/transformers/models/auto/auto_factory.py", line 372, in from_pretrained
    return model_class.from_pretrained(
  File "/home/anonymous/miniforge3/envs/woo/lib/python3.10/site-packages/transformers/modeling_utils.py", line 3979, in from_pretrained
    device_map = check_and_set_device_map(device_map)  # warn, error and fix the device map
  File "/home/anonymous/miniforge3/envs/woo/lib/python3.10/site-packages/transformers/integrations/accelerate.py", line 98, in check_and_set_device_map
    raise ValueError(
ValueError: Using a `device_map`, `tp_plan`, `torch.device` context manager or setting `torch.set_default_device(device)` requires `accelerate`. You can install it with `pip install accelerate`
Traceback (most recent call last):
  File "/home/anonymous/YouRA_results_new_4_sonnet45/TEST_dl4c/docs/youra_research/20260317_dl4c/h-e1/code/run_experiment_poc.py", line 147, in run_experiment
    model_manager.load_model(model_name)
  File "/home/anonymous/YouRA_results_new_4_sonnet45/TEST_dl4c/docs/youra_research/20260317_dl4c/h-e1/code/model_manager.py", line 43, in load_model
    self.model = AutoModelForCausalLM.from_pretrained(
  File "/home/anonymous/miniforge3/envs/woo/lib/python3.10/site-packages/transformers/models/auto/auto_factory.py", line 372, in from_pretrained
    return model_class.from_pretrained(
  File "/home/anonymous/miniforge3/envs/woo/lib/python3.10/site-packages/transformers/modeling_utils.py", line 3979, in from_pretrained
    device_map = check_and_set_device_map(device_map)  # warn, error and fix the device map
  File "/home/anonymous/miniforge3/envs/woo/lib/python3.10/site-packages/transformers/integrations/accelerate.py", line 98, in check_and_set_device_map
    raise ValueError(
ValueError: Using a `device_map`, `tp_plan`, `torch.device` context manager or setting `torch.set_default_device(device)` requires `accelerate`. You can install it with `pip install accelerate`
Traceback (most recent call last):
  File "/home/anonymous/YouRA_results_new_4_sonnet45/TEST_dl4c/docs/youra_research/20260317_dl4c/h-e1/code/run_experiment_poc.py", line 147, in run_experiment
    model_manager.load_model(model_name)
  File "/home/anonymous/YouRA_results_new_4_sonnet45/TEST_dl4c/docs/youra_research/20260317_dl4c/h-e1/code/model_manager.py", line 43, in load_model
    self.model = AutoModelForCausalLM.from_pretrained(
  File "/home/anonymous/miniforge3/envs/woo/lib/python3.10/site-packages/transformers/models/auto/auto_factory.py", line 372, in from_pretrained
    return model_class.from_pretrained(
  File "/home/anonymous/miniforge3/envs/woo/lib/python3.10/site-packages/transformers/modeling_utils.py", line 3979, in from_pretrained
    device_map = check_and_set_device_map(device_map)  # warn, error and fix the device map
  File "/home/anonymous/miniforge3/envs/woo/lib/python3.10/site-packages/transformers/integrations/accelerate.py", line 98, in check_and_set_device_map
    raise ValueError(
ValueError: Using a `device_map`, `tp_plan`, `torch.device` context manager or setting `torch.set_default_device(device)` requires `accelerate`. You can install it with `pip install accelerate`
Traceback (most recent call last):
  File "/home/anonymous/miniforge3/envs/woo/lib/python3.10/site-packages/huggingface_hub/utils/_http.py", line 657, in hf_raise_for_status
    response.raise_for_status()
  File "/home/anonymous/miniforge3/envs/woo/lib/python3.10/site-packages/httpx/_models.py", line 829, in raise_for_status
    raise HTTPStatusError(message, request=request, response=self)
httpx.HTTPStatusError: Client error '401 Unauthorized' for url 'https://huggingface.co/bigcode/starcoderbase-1b/resolve/main/config.json'
For more information check: https://developer.mozilla.org/en-US/docs/Web/HTTP/Status/401

The above exception was the direct cause of the following exception:

Traceback (most recent call last):
  File "/home/anonymous/miniforge3/envs/woo/lib/python3.10/site-packages/transformers/utils/hub.py", line 419, in cached_files
    hf_hub_download(
  File "/home/anonymous/miniforge3/envs/woo/lib/python3.10/site-packages/huggingface_hub/utils/_validators.py", line 89, in _inner_fn
    return fn(*args, **kwargs)
  File "/home/anonymous/miniforge3/envs/woo/lib/python3.10/site-packages/huggingface_hub/file_download.py", line 1024, in hf_hub_download
    return _hf_hub_download_to_cache_dir(
  File "/home/anonymous/miniforge3/envs/woo/lib/python3.10/site-packages/huggingface_hub/file_download.py", line 1175, in _hf_hub_download_to_cache_dir
    _raise_on_head_call_error(head_call_error, force_download, local_files_only)
  File "/home/anonymous/miniforge3/envs/woo/lib/python3.10/site-packages/huggingface_hub/file_download.py", line 1804, in _raise_on_head_call_error
    raise head_call_error
  File "/home/anonymous/miniforge3/envs/woo/lib/python3.10/site-packages/huggingface_hub/file_download.py", line 1691, in _get_metadata_or_catch_error
    metadata = get_hf_file_metadata(
  File "/home/anonymous/miniforge3/envs/woo/lib/python3.10/site-packages/huggingface_hub/utils/_validators.py", line 89, in _inner_fn
    return fn(*args, **kwargs)
  File "/home/anonymous/miniforge3/envs/woo/lib/python3.10/site-packages/huggingface_hub/file_download.py", line 1614, in get_hf_file_metadata
    response = _httpx_follow_relative_redirects(
  File "/home/anonymous/miniforge3/envs/woo/lib/python3.10/site-packages/huggingface_hub/file_download.py", line 309, in _httpx_follow_relative_redirects
    hf_raise_for_status(response)
  File "/home/anonymous/miniforge3/envs/woo/lib/python3.10/site-packages/huggingface_hub/utils/_http.py", line 677, in hf_raise_for_status
    raise _format(GatedRepoError, message, response) from e
huggingface_hub.errors.GatedRepoError: 401 Client Error. (Request ID: Root=1-69baea42-649791cd179ac9ab4d080de7;52b5bb3d-e3b6-4f67-9a80-35dfad9388b0)

Cannot access gated repo for url https://huggingface.co/bigcode/starcoderbase-1b/resolve/main/config.json.
Access to model bigcode/starcoderbase-1b is restricted. You must have access to it and be authenticated to access it. Please log in.

The above exception was the direct cause of the following exception:

Traceback (most recent call last):
  File "/home/anonymous/miniforge3/envs/woo/lib/python3.10/site-packages/transformers/models/auto/tokenization_auto.py", line 617, in from_pretrained
    config = AutoConfig.from_pretrained(
  File "/home/anonymous/miniforge3/envs/woo/lib/python3.10/site-packages/transformers/models/auto/configuration_auto.py", line 1356, in from_pretrained
    config_dict, unused_kwargs = PreTrainedConfig.get_config_dict(pretrained_model_name_or_path, **kwargs)
  File "/home/anonymous/miniforge3/envs/woo/lib/python3.10/site-packages/transformers/configuration_utils.py", line 569, in get_config_dict
    config_dict, kwargs = cls._get_config_dict(pretrained_model_name_or_path, **kwargs)
  File "/home/anonymous/miniforge3/envs/woo/lib/python3.10/site-packages/transformers/configuration_utils.py", line 624, in _get_config_dict
    resolved_config_file = cached_file(
  File "/home/anonymous/miniforge3/envs/woo/lib/python3.10/site-packages/transformers/utils/hub.py", line 276, in cached_file
    file = cached_files(path_or_repo_id=path_or_repo_id, filenames=[filename], **kwargs)
  File "/home/anonymous/miniforge3/envs/woo/lib/python3.10/site-packages/transformers/utils/hub.py", line 483, in cached_files
    raise OSError(
OSError: You are trying to access a gated repo.
Make sure to have access to it at https://huggingface.co/bigcode/starcoderbase-1b.
401 Client Error. (Request ID: Root=1-69baea42-649791cd179ac9ab4d080de7;52b5bb3d-e3b6-4f67-9a80-35dfad9388b0)

Cannot access gated repo for url https://huggingface.co/bigcode/starcoderbase-1b/resolve/main/config.json.
Access to model bigcode/starcoderbase-1b is restricted. You must have access to it and be authenticated to access it. Please log in.

During handling of the above exception, another exception occurred:

Traceback (most recent call last):
  File "/home/anonymous/miniforge3/envs/woo/lib/python3.10/site-packages/huggingface_hub/utils/_http.py", line 657, in hf_raise_for_status
    response.raise_for_status()
  File "/home/anonymous/miniforge3/envs/woo/lib/python3.10/site-packages/httpx/_models.py", line 829, in raise_for_status
    raise HTTPStatusError(message, request=request, response=self)
httpx.HTTPStatusError: Client error '401 Unauthorized' for url 'https://huggingface.co/bigcode/starcoderbase-1b/resolve/main/config.json'
For more information check: https://developer.mozilla.org/en-US/docs/Web/HTTP/Status/401

The above exception was the direct cause of the following exception:

Traceback (most recent call last):
  File "/home/anonymous/miniforge3/envs/woo/lib/python3.10/site-packages/transformers/utils/hub.py", line 419, in cached_files
    hf_hub_download(
  File "/home/anonymous/miniforge3/envs/woo/lib/python3.10/site-packages/huggingface_hub/utils/_validators.py", line 89, in _inner_fn
    return fn(*args, **kwargs)
  File "/home/anonymous/miniforge3/envs/woo/lib/python3.10/site-packages/huggingface_hub/file_download.py", line 1024, in hf_hub_download
    return _hf_hub_download_to_cache_dir(
  File "/home/anonymous/miniforge3/envs/woo/lib/python3.10/site-packages/huggingface_hub/file_download.py", line 1175, in _hf_hub_download_to_cache_dir
    _raise_on_head_call_error(head_call_error, force_download, local_files_only)
  File "/home/anonymous/miniforge3/envs/woo/lib/python3.10/site-packages/huggingface_hub/file_download.py", line 1804, in _raise_on_head_call_error
    raise head_call_error
  File "/home/anonymous/miniforge3/envs/woo/lib/python3.10/site-packages/huggingface_hub/file_download.py", line 1691, in _get_metadata_or_catch_error
    metadata = get_hf_file_metadata(
  File "/home/anonymous/miniforge3/envs/woo/lib/python3.10/site-packages/huggingface_hub/utils/_validators.py", line 89, in _inner_fn
    return fn(*args, **kwargs)
  File "/home/anonymous/miniforge3/envs/woo/lib/python3.10/site-packages/huggingface_hub/file_download.py", line 1614, in get_hf_file_metadata
    response = _httpx_follow_relative_redirects(
  File "/home/anonymous/miniforge3/envs/woo/lib/python3.10/site-packages/huggingface_hub/file_download.py", line 309, in _httpx_follow_relative_redirects
    hf_raise_for_status(response)
  File "/home/anonymous/miniforge3/envs/woo/lib/python3.10/site-packages/huggingface_hub/utils/_http.py", line 677, in hf_raise_for_status
    raise _format(GatedRepoError, message, response) from e
huggingface_hub.errors.GatedRepoError: 401 Client Error. (Request ID: Root=1-69baea43-675a2dd33d92eac213faab7a;efceb94c-3c31-4adf-83c3-279058aac8fa)

Cannot access gated repo for url https://huggingface.co/bigcode/starcoderbase-1b/resolve/main/config.json.
Access to model bigcode/starcoderbase-1b is restricted. You must have access to it and be authenticated to access it. Please log in.

The above exception was the direct cause of the following exception:

Traceback (most recent call last):
  File "/home/anonymous/YouRA_results_new_4_sonnet45/TEST_dl4c/docs/youra_research/20260317_dl4c/h-e1/code/run_experiment_poc.py", line 147, in run_experiment
    model_manager.load_model(model_name)
  File "/home/anonymous/YouRA_results_new_4_sonnet45/TEST_dl4c/docs/youra_research/20260317_dl4c/h-e1/code/model_manager.py", line 32, in load_model
    self.tokenizer = AutoTokenizer.from_pretrained(
  File "/home/anonymous/miniforge3/envs/woo/lib/python3.10/site-packages/transformers/models/auto/tokenization_auto.py", line 621, in from_pretrained
    config = PreTrainedConfig.from_pretrained(pretrained_model_name_or_path, **kwargs)
  File "/home/anonymous/miniforge3/envs/woo/lib/python3.10/site-packages/transformers/configuration_utils.py", line 531, in from_pretrained
    config_dict, kwargs = cls.get_config_dict(pretrained_model_name_or_path, **kwargs)
  File "/home/anonymous/miniforge3/envs/woo/lib/python3.10/site-packages/transformers/configuration_utils.py", line 569, in get_config_dict
    config_dict, kwargs = cls._get_config_dict(pretrained_model_name_or_path, **kwargs)
  File "/home/anonymous/miniforge3/envs/woo/lib/python3.10/site-packages/transformers/configuration_utils.py", line 624, in _get_config_dict
    resolved_config_file = cached_file(
  File "/home/anonymous/miniforge3/envs/woo/lib/python3.10/site-packages/transformers/utils/hub.py", line 276, in cached_file
    file = cached_files(path_or_repo_id=path_or_repo_id, filenames=[filename], **kwargs)
  File "/home/anonymous/miniforge3/envs/woo/lib/python3.10/site-packages/transformers/utils/hub.py", line 483, in cached_files
    raise OSError(
OSError: You are trying to access a gated repo.
Make sure to have access to it at https://huggingface.co/bigcode/starcoderbase-1b.
401 Client Error. (Request ID: Root=1-69baea43-675a2dd33d92eac213faab7a;efceb94c-3c31-4adf-83c3-279058aac8fa)

Cannot access gated repo for url https://huggingface.co/bigcode/starcoderbase-1b/resolve/main/config.json.
Access to model bigcode/starcoderbase-1b is restricted. You must have access to it and be authenticated to access it. Please log in.
================================================================================
H-E1: Alignment Method Clustering Analysis (POC)
================================================================================
POC Mode: Using 4 models, 50 tasks, 30 samples/task
================================================================================
Seeds set: {'random': 42, 'numpy': 42, 'torch': 42}

[1/7] Loading dataset...
Loading HumanEval+ dataset...
Loaded 164 problems
Using 50 tasks (subset from 164 total)

[2/7] Initializing components...

[3/7] Profiling 4 models...

--- Model 1/4: codellama/CodeLlama-7b-Python-hf (execution) ---
Loading model: codellama/CodeLlama-7b-Python-hf...
ERROR: Failed to load model codellama/CodeLlama-7b-Python-hf: Using a `device_map`, `tp_plan`, `torch.device` context manager or setting `torch.set_default_device(device)` requires `accelerate`. You can install it with `pip install accelerate`
ERROR: Failed to process model codellama/CodeLlama-7b-Python-hf: Using a `device_map`, `tp_plan`, `torch.device` context manager or setting `torch.set_default_device(device)` requires `accelerate`. You can install it with `pip install accelerate`
Skipping this model...

--- Model 2/4: codellama/CodeLlama-7b-Instruct-hf (preference) ---
Loading model: codellama/CodeLlama-7b-Instruct-hf...
ERROR: Failed to load model codellama/CodeLlama-7b-Instruct-hf: Using a `device_map`, `tp_plan`, `torch.device` context manager or setting `torch.set_default_device(device)` requires `accelerate`. You can install it with `pip install accelerate`
ERROR: Failed to process model codellama/CodeLlama-7b-Instruct-hf: Using a `device_map`, `tp_plan`, `torch.device` context manager or setting `torch.set_default_device(device)` requires `accelerate`. You can install it with `pip install accelerate`
Skipping this model...

--- Model 3/4: codellama/CodeLlama-7b-hf (baseline) ---
Loading model: codellama/CodeLlama-7b-hf...
ERROR: Failed to load model codellama/CodeLlama-7b-hf: Using a `device_map`, `tp_plan`, `torch.device` context manager or setting `torch.set_default_device(device)` requires `accelerate`. You can install it with `pip install accelerate`
ERROR: Failed to process model codellama/CodeLlama-7b-hf: Using a `device_map`, `tp_plan`, `torch.device` context manager or setting `torch.set_default_device(device)` requires `accelerate`. You can install it with `pip install accelerate`
Skipping this model...

--- Model 4/4: bigcode/starcoderbase-1b (baseline) ---
Loading model: bigcode/starcoderbase-1b...
ERROR: Failed to load model bigcode/starcoderbase-1b: You are trying to access a gated repo.
Make sure to have access to it at https://huggingface.co/bigcode/starcoderbase-1b.
401 Client Error. (Request ID: Root=1-69baea43-675a2dd33d92eac213faab7a;efceb94c-3c31-4adf-83c3-279058aac8fa)

Cannot access gated repo for url https://huggingface.co/bigcode/starcoderbase-1b/resolve/main/config.json.
Access to model bigcode/starcoderbase-1b is restricted. You must have access to it and be authenticated to access it. Please log in.
ERROR: Failed to process model bigcode/starcoderbase-1b: You are trying to access a gated repo.
Make sure to have access to it at https://huggingface.co/bigcode/starcoderbase-1b.
401 Client Error. (Request ID: Root=1-69baea43-675a2dd33d92eac213faab7a;efceb94c-3c31-4adf-83c3-279058aac8fa)

Cannot access gated repo for url https://huggingface.co/bigcode/starcoderbase-1b/resolve/main/config.json.
Access to model bigcode/starcoderbase-1b is restricted. You must have access to it and be authenticated to access it. Please log in.
Skipping this model...

ERROR: Only 0 models processed successfully. Need at least 3 for clustering.
