2026-05-12 03:19:24.412230: I tensorflow/core/util/port.cc:153] oneDNN custom operations are on. You may see slightly different numerical results due to floating-point round-off errors from different computation orders. To turn them off, set the environment variable `TF_ENABLE_ONEDNN_OPTS=0`.
2026-05-12 03:19:24.489302: I tensorflow/core/platform/cpu_feature_guard.cc:210] This TensorFlow binary is optimized to use available CPU instructions in performance-critical operations.
To enable the following instructions: AVX2 AVX512F AVX512_VNNI AVX512_BF16 FMA, in other operations, rebuild TensorFlow with the appropriate compiler flags.
2026-05-12 03:19:25.873913: I tensorflow/core/util/port.cc:153] oneDNN custom operations are on. You may see slightly different numerical results due to floating-point round-off errors from different computation orders. To turn them off, set the environment variable `TF_ENABLE_ONEDNN_OPTS=0`.

================================================================================
H-E1 PoC EXPERIMENT: Jacobian Stable Rank Regularization (PROPOSED ONLY)
================================================================================

CUDA: NVIDIA H100 NVL
GPU Memory: 100.0 GB

GPU memory cleared

Loading baseline results...
Baseline PPL: 48.49, SR: 0.00


================================================================================
Running PoC PROPOSED experiment (5000 steps)
================================================================================

Loading C4 dataset (streaming)...
Initializing proposed model...
Training for 5000 steps (PoC validation)...
Loaded baseline perplexity: 53.61
Training proposed:   0%|          | 0/5000 [00:00<?, ?it/s]`loss_type=None` was set in the config but it is unrecognized. Using the default loss: `ForCausalLMLoss`.
Training proposed:   0%|          | 0/5000 [00:02<?, ?it/s, loss=-0.8182, lr=0.00e+00]Training proposed:   0%|          | 1/5000 [00:02<3:36:45,  2.60s/it, loss=-0.8182, lr=0.00e+00]Training proposed:   0%|          | 1/5000 [00:02<3:36:45,  2.60s/it, loss=0.7658, lr=0.00e+00] Training proposed:   0%|          | 2/5000 [00:02<1:44:18,  1.25s/it, loss=0.7658, lr=0.00e+00]Training proposed:   0%|          | 2/5000 [00:03<1:44:18,  1.25s/it, loss=-23.7446, lr=0.00e+00]Training proposed:   0%|          | 3/5000 [00:03<1:08:28,  1.22it/s, loss=-23.7446, lr=0.00e+00]Training proposed:   0%|          | 3/5000 [00:03<1:08:28,  1.22it/s, loss=-24.1619, lr=0.00e+00]Training proposed:   0%|          | 4/5000 [00:03<51:39,  1.61it/s, loss=-24.1619, lr=0.00e+00]  Training proposed:   0%|          | 4/5000 [00:03<51:39,  1.61it/s, loss=-7.7098, lr=0.00e+00] Training proposed:   0%|          | 5/5000 [00:03<41:49,  1.99it/s, loss=-7.7098, lr=0.00e+00]Training proposed:   0%|          | 5/5000 [00:04<41:49,  1.99it/s, loss=6.2455, lr=0.00e+00] Training proposed:   0%|          | 6/5000 [00:04<35:59,  2.31it/s, loss=6.2455, lr=0.00e+00]Training proposed:   0%|          | 6/5000 [00:04<35:59,  2.31it/s, loss=-17.8856, lr=0.00e+00]Training proposed:   0%|          | 7/5000 [00:04<32:23,  2.57it/s, loss=-17.8856, lr=0.00e+00]Training proposed:   0%|          | 7/5000 [00:04<32:23,  2.57it/s, loss=-24.3409, lr=0.00e+00]Training proposed:   0%|          | 8/5000 [00:04<30:39,  2.71it/s, loss=-24.3409, lr=0.00e+00]