2026-03-14 18:31:42,239 INFO H-M1 experiment started (quick=True)
2026-03-14 18:31:42,239 INFO Step 5: Loading corpora C1-C6
2026-03-14 18:31:42,258 INFO Missing corpora: ['C1', 'C2', 'C3', 'C4', 'C5', 'C6'] — building all corpora
2026-03-14 18:32:37,537 INFO H-M1 experiment started (quick=True)
2026-03-14 18:32:37,537 INFO Step 5: Loading corpora C1-C6
2026-03-14 18:32:37,555 INFO Missing corpora: ['C1', 'C2', 'C3', 'C4', 'C5', 'C6'] — building all corpora
2026-03-14 18:34:01,825 INFO H-M1 experiment started (quick=True)
2026-03-14 18:34:01,826 INFO Step 5: Loading corpora C1-C6
2026-03-14 18:34:01,843 INFO Missing corpora: ['C1', 'C2', 'C3', 'C4', 'C5', 'C6'] — building all corpora
2026-03-14 18:34:01,843 INFO Loading base corpus (50000 docs)…
2026-03-14 18:34:02,214 INFO PyTorch version 2.10.0 available.
2026-03-14 18:34:02,425 INFO Streaming 50000 docs from mlfoundations/dclm-baseline-1.0
2026-03-14 18:36:53,221 INFO H-M1 experiment started (quick=True)
2026-03-14 18:36:53,222 INFO Step 5: Loading corpora C1-C6
2026-03-14 18:36:53,237 INFO Missing corpora: ['C1', 'C2', 'C3', 'C4', 'C5', 'C6'] — building all corpora
2026-03-14 18:36:53,237 INFO Loading base corpus (50000 docs)…
2026-03-14 18:36:53,533 INFO PyTorch version 2.10.0 available.
2026-03-14 18:36:53,669 INFO Streaming 50000 docs from mlfoundations/dclm-baseline-1.0
2026-03-14 18:38:02,287 INFO Collected 50000 documents
2026-03-14 18:38:02,295 INFO Using pre-computed fasttext scores from field 'fasttext_openhermes_reddit_eli5_vs_rw_v2_bigram_200k_train_prob'
2026-03-14 18:38:05,493 INFO Saved 50000 docs to /home/anonymous/YouRA_results_new_4/TEST_data_problems/docs/youra_research/20260315_data_problems/h-e1/data/corpora/C0.jsonl
2026-03-14 18:38:05,556 INFO fasttext filter @pct=10: 50000 → 45000 docs (threshold=0.0224)
2026-03-14 18:38:08,178 INFO Saved 45000 docs to /home/anonymous/YouRA_results_new_4/TEST_data_problems/docs/youra_research/20260315_data_problems/h-e1/data/corpora/C1.jsonl
2026-03-14 18:38:08,251 INFO fasttext filter @pct=30: 50000 → 35000 docs (threshold=0.0362)
2026-03-14 18:38:10,353 INFO Saved 35000 docs to /home/anonymous/YouRA_results_new_4/TEST_data_problems/docs/youra_research/20260315_data_problems/h-e1/data/corpora/C2.jsonl
2026-03-14 18:38:10,398 INFO fasttext filter @pct=50: 50000 → 25000 docs (threshold=0.0654)
2026-03-14 18:38:11,920 INFO Saved 25000 docs to /home/anonymous/YouRA_results_new_4/TEST_data_problems/docs/youra_research/20260315_data_problems/h-e1/data/corpora/C3.jsonl
2026-03-14 18:38:11,951 INFO fasttext filter @pct=70: 50000 → 15000 docs (threshold=0.1479)
2026-03-14 18:38:12,744 INFO Saved 15000 docs to /home/anonymous/YouRA_results_new_4/TEST_data_problems/docs/youra_research/20260315_data_problems/h-e1/data/corpora/C4.jsonl
2026-03-14 18:38:12,765 INFO fasttext filter @pct=90: 50000 → 5000 docs (threshold=0.5367)
2026-03-14 18:38:12,986 INFO Saved 5000 docs to /home/anonymous/YouRA_results_new_4/TEST_data_problems/docs/youra_research/20260315_data_problems/h-e1/data/corpora/C5.jsonl
2026-03-14 18:38:13,018 INFO DoReMi reweight: 50000 docs, 1 domains
2026-03-14 18:38:16,115 INFO Saved 50000 docs to /home/anonymous/YouRA_results_new_4/TEST_data_problems/docs/youra_research/20260315_data_problems/h-e1/data/corpora/C6.jsonl
2026-03-14 18:38:17,649 INFO Loaded 45000 docs from /home/anonymous/YouRA_results_new_4/TEST_data_problems/docs/youra_research/20260315_data_problems/h-e1/data/corpora/C1.jsonl
2026-03-14 18:38:17,649 INFO Loaded 45000 docs for C1
2026-03-14 18:38:18,730 INFO Loaded 35000 docs from /home/anonymous/YouRA_results_new_4/TEST_data_problems/docs/youra_research/20260315_data_problems/h-e1/data/corpora/C2.jsonl
2026-03-14 18:38:18,731 INFO Loaded 35000 docs for C2
2026-03-14 18:38:19,646 INFO Loaded 25000 docs from /home/anonymous/YouRA_results_new_4/TEST_data_problems/docs/youra_research/20260315_data_problems/h-e1/data/corpora/C3.jsonl
2026-03-14 18:38:19,646 INFO Loaded 25000 docs for C3
2026-03-14 18:38:20,074 INFO Loaded 15000 docs from /home/anonymous/YouRA_results_new_4/TEST_data_problems/docs/youra_research/20260315_data_problems/h-e1/data/corpora/C4.jsonl
2026-03-14 18:38:20,074 INFO Loaded 15000 docs for C4
2026-03-14 18:38:20,190 INFO Loaded 5000 docs from /home/anonymous/YouRA_results_new_4/TEST_data_problems/docs/youra_research/20260315_data_problems/h-e1/data/corpora/C5.jsonl
2026-03-14 18:38:20,190 INFO Loaded 5000 docs for C5
2026-03-14 18:38:21,847 INFO Loaded 50000 docs from /home/anonymous/YouRA_results_new_4/TEST_data_problems/docs/youra_research/20260315_data_problems/h-e1/data/corpora/C6.jsonl
2026-03-14 18:38:21,847 INFO Loaded 50000 docs for C6
2026-03-14 18:38:21,847 INFO Step 6: Loading lexicons from H-E1
2026-03-14 18:38:21,848 INFO Lexicons: 60 occupations, 30 demographics
2026-03-14 18:38:21,848 INFO Step 7: Initializing LogOddsComputer
2026-03-14 18:38:21,848 INFO Step 8: Computing log-odds for all configs
2026-03-14 18:38:21,848 INFO Computing log-odds for config C1 (45000 docs)
2026-03-14 18:38:29,746 INFO Computed log-odds matrix for C1: 1800 pairs
2026-03-14 18:38:29,746 INFO Computing log-odds for config C2 (35000 docs)
2026-03-14 18:38:35,349 INFO Computed log-odds matrix for C2: 1800 pairs
2026-03-14 18:38:35,350 INFO Computing log-odds for config C3 (25000 docs)
2026-03-14 18:38:39,141 INFO Computed log-odds matrix for C3: 1800 pairs
2026-03-14 18:38:39,142 INFO Computing log-odds for config C4 (15000 docs)
2026-03-14 18:38:41,174 INFO Computed log-odds matrix for C4: 1800 pairs
2026-03-14 18:38:41,175 INFO Computing log-odds for config C5 (5000 docs)
2026-03-14 18:38:41,735 INFO Computed log-odds matrix for C5: 1800 pairs
2026-03-14 18:38:41,735 INFO Computing log-odds for config C6 (50000 docs)
2026-03-14 18:38:50,273 INFO Computed log-odds matrix for C6: 1800 pairs
2026-03-14 18:38:50,275 INFO Log-odds DataFrame shape: (10800, 6)
2026-03-14 18:38:50,275 INFO Step 9: Aggregating mean log-odds per config
2026-03-14 18:38:50,278 INFO Mean log-odds per config: {'C1': 0.6969834591152213, 'C2': 0.9158302095906015, 'C3': 1.1907286560374342, 'C4': 1.7336462390411296, 'C5': 2.976219759064549, 'C6': 0.6434491032597902}
2026-03-14 18:38:50,278 INFO Step 10: Running statistical tests
2026-03-14 18:38:50,279 INFO Running Spearman correlation (C1-C5)
2026-03-14 18:38:50,279 INFO Running bootstrap Spearman CI
2026-03-14 18:38:50,438 INFO Running OLS regression
2026-03-14 18:38:50,541 INFO Running Mann-Whitney U test (C5 vs C6)
2026-03-14 18:38:50,542 INFO Running KS test (C1 vs C5)
2026-03-14 18:38:50,543 INFO Running per-pair Spearman correlations
2026-03-14 18:38:51,240 INFO Gate evaluation: True (rho=1.0000, p=0.0000)
2026-03-14 18:38:51,240 INFO Gate result: {'gate_passed': True, 'rho': 0.9999999999999999, 'pvalue': 1.4042654220543672e-24, 'bootstrap_ci_low': nan, 'bootstrap_ci_high': nan}
2026-03-14 18:38:51,240 INFO Step 11: Generating visualizations
2026-03-14 18:38:51,504 INFO Saved spearman_gate plot to /home/anonymous/YouRA_results_new_4/TEST_data_problems/docs/youra_research/20260315_data_problems/h-m1/figures/spearman_gate.png
2026-03-14 18:38:51,636 INFO Saved log_odds_vs_intensity plot to /home/anonymous/YouRA_results_new_4/TEST_data_problems/docs/youra_research/20260315_data_problems/h-m1/figures/log_odds_vs_intensity.png
2026-03-14 18:38:51,732 INFO Saved fasttext_vs_doremi plot to /home/anonymous/YouRA_results_new_4/TEST_data_problems/docs/youra_research/20260315_data_problems/h-m1/figures/fasttext_vs_doremi.png
2026-03-14 18:38:52,177 INFO Saved heatmap for C1 to /home/anonymous/YouRA_results_new_4/TEST_data_problems/docs/youra_research/20260315_data_problems/h-m1/figures/log_odds_heatmap_C1.png
2026-03-14 18:38:52,598 INFO Saved heatmap for C5 to /home/anonymous/YouRA_results_new_4/TEST_data_problems/docs/youra_research/20260315_data_problems/h-m1/figures/log_odds_heatmap_C5.png
2026-03-14 18:38:52,598 INFO Generated 5 figures
2026-03-14 18:38:52,598 INFO Step 12: Verifying mechanism activation
2026-03-14 18:38:52,599 INFO Mechanism check: {'log_odds_computed': True, 'shape_valid': True, 'variation_exists': np.True_, 'spearman_computed': True, 'mechanism_activated': True}
2026-03-14 18:38:52,599 INFO Step 13: Saving log-odds matrix CSV
2026-03-14 18:38:52,623 INFO Saved log-odds matrix to /home/anonymous/YouRA_results_new_4/TEST_data_problems/docs/youra_research/20260315_data_problems/h-m1/data/log_odds_matrix.csv (shape: (1800, 6))
2026-03-14 18:38:52,623 INFO Step 14: Writing results JSON
2026-03-14 18:38:52,624 INFO Saved results to /home/anonymous/YouRA_results_new_4/TEST_data_problems/docs/youra_research/20260315_data_problems/h-m1/results.json
2026-03-14 18:38:52,624 INFO Step 15: Writing validation markdown
2026-03-14 18:38:52,624 INFO Saved validation report to /home/anonymous/YouRA_results_new_4/TEST_data_problems/docs/youra_research/20260315_data_problems/h-m1/04_validation.md
2026-03-14 18:38:52,624 INFO H-M1 experiment complete. Gate: PASSED
