H-E1 Experiment | device=cuda | seed=1
  data_root:  /home/anonymous/YouRA_results_new_4/TEST_scsl/docs/youra_research/20260315_scsl/h-e1/code/data/waterbirds_v1.0
  output_dir: outputs/h-e1/
Loading dataset...

--- Epoch 1/10 ---
  loss=0.3395  acc=0.8588
  Collecting gradient norms...
  ratio=6.513 (>=3.0? True)  auc=0.952 (>0.7? True)  bal_dev=0.400 (<=0.1? False)
  Gate: FAIL | Mechanism: ACTIVATED
  Mechanism indicators: {'hook_fired': True, 'ratio_above_chance': True, 'auc_above_random': True, 'feature_norms_equalized': True}
  Checkpoint saved: outputs/h-e1/checkpoints/epoch_1.pt

--- Epoch 2/10 ---
  loss=0.1351  acc=0.9527

--- Epoch 3/10 ---
  loss=0.1041  acc=0.9641
  Collecting gradient norms...
  ratio=7.493 (>=3.0? True)  auc=0.912 (>0.7? True)  bal_dev=0.404 (<=0.1? False)
  Gate: FAIL | Mechanism: ACTIVATED
  Mechanism indicators: {'hook_fired': True, 'ratio_above_chance': True, 'auc_above_random': True, 'feature_norms_equalized': True}
  Checkpoint saved: outputs/h-e1/checkpoints/epoch_3.pt

--- Epoch 4/10 ---
  loss=0.0836  acc=0.9700

--- Epoch 5/10 ---
  loss=0.0733  acc=0.9733
  Collecting gradient norms...
  ratio=8.805 (>=3.0? True)  auc=0.914 (>0.7? True)  bal_dev=0.379 (<=0.1? False)
  Gate: FAIL | Mechanism: ACTIVATED
  Mechanism indicators: {'hook_fired': True, 'ratio_above_chance': True, 'auc_above_random': True, 'feature_norms_equalized': True}
  Checkpoint saved: outputs/h-e1/checkpoints/epoch_5.pt

--- Epoch 6/10 ---
  loss=0.0596  acc=0.9789

--- Epoch 7/10 ---
  loss=0.0554  acc=0.9833

--- Epoch 8/10 ---
  loss=0.0434  acc=0.9850

--- Epoch 9/10 ---
  loss=0.0414  acc=0.9864

--- Epoch 10/10 ---
  loss=0.0340  acc=0.9908
  Collecting gradient norms...
  ratio=8.509 (>=3.0? True)  auc=0.888 (>0.7? True)  bal_dev=0.374 (<=0.1? False)
  Gate: FAIL | Mechanism: ACTIVATED
  Mechanism indicators: {'hook_fired': True, 'ratio_above_chance': True, 'auc_above_random': True, 'feature_norms_equalized': True}
  Checkpoint saved: outputs/h-e1/checkpoints/epoch_10.pt

Generating figures...
Saved: outputs/h-e1/figures/gate_metrics.png
Saved: outputs/h-e1/figures/trajectory.png
Saved: outputs/h-e1/figures/distribution_epoch5.png
Saved: outputs/h-e1/figures/balance_heatmap.png
Saved: outputs/h-e1/figures/feature_norms.png
Results saved to outputs/h-e1/results.json

=== H-E1 EXPERIMENT COMPLETE ===
  Primary epoch (T_id=5):
    ratio           = 8.8050 (target >= 3.0)  -> PASS
    AUC             = 0.9140 (target > 0.7)  -> PASS
    balance_dev     = 0.3794 (target <= 0.1)  -> FAIL
  GATE: FAIL
  Results: outputs/h-e1/results.json

