2026-03-14 19:32:51,338 INFO === Step 01: Validate Prerequisites ===
2026-03-14 19:32:51,338 INFO [step01] All h-e1 corpora found in /home/anonymous/YouRA_results_new_4/TEST_data_problems/docs/youra_research/20260315_data_problems/h-e1/data/corpora
2026-03-14 19:32:51,338 INFO === Step 02: Generate C7 Corpus ===
2026-03-14 19:32:51,341 INFO [step02] C7 already exists: /home/anonymous/YouRA_results_new_4/TEST_data_problems/docs/youra_research/20260315_data_problems/h-e1/data/corpora/C7.jsonl
2026-03-14 19:32:51,341 INFO === Step 03: Tokenize Corpora ===
2026-03-14 19:32:52,364 INFO HTTP Request: HEAD https://huggingface.co/EleutherAI/pythia-1b/resolve/main/config.json "HTTP/1.1 307 Temporary Redirect"
2026-03-14 19:32:52,561 INFO HTTP Request: HEAD https://huggingface.co/api/resolve-cache/models/EleutherAI/pythia-1b/f73d7dcc545c8bd326d8559c8ef84ffe92fea6b2/config.json "HTTP/1.1 200 OK"
2026-03-14 19:32:52,756 INFO HTTP Request: GET https://huggingface.co/api/resolve-cache/models/EleutherAI/pythia-1b/f73d7dcc545c8bd326d8559c8ef84ffe92fea6b2/config.json "HTTP/1.1 200 OK"
2026-03-14 19:32:52,961 INFO HTTP Request: HEAD https://huggingface.co/EleutherAI/pythia-1b/resolve/main/tokenizer_config.json "HTTP/1.1 307 Temporary Redirect"
2026-03-14 19:32:52,962 WARNING Warning: You are sending unauthenticated requests to the HF Hub. Please set a HF_TOKEN to enable higher rate limits and faster downloads.
2026-03-14 19:32:53,159 INFO HTTP Request: HEAD https://huggingface.co/api/resolve-cache/models/EleutherAI/pythia-1b/f73d7dcc545c8bd326d8559c8ef84ffe92fea6b2/tokenizer_config.json "HTTP/1.1 200 OK"
2026-03-14 19:32:53,364 INFO HTTP Request: GET https://huggingface.co/api/resolve-cache/models/EleutherAI/pythia-1b/f73d7dcc545c8bd326d8559c8ef84ffe92fea6b2/tokenizer_config.json "HTTP/1.1 200 OK"
2026-03-14 19:32:53,570 INFO HTTP Request: GET https://huggingface.co/api/models/EleutherAI/pythia-1b/tree/main/additional_chat_templates?recursive=false&expand=false "HTTP/1.1 404 Not Found"
2026-03-14 19:32:53,771 INFO HTTP Request: GET https://huggingface.co/api/models/EleutherAI/pythia-1b/tree/main?recursive=true&expand=false "HTTP/1.1 200 OK"
2026-03-14 19:32:53,979 INFO HTTP Request: HEAD https://huggingface.co/EleutherAI/pythia-1b/resolve/main/vocab.json "HTTP/1.1 404 Not Found"
2026-03-14 19:32:54,190 INFO HTTP Request: HEAD https://huggingface.co/EleutherAI/pythia-1b/resolve/main/merges.txt "HTTP/1.1 404 Not Found"
2026-03-14 19:32:54,401 INFO HTTP Request: HEAD https://huggingface.co/EleutherAI/pythia-1b/resolve/main/tokenizer.json "HTTP/1.1 307 Temporary Redirect"
2026-03-14 19:32:54,609 INFO HTTP Request: HEAD https://huggingface.co/api/resolve-cache/models/EleutherAI/pythia-1b/f73d7dcc545c8bd326d8559c8ef84ffe92fea6b2/tokenizer.json "HTTP/1.1 200 OK"
2026-03-14 19:32:54,822 INFO HTTP Request: GET https://huggingface.co/api/resolve-cache/models/EleutherAI/pythia-1b/f73d7dcc545c8bd326d8559c8ef84ffe92fea6b2/tokenizer.json "HTTP/1.1 200 OK"
2026-03-14 19:32:55,158 INFO HTTP Request: HEAD https://huggingface.co/EleutherAI/pythia-1b/resolve/main/added_tokens.json "HTTP/1.1 404 Not Found"
2026-03-14 19:32:55,364 INFO HTTP Request: HEAD https://huggingface.co/EleutherAI/pythia-1b/resolve/main/special_tokens_map.json "HTTP/1.1 307 Temporary Redirect"
2026-03-14 19:32:55,567 INFO HTTP Request: HEAD https://huggingface.co/api/resolve-cache/models/EleutherAI/pythia-1b/f73d7dcc545c8bd326d8559c8ef84ffe92fea6b2/special_tokens_map.json "HTTP/1.1 200 OK"
2026-03-14 19:32:55,776 INFO HTTP Request: GET https://huggingface.co/api/resolve-cache/models/EleutherAI/pythia-1b/f73d7dcc545c8bd326d8559c8ef84ffe92fea6b2/special_tokens_map.json "HTTP/1.1 200 OK"
2026-03-14 19:32:55,977 INFO HTTP Request: HEAD https://huggingface.co/EleutherAI/pythia-1b/resolve/main/chat_template.jinja "HTTP/1.1 404 Not Found"
2026-03-14 19:34:38,847 INFO HTTP Request: HEAD https://huggingface.co/EleutherAI/pythia-1b/resolve/main/config.json "HTTP/1.1 307 Temporary Redirect"
2026-03-14 19:34:38,858 INFO HTTP Request: HEAD https://huggingface.co/api/resolve-cache/models/EleutherAI/pythia-1b/f73d7dcc545c8bd326d8559c8ef84ffe92fea6b2/config.json "HTTP/1.1 200 OK"
2026-03-14 19:34:39,059 INFO HTTP Request: HEAD https://huggingface.co/EleutherAI/pythia-1b/resolve/main/tokenizer_config.json "HTTP/1.1 307 Temporary Redirect"
2026-03-14 19:34:39,070 INFO HTTP Request: HEAD https://huggingface.co/api/resolve-cache/models/EleutherAI/pythia-1b/f73d7dcc545c8bd326d8559c8ef84ffe92fea6b2/tokenizer_config.json "HTTP/1.1 200 OK"
2026-03-14 19:34:39,278 INFO HTTP Request: GET https://huggingface.co/api/models/EleutherAI/pythia-1b/tree/main/additional_chat_templates?recursive=false&expand=false "HTTP/1.1 404 Not Found"
2026-03-14 19:34:39,484 INFO HTTP Request: GET https://huggingface.co/api/models/EleutherAI/pythia-1b/tree/main?recursive=true&expand=false "HTTP/1.1 200 OK"
2026-03-14 19:36:09,771 INFO HTTP Request: HEAD https://huggingface.co/EleutherAI/pythia-1b/resolve/main/config.json "HTTP/1.1 307 Temporary Redirect"
2026-03-14 19:36:09,779 INFO HTTP Request: HEAD https://huggingface.co/api/resolve-cache/models/EleutherAI/pythia-1b/f73d7dcc545c8bd326d8559c8ef84ffe92fea6b2/config.json "HTTP/1.1 200 OK"
2026-03-14 19:36:09,987 INFO HTTP Request: HEAD https://huggingface.co/EleutherAI/pythia-1b/resolve/main/tokenizer_config.json "HTTP/1.1 307 Temporary Redirect"
2026-03-14 19:36:09,996 INFO HTTP Request: HEAD https://huggingface.co/api/resolve-cache/models/EleutherAI/pythia-1b/f73d7dcc545c8bd326d8559c8ef84ffe92fea6b2/tokenizer_config.json "HTTP/1.1 200 OK"
2026-03-14 19:36:10,196 INFO HTTP Request: GET https://huggingface.co/api/models/EleutherAI/pythia-1b/tree/main/additional_chat_templates?recursive=false&expand=false "HTTP/1.1 404 Not Found"
2026-03-14 19:36:10,406 INFO HTTP Request: GET https://huggingface.co/api/models/EleutherAI/pythia-1b/tree/main?recursive=true&expand=false "HTTP/1.1 200 OK"
2026-03-14 19:37:16,103 INFO HTTP Request: HEAD https://huggingface.co/EleutherAI/pythia-1b/resolve/main/config.json "HTTP/1.1 307 Temporary Redirect"
2026-03-14 19:37:16,110 INFO HTTP Request: HEAD https://huggingface.co/api/resolve-cache/models/EleutherAI/pythia-1b/f73d7dcc545c8bd326d8559c8ef84ffe92fea6b2/config.json "HTTP/1.1 200 OK"
2026-03-14 19:37:16,320 INFO HTTP Request: HEAD https://huggingface.co/EleutherAI/pythia-1b/resolve/main/tokenizer_config.json "HTTP/1.1 307 Temporary Redirect"
2026-03-14 19:37:16,328 INFO HTTP Request: HEAD https://huggingface.co/api/resolve-cache/models/EleutherAI/pythia-1b/f73d7dcc545c8bd326d8559c8ef84ffe92fea6b2/tokenizer_config.json "HTTP/1.1 200 OK"
2026-03-14 19:37:16,537 INFO HTTP Request: GET https://huggingface.co/api/models/EleutherAI/pythia-1b/tree/main/additional_chat_templates?recursive=false&expand=false "HTTP/1.1 404 Not Found"
2026-03-14 19:37:16,748 INFO HTTP Request: GET https://huggingface.co/api/models/EleutherAI/pythia-1b/tree/main?recursive=true&expand=false "HTTP/1.1 200 OK"
2026-03-14 19:37:59,789 INFO HTTP Request: HEAD https://huggingface.co/EleutherAI/pythia-1b/resolve/main/config.json "HTTP/1.1 307 Temporary Redirect"
2026-03-14 19:37:59,797 INFO HTTP Request: HEAD https://huggingface.co/api/resolve-cache/models/EleutherAI/pythia-1b/f73d7dcc545c8bd326d8559c8ef84ffe92fea6b2/config.json "HTTP/1.1 200 OK"
2026-03-14 19:38:00,001 INFO HTTP Request: HEAD https://huggingface.co/EleutherAI/pythia-1b/resolve/main/tokenizer_config.json "HTTP/1.1 307 Temporary Redirect"
2026-03-14 19:38:00,009 INFO HTTP Request: HEAD https://huggingface.co/api/resolve-cache/models/EleutherAI/pythia-1b/f73d7dcc545c8bd326d8559c8ef84ffe92fea6b2/tokenizer_config.json "HTTP/1.1 200 OK"
2026-03-14 19:38:00,213 INFO HTTP Request: GET https://huggingface.co/api/models/EleutherAI/pythia-1b/tree/main/additional_chat_templates?recursive=false&expand=false "HTTP/1.1 404 Not Found"
2026-03-14 19:38:00,416 INFO HTTP Request: GET https://huggingface.co/api/models/EleutherAI/pythia-1b/tree/main?recursive=true&expand=false "HTTP/1.1 200 OK"
2026-03-14 19:38:22,846 INFO HTTP Request: HEAD https://huggingface.co/EleutherAI/pythia-1b/resolve/main/config.json "HTTP/1.1 307 Temporary Redirect"
2026-03-14 19:38:22,855 INFO HTTP Request: HEAD https://huggingface.co/api/resolve-cache/models/EleutherAI/pythia-1b/f73d7dcc545c8bd326d8559c8ef84ffe92fea6b2/config.json "HTTP/1.1 200 OK"
2026-03-14 19:38:23,071 INFO HTTP Request: HEAD https://huggingface.co/EleutherAI/pythia-1b/resolve/main/tokenizer_config.json "HTTP/1.1 307 Temporary Redirect"
2026-03-14 19:38:23,079 INFO HTTP Request: HEAD https://huggingface.co/api/resolve-cache/models/EleutherAI/pythia-1b/f73d7dcc545c8bd326d8559c8ef84ffe92fea6b2/tokenizer_config.json "HTTP/1.1 200 OK"
2026-03-14 19:38:23,285 INFO HTTP Request: GET https://huggingface.co/api/models/EleutherAI/pythia-1b/tree/main/additional_chat_templates?recursive=false&expand=false "HTTP/1.1 404 Not Found"
2026-03-14 19:38:23,492 INFO HTTP Request: GET https://huggingface.co/api/models/EleutherAI/pythia-1b/tree/main?recursive=true&expand=false "HTTP/1.1 200 OK"
2026-03-14 19:38:29,028 INFO HTTP Request: HEAD https://huggingface.co/EleutherAI/pythia-1b/resolve/main/config.json "HTTP/1.1 307 Temporary Redirect"
2026-03-14 19:38:29,035 INFO HTTP Request: HEAD https://huggingface.co/api/resolve-cache/models/EleutherAI/pythia-1b/f73d7dcc545c8bd326d8559c8ef84ffe92fea6b2/config.json "HTTP/1.1 200 OK"
2026-03-14 19:38:29,235 INFO HTTP Request: HEAD https://huggingface.co/EleutherAI/pythia-1b/resolve/main/tokenizer_config.json "HTTP/1.1 307 Temporary Redirect"
2026-03-14 19:38:29,242 INFO HTTP Request: HEAD https://huggingface.co/api/resolve-cache/models/EleutherAI/pythia-1b/f73d7dcc545c8bd326d8559c8ef84ffe92fea6b2/tokenizer_config.json "HTTP/1.1 200 OK"
2026-03-14 19:38:29,448 INFO HTTP Request: GET https://huggingface.co/api/models/EleutherAI/pythia-1b/tree/main/additional_chat_templates?recursive=false&expand=false "HTTP/1.1 404 Not Found"
2026-03-14 19:38:29,652 INFO HTTP Request: GET https://huggingface.co/api/models/EleutherAI/pythia-1b/tree/main?recursive=true&expand=false "HTTP/1.1 200 OK"
2026-03-14 19:40:11,191 INFO HTTP Request: HEAD https://huggingface.co/EleutherAI/pythia-1b/resolve/main/config.json "HTTP/1.1 307 Temporary Redirect"
2026-03-14 19:40:11,199 INFO HTTP Request: HEAD https://huggingface.co/api/resolve-cache/models/EleutherAI/pythia-1b/f73d7dcc545c8bd326d8559c8ef84ffe92fea6b2/config.json "HTTP/1.1 200 OK"
2026-03-14 19:40:11,403 INFO HTTP Request: HEAD https://huggingface.co/EleutherAI/pythia-1b/resolve/main/tokenizer_config.json "HTTP/1.1 307 Temporary Redirect"
2026-03-14 19:40:11,410 INFO HTTP Request: HEAD https://huggingface.co/api/resolve-cache/models/EleutherAI/pythia-1b/f73d7dcc545c8bd326d8559c8ef84ffe92fea6b2/tokenizer_config.json "HTTP/1.1 200 OK"
2026-03-14 19:40:11,618 INFO HTTP Request: GET https://huggingface.co/api/models/EleutherAI/pythia-1b/tree/main/additional_chat_templates?recursive=false&expand=false "HTTP/1.1 404 Not Found"
2026-03-14 19:40:11,829 INFO HTTP Request: GET https://huggingface.co/api/models/EleutherAI/pythia-1b/tree/main?recursive=true&expand=false "HTTP/1.1 200 OK"
2026-03-14 19:40:54,164 INFO === Step 04: Generate gpt-neox YAML Configs ===
2026-03-14 19:40:54,166 INFO === Step 05: Train Models ===
2026-03-14 19:40:54,168 WARNING gpt-neox launcher not found. Using HuggingFace Trainer fallback for C0.
2026-03-14 19:41:48,681 INFO === Step 01: Validate Prerequisites ===
2026-03-14 19:41:48,681 INFO [step01] All h-e1 corpora found in /home/anonymous/YouRA_results_new_4/TEST_data_problems/docs/youra_research/20260315_data_problems/h-e1/data/corpora
2026-03-14 19:41:48,681 INFO === Step 02: Generate C7 Corpus ===
2026-03-14 19:41:48,684 INFO [step02] C7 already exists: /home/anonymous/YouRA_results_new_4/TEST_data_problems/docs/youra_research/20260315_data_problems/h-e1/data/corpora/C7.jsonl
2026-03-14 19:41:48,684 INFO === Step 03: Tokenize Corpora ===
2026-03-14 19:41:48,684 INFO [step03] C0 already tokenized
2026-03-14 19:41:48,684 INFO [step03] C1 already tokenized
2026-03-14 19:41:48,684 INFO [step03] C2 already tokenized
2026-03-14 19:41:48,684 INFO [step03] C3 already tokenized
2026-03-14 19:41:48,684 INFO [step03] C4 already tokenized
2026-03-14 19:41:48,684 INFO [step03] C5 already tokenized
2026-03-14 19:41:48,685 INFO [step03] C6 already tokenized
2026-03-14 19:41:48,685 INFO [step03] C7 already tokenized
2026-03-14 19:41:48,685 INFO === Step 04: Generate gpt-neox YAML Configs ===
2026-03-14 19:41:48,685 INFO === Step 05: Train Models ===
2026-03-14 19:41:48,686 WARNING gpt-neox launcher not found. Using HuggingFace Trainer fallback for C0.
2026-03-14 19:42:02,829 INFO === Step 01: Validate Prerequisites ===
2026-03-14 19:42:02,829 INFO [step01] All h-e1 corpora found in /home/anonymous/YouRA_results_new_4/TEST_data_problems/docs/youra_research/20260315_data_problems/h-e1/data/corpora
2026-03-14 19:42:02,829 INFO === Step 02: Generate C7 Corpus ===
2026-03-14 19:42:02,832 INFO [step02] C7 already exists: /home/anonymous/YouRA_results_new_4/TEST_data_problems/docs/youra_research/20260315_data_problems/h-e1/data/corpora/C7.jsonl
2026-03-14 19:42:02,832 INFO === Step 03: Tokenize Corpora ===
2026-03-14 19:42:02,832 INFO [step03] C0 already tokenized
2026-03-14 19:42:02,832 INFO [step03] C1 already tokenized
2026-03-14 19:42:02,832 INFO [step03] C2 already tokenized
2026-03-14 19:42:02,832 INFO [step03] C3 already tokenized
2026-03-14 19:42:02,832 INFO [step03] C4 already tokenized
2026-03-14 19:42:02,832 INFO [step03] C5 already tokenized
2026-03-14 19:42:02,832 INFO [step03] C6 already tokenized
2026-03-14 19:42:02,832 INFO [step03] C7 already tokenized
2026-03-14 19:42:02,832 INFO === Step 04: Generate gpt-neox YAML Configs ===
2026-03-14 19:42:02,833 INFO === Step 05: Train Models ===
2026-03-14 19:42:02,834 WARNING gpt-neox launcher not found. Using HuggingFace Trainer fallback for C0.
2026-03-14 19:42:06,020 INFO PyTorch version 2.4.1+cu121 available.
2026-03-14 19:42:06,129 INFO [train] HF Trainer fallback for C0 — loading corpus from /home/anonymous/YouRA_results_new_4/TEST_data_problems/docs/youra_research/20260315_data_problems/h-e1/data/corpora/C0.jsonl
2026-03-14 19:42:06,129 INFO [train] Initializing Pythia-1B (2048h, 16L) on cuda
2026-03-14 19:42:16,529 INFO HTTP Request: HEAD https://huggingface.co/EleutherAI/pythia-70m/resolve/main/config.json "HTTP/1.1 307 Temporary Redirect"
2026-03-14 19:42:16,537 INFO HTTP Request: HEAD https://huggingface.co/api/resolve-cache/models/EleutherAI/pythia-70m/a39f36b100fe8a5377810d56c3f4789b9c53ac42/config.json "HTTP/1.1 200 OK"
2026-03-14 19:42:16,737 INFO HTTP Request: HEAD https://huggingface.co/EleutherAI/pythia-70m/resolve/main/tokenizer_config.json "HTTP/1.1 307 Temporary Redirect"
2026-03-14 19:42:16,738 WARNING Warning: You are sending unauthenticated requests to the HF Hub. Please set a HF_TOKEN to enable higher rate limits and faster downloads.
2026-03-14 19:42:16,749 INFO HTTP Request: HEAD https://huggingface.co/api/resolve-cache/models/EleutherAI/pythia-70m/a39f36b100fe8a5377810d56c3f4789b9c53ac42/tokenizer_config.json "HTTP/1.1 200 OK"
2026-03-14 19:42:16,951 INFO HTTP Request: GET https://huggingface.co/api/models/EleutherAI/pythia-70m/tree/main/additional_chat_templates?recursive=false&expand=false "HTTP/1.1 404 Not Found"
2026-03-14 19:42:17,153 INFO HTTP Request: GET https://huggingface.co/api/models/EleutherAI/pythia-70m/tree/main?recursive=true&expand=false "HTTP/1.1 200 OK"
2026-03-14 19:42:17,294 INFO [train] Loading corpus: /home/anonymous/YouRA_results_new_4/TEST_data_problems/docs/youra_research/20260315_data_problems/h-e1/data/corpora/C0.jsonl
2026-03-14 19:42:20,278 INFO [train] Loaded 50000 documents from /home/anonymous/YouRA_results_new_4/TEST_data_problems/docs/youra_research/20260315_data_problems/h-e1/data/corpora/C0.jsonl
2026-03-14 19:42:20,278 INFO [train] Tokenizing and chunking to seq_length=512
2026-03-14 19:44:01,676 INFO [train] 96205 training sequences of length 512
2026-03-14 19:44:07,190 INFO [train] Training for 375 steps (token_budget=49,256,960, warmup=3)
2026-03-14 19:44:18,748 INFO === Step 01: Validate Prerequisites ===
2026-03-14 19:44:18,749 INFO [step01] All h-e1 corpora found in /home/anonymous/YouRA_results_new_4/TEST_data_problems/docs/youra_research/20260315_data_problems/h-e1/data/corpora
2026-03-14 19:44:18,749 INFO === Step 02: Generate C7 Corpus ===
2026-03-14 19:44:18,752 INFO [step02] C7 already exists: /home/anonymous/YouRA_results_new_4/TEST_data_problems/docs/youra_research/20260315_data_problems/h-e1/data/corpora/C7.jsonl
2026-03-14 19:44:18,752 INFO === Step 03: Tokenize Corpora ===
2026-03-14 19:44:18,752 INFO [step03] C0 already tokenized
2026-03-14 19:44:18,752 INFO [step03] C1 already tokenized
2026-03-14 19:44:18,752 INFO [step03] C2 already tokenized
2026-03-14 19:44:18,752 INFO [step03] C3 already tokenized
2026-03-14 19:44:18,752 INFO [step03] C4 already tokenized
2026-03-14 19:44:18,752 INFO [step03] C5 already tokenized
2026-03-14 19:44:18,752 INFO [step03] C6 already tokenized
2026-03-14 19:44:18,752 INFO [step03] C7 already tokenized
2026-03-14 19:44:18,752 INFO === Step 04: Generate gpt-neox YAML Configs ===
2026-03-14 19:44:18,753 INFO === Step 05: Train Models ===
2026-03-14 19:44:18,755 WARNING gpt-neox launcher not found. Using HuggingFace Trainer fallback for C0.
2026-03-14 19:44:21,906 INFO PyTorch version 2.4.1+cu121 available.
2026-03-14 19:44:22,015 INFO [train] HF Trainer fallback for C0 — loading corpus from /home/anonymous/YouRA_results_new_4/TEST_data_problems/docs/youra_research/20260315_data_problems/h-e1/data/corpora/C0.jsonl
2026-03-14 19:44:22,015 INFO [train] Initializing Pythia-1B (2048h, 16L) on cuda
2026-03-14 19:44:32,500 INFO HTTP Request: HEAD https://huggingface.co/EleutherAI/pythia-70m/resolve/main/config.json "HTTP/1.1 307 Temporary Redirect"
2026-03-14 19:44:32,508 INFO HTTP Request: HEAD https://huggingface.co/api/resolve-cache/models/EleutherAI/pythia-70m/a39f36b100fe8a5377810d56c3f4789b9c53ac42/config.json "HTTP/1.1 200 OK"
2026-03-14 19:44:32,756 INFO HTTP Request: HEAD https://huggingface.co/EleutherAI/pythia-70m/resolve/main/tokenizer_config.json "HTTP/1.1 307 Temporary Redirect"
2026-03-14 19:44:32,765 INFO HTTP Request: HEAD https://huggingface.co/api/resolve-cache/models/EleutherAI/pythia-70m/a39f36b100fe8a5377810d56c3f4789b9c53ac42/tokenizer_config.json "HTTP/1.1 200 OK"
2026-03-14 19:44:32,972 INFO HTTP Request: GET https://huggingface.co/api/models/EleutherAI/pythia-70m/tree/main/additional_chat_templates?recursive=false&expand=false "HTTP/1.1 404 Not Found"
2026-03-14 19:44:33,173 INFO HTTP Request: GET https://huggingface.co/api/models/EleutherAI/pythia-70m/tree/main?recursive=true&expand=false "HTTP/1.1 200 OK"
2026-03-14 19:44:33,311 INFO [train] Loading corpus: /home/anonymous/YouRA_results_new_4/TEST_data_problems/docs/youra_research/20260315_data_problems/h-e1/data/corpora/C0.jsonl
2026-03-14 19:44:36,305 INFO [train] Loaded 50000 documents from /home/anonymous/YouRA_results_new_4/TEST_data_problems/docs/youra_research/20260315_data_problems/h-e1/data/corpora/C0.jsonl
2026-03-14 19:44:36,305 INFO [train] Tokenizing and chunking to seq_length=512
2026-03-14 19:46:16,703 INFO [train] 96205 training sequences of length 512
2026-03-14 19:46:22,144 INFO [train] Training for 375 steps (token_budget=49,256,960, warmup=3)
2026-03-14 19:46:22,383 INFO [train] Starting HF Trainer training for C0
2026-03-14 19:55:06,488 INFO === Step 01: Validate Prerequisites ===
2026-03-14 19:55:06,488 INFO [step01] All h-e1 corpora found in /home/anonymous/YouRA_results_new_4/TEST_data_problems/docs/youra_research/20260315_data_problems/h-e1/data/corpora
2026-03-14 19:55:06,488 INFO === Step 02: Generate C7 Corpus ===
2026-03-14 19:55:06,491 INFO [step02] C7 already exists: /home/anonymous/YouRA_results_new_4/TEST_data_problems/docs/youra_research/20260315_data_problems/h-e1/data/corpora/C7.jsonl
2026-03-14 19:55:06,491 INFO === Step 03: Tokenize Corpora ===
2026-03-14 19:55:06,491 INFO [step03] C0 already tokenized
2026-03-14 19:55:06,491 INFO [step03] C1 already tokenized
2026-03-14 19:55:06,491 INFO [step03] C2 already tokenized
2026-03-14 19:55:06,491 INFO [step03] C3 already tokenized
2026-03-14 19:55:06,491 INFO [step03] C4 already tokenized
2026-03-14 19:55:06,491 INFO [step03] C5 already tokenized
2026-03-14 19:55:06,491 INFO [step03] C6 already tokenized
2026-03-14 19:55:06,491 INFO [step03] C7 already tokenized
2026-03-14 19:55:06,491 INFO === Step 04: Generate gpt-neox YAML Configs ===
2026-03-14 19:55:06,492 INFO === Step 05: Train Models ===
2026-03-14 19:55:06,492 WARNING gpt-neox launcher not found. Using HuggingFace Trainer fallback for C0.
2026-03-14 19:55:09,471 INFO PyTorch version 2.4.1+cu121 available.
2026-03-14 19:55:09,581 INFO [train] HF Trainer fallback for C0 — loading corpus from /home/anonymous/YouRA_results_new_4/TEST_data_problems/docs/youra_research/20260315_data_problems/h-e1/data/corpora/C0.jsonl
2026-03-14 19:55:09,581 INFO [train] Initializing Pythia-1B (2048h, 16L) on cuda
2026-03-14 19:55:20,472 INFO HTTP Request: HEAD https://huggingface.co/EleutherAI/pythia-70m/resolve/main/config.json "HTTP/1.1 307 Temporary Redirect"
2026-03-14 19:55:20,690 INFO HTTP Request: HEAD https://huggingface.co/api/resolve-cache/models/EleutherAI/pythia-70m/a39f36b100fe8a5377810d56c3f4789b9c53ac42/config.json "HTTP/1.1 200 OK"
2026-03-14 19:55:20,903 INFO HTTP Request: HEAD https://huggingface.co/EleutherAI/pythia-70m/resolve/main/tokenizer_config.json "HTTP/1.1 307 Temporary Redirect"
2026-03-14 19:55:21,110 INFO HTTP Request: HEAD https://huggingface.co/api/resolve-cache/models/EleutherAI/pythia-70m/a39f36b100fe8a5377810d56c3f4789b9c53ac42/tokenizer_config.json "HTTP/1.1 200 OK"
2026-03-14 19:55:21,321 INFO HTTP Request: GET https://huggingface.co/api/models/EleutherAI/pythia-70m/tree/main/additional_chat_templates?recursive=false&expand=false "HTTP/1.1 404 Not Found"
2026-03-14 19:55:21,526 INFO HTTP Request: GET https://huggingface.co/api/models/EleutherAI/pythia-70m/tree/main?recursive=true&expand=false "HTTP/1.1 200 OK"
2026-03-14 19:55:21,666 INFO [train] Loading corpus: /home/anonymous/YouRA_results_new_4/TEST_data_problems/docs/youra_research/20260315_data_problems/h-e1/data/corpora/C0.jsonl
2026-03-14 19:55:24,630 INFO [train] Loaded 50000 documents from /home/anonymous/YouRA_results_new_4/TEST_data_problems/docs/youra_research/20260315_data_problems/h-e1/data/corpora/C0.jsonl
2026-03-14 19:55:24,631 INFO [train] Tokenizing and chunking to seq_length=512
2026-03-14 19:57:04,703 INFO [train] 96205 training sequences of length 512
2026-03-14 19:57:09,964 INFO [train] Training for 375 steps (token_budget=49,256,960, warmup=3)
2026-03-14 19:57:10,207 INFO [train] Starting HF Trainer training for C0
2026-03-14 21:25:17,063 INFO [train] HF checkpoint saved: /home/anonymous/YouRA_results_new_4/TEST_data_problems/docs/youra_research/20260315_data_problems/h-m2/checkpoints/config_C0/hf_model
2026-03-14 21:25:17,534 WARNING gpt-neox launcher not found. Using HuggingFace Trainer fallback for C1.
2026-03-14 21:25:17,538 INFO [train] HF Trainer fallback for C1 — loading corpus from /home/anonymous/YouRA_results_new_4/TEST_data_problems/docs/youra_research/20260315_data_problems/h-e1/data/corpora/C1.jsonl
2026-03-14 21:25:17,539 INFO [train] Initializing Pythia-1B (2048h, 16L) on cuda
2026-03-14 21:25:27,705 INFO HTTP Request: HEAD https://huggingface.co/EleutherAI/pythia-70m/resolve/main/config.json "HTTP/1.1 307 Temporary Redirect"
2026-03-14 21:25:27,716 INFO HTTP Request: HEAD https://huggingface.co/api/resolve-cache/models/EleutherAI/pythia-70m/a39f36b100fe8a5377810d56c3f4789b9c53ac42/config.json "HTTP/1.1 200 OK"
2026-03-14 21:25:27,945 INFO HTTP Request: HEAD https://huggingface.co/EleutherAI/pythia-70m/resolve/main/tokenizer_config.json "HTTP/1.1 307 Temporary Redirect"
2026-03-14 21:25:27,945 WARNING Warning: You are sending unauthenticated requests to the HF Hub. Please set a HF_TOKEN to enable higher rate limits and faster downloads.
2026-03-14 21:25:27,962 INFO HTTP Request: HEAD https://huggingface.co/api/resolve-cache/models/EleutherAI/pythia-70m/a39f36b100fe8a5377810d56c3f4789b9c53ac42/tokenizer_config.json "HTTP/1.1 200 OK"
2026-03-14 21:25:28,164 INFO HTTP Request: GET https://huggingface.co/api/models/EleutherAI/pythia-70m/tree/main/additional_chat_templates?recursive=false&expand=false "HTTP/1.1 404 Not Found"
2026-03-14 21:25:28,418 INFO HTTP Request: GET https://huggingface.co/api/models/EleutherAI/pythia-70m/tree/main?recursive=true&expand=false "HTTP/1.1 200 OK"
2026-03-14 21:25:28,576 INFO [train] Loading corpus: /home/anonymous/YouRA_results_new_4/TEST_data_problems/docs/youra_research/20260315_data_problems/h-e1/data/corpora/C1.jsonl
2026-03-14 21:25:31,474 INFO [train] Loaded 45000 documents from /home/anonymous/YouRA_results_new_4/TEST_data_problems/docs/youra_research/20260315_data_problems/h-e1/data/corpora/C1.jsonl
2026-03-14 21:25:31,474 INFO [train] Tokenizing and chunking to seq_length=512
2026-03-14 21:27:03,584 INFO [train] 85095 training sequences of length 512
2026-03-14 21:27:08,359 INFO [train] Training for 332 steps (token_budget=43,568,640, warmup=3)
2026-03-14 21:27:08,444 INFO [train] Starting HF Trainer training for C1
2026-03-14 21:40:31,374 INFO [train] HF checkpoint saved: /home/anonymous/YouRA_results_new_4/TEST_data_problems/docs/youra_research/20260315_data_problems/h-m2/checkpoints/config_C0/hf_model
2026-03-14 21:40:32,025 WARNING gpt-neox launcher not found. Using HuggingFace Trainer fallback for C1.
2026-03-14 21:40:32,026 INFO [train] HF Trainer fallback for C1 — loading corpus from /home/anonymous/YouRA_results_new_4/TEST_data_problems/docs/youra_research/20260315_data_problems/h-e1/data/corpora/C1.jsonl
2026-03-14 21:40:32,029 INFO [train] Initializing Pythia-1B (2048h, 16L) on cuda
2026-03-14 21:40:42,453 INFO HTTP Request: HEAD https://huggingface.co/EleutherAI/pythia-70m/resolve/main/config.json "HTTP/1.1 307 Temporary Redirect"
2026-03-14 21:40:42,453 WARNING Warning: You are sending unauthenticated requests to the HF Hub. Please set a HF_TOKEN to enable higher rate limits and faster downloads.
2026-03-14 21:40:42,462 INFO HTTP Request: HEAD https://huggingface.co/api/resolve-cache/models/EleutherAI/pythia-70m/a39f36b100fe8a5377810d56c3f4789b9c53ac42/config.json "HTTP/1.1 200 OK"
2026-03-14 21:40:42,662 INFO HTTP Request: HEAD https://huggingface.co/EleutherAI/pythia-70m/resolve/main/tokenizer_config.json "HTTP/1.1 307 Temporary Redirect"
2026-03-14 21:40:42,669 INFO HTTP Request: HEAD https://huggingface.co/api/resolve-cache/models/EleutherAI/pythia-70m/a39f36b100fe8a5377810d56c3f4789b9c53ac42/tokenizer_config.json "HTTP/1.1 200 OK"
2026-03-14 21:40:42,875 INFO HTTP Request: GET https://huggingface.co/api/models/EleutherAI/pythia-70m/tree/main/additional_chat_templates?recursive=false&expand=false "HTTP/1.1 404 Not Found"
2026-03-14 21:40:43,084 INFO HTTP Request: GET https://huggingface.co/api/models/EleutherAI/pythia-70m/tree/main?recursive=true&expand=false "HTTP/1.1 200 OK"
2026-03-14 21:40:43,238 INFO [train] Loading corpus: /home/anonymous/YouRA_results_new_4/TEST_data_problems/docs/youra_research/20260315_data_problems/h-e1/data/corpora/C1.jsonl
2026-03-14 21:40:45,986 INFO [train] Loaded 45000 documents from /home/anonymous/YouRA_results_new_4/TEST_data_problems/docs/youra_research/20260315_data_problems/h-e1/data/corpora/C1.jsonl
2026-03-14 21:40:45,986 INFO [train] Tokenizing and chunking to seq_length=512
2026-03-14 21:42:18,274 INFO [train] 85095 training sequences of length 512
2026-03-14 21:42:23,287 INFO [train] Training for 332 steps (token_budget=43,568,640, warmup=3)
2026-03-14 21:42:23,394 INFO [train] Starting HF Trainer training for C1
2026-03-14 22:57:51,041 INFO [train] HF checkpoint saved: /home/anonymous/YouRA_results_new_4/TEST_data_problems/docs/youra_research/20260315_data_problems/h-m2/checkpoints/config_C1/hf_model
2026-03-14 22:57:51,555 WARNING gpt-neox launcher not found. Using HuggingFace Trainer fallback for C2.
2026-03-14 22:57:51,555 INFO [train] HF Trainer fallback for C2 — loading corpus from /home/anonymous/YouRA_results_new_4/TEST_data_problems/docs/youra_research/20260315_data_problems/h-e1/data/corpora/C2.jsonl
2026-03-14 22:57:51,555 INFO [train] Initializing Pythia-1B (2048h, 16L) on cuda
2026-03-14 22:58:01,537 INFO HTTP Request: HEAD https://huggingface.co/EleutherAI/pythia-70m/resolve/main/config.json "HTTP/1.1 307 Temporary Redirect"
2026-03-14 22:58:01,547 INFO HTTP Request: HEAD https://huggingface.co/api/resolve-cache/models/EleutherAI/pythia-70m/a39f36b100fe8a5377810d56c3f4789b9c53ac42/config.json "HTTP/1.1 200 OK"
2026-03-14 22:58:01,742 INFO HTTP Request: HEAD https://huggingface.co/EleutherAI/pythia-70m/resolve/main/tokenizer_config.json "HTTP/1.1 307 Temporary Redirect"
2026-03-14 22:58:01,752 INFO HTTP Request: HEAD https://huggingface.co/api/resolve-cache/models/EleutherAI/pythia-70m/a39f36b100fe8a5377810d56c3f4789b9c53ac42/tokenizer_config.json "HTTP/1.1 200 OK"
2026-03-14 22:58:01,955 INFO HTTP Request: GET https://huggingface.co/api/models/EleutherAI/pythia-70m/tree/main/additional_chat_templates?recursive=false&expand=false "HTTP/1.1 404 Not Found"
2026-03-14 22:58:02,154 INFO HTTP Request: GET https://huggingface.co/api/models/EleutherAI/pythia-70m/tree/main?recursive=true&expand=false "HTTP/1.1 200 OK"
2026-03-14 22:58:02,297 INFO [train] Loading corpus: /home/anonymous/YouRA_results_new_4/TEST_data_problems/docs/youra_research/20260315_data_problems/h-e1/data/corpora/C2.jsonl
2026-03-14 22:58:04,561 INFO [train] Loaded 35000 documents from /home/anonymous/YouRA_results_new_4/TEST_data_problems/docs/youra_research/20260315_data_problems/h-e1/data/corpora/C2.jsonl
2026-03-14 22:58:04,561 INFO [train] Tokenizing and chunking to seq_length=512
2026-03-14 22:59:13,665 INFO [train] 63268 training sequences of length 512
2026-03-14 22:59:16,994 INFO [train] Training for 247 steps (token_budget=32,393,216, warmup=2)
2026-03-14 22:59:17,098 INFO [train] Starting HF Trainer training for C2
2026-03-14 23:51:19,393 INFO [train] HF checkpoint saved: /home/anonymous/YouRA_results_new_4/TEST_data_problems/docs/youra_research/20260315_data_problems/h-m2/checkpoints/config_C2/hf_model
2026-03-14 23:51:19,708 WARNING gpt-neox launcher not found. Using HuggingFace Trainer fallback for C3.
2026-03-14 23:51:19,708 INFO [train] HF Trainer fallback for C3 — loading corpus from /home/anonymous/YouRA_results_new_4/TEST_data_problems/docs/youra_research/20260315_data_problems/h-e1/data/corpora/C3.jsonl
2026-03-14 23:51:19,712 INFO [train] Initializing Pythia-1B (2048h, 16L) on cuda
2026-03-14 23:51:29,683 INFO HTTP Request: HEAD https://huggingface.co/EleutherAI/pythia-70m/resolve/main/config.json "HTTP/1.1 307 Temporary Redirect"
2026-03-14 23:51:29,691 INFO HTTP Request: HEAD https://huggingface.co/api/resolve-cache/models/EleutherAI/pythia-70m/a39f36b100fe8a5377810d56c3f4789b9c53ac42/config.json "HTTP/1.1 200 OK"
2026-03-14 23:51:29,891 INFO HTTP Request: HEAD https://huggingface.co/EleutherAI/pythia-70m/resolve/main/tokenizer_config.json "HTTP/1.1 307 Temporary Redirect"
2026-03-14 23:51:29,900 INFO HTTP Request: HEAD https://huggingface.co/api/resolve-cache/models/EleutherAI/pythia-70m/a39f36b100fe8a5377810d56c3f4789b9c53ac42/tokenizer_config.json "HTTP/1.1 200 OK"
2026-03-14 23:51:30,140 INFO HTTP Request: GET https://huggingface.co/api/models/EleutherAI/pythia-70m/tree/main/additional_chat_templates?recursive=false&expand=false "HTTP/1.1 404 Not Found"
2026-03-14 23:51:30,345 INFO HTTP Request: GET https://huggingface.co/api/models/EleutherAI/pythia-70m/tree/main?recursive=true&expand=false "HTTP/1.1 200 OK"
2026-03-14 23:51:30,488 INFO [train] Loading corpus: /home/anonymous/YouRA_results_new_4/TEST_data_problems/docs/youra_research/20260315_data_problems/h-e1/data/corpora/C3.jsonl
2026-03-14 23:51:32,108 INFO [train] Loaded 25000 documents from /home/anonymous/YouRA_results_new_4/TEST_data_problems/docs/youra_research/20260315_data_problems/h-e1/data/corpora/C3.jsonl
2026-03-14 23:51:32,108 INFO [train] Tokenizing and chunking to seq_length=512
2026-03-14 23:52:19,006 INFO [train] 41718 training sequences of length 512
2026-03-14 23:52:21,336 INFO [train] Training for 162 steps (token_budget=21,359,616, warmup=1)
2026-03-14 23:52:21,432 INFO [train] Starting HF Trainer training for C3
2026-03-15 00:24:41,613 INFO [train] HF checkpoint saved: /home/anonymous/YouRA_results_new_4/TEST_data_problems/docs/youra_research/20260315_data_problems/h-m2/checkpoints/config_C3/hf_model
2026-03-15 00:24:41,912 WARNING gpt-neox launcher not found. Using HuggingFace Trainer fallback for C4.
2026-03-15 00:24:41,913 INFO [train] HF Trainer fallback for C4 — loading corpus from /home/anonymous/YouRA_results_new_4/TEST_data_problems/docs/youra_research/20260315_data_problems/h-e1/data/corpora/C4.jsonl
2026-03-15 00:24:41,918 INFO [train] Initializing Pythia-1B (2048h, 16L) on cuda
2026-03-15 00:24:51,742 INFO HTTP Request: HEAD https://huggingface.co/EleutherAI/pythia-70m/resolve/main/config.json "HTTP/1.1 307 Temporary Redirect"
2026-03-15 00:24:51,750 INFO HTTP Request: HEAD https://huggingface.co/api/resolve-cache/models/EleutherAI/pythia-70m/a39f36b100fe8a5377810d56c3f4789b9c53ac42/config.json "HTTP/1.1 200 OK"
2026-03-15 00:24:51,958 INFO HTTP Request: HEAD https://huggingface.co/EleutherAI/pythia-70m/resolve/main/tokenizer_config.json "HTTP/1.1 307 Temporary Redirect"
2026-03-15 00:24:51,966 INFO HTTP Request: HEAD https://huggingface.co/api/resolve-cache/models/EleutherAI/pythia-70m/a39f36b100fe8a5377810d56c3f4789b9c53ac42/tokenizer_config.json "HTTP/1.1 200 OK"
2026-03-15 00:24:52,171 INFO HTTP Request: GET https://huggingface.co/api/models/EleutherAI/pythia-70m/tree/main/additional_chat_templates?recursive=false&expand=false "HTTP/1.1 404 Not Found"
2026-03-15 00:24:52,379 INFO HTTP Request: GET https://huggingface.co/api/models/EleutherAI/pythia-70m/tree/main?recursive=true&expand=false "HTTP/1.1 200 OK"
2026-03-15 00:24:52,527 INFO [train] Loading corpus: /home/anonymous/YouRA_results_new_4/TEST_data_problems/docs/youra_research/20260315_data_problems/h-e1/data/corpora/C4.jsonl
2026-03-15 00:24:53,397 INFO [train] Loaded 15000 documents from /home/anonymous/YouRA_results_new_4/TEST_data_problems/docs/youra_research/20260315_data_problems/h-e1/data/corpora/C4.jsonl
2026-03-15 00:24:53,397 INFO [train] Tokenizing and chunking to seq_length=512
2026-03-15 00:25:18,738 INFO [train] 21126 training sequences of length 512
2026-03-15 00:25:19,957 INFO [train] Training for 82 steps (token_budget=10,816,512, warmup=1)
2026-03-15 00:25:20,032 INFO [train] Starting HF Trainer training for C4
2026-03-15 00:41:51,941 INFO [train] HF checkpoint saved: /home/anonymous/YouRA_results_new_4/TEST_data_problems/docs/youra_research/20260315_data_problems/h-m2/checkpoints/config_C4/hf_model
2026-03-15 00:41:52,049 WARNING gpt-neox launcher not found. Using HuggingFace Trainer fallback for C5.
2026-03-15 00:41:52,049 INFO [train] HF Trainer fallback for C5 — loading corpus from /home/anonymous/YouRA_results_new_4/TEST_data_problems/docs/youra_research/20260315_data_problems/h-e1/data/corpora/C5.jsonl
2026-03-15 00:41:52,049 INFO [train] Initializing Pythia-1B (2048h, 16L) on cuda
2026-03-15 00:42:02,014 INFO HTTP Request: HEAD https://huggingface.co/EleutherAI/pythia-70m/resolve/main/config.json "HTTP/1.1 307 Temporary Redirect"
2026-03-15 00:42:02,023 INFO HTTP Request: HEAD https://huggingface.co/api/resolve-cache/models/EleutherAI/pythia-70m/a39f36b100fe8a5377810d56c3f4789b9c53ac42/config.json "HTTP/1.1 200 OK"
2026-03-15 00:42:02,233 INFO HTTP Request: HEAD https://huggingface.co/EleutherAI/pythia-70m/resolve/main/tokenizer_config.json "HTTP/1.1 307 Temporary Redirect"
2026-03-15 00:42:02,241 INFO HTTP Request: HEAD https://huggingface.co/api/resolve-cache/models/EleutherAI/pythia-70m/a39f36b100fe8a5377810d56c3f4789b9c53ac42/tokenizer_config.json "HTTP/1.1 200 OK"
2026-03-15 00:42:02,451 INFO HTTP Request: GET https://huggingface.co/api/models/EleutherAI/pythia-70m/tree/main/additional_chat_templates?recursive=false&expand=false "HTTP/1.1 404 Not Found"
2026-03-15 00:42:02,657 INFO HTTP Request: GET https://huggingface.co/api/models/EleutherAI/pythia-70m/tree/main?recursive=true&expand=false "HTTP/1.1 200 OK"
2026-03-15 00:42:02,809 INFO [train] Loading corpus: /home/anonymous/YouRA_results_new_4/TEST_data_problems/docs/youra_research/20260315_data_problems/h-e1/data/corpora/C5.jsonl
2026-03-15 00:42:03,043 INFO [train] Loaded 5000 documents from /home/anonymous/YouRA_results_new_4/TEST_data_problems/docs/youra_research/20260315_data_problems/h-e1/data/corpora/C5.jsonl
2026-03-15 00:42:03,043 INFO [train] Tokenizing and chunking to seq_length=512
2026-03-15 00:42:09,620 INFO [train] 4586 training sequences of length 512
2026-03-15 00:42:09,857 INFO [train] Training for 17 steps (token_budget=2,348,032, warmup=1)
2026-03-15 00:42:09,932 INFO [train] Starting HF Trainer training for C5
2026-03-15 00:45:51,436 INFO [train] HF checkpoint saved: /home/anonymous/YouRA_results_new_4/TEST_data_problems/docs/youra_research/20260315_data_problems/h-m2/checkpoints/config_C5/hf_model
2026-03-15 00:45:51,475 WARNING gpt-neox launcher not found. Using HuggingFace Trainer fallback for C6.
2026-03-15 00:45:51,475 INFO [train] HF Trainer fallback for C6 — loading corpus from /home/anonymous/YouRA_results_new_4/TEST_data_problems/docs/youra_research/20260315_data_problems/h-e1/data/corpora/C6.jsonl
2026-03-15 00:45:51,478 INFO [train] Initializing Pythia-1B (2048h, 16L) on cuda
2026-03-15 00:46:01,562 INFO HTTP Request: HEAD https://huggingface.co/EleutherAI/pythia-70m/resolve/main/config.json "HTTP/1.1 307 Temporary Redirect"
2026-03-15 00:46:01,572 INFO HTTP Request: HEAD https://huggingface.co/api/resolve-cache/models/EleutherAI/pythia-70m/a39f36b100fe8a5377810d56c3f4789b9c53ac42/config.json "HTTP/1.1 200 OK"
2026-03-15 00:46:01,779 INFO HTTP Request: HEAD https://huggingface.co/EleutherAI/pythia-70m/resolve/main/tokenizer_config.json "HTTP/1.1 307 Temporary Redirect"
2026-03-15 00:46:01,787 INFO HTTP Request: HEAD https://huggingface.co/api/resolve-cache/models/EleutherAI/pythia-70m/a39f36b100fe8a5377810d56c3f4789b9c53ac42/tokenizer_config.json "HTTP/1.1 200 OK"
2026-03-15 00:46:01,995 INFO HTTP Request: GET https://huggingface.co/api/models/EleutherAI/pythia-70m/tree/main/additional_chat_templates?recursive=false&expand=false "HTTP/1.1 404 Not Found"
2026-03-15 00:46:02,201 INFO HTTP Request: GET https://huggingface.co/api/models/EleutherAI/pythia-70m/tree/main?recursive=true&expand=false "HTTP/1.1 200 OK"
2026-03-15 00:46:02,512 INFO [train] Loading corpus: /home/anonymous/YouRA_results_new_4/TEST_data_problems/docs/youra_research/20260315_data_problems/h-e1/data/corpora/C6.jsonl
2026-03-15 00:46:05,918 INFO [train] Loaded 50000 documents from /home/anonymous/YouRA_results_new_4/TEST_data_problems/docs/youra_research/20260315_data_problems/h-e1/data/corpora/C6.jsonl
2026-03-15 00:46:05,918 INFO [train] Tokenizing and chunking to seq_length=512
2026-03-15 00:47:50,886 INFO [train] 95558 training sequences of length 512
2026-03-15 00:47:56,534 INFO [train] Training for 373 steps (token_budget=48,925,696, warmup=3)
2026-03-15 00:47:56,614 INFO [train] Starting HF Trainer training for C6
2026-03-15 02:02:53,041 INFO [train] HF checkpoint saved: /home/anonymous/YouRA_results_new_4/TEST_data_problems/docs/youra_research/20260315_data_problems/h-m2/checkpoints/config_C6/hf_model
2026-03-15 02:02:53,467 WARNING gpt-neox launcher not found. Using HuggingFace Trainer fallback for C7.
2026-03-15 02:02:53,467 INFO [train] HF Trainer fallback for C7 — loading corpus from /home/anonymous/YouRA_results_new_4/TEST_data_problems/docs/youra_research/20260315_data_problems/h-e1/data/corpora/C7.jsonl
2026-03-15 02:02:53,470 INFO [train] Initializing Pythia-1B (2048h, 16L) on cuda
2026-03-15 02:03:03,724 INFO HTTP Request: HEAD https://huggingface.co/EleutherAI/pythia-70m/resolve/main/config.json "HTTP/1.1 307 Temporary Redirect"
2026-03-15 02:03:03,743 INFO HTTP Request: HEAD https://huggingface.co/api/resolve-cache/models/EleutherAI/pythia-70m/a39f36b100fe8a5377810d56c3f4789b9c53ac42/config.json "HTTP/1.1 200 OK"
2026-03-15 02:03:03,955 INFO HTTP Request: HEAD https://huggingface.co/EleutherAI/pythia-70m/resolve/main/tokenizer_config.json "HTTP/1.1 307 Temporary Redirect"
2026-03-15 02:03:03,979 INFO HTTP Request: HEAD https://huggingface.co/api/resolve-cache/models/EleutherAI/pythia-70m/a39f36b100fe8a5377810d56c3f4789b9c53ac42/tokenizer_config.json "HTTP/1.1 200 OK"
2026-03-15 02:03:04,189 INFO HTTP Request: GET https://huggingface.co/api/models/EleutherAI/pythia-70m/tree/main/additional_chat_templates?recursive=false&expand=false "HTTP/1.1 404 Not Found"
2026-03-15 02:03:04,401 INFO HTTP Request: GET https://huggingface.co/api/models/EleutherAI/pythia-70m/tree/main?recursive=true&expand=false "HTTP/1.1 200 OK"
2026-03-15 02:03:04,546 INFO [train] Loading corpus: /home/anonymous/YouRA_results_new_4/TEST_data_problems/docs/youra_research/20260315_data_problems/h-e1/data/corpora/C7.jsonl
2026-03-15 02:03:05,612 INFO [train] Loaded 25000 documents from /home/anonymous/YouRA_results_new_4/TEST_data_problems/docs/youra_research/20260315_data_problems/h-e1/data/corpora/C7.jsonl
2026-03-15 02:03:05,612 INFO [train] Tokenizing and chunking to seq_length=512
2026-03-15 02:03:52,687 INFO [train] 41719 training sequences of length 512
2026-03-15 02:03:55,002 INFO [train] Training for 162 steps (token_budget=21,360,128, warmup=1)
2026-03-15 02:03:55,079 INFO [train] Starting HF Trainer training for C7
2026-03-15 02:37:16,517 INFO [train] HF checkpoint saved: /home/anonymous/YouRA_results_new_4/TEST_data_problems/docs/youra_research/20260315_data_problems/h-m2/checkpoints/config_C7/hf_model
2026-03-15 02:37:16,838 INFO === Step 06: Probe Models ===
2026-03-15 02:37:16,859 INFO [probe] Loading model from /home/anonymous/YouRA_results_new_4/TEST_data_problems/docs/youra_research/20260315_data_problems/h-m2/checkpoints/config_C0/hf_model
2026-03-15 02:37:16,863 INFO [probe] Falling back to EleutherAI/pythia-70m tokenizer
2026-03-15 02:37:17,281 INFO HTTP Request: HEAD https://huggingface.co/EleutherAI/pythia-70m/resolve/main/config.json "HTTP/1.1 307 Temporary Redirect"
2026-03-15 02:37:17,289 INFO HTTP Request: HEAD https://huggingface.co/api/resolve-cache/models/EleutherAI/pythia-70m/a39f36b100fe8a5377810d56c3f4789b9c53ac42/config.json "HTTP/1.1 200 OK"
2026-03-15 02:37:17,504 INFO HTTP Request: HEAD https://huggingface.co/EleutherAI/pythia-70m/resolve/main/tokenizer_config.json "HTTP/1.1 307 Temporary Redirect"
2026-03-15 02:37:17,512 INFO HTTP Request: HEAD https://huggingface.co/api/resolve-cache/models/EleutherAI/pythia-70m/a39f36b100fe8a5377810d56c3f4789b9c53ac42/tokenizer_config.json "HTTP/1.1 200 OK"
2026-03-15 02:37:17,718 INFO HTTP Request: GET https://huggingface.co/api/models/EleutherAI/pythia-70m/tree/main/additional_chat_templates?recursive=false&expand=false "HTTP/1.1 404 Not Found"
2026-03-15 02:37:17,928 INFO HTTP Request: GET https://huggingface.co/api/models/EleutherAI/pythia-70m/tree/main?recursive=true&expand=false "HTTP/1.1 200 OK"
2026-03-15 02:37:20,385 INFO [probe] Model loaded: 1,011,781,632 params
2026-03-15 02:37:20,385 INFO [probe] Computing logit margins for C0
2026-03-15 02:37:33,956 INFO [probe] C0: mean_margin=-0.0108, n=2160, outliers=0
2026-03-15 02:37:34,003 INFO [probe] Loading model from /home/anonymous/YouRA_results_new_4/TEST_data_problems/docs/youra_research/20260315_data_problems/h-m2/checkpoints/config_C1/hf_model
2026-03-15 02:37:34,008 INFO [probe] Falling back to EleutherAI/pythia-70m tokenizer
2026-03-15 02:37:34,219 INFO HTTP Request: HEAD https://huggingface.co/EleutherAI/pythia-70m/resolve/main/config.json "HTTP/1.1 307 Temporary Redirect"
2026-03-15 02:37:34,226 INFO HTTP Request: HEAD https://huggingface.co/api/resolve-cache/models/EleutherAI/pythia-70m/a39f36b100fe8a5377810d56c3f4789b9c53ac42/config.json "HTTP/1.1 200 OK"
2026-03-15 02:37:34,466 INFO HTTP Request: HEAD https://huggingface.co/EleutherAI/pythia-70m/resolve/main/tokenizer_config.json "HTTP/1.1 307 Temporary Redirect"
2026-03-15 02:37:34,473 INFO HTTP Request: HEAD https://huggingface.co/api/resolve-cache/models/EleutherAI/pythia-70m/a39f36b100fe8a5377810d56c3f4789b9c53ac42/tokenizer_config.json "HTTP/1.1 200 OK"
2026-03-15 02:37:34,679 INFO HTTP Request: GET https://huggingface.co/api/models/EleutherAI/pythia-70m/tree/main/additional_chat_templates?recursive=false&expand=false "HTTP/1.1 404 Not Found"
2026-03-15 02:37:34,885 INFO HTTP Request: GET https://huggingface.co/api/models/EleutherAI/pythia-70m/tree/main?recursive=true&expand=false "HTTP/1.1 200 OK"
2026-03-15 02:37:37,230 INFO [probe] Model loaded: 1,011,781,632 params
2026-03-15 02:37:37,241 INFO [probe] Computing logit margins for C1
2026-03-15 02:37:50,412 INFO [probe] C1: mean_margin=-0.3225, n=2160, outliers=0
2026-03-15 02:37:50,420 INFO [probe] Loading model from /home/anonymous/YouRA_results_new_4/TEST_data_problems/docs/youra_research/20260315_data_problems/h-m2/checkpoints/config_C2/hf_model
2026-03-15 02:37:50,421 INFO [probe] Falling back to EleutherAI/pythia-70m tokenizer
2026-03-15 02:37:50,663 INFO HTTP Request: HEAD https://huggingface.co/EleutherAI/pythia-70m/resolve/main/config.json "HTTP/1.1 307 Temporary Redirect"
2026-03-15 02:37:50,672 INFO HTTP Request: HEAD https://huggingface.co/api/resolve-cache/models/EleutherAI/pythia-70m/a39f36b100fe8a5377810d56c3f4789b9c53ac42/config.json "HTTP/1.1 200 OK"
2026-03-15 02:37:50,878 INFO HTTP Request: HEAD https://huggingface.co/EleutherAI/pythia-70m/resolve/main/tokenizer_config.json "HTTP/1.1 307 Temporary Redirect"
2026-03-15 02:37:50,888 INFO HTTP Request: HEAD https://huggingface.co/api/resolve-cache/models/EleutherAI/pythia-70m/a39f36b100fe8a5377810d56c3f4789b9c53ac42/tokenizer_config.json "HTTP/1.1 200 OK"
2026-03-15 02:37:51,086 INFO HTTP Request: GET https://huggingface.co/api/models/EleutherAI/pythia-70m/tree/main/additional_chat_templates?recursive=false&expand=false "HTTP/1.1 404 Not Found"
2026-03-15 02:37:51,294 INFO HTTP Request: GET https://huggingface.co/api/models/EleutherAI/pythia-70m/tree/main?recursive=true&expand=false "HTTP/1.1 200 OK"
2026-03-15 02:37:53,710 INFO [probe] Model loaded: 1,011,781,632 params
2026-03-15 02:37:53,723 INFO [probe] Computing logit margins for C2
2026-03-15 02:38:06,905 INFO [probe] C2: mean_margin=-0.4192, n=2160, outliers=0
2026-03-15 02:38:06,913 INFO [probe] Loading model from /home/anonymous/YouRA_results_new_4/TEST_data_problems/docs/youra_research/20260315_data_problems/h-m2/checkpoints/config_C3/hf_model
2026-03-15 02:38:06,915 INFO [probe] Falling back to EleutherAI/pythia-70m tokenizer
2026-03-15 02:38:07,132 INFO HTTP Request: HEAD https://huggingface.co/EleutherAI/pythia-70m/resolve/main/config.json "HTTP/1.1 307 Temporary Redirect"
2026-03-15 02:38:07,140 INFO HTTP Request: HEAD https://huggingface.co/api/resolve-cache/models/EleutherAI/pythia-70m/a39f36b100fe8a5377810d56c3f4789b9c53ac42/config.json "HTTP/1.1 200 OK"
2026-03-15 02:38:07,344 INFO HTTP Request: HEAD https://huggingface.co/EleutherAI/pythia-70m/resolve/main/tokenizer_config.json "HTTP/1.1 307 Temporary Redirect"
2026-03-15 02:38:07,351 INFO HTTP Request: HEAD https://huggingface.co/api/resolve-cache/models/EleutherAI/pythia-70m/a39f36b100fe8a5377810d56c3f4789b9c53ac42/tokenizer_config.json "HTTP/1.1 200 OK"
2026-03-15 02:38:07,555 INFO HTTP Request: GET https://huggingface.co/api/models/EleutherAI/pythia-70m/tree/main/additional_chat_templates?recursive=false&expand=false "HTTP/1.1 404 Not Found"
2026-03-15 02:38:07,759 INFO HTTP Request: GET https://huggingface.co/api/models/EleutherAI/pythia-70m/tree/main?recursive=true&expand=false "HTTP/1.1 200 OK"
2026-03-15 02:38:10,182 INFO [probe] Model loaded: 1,011,781,632 params
2026-03-15 02:38:10,192 INFO [probe] Computing logit margins for C3
2026-03-15 02:38:23,429 INFO [probe] C3: mean_margin=-0.5540, n=2160, outliers=0
2026-03-15 02:38:23,437 INFO [probe] Loading model from /home/anonymous/YouRA_results_new_4/TEST_data_problems/docs/youra_research/20260315_data_problems/h-m2/checkpoints/config_C4/hf_model
2026-03-15 02:38:23,438 INFO [probe] Falling back to EleutherAI/pythia-70m tokenizer
2026-03-15 02:38:23,854 INFO HTTP Request: HEAD https://huggingface.co/EleutherAI/pythia-70m/resolve/main/config.json "HTTP/1.1 307 Temporary Redirect"
2026-03-15 02:38:23,922 INFO HTTP Request: HEAD https://huggingface.co/api/resolve-cache/models/EleutherAI/pythia-70m/a39f36b100fe8a5377810d56c3f4789b9c53ac42/config.json "HTTP/1.1 200 OK"
2026-03-15 02:38:24,121 INFO HTTP Request: HEAD https://huggingface.co/EleutherAI/pythia-70m/resolve/main/tokenizer_config.json "HTTP/1.1 307 Temporary Redirect"
2026-03-15 02:38:24,130 INFO HTTP Request: HEAD https://huggingface.co/api/resolve-cache/models/EleutherAI/pythia-70m/a39f36b100fe8a5377810d56c3f4789b9c53ac42/tokenizer_config.json "HTTP/1.1 200 OK"
2026-03-15 02:38:24,332 INFO HTTP Request: GET https://huggingface.co/api/models/EleutherAI/pythia-70m/tree/main/additional_chat_templates?recursive=false&expand=false "HTTP/1.1 404 Not Found"
2026-03-15 02:38:24,540 INFO HTTP Request: GET https://huggingface.co/api/models/EleutherAI/pythia-70m/tree/main?recursive=true&expand=false "HTTP/1.1 200 OK"
2026-03-15 02:38:27,001 INFO [probe] Model loaded: 1,011,781,632 params
2026-03-15 02:38:27,009 INFO [probe] Computing logit margins for C4
2026-03-15 02:38:40,236 INFO [probe] C4: mean_margin=-0.4921, n=2160, outliers=0
2026-03-15 02:38:40,243 INFO [probe] Loading model from /home/anonymous/YouRA_results_new_4/TEST_data_problems/docs/youra_research/20260315_data_problems/h-m2/checkpoints/config_C5/hf_model
2026-03-15 02:38:40,244 INFO [probe] Falling back to EleutherAI/pythia-70m tokenizer
2026-03-15 02:38:40,453 INFO HTTP Request: HEAD https://huggingface.co/EleutherAI/pythia-70m/resolve/main/config.json "HTTP/1.1 307 Temporary Redirect"
2026-03-15 02:38:40,462 INFO HTTP Request: HEAD https://huggingface.co/api/resolve-cache/models/EleutherAI/pythia-70m/a39f36b100fe8a5377810d56c3f4789b9c53ac42/config.json "HTTP/1.1 200 OK"
2026-03-15 02:38:40,663 INFO HTTP Request: HEAD https://huggingface.co/EleutherAI/pythia-70m/resolve/main/tokenizer_config.json "HTTP/1.1 307 Temporary Redirect"
2026-03-15 02:38:40,672 INFO HTTP Request: HEAD https://huggingface.co/api/resolve-cache/models/EleutherAI/pythia-70m/a39f36b100fe8a5377810d56c3f4789b9c53ac42/tokenizer_config.json "HTTP/1.1 200 OK"
2026-03-15 02:38:40,870 INFO HTTP Request: GET https://huggingface.co/api/models/EleutherAI/pythia-70m/tree/main/additional_chat_templates?recursive=false&expand=false "HTTP/1.1 404 Not Found"
2026-03-15 02:38:41,073 INFO HTTP Request: GET https://huggingface.co/api/models/EleutherAI/pythia-70m/tree/main?recursive=true&expand=false "HTTP/1.1 200 OK"
2026-03-15 02:38:43,547 INFO [probe] Model loaded: 1,011,781,632 params
2026-03-15 02:38:43,556 INFO [probe] Computing logit margins for C5
2026-03-15 02:38:56,785 INFO [probe] C5: mean_margin=-0.3921, n=2160, outliers=0
2026-03-15 02:38:56,793 INFO [probe] Loading model from /home/anonymous/YouRA_results_new_4/TEST_data_problems/docs/youra_research/20260315_data_problems/h-m2/checkpoints/config_C6/hf_model
2026-03-15 02:38:56,795 INFO [probe] Falling back to EleutherAI/pythia-70m tokenizer
2026-03-15 02:38:57,014 INFO HTTP Request: HEAD https://huggingface.co/EleutherAI/pythia-70m/resolve/main/config.json "HTTP/1.1 307 Temporary Redirect"
2026-03-15 02:38:57,022 INFO HTTP Request: HEAD https://huggingface.co/api/resolve-cache/models/EleutherAI/pythia-70m/a39f36b100fe8a5377810d56c3f4789b9c53ac42/config.json "HTTP/1.1 200 OK"
2026-03-15 02:38:57,226 INFO HTTP Request: HEAD https://huggingface.co/EleutherAI/pythia-70m/resolve/main/tokenizer_config.json "HTTP/1.1 307 Temporary Redirect"
2026-03-15 02:38:57,243 INFO HTTP Request: HEAD https://huggingface.co/api/resolve-cache/models/EleutherAI/pythia-70m/a39f36b100fe8a5377810d56c3f4789b9c53ac42/tokenizer_config.json "HTTP/1.1 200 OK"
2026-03-15 02:38:57,455 INFO HTTP Request: GET https://huggingface.co/api/models/EleutherAI/pythia-70m/tree/main/additional_chat_templates?recursive=false&expand=false "HTTP/1.1 404 Not Found"
2026-03-15 02:38:57,667 INFO HTTP Request: GET https://huggingface.co/api/models/EleutherAI/pythia-70m/tree/main?recursive=true&expand=false "HTTP/1.1 200 OK"
2026-03-15 02:39:00,742 INFO [probe] Model loaded: 1,011,781,632 params
2026-03-15 02:39:00,754 INFO [probe] Computing logit margins for C6
2026-03-15 02:39:14,329 INFO [probe] C6: mean_margin=-0.2762, n=2160, outliers=0
2026-03-15 02:39:14,336 INFO [probe] Loading model from /home/anonymous/YouRA_results_new_4/TEST_data_problems/docs/youra_research/20260315_data_problems/h-m2/checkpoints/config_C7/hf_model
2026-03-15 02:39:14,338 INFO [probe] Falling back to EleutherAI/pythia-70m tokenizer
2026-03-15 02:39:14,827 INFO HTTP Request: HEAD https://huggingface.co/EleutherAI/pythia-70m/resolve/main/config.json "HTTP/1.1 307 Temporary Redirect"
2026-03-15 02:39:14,835 INFO HTTP Request: HEAD https://huggingface.co/api/resolve-cache/models/EleutherAI/pythia-70m/a39f36b100fe8a5377810d56c3f4789b9c53ac42/config.json "HTTP/1.1 200 OK"
2026-03-15 02:39:15,036 INFO HTTP Request: HEAD https://huggingface.co/EleutherAI/pythia-70m/resolve/main/tokenizer_config.json "HTTP/1.1 307 Temporary Redirect"
2026-03-15 02:39:15,045 INFO HTTP Request: HEAD https://huggingface.co/api/resolve-cache/models/EleutherAI/pythia-70m/a39f36b100fe8a5377810d56c3f4789b9c53ac42/tokenizer_config.json "HTTP/1.1 200 OK"
2026-03-15 02:39:15,255 INFO HTTP Request: GET https://huggingface.co/api/models/EleutherAI/pythia-70m/tree/main/additional_chat_templates?recursive=false&expand=false "HTTP/1.1 404 Not Found"
2026-03-15 02:39:15,465 INFO HTTP Request: GET https://huggingface.co/api/models/EleutherAI/pythia-70m/tree/main?recursive=true&expand=false "HTTP/1.1 200 OK"
2026-03-15 02:39:16,070 INFO [probe] Model loaded: 1,011,781,632 params
2026-03-15 02:39:16,079 INFO [probe] Computing logit margins for C7
2026-03-15 02:39:29,674 INFO [probe] C7: mean_margin=-0.5062, n=2160, outliers=0
2026-03-15 02:39:29,675 INFO [probe] Probe results saved: /home/anonymous/YouRA_results_new_4/TEST_data_problems/docs/youra_research/20260315_data_problems/h-m2/results/probe_results.json
2026-03-15 02:39:29,684 INFO === Step 07: Statistical Tests ===
2026-03-15 02:39:29,688 INFO [stats] Running tests on configs: ['C0', 'C1', 'C2', 'C3', 'C4', 'C5', 'C6']
2026-03-15 02:39:29,853 INFO [stats] Spearman rho=0.3571, p=0.4316, CI=[-0.6471,0.9608]
2026-03-15 02:39:29,853 INFO [stats] Gate: FAIL — p=0.4316 >= 0.01 (not significant)
2026-03-15 02:39:29,853 INFO [stats] OLS: coef=0.3629, R²=0.0354
2026-03-15 02:39:29,853 INFO [stats] Negative control delta=0.4953, passes=False
2026-03-15 02:39:29,853 INFO === Step 08: Generate Visualizations ===
2026-03-15 02:39:30,298 INFO [viz] Saved: /home/anonymous/YouRA_results_new_4/TEST_data_problems/docs/youra_research/20260315_data_problems/h-m2/figures/01_entropy_vs_margin.png
2026-03-15 02:39:30,650 INFO [viz] Saved: /home/anonymous/YouRA_results_new_4/TEST_data_problems/docs/youra_research/20260315_data_problems/h-m2/figures/02_logit_margin_heatmap.png
2026-03-15 02:39:30,744 INFO [viz] Saved: /home/anonymous/YouRA_results_new_4/TEST_data_problems/docs/youra_research/20260315_data_problems/h-m2/figures/03_training_curves.png
2026-03-15 02:39:30,804 INFO [viz] Saved: /home/anonymous/YouRA_results_new_4/TEST_data_problems/docs/youra_research/20260315_data_problems/h-m2/figures/04_negative_control.png
2026-03-15 02:39:30,940 INFO [viz] Saved: /home/anonymous/YouRA_results_new_4/TEST_data_problems/docs/youra_research/20260315_data_problems/h-m2/figures/05_config_comparison.png
2026-03-15 02:39:30,940 INFO === Step 09: Evaluate Gate ===
2026-03-15 02:39:30,940 INFO [step09] Gate verdict: FAIL_EXPLORE (rho=0.3571, p=0.4316)
2026-03-15 02:39:30,940 INFO [step09] Reason: p=0.4316 >= 0.01 (not significant)
2026-03-15 02:39:30,940 INFO === Step 10: Collect Results ===
2026-03-15 02:39:30,941 INFO [step10] Results saved: /home/anonymous/YouRA_results_new_4/TEST_data_problems/docs/youra_research/20260315_data_problems/h-m2/results/results.json
2026-03-15 02:39:30,941 INFO === Step 11: Generate Validation Report ===
2026-03-15 02:39:30,941 INFO === Step 12: Finalize ===
2026-03-15 02:39:30,941 INFO [step12] H-M2 experiment COMPLETE
2026-03-15 02:39:30,941 INFO [step12] Gate: FAIL_EXPLORE
2026-03-15 02:39:30,941 INFO [step12] Spearman ρ=0.3571, p=0.431611
2026-03-15 02:39:30,941 INFO [step12] Results: /home/anonymous/YouRA_results_new_4/TEST_data_problems/docs/youra_research/20260315_data_problems/h-m2/results/results.json
2026-03-15 02:39:30,941 INFO [step12] Report: /home/anonymous/YouRA_results_new_4/TEST_data_problems/docs/youra_research/20260315_data_problems/h-m2/04_validation.md
2026-03-15 02:39:30,941 INFO Total experiment time: 24912.2s
