Warning: You are sending unauthenticated requests to the HF Hub. Please set a HF_TOKEN to enable higher rate limits and faster downloads.
`torch_dtype` is deprecated! Use `dtype` instead!
============================================================
H-M1 Real Experiment: Advantage Variance Measurement
Model: codellama/CodeLlama-7b-Instruct-hf
Function-level dataset: APPS + CodeContests
Repo-level dataset: SWE-bench Verified (500 instances)
Steps: 120 per level | G=8 | B=4
============================================================
Loading model: codellama/CodeLlama-7b-Instruct-hf
Loading weights:   0%|          | 0/291 [00:00<?, ?it/s]Loading weights:   2%|▏         | 6/291 [00:00<00:04, 58.65it/s]Loading weights:   8%|▊         | 23/291 [00:00<00:02, 119.69it/s]Loading weights:  14%|█▎        | 40/291 [00:00<00:01, 139.46it/s]Loading weights:  19%|█▉        | 55/291 [00:00<00:01, 142.95it/s]Loading weights:  24%|██▍       | 71/291 [00:00<00:01, 146.92it/s]Loading weights:  30%|██▉       | 87/291 [00:00<00:01, 147.93it/s]Loading weights:  36%|███▌      | 104/291 [00:00<00:01, 150.40it/s]Loading weights:  42%|████▏     | 122/291 [00:00<00:01, 154.24it/s]Loading weights:  48%|████▊     | 140/291 [00:00<00:00, 156.42it/s]Loading weights:  54%|█████▍    | 158/291 [00:01<00:00, 158.34it/s]Loading weights:  60%|██████    | 175/291 [00:01<00:00, 157.05it/s]Loading weights:  66%|██████▋   | 193/291 [00:01<00:00, 158.51it/s]Loading weights:  73%|███████▎  | 211/291 [00:01<00:00, 159.68it/s]Loading weights:  79%|███████▊  | 229/291 [00:01<00:00, 160.83it/s]Loading weights:  85%|████████▍ | 247/291 [00:01<00:00, 161.68it/s]Loading weights:  91%|█████████ | 264/291 [00:01<00:00, 161.14it/s]Loading weights:  97%|█████████▋| 281/291 [00:01<00:00, 158.49it/s]Loading weights: 100%|██████████| 291/291 [00:01<00:00, 153.78it/s]
Using the latest cached version of the dataset since codeparrot/apps couldn't be found on the Hugging Face Hub
Found the latest cached dataset configuration 'all' at /home/anonymous/.cache/huggingface/datasets/codeparrot___apps/all/0.0.0/04ac807715d07d6e5cc580f59cdc8213cd7dc4529d0bb819cca72c9f8e8c1aa5 (last modified on Sat May  2 11:23:37 2026).
Model loaded on: cuda:0

Loading 480 APPS+CodeContests problems...
  Loaded 480 function-level prompts
Loading 480 SWE-bench Verified problems (cycling 500 instances)...
  Loaded 480 repo-level prompts

[1/4] Function-level measurement (120 remaining steps, APPS+CodeContests)...
  Step 1/120 | adv_var=0.0000 | pos_rate=0.000
  Step 2/120 | adv_var=0.0000 | pos_rate=0.000
  Step 3/120 | adv_var=0.0000 | pos_rate=0.000
  Step 4/120 | adv_var=0.0000 | pos_rate=0.000
  Step 5/120 | adv_var=0.0000 | pos_rate=0.000
  Step 10/120 | adv_var=0.2500 | pos_rate=0.031
  Step 20/120 | adv_var=0.0000 | pos_rate=0.000
  Step 30/120 | adv_var=0.0000 | pos_rate=0.000
  Step 40/120 | adv_var=0.0000 | pos_rate=0.000
  Step 50/120 | adv_var=0.0000 | pos_rate=0.000
  Step 60/120 | adv_var=0.0000 | pos_rate=0.000
  Step 70/120 | adv_var=0.0000 | pos_rate=0.000
  Step 80/120 | adv_var=0.0000 | pos_rate=0.000
  Step 90/120 | adv_var=0.0000 | pos_rate=0.000
  Step 100/120 | adv_var=0.0000 | pos_rate=0.000
  Step 110/120 | adv_var=0.0000 | pos_rate=0.000
  Step 120/120 | adv_var=0.0000 | pos_rate=0.000
  ✓ Function-level mean adv_var: 0.0042
  ✓ Function-level mean pos_rate: 0.0005

[2/4] Repo-level measurement (120 remaining steps, SWE-bench Verified)...
  Step 1/120 | adv_var=0.0000 | pos_rate=0.000
  Step 2/120 | adv_var=0.2500 | pos_rate=0.031
  Step 3/120 | adv_var=0.2500 | pos_rate=0.031
  Step 4/120 | adv_var=0.0000 | pos_rate=0.000
  Step 5/120 | adv_var=0.2500 | pos_rate=0.062
  Step 10/120 | adv_var=0.2500 | pos_rate=0.031
  Step 20/120 | adv_var=0.5000 | pos_rate=0.094
  Step 30/120 | adv_var=0.2500 | pos_rate=0.062
  Step 40/120 | adv_var=0.2500 | pos_rate=0.031
  Step 50/120 | adv_var=0.5000 | pos_rate=0.062
  Step 60/120 | adv_var=0.0000 | pos_rate=0.000
  Step 70/120 | adv_var=0.2500 | pos_rate=0.031
  Step 80/120 | adv_var=0.2500 | pos_rate=0.031
  Step 90/120 | adv_var=0.7500 | pos_rate=0.125
  Step 100/120 | adv_var=0.5000 | pos_rate=0.062
  Step 110/120 | adv_var=0.2500 | pos_rate=0.188
  Step 120/120 | adv_var=0.2500 | pos_rate=0.094
  ✓ Repo-level mean adv_var: 0.3167
  ✓ Repo-level mean pos_rate: 0.0612

[3/4] Running statistical analysis (Welch's t-test on log-transformed variance)...
Gate result saved to /home/anonymous/YouRA_results_new_4_sonnet46_no_mcp/TEST_dl4c/docs/youra_research/20260502_dl4c/_archive/20260502T175742_routing_recovery/h-m1/code/../outputs/gate_result.json

[4/4] Generating figures...
All 4 figures saved to /home/anonymous/YouRA_results_new_4_sonnet46_no_mcp/TEST_dl4c/docs/youra_research/20260502_dl4c/_archive/20260502T175742_routing_recovery/h-m1/code/../figures

============================================================
Gate: ✅ PASS
  adv_var_function_mean: 0.004167
  adv_var_repo_mean:     0.316667
  variance_ratio:        76.00x
  p_value:               0.000000
  cohen's_d:             1.904
  n_function_steps:      120
  n_repo_steps:          120
============================================================
EXPERIMENT COMPLETE (exit=0, ts=2026-05-02T20:34:05+00:00)
