
Batches:   0%|          | 0/625 [00:00<?, ?it/s]
Batches:   0%|          | 1/625 [00:00<03:59,  2.61it/s]
Batches:   0%|          | 2/625 [00:00<02:16,  4.57it/s]
Batches:   0%|          | 3/625 [00:00<01:55,  5.40it/s]
Batches:   1%|          | 4/625 [00:00<02:06,  4.91it/s]
Batches:   1%|          | 6/625 [00:01<01:25,  7.28it/s]
Batches:   1%|▏         | 8/625 [00:01<01:08,  9.04it/s]
Batches:   2%|▏         | 10/625 [00:01<00:59, 10.32it/s]
Batches:   2%|▏         | 12/625 [00:01<00:56, 10.90it/s]
Batches:   2%|▏         | 14/625 [00:01<00:49, 12.32it/s]
Batches:   3%|▎         | 16/625 [00:01<00:48, 12.57it/s]
Batches:   3%|▎         | 18/625 [00:01<00:48, 12.58it/s]
Batches:   3%|▎         | 20/625 [00:02<00:47, 12.65it/s]
Batches:   4%|▎         | 22/625 [00:02<00:46, 13.08it/s]
Batches:   4%|▍         | 24/625 [00:02<00:44, 13.49it/s]
Batches:   4%|▍         | 26/625 [00:02<00:44, 13.40it/s]
Batches:   4%|▍         | 28/625 [00:02<00:45, 13.15it/s]
Batches:   5%|▍         | 30/625 [00:02<00:45, 13.11it/s]
Batches:   5%|▌         | 32/625 [00:02<00:47, 12.61it/s]
Batches:   5%|▌         | 34/625 [00:03<00:47, 12.46it/s]
Batches:   6%|▌         | 36/625 [00:03<00:46, 12.68it/s]
Batches:   6%|▌         | 38/625 [00:03<00:46, 12.60it/s]
Batches:   6%|▋         | 40/625 [00:03<00:45, 12.88it/s]
Batches:   7%|▋         | 42/625 [00:03<00:45, 12.68it/s]
Batches:   7%|▋         | 44/625 [00:03<00:46, 12.43it/s]
Batches:   7%|▋         | 46/625 [00:04<00:46, 12.47it/s]
Batches:   8%|▊         | 48/625 [00:04<00:45, 12.62it/s]
Batches:   8%|▊         | 50/625 [00:04<00:45, 12.74it/s]
Batches:   8%|▊         | 52/625 [00:04<00:44, 13.02it/s]
Batches:   9%|▊         | 54/625 [00:04<00:43, 13.00it/s]
Batches:   9%|▉         | 56/625 [00:04<00:43, 12.99it/s]
Batches:   9%|▉         | 58/625 [00:05<00:44, 12.60it/s]
Batches:  10%|▉         | 60/625 [00:05<00:44, 12.72it/s]
Batches:  10%|▉         | 62/625 [00:05<00:42, 13.14it/s]
Batches:  10%|█         | 64/625 [00:05<00:42, 13.18it/s]
Batches:  11%|█         | 66/625 [00:05<00:42, 13.10it/s]
Batches:  11%|█         | 68/625 [00:05<00:48, 11.55it/s]
Batches:  11%|█         | 70/625 [00:06<00:45, 12.15it/s]
Batches:  12%|█▏        | 72/625 [00:06<00:45, 12.23it/s]
Batches:  12%|█▏        | 74/625 [00:06<00:44, 12.44it/s]
Batches:  12%|█▏        | 76/625 [00:06<00:43, 12.50it/s]
Batches:  12%|█▏        | 78/625 [00:06<00:43, 12.58it/s]
Batches:  13%|█▎        | 80/625 [00:06<00:43, 12.67it/s]
Batches:  13%|█▎        | 82/625 [00:06<00:43, 12.62it/s]
Batches:  13%|█▎        | 84/625 [00:07<00:42, 12.74it/s]
Batches:  14%|█▍        | 86/625 [00:07<00:42, 12.80it/s]
Batches:  14%|█▍        | 88/625 [00:07<00:43, 12.45it/s]
Batches:  14%|█▍        | 90/625 [00:07<00:41, 12.84it/s]
Batches:  15%|█▍        | 92/625 [00:07<00:41, 12.89it/s]
Batches:  15%|█▌        | 94/625 [00:07<00:41, 12.66it/s]
Batches:  15%|█▌        | 96/625 [00:08<00:41, 12.61it/s]
Batches:  16%|█▌        | 98/625 [00:08<00:41, 12.71it/s]
Batches:  16%|█▌        | 100/625 [00:08<00:41, 12.68it/s]
Batches:  16%|█▋        | 102/625 [00:08<00:41, 12.74it/s]
Batches:  17%|█▋        | 104/625 [00:08<00:40, 12.93it/s]
Batches:  17%|█▋        | 106/625 [00:08<00:38, 13.40it/s]
Batches:  17%|█▋        | 108/625 [00:08<00:39, 13.10it/s]
Batches:  18%|█▊        | 110/625 [00:09<00:39, 13.09it/s]
Batches:  18%|█▊        | 112/625 [00:09<00:39, 13.03it/s]
Batches:  18%|█▊        | 114/625 [00:09<00:39, 13.00it/s]
Batches:  19%|█▊        | 116/625 [00:09<00:39, 13.04it/s]
Batches:  19%|█▉        | 118/625 [00:09<00:39, 12.83it/s]
Batches:  19%|█▉        | 120/625 [00:09<00:38, 12.99it/s]
Batches:  20%|█▉        | 122/625 [00:10<00:38, 12.97it/s]
Batches:  20%|█▉        | 124/625 [00:10<00:39, 12.83it/s]
Batches:  20%|██        | 126/625 [00:10<00:39, 12.71it/s]
Batches:  20%|██        | 128/625 [00:10<00:39, 12.57it/s]
Batches:  21%|██        | 130/625 [00:10<00:39, 12.66it/s]
Batches:  21%|██        | 132/625 [00:10<00:38, 12.96it/s]
Batches:  21%|██▏       | 134/625 [00:10<00:38, 12.67it/s]
Batches:  22%|██▏       | 136/625 [00:11<00:38, 12.67it/s]
Batches:  22%|██▏       | 138/625 [00:11<00:38, 12.62it/s]
Batches:  22%|██▏       | 140/625 [00:11<00:37, 12.83it/s]
Batches:  23%|██▎       | 142/625 [00:11<00:38, 12.68it/s]
Batches:  23%|██▎       | 144/625 [00:11<00:37, 12.71it/s]
Batches:  23%|██▎       | 146/625 [00:11<00:37, 12.81it/s]
Batches:  24%|██▎       | 148/625 [00:12<00:37, 12.58it/s]
Batches:  24%|██▍       | 150/625 [00:12<00:37, 12.79it/s]
Batches:  24%|██▍       | 152/625 [00:12<00:37, 12.70it/s]
Batches:  25%|██▍       | 154/625 [00:12<00:35, 13.09it/s]
Batches:  25%|██▍       | 156/625 [00:12<00:36, 12.85it/s]
Batches:  25%|██▌       | 158/625 [00:12<00:33, 13.90it/s]
Batches:  26%|██▌       | 160/625 [00:12<00:33, 13.82it/s]
Batches:  26%|██▌       | 162/625 [00:13<00:34, 13.58it/s]
Batches:  26%|██▌       | 164/625 [00:13<00:35, 13.12it/s]
Batches:  27%|██▋       | 166/625 [00:13<00:35, 13.09it/s]
Batches:  27%|██▋       | 168/625 [00:13<00:35, 13.03it/s]
Batches:  27%|██▋       | 170/625 [00:13<00:35, 12.76it/s]
Batches:  28%|██▊       | 172/625 [00:13<00:36, 12.30it/s]
Batches:  28%|██▊       | 174/625 [00:14<00:36, 12.34it/s]
Batches:  28%|██▊       | 176/625 [00:14<00:36, 12.38it/s]
Batches:  28%|██▊       | 178/625 [00:14<00:35, 12.61it/s]
Batches:  29%|██▉       | 180/625 [00:14<00:34, 12.79it/s]
Batches:  29%|██▉       | 182/625 [00:14<00:34, 12.69it/s]
Batches:  29%|██▉       | 184/625 [00:14<00:34, 12.91it/s]
Batches:  30%|██▉       | 186/625 [00:15<00:34, 12.78it/s]
Batches:  30%|███       | 188/625 [00:15<00:33, 12.87it/s]
Batches:  30%|███       | 190/625 [00:15<00:33, 13.00it/s]
Batches:  31%|███       | 192/625 [00:15<00:32, 13.23it/s]
Batches:  31%|███       | 194/625 [00:15<00:32, 13.15it/s]
Batches:  31%|███▏      | 196/625 [00:15<00:32, 13.39it/s]
Batches:  32%|███▏      | 198/625 [00:15<00:31, 13.50it/s]
Batches:  32%|███▏      | 200/625 [00:16<00:31, 13.36it/s]
Batches:  32%|███▏      | 202/625 [00:16<00:31, 13.35it/s]
Batches:  33%|███▎      | 204/625 [00:16<00:32, 12.95it/s]
Batches:  33%|███▎      | 206/625 [00:16<00:33, 12.45it/s]
Batches:  33%|███▎      | 208/625 [00:16<00:33, 12.43it/s]
Batches:  34%|███▎      | 210/625 [00:16<00:33, 12.48it/s]
Batches:  34%|███▍      | 212/625 [00:17<00:33, 12.43it/s]
Batches:  34%|███▍      | 214/625 [00:17<00:33, 12.27it/s]
Batches:  35%|███▍      | 216/625 [00:17<00:31, 12.78it/s]
Batches:  35%|███▍      | 218/625 [00:17<00:31, 12.87it/s]
Batches:  35%|███▌      | 220/625 [00:17<00:31, 12.66it/s]
Batches:  36%|███▌      | 222/625 [00:17<00:32, 12.58it/s]
Batches:  36%|███▌      | 224/625 [00:18<00:33, 12.13it/s]
Batches:  36%|███▌      | 226/625 [00:18<00:32, 12.15it/s]
Batches:  36%|███▋      | 228/625 [00:18<00:31, 12.67it/s]
Batches:  37%|███▋      | 230/625 [00:18<00:30, 12.76it/s]
Batches:  37%|███▋      | 232/625 [00:18<00:31, 12.63it/s]
Batches:  37%|███▋      | 234/625 [00:18<00:30, 12.72it/s]
Batches:  38%|███▊      | 236/625 [00:18<00:30, 12.76it/s]
Batches:  38%|███▊      | 238/625 [00:19<00:30, 12.82it/s]
Batches:  38%|███▊      | 240/625 [00:19<00:29, 12.88it/s]
Batches:  39%|███▊      | 242/625 [00:19<00:29, 12.97it/s]
Batches:  39%|███▉      | 244/625 [00:19<00:29, 12.96it/s]
Batches:  39%|███▉      | 246/625 [00:19<00:29, 12.83it/s]
Batches:  40%|███▉      | 248/625 [00:19<00:29, 12.80it/s]
Batches:  40%|████      | 250/625 [00:20<00:29, 12.73it/s]
Batches:  40%|████      | 252/625 [00:20<00:28, 12.93it/s]
Batches:  41%|████      | 254/625 [00:20<00:27, 13.30it/s]
Batches:  41%|████      | 256/625 [00:20<00:27, 13.40it/s]
Batches:  41%|████▏     | 258/625 [00:20<00:27, 13.19it/s]
Batches:  42%|████▏     | 260/625 [00:20<00:28, 13.01it/s]
Batches:  42%|████▏     | 262/625 [00:20<00:27, 13.04it/s]
Batches:  42%|████▏     | 264/625 [00:21<00:27, 12.96it/s]
Batches:  43%|████▎     | 266/625 [00:21<00:27, 13.14it/s]
Batches:  43%|████▎     | 268/625 [00:21<00:27, 12.89it/s]
Batches:  43%|████▎     | 270/625 [00:21<00:27, 12.95it/s]
Batches:  44%|████▎     | 272/625 [00:21<00:27, 12.62it/s]
Batches:  44%|████▍     | 274/625 [00:21<00:28, 12.46it/s]
Batches:  44%|████▍     | 276/625 [00:22<00:28, 12.32it/s]
Batches:  44%|████▍     | 278/625 [00:22<00:28, 12.13it/s]
Batches:  45%|████▍     | 280/625 [00:22<00:28, 12.26it/s]
Batches:  45%|████▌     | 282/625 [00:22<00:30, 11.35it/s]
Batches:  45%|████▌     | 284/625 [00:22<00:29, 11.75it/s]
Batches:  46%|████▌     | 286/625 [00:22<00:27, 12.17it/s]
Batches:  46%|████▌     | 288/625 [00:23<00:27, 12.40it/s]
Batches:  46%|████▋     | 290/625 [00:23<00:26, 12.58it/s]
Batches:  47%|████▋     | 292/625 [00:23<00:26, 12.77it/s]
Batches:  47%|████▋     | 294/625 [00:23<00:25, 12.80it/s]
Batches:  47%|████▋     | 296/625 [00:23<00:25, 12.92it/s]
Batches:  48%|████▊     | 298/625 [00:23<00:24, 13.15it/s]
Batches:  48%|████▊     | 300/625 [00:23<00:24, 13.00it/s]
Batches:  48%|████▊     | 302/625 [00:24<00:25, 12.77it/s]
Batches:  49%|████▊     | 304/625 [00:24<00:24, 12.88it/s]
Batches:  49%|████▉     | 306/625 [00:24<00:25, 12.72it/s]
Batches:  49%|████▉     | 308/625 [00:24<00:25, 12.68it/s]
Batches:  50%|████▉     | 310/625 [00:24<00:24, 12.61it/s]
Batches:  50%|████▉     | 312/625 [00:24<00:24, 12.53it/s]
Batches:  50%|█████     | 314/625 [00:25<00:24, 12.74it/s]
Batches:  51%|█████     | 316/625 [00:25<00:24, 12.42it/s]
Batches:  51%|█████     | 318/625 [00:25<00:24, 12.68it/s]
Batches:  51%|█████     | 320/625 [00:25<00:23, 12.73it/s]
Batches:  52%|█████▏    | 322/625 [00:25<00:23, 12.66it/s]
Batches:  52%|█████▏    | 324/625 [00:25<00:23, 12.93it/s]
Batches:  52%|█████▏    | 326/625 [00:26<00:23, 12.54it/s]
Batches:  52%|█████▏    | 328/625 [00:26<00:23, 12.56it/s]
Batches:  53%|█████▎    | 330/625 [00:26<00:23, 12.83it/s]
Batches:  53%|█████▎    | 332/625 [00:26<00:22, 13.15it/s]
Batches:  53%|█████▎    | 334/625 [00:26<00:22, 13.10it/s]
Batches:  54%|█████▍    | 336/625 [00:26<00:22, 12.95it/s]
Batches:  54%|█████▍    | 338/625 [00:26<00:22, 12.57it/s]
Batches:  54%|█████▍    | 340/625 [00:27<00:22, 12.83it/s]
Batches:  55%|█████▍    | 342/625 [00:27<00:22, 12.51it/s]
Batches:  55%|█████▌    | 344/625 [00:27<00:28,  9.96it/s]
Batches:  55%|█████▌    | 346/625 [00:27<00:26, 10.63it/s]
Batches:  56%|█████▌    | 348/625 [00:27<00:24, 11.37it/s]
Batches:  56%|█████▌    | 350/625 [00:28<00:23, 11.65it/s]
Batches:  56%|█████▋    | 352/625 [00:28<00:22, 12.10it/s]
Batches:  57%|█████▋    | 354/625 [00:28<00:22, 12.04it/s]
Batches:  57%|█████▋    | 356/625 [00:28<00:22, 12.11it/s]
Batches:  57%|█████▋    | 358/625 [00:28<00:20, 12.94it/s]
Batches:  58%|█████▊    | 360/625 [00:28<00:20, 12.97it/s]
Batches:  58%|█████▊    | 362/625 [00:28<00:20, 13.03it/s]
Batches:  58%|█████▊    | 364/625 [00:29<00:20, 13.02it/s]
Batches:  59%|█████▊    | 366/625 [00:29<00:19, 12.96it/s]
Batches:  59%|█████▉    | 368/625 [00:29<00:20, 12.77it/s]
Batches:  59%|█████▉    | 370/625 [00:29<00:20, 12.68it/s]
Batches:  60%|█████▉    | 372/625 [00:29<00:20, 12.55it/s]
Batches:  60%|█████▉    | 374/625 [00:29<00:19, 12.94it/s]
Batches:  60%|██████    | 376/625 [00:30<00:19, 12.89it/s]
Batches:  60%|██████    | 378/625 [00:30<00:19, 12.92it/s]
Batches:  61%|██████    | 380/625 [00:30<00:19, 12.35it/s]
Batches:  61%|██████    | 382/625 [00:30<00:20, 12.13it/s]
Batches:  61%|██████▏   | 384/625 [00:30<00:19, 12.57it/s]
Batches:  62%|██████▏   | 386/625 [00:30<00:18, 12.59it/s]
Batches:  62%|██████▏   | 388/625 [00:31<00:18, 12.51it/s]
Batches:  62%|██████▏   | 390/625 [00:31<00:18, 12.46it/s]
Batches:  63%|██████▎   | 392/625 [00:31<00:18, 12.45it/s]
Batches:  63%|██████▎   | 394/625 [00:31<00:18, 12.64it/s]
Batches:  63%|██████▎   | 396/625 [00:31<00:17, 12.87it/s]
Batches:  64%|██████▎   | 398/625 [00:31<00:17, 13.04it/s]
Batches:  64%|██████▍   | 400/625 [00:31<00:17, 12.60it/s]
Batches:  64%|██████▍   | 402/625 [00:32<00:17, 13.08it/s]
Batches:  65%|██████▍   | 404/625 [00:32<00:17, 12.84it/s]
Batches:  65%|██████▍   | 406/625 [00:32<00:17, 12.57it/s]
Batches:  65%|██████▌   | 408/625 [00:32<00:17, 12.29it/s]
Batches:  66%|██████▌   | 410/625 [00:32<00:17, 12.39it/s]
Batches:  66%|██████▌   | 412/625 [00:32<00:17, 12.37it/s]
Batches:  66%|██████▌   | 414/625 [00:33<00:16, 12.69it/s]
Batches:  67%|██████▋   | 416/625 [00:33<00:16, 13.02it/s]
Batches:  67%|██████▋   | 418/625 [00:33<00:15, 13.01it/s]
Batches:  67%|██████▋   | 420/625 [00:33<00:16, 12.78it/s]
Batches:  68%|██████▊   | 422/625 [00:33<00:16, 12.61it/s]
Batches:  68%|██████▊   | 424/625 [00:33<00:15, 12.70it/s]
Batches:  68%|██████▊   | 426/625 [00:34<00:15, 12.48it/s]
Batches:  68%|██████▊   | 428/625 [00:34<00:15, 13.01it/s]
Batches:  69%|██████▉   | 430/625 [00:34<00:15, 12.76it/s]
Batches:  69%|██████▉   | 432/625 [00:34<00:15, 12.16it/s]
Batches:  69%|██████▉   | 434/625 [00:34<00:15, 12.19it/s]
Batches:  70%|██████▉   | 436/625 [00:34<00:15, 12.13it/s]
Batches:  70%|███████   | 438/625 [00:35<00:15, 11.82it/s]
Batches:  70%|███████   | 440/625 [00:35<00:16, 10.97it/s]
Batches:  71%|███████   | 442/625 [00:35<00:17, 10.73it/s]
Batches:  71%|███████   | 444/625 [00:35<00:16, 11.11it/s]
Batches:  71%|███████▏  | 446/625 [00:35<00:15, 11.69it/s]
Batches:  72%|███████▏  | 448/625 [00:35<00:14, 12.02it/s]
Batches:  72%|███████▏  | 450/625 [00:36<00:14, 12.47it/s]
Batches:  72%|███████▏  | 452/625 [00:36<00:13, 12.42it/s]
Batches:  73%|███████▎  | 454/625 [00:36<00:12, 13.29it/s]
Batches:  73%|███████▎  | 456/625 [00:36<00:13, 12.90it/s]
Batches:  73%|███████▎  | 458/625 [00:36<00:13, 12.69it/s]
Batches:  74%|███████▎  | 460/625 [00:36<00:13, 12.68it/s]
Batches:  74%|███████▍  | 462/625 [00:37<00:13, 12.32it/s]
Batches:  74%|███████▍  | 464/625 [00:37<00:12, 12.86it/s]
Batches:  75%|███████▍  | 466/625 [00:37<00:12, 12.92it/s]
Batches:  75%|███████▍  | 468/625 [00:37<00:12, 12.93it/s]
Batches:  75%|███████▌  | 470/625 [00:37<00:12, 12.63it/s]
Batches:  76%|███████▌  | 472/625 [00:37<00:12, 12.12it/s]
Batches:  76%|███████▌  | 474/625 [00:37<00:12, 11.92it/s]
Batches:  76%|███████▌  | 476/625 [00:38<00:12, 12.00it/s]
Batches:  76%|███████▋  | 478/625 [00:38<00:11, 12.28it/s]
Batches:  77%|███████▋  | 480/625 [00:38<00:11, 12.30it/s]
Batches:  77%|███████▋  | 482/625 [00:38<00:11, 12.33it/s]
Batches:  77%|███████▋  | 484/625 [00:38<00:11, 12.35it/s]
Batches:  78%|███████▊  | 486/625 [00:38<00:11, 12.14it/s]
Batches:  78%|███████▊  | 488/625 [00:39<00:10, 12.81it/s]
Batches:  78%|███████▊  | 490/625 [00:39<00:10, 12.80it/s]
Batches:  79%|███████▊  | 492/625 [00:39<00:10, 12.58it/s]
Batches:  79%|███████▉  | 494/625 [00:39<00:10, 12.41it/s]
Batches:  79%|███████▉  | 496/625 [00:39<00:10, 12.64it/s]
Batches:  80%|███████▉  | 498/625 [00:39<00:10, 12.55it/s]
Batches:  80%|████████  | 500/625 [00:40<00:09, 12.61it/s]
Batches:  80%|████████  | 502/625 [00:40<00:10, 11.35it/s]
Batches:  81%|████████  | 504/625 [00:40<00:10, 11.33it/s]
Batches:  81%|████████  | 506/625 [00:40<00:10, 11.76it/s]
Batches:  81%|████████▏ | 508/625 [00:40<00:10, 11.62it/s]
Batches:  82%|████████▏ | 510/625 [00:40<00:09, 11.93it/s]
Batches:  82%|████████▏ | 512/625 [00:41<00:09, 12.40it/s]
Batches:  82%|████████▏ | 514/625 [00:41<00:08, 12.46it/s]
Batches:  83%|████████▎ | 516/625 [00:41<00:08, 12.60it/s]
Batches:  83%|████████▎ | 518/625 [00:41<00:08, 12.33it/s]
Batches:  83%|████████▎ | 520/625 [00:41<00:08, 12.05it/s]
Batches:  84%|████████▎ | 522/625 [00:41<00:08, 12.23it/s]
Batches:  84%|████████▍ | 524/625 [00:42<00:08, 12.24it/s]
Batches:  84%|████████▍ | 526/625 [00:42<00:07, 12.50it/s]
Batches:  84%|████████▍ | 528/625 [00:42<00:07, 12.47it/s]
Batches:  85%|████████▍ | 530/625 [00:42<00:07, 12.55it/s]
Batches:  85%|████████▌ | 532/625 [00:42<00:07, 12.50it/s]
Batches:  85%|████████▌ | 534/625 [00:42<00:07, 12.40it/s]
Batches:  86%|████████▌ | 536/625 [00:42<00:07, 12.66it/s]
Batches:  86%|████████▌ | 538/625 [00:43<00:06, 12.54it/s]
Batches:  86%|████████▋ | 540/625 [00:43<00:06, 12.66it/s]
Batches:  87%|████████▋ | 542/625 [00:43<00:06, 12.43it/s]
Batches:  87%|████████▋ | 544/625 [00:43<00:06, 12.31it/s]
Batches:  87%|████████▋ | 546/625 [00:43<00:06, 12.50it/s]
Batches:  88%|████████▊ | 548/625 [00:43<00:05, 12.97it/s]
Batches:  88%|████████▊ | 550/625 [00:44<00:05, 12.93it/s]
Batches:  88%|████████▊ | 552/625 [00:44<00:05, 12.69it/s]
Batches:  89%|████████▊ | 554/625 [00:44<00:05, 12.90it/s]
Batches:  89%|████████▉ | 556/625 [00:44<00:04, 13.87it/s]
Batches:  89%|████████▉ | 558/625 [00:44<00:04, 13.47it/s]
Batches:  90%|████████▉ | 560/625 [00:44<00:04, 13.23it/s]
Batches:  90%|████████▉ | 562/625 [00:45<00:04, 13.12it/s]
Batches:  90%|█████████ | 564/625 [00:45<00:04, 13.02it/s]
Batches:  91%|█████████ | 566/625 [00:45<00:04, 12.92it/s]
Batches:  91%|█████████ | 568/625 [00:45<00:04, 12.68it/s]
Batches:  91%|█████████ | 570/625 [00:45<00:04, 12.71it/s]
Batches:  92%|█████████▏| 572/625 [00:45<00:04, 12.69it/s]
Batches:  92%|█████████▏| 574/625 [00:45<00:03, 12.79it/s]
Batches:  92%|█████████▏| 576/625 [00:46<00:03, 12.83it/s]
Batches:  92%|█████████▏| 578/625 [00:46<00:03, 12.75it/s]
Batches:  93%|█████████▎| 580/625 [00:46<00:03, 12.90it/s]
Batches:  93%|█████████▎| 582/625 [00:46<00:03, 12.80it/s]
Batches:  93%|█████████▎| 584/625 [00:46<00:03, 12.53it/s]
Batches:  94%|█████████▍| 586/625 [00:46<00:03, 12.37it/s]
Batches:  94%|█████████▍| 588/625 [00:47<00:02, 12.48it/s]
Batches:  94%|█████████▍| 590/625 [00:47<00:02, 12.18it/s]
Batches:  95%|█████████▍| 592/625 [00:47<00:02, 12.69it/s]
Batches:  95%|█████████▌| 594/625 [00:47<00:02, 12.85it/s]
Batches:  95%|█████████▌| 596/625 [00:47<00:02, 12.47it/s]
Batches:  96%|█████████▌| 598/625 [00:47<00:02, 12.72it/s]
Batches:  96%|█████████▌| 600/625 [00:48<00:02, 11.40it/s]
Batches:  96%|█████████▋| 602/625 [00:48<00:01, 11.51it/s]
Batches:  97%|█████████▋| 604/625 [00:48<00:01, 12.09it/s]
Batches:  97%|█████████▋| 606/625 [00:48<00:01, 12.21it/s]
Batches:  97%|█████████▋| 608/625 [00:48<00:01, 11.30it/s]
Batches:  98%|█████████▊| 610/625 [00:48<00:01, 11.56it/s]
Batches:  98%|█████████▊| 612/625 [00:49<00:01, 11.69it/s]
Batches:  98%|█████████▊| 614/625 [00:49<00:00, 11.95it/s]
Batches:  99%|█████████▊| 616/625 [00:49<00:00, 12.27it/s]
Batches:  99%|█████████▉| 618/625 [00:49<00:00, 12.40it/s]
Batches:  99%|█████████▉| 620/625 [00:49<00:00, 12.47it/s]
Batches: 100%|█████████▉| 622/625 [00:49<00:00, 12.71it/s]
Batches: 100%|█████████▉| 624/625 [00:50<00:00, 12.56it/s]
Batches: 100%|██████████| 625/625 [00:50<00:00, 12.47it/s]

Batches:   0%|          | 0/625 [00:00<?, ?it/s]
Batches:   0%|          | 2/625 [00:00<00:49, 12.57it/s]
Batches:   1%|          | 4/625 [00:00<01:08,  9.06it/s]
Batches:   1%|          | 5/625 [00:00<01:15,  8.25it/s]
Batches:   1%|          | 6/625 [00:00<01:15,  8.25it/s]
Batches:   1%|          | 7/625 [00:00<01:19,  7.78it/s]
Batches:   1%|▏         | 8/625 [00:01<01:25,  7.19it/s]
Batches:   1%|▏         | 9/625 [00:01<01:27,  7.05it/s]
Batches:   2%|▏         | 10/625 [00:01<01:26,  7.14it/s]
Batches:   2%|▏         | 11/625 [00:01<01:28,  6.92it/s]
Batches:   2%|▏         | 12/625 [00:01<01:29,  6.88it/s]
Batches:   2%|▏         | 13/625 [00:01<01:28,  6.88it/s]
Batches:   2%|▏         | 15/625 [00:01<01:19,  7.66it/s]
Batches:   3%|▎         | 16/625 [00:02<01:24,  7.24it/s]
Batches:   3%|▎         | 17/625 [00:02<01:24,  7.17it/s]
Batches:   3%|▎         | 18/625 [00:02<01:23,  7.28it/s]
Batches:   3%|▎         | 20/625 [00:02<01:19,  7.59it/s]
Batches:   3%|▎         | 21/625 [00:02<01:41,  5.93it/s]
Batches:   4%|▎         | 22/625 [00:03<01:38,  6.14it/s]
Batches:   4%|▎         | 23/625 [00:03<01:34,  6.34it/s]
Batches:   4%|▍         | 24/625 [00:03<01:34,  6.33it/s]
Batches:   4%|▍         | 25/625 [00:03<01:34,  6.35it/s]
Batches:   4%|▍         | 27/625 [00:03<01:22,  7.22it/s]
Batches:   4%|▍         | 28/625 [00:03<01:21,  7.31it/s]
Batches:   5%|▍         | 29/625 [00:04<01:21,  7.31it/s]
Batches:   5%|▍         | 30/625 [00:04<01:25,  6.97it/s]
Batches:   5%|▍         | 31/625 [00:04<01:27,  6.80it/s]
Batches:   5%|▌         | 32/625 [00:04<01:24,  7.05it/s]
Batches:   5%|▌         | 33/625 [00:04<01:25,  6.96it/s]
Batches:   5%|▌         | 34/625 [00:04<01:26,  6.80it/s]
Batches:   6%|▌         | 35/625 [00:04<01:25,  6.89it/s]
Batches:   6%|▌         | 36/625 [00:05<01:22,  7.17it/s]
Batches:   6%|▌         | 37/625 [00:05<01:22,  7.15it/s]
Batches:   6%|▌         | 38/625 [00:05<01:22,  7.11it/s]
Batches:   6%|▌         | 39/625 [00:05<01:19,  7.35it/s]
Batches:   6%|▋         | 40/625 [00:05<01:17,  7.50it/s]
Batches:   7%|▋         | 41/625 [00:05<01:24,  6.88it/s]
Batches:   7%|▋         | 42/625 [00:05<01:21,  7.13it/s]
Batches:   7%|▋         | 43/625 [00:06<01:24,  6.87it/s]
Batches:   7%|▋         | 44/625 [00:06<01:27,  6.60it/s]
Batches:   7%|▋         | 45/625 [00:06<01:24,  6.86it/s]
Batches:   8%|▊         | 47/625 [00:06<01:14,  7.76it/s]
Batches:   8%|▊         | 48/625 [00:06<01:14,  7.77it/s]
Batches:   8%|▊         | 49/625 [00:06<01:15,  7.60it/s]
Batches:   8%|▊         | 50/625 [00:06<01:15,  7.58it/s]
Batches:   8%|▊         | 51/625 [00:07<01:15,  7.57it/s]
Batches:   8%|▊         | 52/625 [00:07<01:20,  7.15it/s]
Batches:   8%|▊         | 53/625 [00:07<01:18,  7.28it/s]
Batches:   9%|▉         | 55/625 [00:07<01:07,  8.50it/s]
Batches:   9%|▉         | 56/625 [00:07<01:08,  8.30it/s]
Batches:   9%|▉         | 57/625 [00:07<01:09,  8.16it/s]
Batches:   9%|▉         | 58/625 [00:07<01:14,  7.62it/s]
Batches:   9%|▉         | 59/625 [00:08<01:18,  7.24it/s]
Batches:  10%|▉         | 60/625 [00:08<01:21,  6.95it/s]
Batches:  10%|▉         | 61/625 [00:08<01:20,  7.02it/s]
Batches:  10%|▉         | 62/625 [00:08<01:22,  6.79it/s]
Batches:  10%|█         | 63/625 [00:08<01:24,  6.63it/s]
Batches:  10%|█         | 64/625 [00:08<01:22,  6.78it/s]
Batches:  10%|█         | 65/625 [00:09<01:18,  7.13it/s]
Batches:  11%|█         | 66/625 [00:09<01:19,  7.06it/s]
Batches:  11%|█         | 67/625 [00:09<01:21,  6.83it/s]
Batches:  11%|█         | 68/625 [00:09<01:24,  6.61it/s]
Batches:  11%|█         | 69/625 [00:09<01:21,  6.86it/s]
Batches:  11%|█         | 70/625 [00:09<01:20,  6.90it/s]
Batches:  12%|█▏        | 72/625 [00:10<01:14,  7.45it/s]
Batches:  12%|█▏        | 74/625 [00:10<01:09,  7.96it/s]
Batches:  12%|█▏        | 75/625 [00:10<01:10,  7.77it/s]
Batches:  12%|█▏        | 76/625 [00:10<01:13,  7.42it/s]
Batches:  12%|█▏        | 78/625 [00:10<01:11,  7.62it/s]
Batches:  13%|█▎        | 79/625 [00:10<01:12,  7.53it/s]
Batches:  13%|█▎        | 80/625 [00:11<01:21,  6.72it/s]
Batches:  13%|█▎        | 81/625 [00:11<01:17,  7.00it/s]
Batches:  13%|█▎        | 82/625 [00:11<01:17,  7.05it/s]
Batches:  13%|█▎        | 83/625 [00:11<01:16,  7.06it/s]
Batches:  13%|█▎        | 84/625 [00:11<01:15,  7.21it/s]
Batches:  14%|█▎        | 85/625 [00:11<01:15,  7.17it/s]
Batches:  14%|█▍        | 87/625 [00:12<01:08,  7.87it/s]
Batches:  14%|█▍        | 88/625 [00:12<01:15,  7.15it/s]
Batches:  14%|█▍        | 90/625 [00:12<01:07,  7.91it/s]
Batches:  15%|█▍        | 91/625 [00:12<01:11,  7.51it/s]
Batches:  15%|█▍        | 92/625 [00:12<01:15,  7.03it/s]
Batches:  15%|█▍        | 93/625 [00:12<01:15,  7.09it/s]
Batches:  15%|█▌        | 94/625 [00:13<01:15,  7.07it/s]
Batches:  15%|█▌        | 95/625 [00:13<01:14,  7.10it/s]
Batches:  15%|█▌        | 96/625 [00:13<01:17,  6.80it/s]
Batches:  16%|█▌        | 97/625 [00:13<01:15,  6.97it/s]
Batches:  16%|█▌        | 98/625 [00:13<01:18,  6.70it/s]
Batches:  16%|█▌        | 99/625 [00:13<01:19,  6.61it/s]
Batches:  16%|█▌        | 100/625 [00:13<01:20,  6.53it/s]
Batches:  16%|█▌        | 101/625 [00:14<01:16,  6.83it/s]
Batches:  16%|█▋        | 102/625 [00:14<01:13,  7.08it/s]
Batches:  16%|█▋        | 103/625 [00:14<01:16,  6.82it/s]
Batches:  17%|█▋        | 104/625 [00:14<01:24,  6.13it/s]
Batches:  17%|█▋        | 105/625 [00:14<01:23,  6.20it/s]
Batches:  17%|█▋        | 106/625 [00:14<01:20,  6.44it/s]
Batches:  17%|█▋        | 107/625 [00:15<01:20,  6.42it/s]
Batches:  17%|█▋        | 108/625 [00:15<01:24,  6.14it/s]
Batches:  17%|█▋        | 109/625 [00:15<01:52,  4.59it/s]
Batches:  18%|█▊        | 111/625 [00:15<01:27,  5.89it/s]
Batches:  18%|█▊        | 113/625 [00:15<01:16,  6.67it/s]
Batches:  18%|█▊        | 115/625 [00:16<01:10,  7.21it/s]
Batches:  19%|█▊        | 116/625 [00:16<01:09,  7.30it/s]
Batches:  19%|█▊        | 117/625 [00:16<01:09,  7.33it/s]
Batches:  19%|█▉        | 118/625 [00:16<01:09,  7.28it/s]
Batches:  19%|█▉        | 119/625 [00:16<01:08,  7.35it/s]
Batches:  19%|█▉        | 121/625 [00:17<01:06,  7.55it/s]
Batches:  20%|█▉        | 122/625 [00:17<01:09,  7.21it/s]
Batches:  20%|█▉        | 123/625 [00:17<01:08,  7.36it/s]
Batches:  20%|█▉        | 124/625 [00:17<01:07,  7.48it/s]
Batches:  20%|██        | 125/625 [00:17<01:06,  7.51it/s]
Batches:  20%|██        | 126/625 [00:17<01:09,  7.13it/s]
Batches:  20%|██        | 127/625 [00:17<01:12,  6.87it/s]
Batches:  20%|██        | 128/625 [00:18<01:11,  6.90it/s]
Batches:  21%|██        | 129/625 [00:18<01:10,  7.04it/s]
Batches:  21%|██        | 130/625 [00:18<01:26,  5.73it/s]
Batches:  21%|██        | 131/625 [00:18<01:41,  4.85it/s]
Batches:  21%|██        | 132/625 [00:18<01:31,  5.39it/s]
Batches:  21%|██▏       | 133/625 [00:18<01:24,  5.81it/s]
Batches:  21%|██▏       | 134/625 [00:19<01:23,  5.91it/s]
Batches:  22%|██▏       | 135/625 [00:19<01:20,  6.05it/s]
Batches:  22%|██▏       | 136/625 [00:19<01:17,  6.31it/s]
Batches:  22%|██▏       | 137/625 [00:19<01:16,  6.40it/s]
Batches:  22%|██▏       | 138/625 [00:19<01:16,  6.35it/s]
Batches:  22%|██▏       | 139/625 [00:19<01:12,  6.71it/s]
Batches:  22%|██▏       | 140/625 [00:20<01:10,  6.86it/s]
Batches:  23%|██▎       | 141/625 [00:20<01:08,  7.05it/s]
Batches:  23%|██▎       | 142/625 [00:20<01:08,  7.04it/s]
Batches:  23%|██▎       | 143/625 [00:20<01:07,  7.09it/s]
Batches:  23%|██▎       | 144/625 [00:20<01:10,  6.79it/s]
Batches:  23%|██▎       | 146/625 [00:20<01:05,  7.28it/s]
Batches:  24%|██▎       | 147/625 [00:21<01:10,  6.77it/s]
Batches:  24%|██▎       | 148/625 [00:21<01:11,  6.63it/s]
Batches:  24%|██▍       | 149/625 [00:21<01:10,  6.73it/s]
Batches:  24%|██▍       | 150/625 [00:21<01:09,  6.88it/s]
Batches:  24%|██▍       | 151/625 [00:21<01:08,  6.92it/s]
Batches:  24%|██▍       | 152/625 [00:21<01:12,  6.54it/s]
Batches:  24%|██▍       | 153/625 [00:21<01:09,  6.80it/s]
Batches:  25%|██▍       | 154/625 [00:22<01:12,  6.46it/s]
Batches:  25%|██▍       | 155/625 [00:22<01:16,  6.12it/s]
Batches:  25%|██▍       | 156/625 [00:22<01:13,  6.38it/s]
Batches:  25%|██▌       | 157/625 [00:22<01:13,  6.37it/s]
Batches:  25%|██▌       | 158/625 [00:22<01:09,  6.69it/s]
Batches:  25%|██▌       | 159/625 [00:22<01:08,  6.77it/s]
Batches:  26%|██▌       | 160/625 [00:23<01:11,  6.50it/s]
Batches:  26%|██▌       | 161/625 [00:23<01:11,  6.46it/s]
Batches:  26%|██▌       | 163/625 [00:23<00:59,  7.73it/s]
Batches:  26%|██▌       | 164/625 [00:23<00:56,  8.17it/s]
Batches:  26%|██▋       | 165/625 [00:23<01:00,  7.61it/s]
Batches:  27%|██▋       | 166/625 [00:23<01:08,  6.73it/s]
Batches:  27%|██▋       | 167/625 [00:23<01:09,  6.61it/s]
Batches:  27%|██▋       | 168/625 [00:24<01:06,  6.86it/s]
Batches:  27%|██▋       | 169/625 [00:24<01:05,  6.91it/s]
Batches:  27%|██▋       | 170/625 [00:24<01:10,  6.48it/s]
Batches:  28%|██▊       | 172/625 [00:24<01:07,  6.67it/s]
Batches:  28%|██▊       | 173/625 [00:24<01:05,  6.88it/s]
Batches:  28%|██▊       | 174/625 [00:24<01:05,  6.92it/s]
Batches:  28%|██▊       | 175/625 [00:25<01:03,  7.05it/s]
Batches:  28%|██▊       | 176/625 [00:25<01:04,  6.98it/s]
Batches:  28%|██▊       | 177/625 [00:25<01:05,  6.83it/s]
Batches:  28%|██▊       | 178/625 [00:25<01:04,  6.89it/s]
Batches:  29%|██▊       | 179/625 [00:25<01:08,  6.54it/s]
Batches:  29%|██▉       | 180/625 [00:25<01:06,  6.69it/s]
Batches:  29%|██▉       | 181/625 [00:26<01:07,  6.60it/s]
Batches:  29%|██▉       | 182/625 [00:26<01:08,  6.46it/s]
Batches:  29%|██▉       | 183/625 [00:26<01:16,  5.80it/s]
Batches:  30%|██▉       | 185/625 [00:26<01:05,  6.75it/s]
Batches:  30%|██▉       | 187/625 [00:26<01:00,  7.19it/s]
Batches:  30%|███       | 188/625 [00:27<01:02,  6.98it/s]
Batches:  30%|███       | 189/625 [00:27<01:01,  7.12it/s]
Batches:  30%|███       | 190/625 [00:27<00:56,  7.65it/s]
Batches:  31%|███       | 191/625 [00:27<01:12,  6.01it/s]
Batches:  31%|███       | 192/625 [00:27<01:09,  6.26it/s]
Batches:  31%|███       | 193/625 [00:27<01:08,  6.35it/s]
Batches:  31%|███       | 194/625 [00:28<01:08,  6.33it/s]
Batches:  31%|███       | 195/625 [00:28<01:15,  5.73it/s]
Batches:  31%|███▏      | 196/625 [00:28<01:14,  5.72it/s]
Batches:  32%|███▏      | 197/625 [00:28<01:12,  5.88it/s]
Batches:  32%|███▏      | 198/625 [00:28<01:07,  6.34it/s]
Batches:  32%|███▏      | 199/625 [00:28<01:03,  6.67it/s]
Batches:  32%|███▏      | 201/625 [00:29<00:56,  7.48it/s]
Batches:  32%|███▏      | 202/625 [00:29<00:59,  7.11it/s]
Batches:  32%|███▏      | 203/625 [00:29<00:55,  7.66it/s]
Batches:  33%|███▎      | 204/625 [00:29<00:51,  8.14it/s]
Batches:  33%|███▎      | 205/625 [00:29<00:56,  7.40it/s]
Batches:  33%|███▎      | 206/625 [00:29<00:56,  7.47it/s]
Batches:  33%|███▎      | 207/625 [00:29<00:59,  6.99it/s]
Batches:  33%|███▎      | 208/625 [00:30<01:01,  6.75it/s]
Batches:  33%|███▎      | 209/625 [00:30<01:03,  6.59it/s]
Batches:  34%|███▎      | 210/625 [00:30<01:00,  6.90it/s]
Batches:  34%|███▍      | 211/625 [00:30<00:59,  6.92it/s]
Batches:  34%|███▍      | 212/625 [00:30<00:59,  6.94it/s]
Batches:  34%|███▍      | 213/625 [00:30<01:00,  6.83it/s]
Batches:  34%|███▍      | 215/625 [00:31<00:54,  7.47it/s]
Batches:  35%|███▍      | 217/625 [00:31<00:53,  7.63it/s]
Batches:  35%|███▍      | 218/625 [00:31<00:53,  7.60it/s]
Batches:  35%|███▌      | 219/625 [00:31<01:09,  5.87it/s]
Batches:  35%|███▌      | 220/625 [00:31<01:04,  6.25it/s]
Batches:  35%|███▌      | 221/625 [00:32<01:07,  6.00it/s]
Batches:  36%|███▌      | 222/625 [00:32<01:07,  5.95it/s]
Batches:  36%|███▌      | 223/625 [00:32<01:03,  6.36it/s]
Batches:  36%|███▌      | 224/625 [00:32<01:01,  6.51it/s]
Batches:  36%|███▌      | 225/625 [00:32<01:00,  6.64it/s]
Batches:  36%|███▌      | 226/625 [00:32<00:58,  6.78it/s]
Batches:  36%|███▋      | 227/625 [00:32<01:02,  6.37it/s]
Batches:  36%|███▋      | 228/625 [00:33<01:02,  6.31it/s]
Batches:  37%|███▋      | 229/625 [00:33<00:59,  6.68it/s]
Batches:  37%|███▋      | 230/625 [00:33<00:57,  6.88it/s]
Batches:  37%|███▋      | 231/625 [00:33<00:57,  6.90it/s]
Batches:  37%|███▋      | 233/625 [00:33<00:54,  7.25it/s]
Batches:  37%|███▋      | 234/625 [00:33<00:54,  7.23it/s]
Batches:  38%|███▊      | 235/625 [00:34<00:55,  6.97it/s]
Batches:  38%|███▊      | 236/625 [00:34<00:59,  6.57it/s]
Batches:  38%|███▊      | 237/625 [00:34<00:56,  6.88it/s]
Batches:  38%|███▊      | 239/625 [00:34<00:51,  7.54it/s]
Batches:  38%|███▊      | 240/625 [00:34<00:53,  7.17it/s]
Batches:  39%|███▊      | 242/625 [00:34<00:47,  8.14it/s]
Batches:  39%|███▉      | 244/625 [00:35<00:46,  8.23it/s]
Batches:  39%|███▉      | 245/625 [00:35<00:47,  8.07it/s]
Batches:  39%|███▉      | 246/625 [00:35<00:51,  7.30it/s]
Batches:  40%|███▉      | 247/625 [00:35<00:50,  7.42it/s]
Batches:  40%|███▉      | 248/625 [00:35<00:51,  7.29it/s]
Batches:  40%|███▉      | 249/625 [00:35<00:51,  7.36it/s]
Batches:  40%|████      | 250/625 [00:36<00:53,  7.06it/s]
Batches:  40%|████      | 251/625 [00:36<00:48,  7.64it/s]
Batches:  40%|████      | 252/625 [00:36<00:51,  7.20it/s]
Batches:  40%|████      | 253/625 [00:36<00:50,  7.34it/s]
Batches:  41%|████      | 254/625 [00:36<00:52,  7.04it/s]
Batches:  41%|████      | 255/625 [00:36<00:55,  6.71it/s]
Batches:  41%|████      | 256/625 [00:36<00:55,  6.59it/s]
Batches:  41%|████▏     | 258/625 [00:37<00:49,  7.45it/s]
Batches:  41%|████▏     | 259/625 [00:37<00:51,  7.14it/s]
Batches:  42%|████▏     | 260/625 [00:37<00:50,  7.29it/s]
Batches:  42%|████▏     | 261/625 [00:37<00:49,  7.35it/s]
Batches:  42%|████▏     | 262/625 [00:37<00:48,  7.41it/s]
Batches:  42%|████▏     | 264/625 [00:37<00:45,  8.02it/s]
Batches:  42%|████▏     | 265/625 [00:38<00:46,  7.72it/s]
Batches:  43%|████▎     | 266/625 [00:38<00:49,  7.28it/s]
Batches:  43%|████▎     | 267/625 [00:38<00:51,  6.96it/s]
Batches:  43%|████▎     | 269/625 [00:38<00:48,  7.32it/s]
Batches:  43%|████▎     | 270/625 [00:38<00:48,  7.33it/s]
Batches:  44%|████▎     | 272/625 [00:38<00:43,  8.17it/s]
Batches:  44%|████▎     | 273/625 [00:39<00:44,  7.91it/s]
Batches:  44%|████▍     | 274/625 [00:39<00:47,  7.39it/s]
Batches:  44%|████▍     | 276/625 [00:39<00:44,  7.79it/s]
Batches:  44%|████▍     | 278/625 [00:39<00:42,  8.07it/s]
Batches:  45%|████▍     | 279/625 [00:39<00:45,  7.59it/s]
Batches:  45%|████▍     | 280/625 [00:40<00:49,  6.97it/s]
Batches:  45%|████▍     | 281/625 [00:40<00:48,  7.05it/s]
Batches:  45%|████▌     | 282/625 [00:40<00:48,  7.02it/s]
Batches:  45%|████▌     | 283/625 [00:40<00:47,  7.15it/s]
Batches:  45%|████▌     | 284/625 [00:40<00:47,  7.20it/s]
Batches:  46%|████▌     | 285/625 [00:40<00:46,  7.28it/s]
Batches:  46%|████▌     | 286/625 [00:40<00:46,  7.31it/s]
Batches:  46%|████▌     | 287/625 [00:41<00:49,  6.79it/s]
Batches:  46%|████▌     | 288/625 [00:41<00:51,  6.60it/s]
Batches:  46%|████▌     | 289/625 [00:41<00:50,  6.72it/s]
Batches:  46%|████▋     | 290/625 [00:41<00:48,  6.84it/s]
Batches:  47%|████▋     | 291/625 [00:41<00:48,  6.86it/s]
Batches:  47%|████▋     | 292/625 [00:41<00:48,  6.92it/s]
Batches:  47%|████▋     | 293/625 [00:41<00:46,  7.12it/s]
Batches:  47%|████▋     | 294/625 [00:42<00:45,  7.26it/s]
Batches:  47%|████▋     | 295/625 [00:42<00:50,  6.60it/s]
Batches:  47%|████▋     | 296/625 [00:42<00:48,  6.74it/s]
Batches:  48%|████▊     | 297/625 [00:42<00:48,  6.76it/s]
Batches:  48%|████▊     | 298/625 [00:42<00:47,  6.86it/s]
Batches:  48%|████▊     | 299/625 [00:42<00:50,  6.47it/s]
Batches:  48%|████▊     | 300/625 [00:43<00:50,  6.44it/s]
Batches:  48%|████▊     | 302/625 [00:43<00:47,  6.87it/s]
Batches:  48%|████▊     | 303/625 [00:43<00:46,  6.99it/s]
Batches:  49%|████▊     | 304/625 [00:43<00:49,  6.51it/s]
Batches:  49%|████▉     | 305/625 [00:43<00:50,  6.36it/s]
Batches:  49%|████▉     | 306/625 [00:43<00:50,  6.31it/s]
Batches:  49%|████▉     | 307/625 [00:44<00:50,  6.33it/s]
Batches:  49%|████▉     | 308/625 [00:44<00:49,  6.47it/s]
Batches:  49%|████▉     | 309/625 [00:44<00:49,  6.38it/s]
Batches:  50%|████▉     | 311/625 [00:44<00:43,  7.24it/s]
Batches:  50%|████▉     | 312/625 [00:44<00:47,  6.61it/s]
Batches:  50%|█████     | 313/625 [00:44<00:47,  6.51it/s]
Batches:  50%|█████     | 314/625 [00:45<00:48,  6.42it/s]
Batches:  50%|█████     | 315/625 [00:45<00:50,  6.13it/s]
Batches:  51%|█████     | 317/625 [00:45<00:55,  5.60it/s]
Batches:  51%|█████     | 318/625 [00:45<00:52,  5.89it/s]
Batches:  51%|█████     | 319/625 [00:46<00:51,  5.96it/s]
Batches:  51%|█████     | 320/625 [00:46<00:49,  6.13it/s]
Batches:  51%|█████▏    | 321/625 [00:46<00:50,  6.01it/s]
Batches:  52%|█████▏    | 322/625 [00:46<00:47,  6.38it/s]
Batches:  52%|█████▏    | 323/625 [00:46<00:45,  6.65it/s]
Batches:  52%|█████▏    | 324/625 [00:46<00:47,  6.28it/s]
Batches:  52%|█████▏    | 325/625 [00:46<00:44,  6.67it/s]
Batches:  52%|█████▏    | 326/625 [00:47<00:43,  6.84it/s]
Batches:  52%|█████▏    | 327/625 [00:47<00:47,  6.34it/s]
Batches:  52%|█████▏    | 328/625 [00:47<00:45,  6.51it/s]
Batches:  53%|█████▎    | 329/625 [00:47<00:47,  6.28it/s]
Batches:  53%|█████▎    | 330/625 [00:47<00:45,  6.46it/s]
Batches:  53%|█████▎    | 332/625 [00:47<00:39,  7.40it/s]
Batches:  53%|█████▎    | 333/625 [00:48<00:40,  7.27it/s]
Batches:  53%|█████▎    | 334/625 [00:48<00:40,  7.15it/s]
Batches:  54%|█████▎    | 335/625 [00:48<00:42,  6.85it/s]
Batches:  54%|█████▍    | 336/625 [00:48<00:41,  6.89it/s]
Batches:  54%|█████▍    | 337/625 [00:48<00:43,  6.58it/s]
Batches:  54%|█████▍    | 338/625 [00:48<00:44,  6.47it/s]
Batches:  54%|█████▍    | 339/625 [00:48<00:40,  7.14it/s]
Batches:  54%|█████▍    | 340/625 [00:49<00:45,  6.33it/s]
Batches:  55%|█████▍    | 341/625 [00:49<00:44,  6.33it/s]
Batches:  55%|█████▍    | 342/625 [00:49<00:43,  6.53it/s]
Batches:  55%|█████▍    | 343/625 [00:49<00:41,  6.79it/s]
Batches:  55%|█████▌    | 344/625 [00:49<00:41,  6.84it/s]
Batches:  55%|█████▌    | 345/625 [00:49<00:42,  6.59it/s]
Batches:  55%|█████▌    | 346/625 [00:50<00:41,  6.74it/s]
Batches:  56%|█████▌    | 347/625 [00:50<00:39,  6.95it/s]
Batches:  56%|█████▌    | 348/625 [00:50<00:42,  6.48it/s]
Batches:  56%|█████▌    | 349/625 [00:50<00:43,  6.39it/s]
Batches:  56%|█████▌    | 350/625 [00:50<00:42,  6.52it/s]
Batches:  56%|█████▋    | 352/625 [00:50<00:34,  7.97it/s]
Batches:  56%|█████▋    | 353/625 [00:51<00:36,  7.44it/s]
Batches:  57%|█████▋    | 355/625 [00:51<00:32,  8.26it/s]
Batches:  57%|█████▋    | 356/625 [00:51<00:33,  7.95it/s]
Batches:  57%|█████▋    | 357/625 [00:51<00:35,  7.51it/s]
Batches:  57%|█████▋    | 358/625 [00:51<00:33,  7.94it/s]
Batches:  57%|█████▋    | 359/625 [00:51<00:34,  7.74it/s]
Batches:  58%|█████▊    | 360/625 [00:51<00:34,  7.64it/s]
Batches:  58%|█████▊    | 361/625 [00:52<00:38,  6.91it/s]
Batches:  58%|█████▊    | 362/625 [00:52<00:37,  7.01it/s]
Batches:  58%|█████▊    | 363/625 [00:52<00:38,  6.82it/s]
Batches:  58%|█████▊    | 364/625 [00:52<00:38,  6.87it/s]
Batches:  58%|█████▊    | 365/625 [00:52<00:37,  6.91it/s]
Batches:  59%|█████▊    | 366/625 [00:52<00:38,  6.65it/s]
Batches:  59%|█████▊    | 367/625 [00:52<00:38,  6.73it/s]
Batches:  59%|█████▉    | 369/625 [00:53<00:37,  6.90it/s]
Batches:  59%|█████▉    | 370/625 [00:53<00:37,  6.71it/s]
Batches:  59%|█████▉    | 371/625 [00:53<00:38,  6.52it/s]
Batches:  60%|█████▉    | 373/625 [00:53<00:37,  6.76it/s]
Batches:  60%|█████▉    | 374/625 [00:53<00:34,  7.27it/s]
Batches:  60%|██████    | 375/625 [00:54<00:34,  7.18it/s]
Batches:  60%|██████    | 377/625 [00:54<00:35,  7.05it/s]
Batches:  60%|██████    | 378/625 [00:54<00:34,  7.16it/s]
Batches:  61%|██████    | 379/625 [00:54<00:37,  6.49it/s]
Batches:  61%|██████    | 380/625 [00:54<00:36,  6.72it/s]
Batches:  61%|██████    | 381/625 [00:55<00:35,  6.78it/s]
Batches:  61%|██████    | 382/625 [00:55<00:38,  6.30it/s]
Batches:  61%|██████▏   | 383/625 [00:55<00:36,  6.64it/s]
Batches:  62%|██████▏   | 385/625 [00:55<00:30,  7.94it/s]
Batches:  62%|██████▏   | 386/625 [00:55<00:33,  7.12it/s]
Batches:  62%|██████▏   | 387/625 [00:55<00:33,  7.09it/s]
Batches:  62%|██████▏   | 388/625 [00:56<00:35,  6.63it/s]
Batches:  62%|██████▏   | 390/625 [00:56<00:33,  7.11it/s]
Batches:  63%|██████▎   | 391/625 [00:56<00:34,  6.75it/s]
Batches:  63%|██████▎   | 392/625 [00:56<00:33,  6.97it/s]
Batches:  63%|██████▎   | 394/625 [00:56<00:32,  7.22it/s]
Batches:  63%|██████▎   | 396/625 [00:57<00:30,  7.54it/s]
Batches:  64%|██████▎   | 397/625 [00:57<00:30,  7.43it/s]
Batches:  64%|██████▎   | 398/625 [00:57<00:30,  7.47it/s]
Batches:  64%|██████▍   | 399/625 [00:57<00:32,  7.06it/s]
Batches:  64%|██████▍   | 400/625 [00:57<00:29,  7.56it/s]
Batches:  64%|██████▍   | 401/625 [00:57<00:29,  7.57it/s]
Batches:  64%|██████▍   | 402/625 [00:57<00:30,  7.31it/s]
Batches:  64%|██████▍   | 403/625 [00:58<00:31,  6.95it/s]
Batches:  65%|██████▍   | 404/625 [00:58<00:33,  6.59it/s]
Batches:  65%|██████▍   | 405/625 [00:58<00:35,  6.24it/s]
Batches:  65%|██████▍   | 406/625 [00:58<00:33,  6.57it/s]
Batches:  65%|██████▌   | 407/625 [00:58<00:33,  6.44it/s]
Batches:  65%|██████▌   | 408/625 [00:58<00:32,  6.72it/s]
Batches:  65%|██████▌   | 409/625 [00:59<00:31,  6.77it/s]
Batches:  66%|██████▌   | 410/625 [00:59<00:28,  7.44it/s]
Batches:  66%|██████▌   | 411/625 [00:59<00:30,  7.01it/s]
Batches:  66%|██████▌   | 412/625 [00:59<00:29,  7.14it/s]
Batches:  66%|██████▌   | 413/625 [00:59<00:29,  7.09it/s]
Batches:  66%|██████▌   | 414/625 [00:59<00:32,  6.50it/s]
Batches:  66%|██████▋   | 415/625 [00:59<00:30,  6.79it/s]
Batches:  67%|██████▋   | 416/625 [01:00<00:33,  6.15it/s]
Batches:  67%|██████▋   | 417/625 [01:00<00:32,  6.35it/s]
Batches:  67%|██████▋   | 418/625 [01:00<00:32,  6.29it/s]
Batches:  67%|██████▋   | 419/625 [01:00<00:32,  6.43it/s]
Batches:  67%|██████▋   | 420/625 [01:00<00:30,  6.74it/s]
Batches:  67%|██████▋   | 421/625 [01:00<00:31,  6.52it/s]
Batches:  68%|██████▊   | 422/625 [01:00<00:31,  6.39it/s]
Batches:  68%|██████▊   | 423/625 [01:01<00:31,  6.33it/s]
Batches:  68%|██████▊   | 425/625 [01:01<00:26,  7.58it/s]
Batches:  68%|██████▊   | 426/625 [01:01<00:26,  7.40it/s]
Batches:  68%|██████▊   | 427/625 [01:01<00:27,  7.29it/s]
Batches:  68%|██████▊   | 428/625 [01:01<00:28,  6.81it/s]
Batches:  69%|██████▉   | 430/625 [01:02<00:31,  6.14it/s]
Batches:  69%|██████▉   | 431/625 [01:02<00:30,  6.41it/s]
Batches:  69%|██████▉   | 432/625 [01:02<00:29,  6.50it/s]
Batches:  69%|██████▉   | 433/625 [01:02<00:30,  6.29it/s]
Batches:  70%|██████▉   | 435/625 [01:02<00:26,  7.11it/s]
Batches:  70%|██████▉   | 436/625 [01:03<00:27,  6.82it/s]
Batches:  70%|██████▉   | 437/625 [01:03<00:28,  6.58it/s]
Batches:  70%|███████   | 438/625 [01:03<00:28,  6.46it/s]
Batches:  70%|███████   | 439/625 [01:03<00:28,  6.57it/s]
Batches:  70%|███████   | 440/625 [01:03<00:28,  6.40it/s]
Batches:  71%|███████   | 441/625 [01:03<00:25,  7.14it/s]
Batches:  71%|███████   | 442/625 [01:03<00:25,  7.24it/s]
Batches:  71%|███████   | 443/625 [01:04<00:26,  6.89it/s]
Batches:  71%|███████   | 444/625 [01:04<00:26,  6.85it/s]
Batches:  71%|███████   | 445/625 [01:04<00:28,  6.37it/s]
Batches:  71%|███████▏  | 446/625 [01:04<00:28,  6.30it/s]
Batches:  72%|███████▏  | 447/625 [01:04<00:27,  6.56it/s]
Batches:  72%|███████▏  | 449/625 [01:04<00:23,  7.38it/s]
Batches:  72%|███████▏  | 450/625 [01:05<00:25,  6.96it/s]
Batches:  72%|███████▏  | 451/625 [01:05<00:25,  6.71it/s]
Batches:  72%|███████▏  | 452/625 [01:05<00:25,  6.77it/s]
Batches:  72%|███████▏  | 453/625 [01:05<00:25,  6.85it/s]
Batches:  73%|███████▎  | 454/625 [01:05<00:25,  6.66it/s]
Batches:  73%|███████▎  | 455/625 [01:05<00:24,  6.85it/s]
Batches:  73%|███████▎  | 456/625 [01:05<00:24,  7.02it/s]
Batches:  73%|███████▎  | 457/625 [01:06<00:21,  7.65it/s]
Batches:  73%|███████▎  | 458/625 [01:06<00:22,  7.38it/s]
Batches:  73%|███████▎  | 459/625 [01:06<00:22,  7.37it/s]
Batches:  74%|███████▎  | 460/625 [01:06<00:22,  7.24it/s]
Batches:  74%|███████▍  | 461/625 [01:06<00:22,  7.26it/s]
Batches:  74%|███████▍  | 462/625 [01:06<00:20,  7.82it/s]
Batches:  74%|███████▍  | 463/625 [01:06<00:19,  8.36it/s]
Batches:  74%|███████▍  | 464/625 [01:06<00:19,  8.15it/s]
Batches:  74%|███████▍  | 465/625 [01:07<00:21,  7.44it/s]
Batches:  75%|███████▍  | 466/625 [01:07<00:22,  7.06it/s]
Batches:  75%|███████▍  | 467/625 [01:07<00:21,  7.22it/s]
Batches:  75%|███████▌  | 469/625 [01:07<00:20,  7.65it/s]
Batches:  75%|███████▌  | 470/625 [01:07<00:20,  7.42it/s]
Batches:  75%|███████▌  | 471/625 [01:07<00:22,  6.98it/s]
Batches:  76%|███████▌  | 472/625 [01:08<00:21,  7.04it/s]
Batches:  76%|███████▌  | 473/625 [01:08<00:20,  7.59it/s]
Batches:  76%|███████▌  | 474/625 [01:08<00:20,  7.35it/s]
Batches:  76%|███████▌  | 475/625 [01:08<00:20,  7.25it/s]
Batches:  76%|███████▌  | 476/625 [01:08<00:21,  6.89it/s]
Batches:  76%|███████▋  | 477/625 [01:08<00:23,  6.35it/s]
Batches:  76%|███████▋  | 478/625 [01:09<00:22,  6.51it/s]
Batches:  77%|███████▋  | 479/625 [01:09<00:21,  6.78it/s]
Batches:  77%|███████▋  | 480/625 [01:09<00:23,  6.12it/s]
Batches:  77%|███████▋  | 481/625 [01:09<00:25,  5.73it/s]
Batches:  77%|███████▋  | 483/625 [01:09<00:22,  6.45it/s]
Batches:  77%|███████▋  | 484/625 [01:09<00:21,  6.62it/s]
Batches:  78%|███████▊  | 485/625 [01:10<00:22,  6.32it/s]
Batches:  78%|███████▊  | 487/625 [01:10<00:19,  7.09it/s]
Batches:  78%|███████▊  | 488/625 [01:10<00:19,  7.03it/s]
Batches:  78%|███████▊  | 489/625 [01:10<00:20,  6.58it/s]
Batches:  78%|███████▊  | 490/625 [01:10<00:20,  6.66it/s]
Batches:  79%|███████▊  | 491/625 [01:11<00:22,  5.91it/s]
Batches:  79%|███████▉  | 493/625 [01:11<00:19,  6.77it/s]
Batches:  79%|███████▉  | 494/625 [01:11<00:19,  6.85it/s]
Batches:  79%|███████▉  | 495/625 [01:11<00:19,  6.82it/s]
Batches:  79%|███████▉  | 496/625 [01:11<00:21,  6.03it/s]
Batches:  80%|███████▉  | 497/625 [01:11<00:20,  6.21it/s]
Batches:  80%|███████▉  | 499/625 [01:12<00:18,  6.74it/s]
Batches:  80%|████████  | 500/625 [01:12<00:19,  6.30it/s]
Batches:  80%|████████  | 502/625 [01:12<00:16,  7.48it/s]
Batches:  80%|████████  | 503/625 [01:12<00:16,  7.41it/s]
Batches:  81%|████████  | 504/625 [01:12<00:15,  7.79it/s]
Batches:  81%|████████  | 505/625 [01:13<00:17,  6.97it/s]
Batches:  81%|████████  | 506/625 [01:13<00:17,  6.79it/s]
Batches:  81%|████████  | 507/625 [01:13<00:17,  6.85it/s]
Batches:  81%|████████▏ | 508/625 [01:13<00:16,  6.95it/s]
Batches:  81%|████████▏ | 509/625 [01:13<00:20,  5.64it/s]
Batches:  82%|████████▏ | 510/625 [01:13<00:18,  6.06it/s]
Batches:  82%|████████▏ | 511/625 [01:14<00:18,  6.25it/s]
Batches:  82%|████████▏ | 512/625 [01:14<00:18,  6.06it/s]
Batches:  82%|████████▏ | 513/625 [01:14<00:17,  6.32it/s]
Batches:  82%|████████▏ | 515/625 [01:14<00:16,  6.85it/s]
Batches:  83%|████████▎ | 516/625 [01:14<00:16,  6.81it/s]
Batches:  83%|████████▎ | 517/625 [01:14<00:16,  6.61it/s]
Batches:  83%|████████▎ | 518/625 [01:15<00:16,  6.50it/s]
Batches:  83%|████████▎ | 519/625 [01:15<00:16,  6.44it/s]
Batches:  83%|████████▎ | 520/625 [01:15<00:18,  5.77it/s]
Batches:  83%|████████▎ | 521/625 [01:15<00:16,  6.17it/s]
Batches:  84%|████████▎ | 522/625 [01:15<00:16,  6.19it/s]
Batches:  84%|████████▎ | 523/625 [01:15<00:15,  6.47it/s]
Batches:  84%|████████▍ | 524/625 [01:16<00:15,  6.66it/s]
Batches:  84%|████████▍ | 525/625 [01:16<00:15,  6.54it/s]
Batches:  84%|████████▍ | 526/625 [01:16<00:14,  6.82it/s]
Batches:  84%|████████▍ | 527/625 [01:16<00:14,  6.58it/s]
Batches:  84%|████████▍ | 528/625 [01:16<00:15,  6.12it/s]
Batches:  85%|████████▍ | 529/625 [01:16<00:14,  6.46it/s]
Batches:  85%|████████▍ | 530/625 [01:16<00:14,  6.70it/s]
Batches:  85%|████████▍ | 531/625 [01:17<00:14,  6.44it/s]
Batches:  85%|████████▌ | 532/625 [01:17<00:13,  6.76it/s]
Batches:  85%|████████▌ | 533/625 [01:17<00:13,  6.61it/s]
Batches:  85%|████████▌ | 534/625 [01:17<00:13,  6.69it/s]
Batches:  86%|████████▌ | 535/625 [01:17<00:12,  7.36it/s]
Batches:  86%|████████▌ | 536/625 [01:17<00:12,  6.94it/s]
Batches:  86%|████████▌ | 537/625 [01:17<00:11,  7.54it/s]
Batches:  86%|████████▌ | 538/625 [01:18<00:11,  7.33it/s]
Batches:  86%|████████▌ | 539/625 [01:18<00:12,  6.98it/s]
Batches:  86%|████████▋ | 540/625 [01:18<00:12,  6.69it/s]
Batches:  87%|████████▋ | 541/625 [01:18<00:12,  6.68it/s]
Batches:  87%|████████▋ | 542/625 [01:18<00:12,  6.90it/s]
Batches:  87%|████████▋ | 543/625 [01:18<00:12,  6.63it/s]
Batches:  87%|████████▋ | 544/625 [01:18<00:12,  6.67it/s]
Batches:  87%|████████▋ | 545/625 [01:19<00:12,  6.53it/s]
Batches:  87%|████████▋ | 546/625 [01:19<00:12,  6.38it/s]
Batches:  88%|████████▊ | 547/625 [01:19<00:12,  6.50it/s]
Batches:  88%|████████▊ | 548/625 [01:19<00:11,  6.77it/s]
Batches:  88%|████████▊ | 550/625 [01:19<00:10,  7.20it/s]
Batches:  88%|████████▊ | 551/625 [01:19<00:10,  7.10it/s]
Batches:  88%|████████▊ | 552/625 [01:20<00:09,  7.66it/s]
Batches:  88%|████████▊ | 553/625 [01:20<00:09,  7.57it/s]
Batches:  89%|████████▊ | 554/625 [01:20<00:08,  8.12it/s]
Batches:  89%|████████▉ | 555/625 [01:20<00:08,  7.93it/s]
Batches:  89%|████████▉ | 556/625 [01:20<00:09,  7.30it/s]
Batches:  89%|████████▉ | 557/625 [01:20<00:09,  7.35it/s]
Batches:  89%|████████▉ | 558/625 [01:20<00:09,  7.35it/s]
Batches:  89%|████████▉ | 559/625 [01:21<00:09,  7.16it/s]
Batches:  90%|████████▉ | 560/625 [01:21<00:08,  7.34it/s]
Batches:  90%|████████▉ | 561/625 [01:21<00:08,  7.33it/s]
Batches:  90%|████████▉ | 562/625 [01:21<00:08,  7.34it/s]
Batches:  90%|█████████ | 563/625 [01:21<00:07,  7.89it/s]
Batches:  90%|█████████ | 564/625 [01:21<00:07,  7.72it/s]
Batches:  90%|█████████ | 565/625 [01:21<00:08,  6.70it/s]
Batches:  91%|█████████ | 566/625 [01:22<00:08,  6.98it/s]
Batches:  91%|█████████ | 567/625 [01:22<00:08,  7.09it/s]
Batches:  91%|█████████ | 568/625 [01:22<00:08,  6.79it/s]
Batches:  91%|█████████ | 569/625 [01:22<00:08,  6.78it/s]
Batches:  91%|█████████ | 570/625 [01:22<00:08,  6.85it/s]
Batches:  91%|█████████▏| 571/625 [01:22<00:07,  6.80it/s]
Batches:  92%|█████████▏| 572/625 [01:22<00:08,  6.34it/s]
Batches:  92%|█████████▏| 573/625 [01:23<00:07,  6.66it/s]
Batches:  92%|█████████▏| 574/625 [01:23<00:07,  6.66it/s]
Batches:  92%|█████████▏| 575/625 [01:23<00:07,  6.75it/s]
Batches:  92%|█████████▏| 576/625 [01:23<00:07,  6.79it/s]
Batches:  92%|█████████▏| 577/625 [01:23<00:06,  7.00it/s]
Batches:  92%|█████████▏| 578/625 [01:23<00:06,  6.98it/s]
Batches:  93%|█████████▎| 580/625 [01:24<00:06,  7.34it/s]
Batches:  93%|█████████▎| 581/625 [01:24<00:06,  6.90it/s]
Batches:  93%|█████████▎| 582/625 [01:24<00:06,  7.02it/s]
Batches:  93%|█████████▎| 583/625 [01:24<00:05,  7.17it/s]
Batches:  93%|█████████▎| 584/625 [01:24<00:05,  7.07it/s]
Batches:  94%|█████████▎| 585/625 [01:24<00:05,  7.19it/s]
Batches:  94%|█████████▍| 586/625 [01:24<00:05,  7.08it/s]
Batches:  94%|█████████▍| 587/625 [01:25<00:05,  6.60it/s]
Batches:  94%|█████████▍| 589/625 [01:25<00:04,  7.46it/s]
Batches:  94%|█████████▍| 590/625 [01:25<00:04,  7.47it/s]
Batches:  95%|█████████▍| 591/625 [01:25<00:04,  7.30it/s]
Batches:  95%|█████████▍| 592/625 [01:25<00:04,  7.16it/s]
Batches:  95%|█████████▌| 594/625 [01:25<00:04,  7.66it/s]
Batches:  95%|█████████▌| 595/625 [01:26<00:04,  6.87it/s]
Batches:  95%|█████████▌| 596/625 [01:26<00:03,  7.46it/s]
Batches:  96%|█████████▌| 597/625 [01:26<00:03,  7.27it/s]
Batches:  96%|█████████▌| 598/625 [01:26<00:04,  6.23it/s]
Batches:  96%|█████████▌| 599/625 [01:26<00:04,  6.19it/s]
Batches:  96%|█████████▌| 600/625 [01:26<00:03,  6.51it/s]
Batches:  96%|█████████▌| 601/625 [01:27<00:03,  6.33it/s]
Batches:  96%|█████████▋| 602/625 [01:27<00:03,  6.50it/s]
Batches:  96%|█████████▋| 603/625 [01:27<00:03,  6.19it/s]
Batches:  97%|█████████▋| 604/625 [01:27<00:03,  6.18it/s]
Batches:  97%|█████████▋| 605/625 [01:27<00:03,  5.93it/s]
Batches:  97%|█████████▋| 606/625 [01:27<00:03,  6.19it/s]
Batches:  97%|█████████▋| 607/625 [01:28<00:02,  6.48it/s]
Batches:  97%|█████████▋| 608/625 [01:28<00:02,  6.34it/s]
Batches:  97%|█████████▋| 609/625 [01:28<00:02,  6.45it/s]
Batches:  98%|█████████▊| 610/625 [01:28<00:02,  7.17it/s]
Batches:  98%|█████████▊| 611/625 [01:28<00:01,  7.71it/s]
Batches:  98%|█████████▊| 612/625 [01:28<00:01,  7.67it/s]
Batches:  98%|█████████▊| 613/625 [01:28<00:01,  7.42it/s]
Batches:  98%|█████████▊| 614/625 [01:29<00:01,  7.03it/s]
Batches:  98%|█████████▊| 615/625 [01:29<00:01,  6.73it/s]
Batches:  99%|█████████▊| 616/625 [01:29<00:01,  6.50it/s]
Batches:  99%|█████████▊| 617/625 [01:29<00:01,  6.37it/s]
Batches:  99%|█████████▉| 618/625 [01:29<00:01,  6.60it/s]
Batches:  99%|█████████▉| 619/625 [01:29<00:00,  6.45it/s]
Batches:  99%|█████████▉| 620/625 [01:29<00:00,  6.76it/s]
Batches:  99%|█████████▉| 621/625 [01:30<00:00,  5.47it/s]
Batches: 100%|█████████▉| 622/625 [01:30<00:00,  5.91it/s]
Batches: 100%|█████████▉| 623/625 [01:30<00:00,  6.13it/s]
Batches: 100%|██████████| 625/625 [01:30<00:00,  6.79it/s]
Batches: 100%|██████████| 625/625 [01:30<00:00,  6.89it/s]

Batches:   0%|          | 0/625 [00:00<?, ?it/s]
Batches:   0%|          | 2/625 [00:00<02:44,  3.78it/s]
Batches:   0%|          | 3/625 [00:01<03:46,  2.75it/s]
Batches:   1%|          | 4/625 [00:01<04:20,  2.39it/s]
Batches:   1%|          | 5/625 [00:02<04:39,  2.22it/s]
Batches:   1%|          | 6/625 [00:02<04:50,  2.13it/s]
Batches:   1%|          | 7/625 [00:03<04:57,  2.08it/s]
Batches:   1%|▏         | 8/625 [00:03<05:01,  2.04it/s]
Batches:   1%|▏         | 9/625 [00:04<05:05,  2.02it/s]
Batches:   2%|▏         | 10/625 [00:04<05:07,  2.00it/s]
Batches:   2%|▏         | 11/625 [00:05<05:08,  1.99it/s]
Batches:   2%|▏         | 12/625 [00:05<05:08,  1.98it/s]
Batches:   2%|▏         | 13/625 [00:06<05:09,  1.98it/s]
Batches:   2%|▏         | 14/625 [00:06<05:09,  1.97it/s]
Batches:   2%|▏         | 15/625 [00:07<05:09,  1.97it/s]
Batches:   3%|▎         | 16/625 [00:07<05:08,  1.97it/s]
Batches:   3%|▎         | 17/625 [00:08<05:08,  1.97it/s]
Batches:   3%|▎         | 18/625 [00:08<05:08,  1.97it/s]
Batches:   3%|▎         | 19/625 [00:09<05:08,  1.97it/s]
Batches:   3%|▎         | 20/625 [00:09<05:07,  1.97it/s]
Batches:   3%|▎         | 21/625 [00:10<05:06,  1.97it/s]
Batches:   4%|▎         | 22/625 [00:10<05:06,  1.97it/s]
Batches:   4%|▎         | 23/625 [00:11<05:05,  1.97it/s]
Batches:   4%|▍         | 24/625 [00:11<05:05,  1.97it/s]
Batches:   4%|▍         | 25/625 [00:12<05:04,  1.97it/s]
Batches:   4%|▍         | 26/625 [00:12<05:04,  1.97it/s]
Batches:   4%|▍         | 27/625 [00:13<05:03,  1.97it/s]
Batches:   4%|▍         | 28/625 [00:13<05:03,  1.97it/s]
Batches:   5%|▍         | 29/625 [00:14<05:03,  1.97it/s]
Batches:   5%|▍         | 30/625 [00:14<05:02,  1.97it/s]
Batches:   5%|▍         | 31/625 [00:15<05:01,  1.97it/s]
Batches:   5%|▌         | 32/625 [00:15<05:01,  1.97it/s]
Batches:   5%|▌         | 33/625 [00:16<05:00,  1.97it/s]
Batches:   5%|▌         | 34/625 [00:16<04:59,  1.97it/s]
Batches:   6%|▌         | 35/625 [00:17<04:59,  1.97it/s]
Batches:   6%|▌         | 36/625 [00:17<04:58,  1.97it/s]
Batches:   6%|▌         | 37/625 [00:18<04:58,  1.97it/s]
Batches:   6%|▌         | 38/625 [00:18<04:57,  1.97it/s]
Batches:   6%|▌         | 39/625 [00:19<04:57,  1.97it/s]
Batches:   6%|▋         | 40/625 [00:19<04:56,  1.97it/s]
Batches:   7%|▋         | 41/625 [00:20<04:56,  1.97it/s]
Batches:   7%|▋         | 42/625 [00:20<04:55,  1.97it/s]
Batches:   7%|▋         | 43/625 [00:21<04:55,  1.97it/s]
Batches:   7%|▋         | 44/625 [00:21<04:54,  1.97it/s]
Batches:   7%|▋         | 45/625 [00:22<04:53,  1.97it/s]
Batches:   7%|▋         | 46/625 [00:22<04:53,  1.97it/s]
Batches:   8%|▊         | 47/625 [00:23<04:52,  1.97it/s]
Batches:   8%|▊         | 48/625 [00:23<04:52,  1.97it/s]
Batches:   8%|▊         | 49/625 [00:24<04:51,  1.97it/s]
Batches:   8%|▊         | 50/625 [00:24<04:51,  1.97it/s]
Batches:   8%|▊         | 51/625 [00:25<04:50,  1.97it/s]
Batches:   8%|▊         | 52/625 [00:25<04:50,  1.97it/s]
Batches:   8%|▊         | 53/625 [00:26<04:49,  1.97it/s]
Batches:   9%|▊         | 54/625 [00:26<04:49,  1.97it/s]
Batches:   9%|▉         | 55/625 [00:27<04:49,  1.97it/s]
Batches:   9%|▉         | 56/625 [00:27<04:48,  1.97it/s]
Batches:   9%|▉         | 57/625 [00:28<04:48,  1.97it/s]
Batches:   9%|▉         | 58/625 [00:28<04:47,  1.97it/s]
Batches:   9%|▉         | 59/625 [00:29<04:46,  1.97it/s]
Batches:  10%|▉         | 60/625 [00:29<04:46,  1.97it/s]
Batches:  10%|▉         | 61/625 [00:30<04:45,  1.97it/s]
Batches:  10%|▉         | 62/625 [00:30<04:44,  1.98it/s]
Batches:  10%|█         | 63/625 [00:31<04:44,  1.98it/s]
Batches:  10%|█         | 64/625 [00:31<04:43,  1.98it/s]
Batches:  10%|█         | 65/625 [00:32<04:43,  1.98it/s]
Batches:  11%|█         | 66/625 [00:32<04:42,  1.98it/s]
Batches:  11%|█         | 67/625 [00:33<04:42,  1.98it/s]
Batches:  11%|█         | 68/625 [00:34<04:41,  1.98it/s]
Batches:  11%|█         | 69/625 [00:34<04:41,  1.98it/s]
Batches:  11%|█         | 70/625 [00:35<04:40,  1.98it/s]
Batches:  11%|█▏        | 71/625 [00:35<04:40,  1.98it/s]
Batches:  12%|█▏        | 72/625 [00:36<04:39,  1.98it/s]
Batches:  12%|█▏        | 73/625 [00:36<04:39,  1.98it/s]
Batches:  12%|█▏        | 74/625 [00:37<04:38,  1.98it/s]
Batches:  12%|█▏        | 75/625 [00:37<04:38,  1.97it/s]
Batches:  12%|█▏        | 76/625 [00:38<04:37,  1.98it/s]
Batches:  12%|█▏        | 77/625 [00:38<04:37,  1.98it/s]
Batches:  12%|█▏        | 78/625 [00:39<04:36,  1.98it/s]
Batches:  13%|█▎        | 79/625 [00:39<04:36,  1.98it/s]
Batches:  13%|█▎        | 80/625 [00:40<04:35,  1.98it/s]
Batches:  13%|█▎        | 81/625 [00:40<04:34,  1.98it/s]
Batches:  13%|█▎        | 82/625 [00:41<04:34,  1.98it/s]
Batches:  13%|█▎        | 83/625 [00:41<04:34,  1.98it/s]
Batches:  13%|█▎        | 84/625 [00:42<04:33,  1.98it/s]
Batches:  14%|█▎        | 85/625 [00:42<04:33,  1.98it/s]
Batches:  14%|█▍        | 86/625 [00:43<04:32,  1.98it/s]
Batches:  14%|█▍        | 87/625 [00:43<04:32,  1.98it/s]
Batches:  14%|█▍        | 88/625 [00:44<04:31,  1.98it/s]
Batches:  14%|█▍        | 89/625 [00:44<04:31,  1.98it/s]
Batches:  14%|█▍        | 90/625 [00:45<04:31,  1.97it/s]
Batches:  15%|█▍        | 91/625 [00:45<04:30,  1.97it/s]
Batches:  15%|█▍        | 92/625 [00:46<04:30,  1.97it/s]
Batches:  15%|█▍        | 93/625 [00:46<04:29,  1.97it/s]
Batches:  15%|█▌        | 94/625 [00:47<04:29,  1.97it/s]
Batches:  15%|█▌        | 95/625 [00:47<04:28,  1.97it/s]
Batches:  15%|█▌        | 96/625 [00:48<04:28,  1.97it/s]
Batches:  16%|█▌        | 97/625 [00:48<04:27,  1.97it/s]
Batches:  16%|█▌        | 98/625 [00:49<04:27,  1.97it/s]
Batches:  16%|█▌        | 99/625 [00:49<04:27,  1.97it/s]
Batches:  16%|█▌        | 100/625 [00:50<04:26,  1.97it/s]
Batches:  16%|█▌        | 101/625 [00:50<04:26,  1.97it/s]
Batches:  16%|█▋        | 102/625 [00:51<04:25,  1.97it/s]
Batches:  16%|█▋        | 103/625 [00:51<04:25,  1.97it/s]
Batches:  17%|█▋        | 104/625 [00:52<04:24,  1.97it/s]
Batches:  17%|█▋        | 105/625 [00:52<04:24,  1.97it/s]
Batches:  17%|█▋        | 106/625 [00:53<04:23,  1.97it/s]
Batches:  17%|█▋        | 107/625 [00:53<04:23,  1.97it/s]
Batches:  17%|█▋        | 108/625 [00:54<04:22,  1.97it/s]
Batches:  17%|█▋        | 109/625 [00:54<04:22,  1.97it/s]
Batches:  18%|█▊        | 110/625 [00:55<04:21,  1.97it/s]
Batches:  18%|█▊        | 111/625 [00:55<04:21,  1.97it/s]
Batches:  18%|█▊        | 112/625 [00:56<04:20,  1.97it/s]
Batches:  18%|█▊        | 113/625 [00:56<04:20,  1.97it/s]
Batches:  18%|█▊        | 114/625 [00:57<04:19,  1.97it/s]
Batches:  18%|█▊        | 115/625 [00:57<04:19,  1.97it/s]
Batches:  19%|█▊        | 116/625 [00:58<04:18,  1.97it/s]
Batches:  19%|█▊        | 117/625 [00:58<04:18,  1.97it/s]
Batches:  19%|█▉        | 118/625 [00:59<04:18,  1.96it/s]
Batches:  19%|█▉        | 119/625 [00:59<04:17,  1.96it/s]
Batches:  19%|█▉        | 120/625 [01:00<04:16,  1.97it/s]
Batches:  19%|█▉        | 121/625 [01:00<04:16,  1.97it/s]
Batches:  20%|█▉        | 122/625 [01:01<04:15,  1.97it/s]
Batches:  20%|█▉        | 123/625 [01:01<04:15,  1.97it/s]
Batches:  20%|█▉        | 124/625 [01:02<04:14,  1.97it/s]
Batches:  20%|██        | 125/625 [01:02<04:14,  1.96it/s]
Batches:  20%|██        | 126/625 [01:03<04:13,  1.97it/s]
Batches:  20%|██        | 127/625 [01:03<04:13,  1.97it/s]
Batches:  20%|██        | 128/625 [01:04<04:12,  1.97it/s]
Batches:  21%|██        | 129/625 [01:04<04:12,  1.97it/s]
Batches:  21%|██        | 130/625 [01:05<04:11,  1.97it/s]
Batches:  21%|██        | 131/625 [01:05<04:11,  1.97it/s]
Batches:  21%|██        | 132/625 [01:06<04:10,  1.97it/s]
Batches:  21%|██▏       | 133/625 [01:06<04:10,  1.97it/s]
Batches:  21%|██▏       | 134/625 [01:07<04:10,  1.96it/s]
Batches:  22%|██▏       | 135/625 [01:08<04:09,  1.97it/s]
Batches:  22%|██▏       | 136/625 [01:08<04:08,  1.97it/s]
Batches:  22%|██▏       | 137/625 [01:09<04:08,  1.97it/s]
Batches:  22%|██▏       | 138/625 [01:09<04:07,  1.97it/s]
Batches:  22%|██▏       | 139/625 [01:10<04:07,  1.97it/s]
Batches:  22%|██▏       | 140/625 [01:10<04:06,  1.97it/s]
Batches:  23%|██▎       | 141/625 [01:11<04:05,  1.97it/s]
Batches:  23%|██▎       | 142/625 [01:11<04:05,  1.97it/s]
Batches:  23%|██▎       | 143/625 [01:12<04:04,  1.97it/s]
Batches:  23%|██▎       | 144/625 [01:12<04:04,  1.97it/s]
Batches:  23%|██▎       | 145/625 [01:13<04:03,  1.97it/s]
Batches:  23%|██▎       | 146/625 [01:13<04:03,  1.97it/s]
Batches:  24%|██▎       | 147/625 [01:14<04:02,  1.97it/s]
Batches:  24%|██▎       | 148/625 [01:14<04:02,  1.97it/s]
Batches:  24%|██▍       | 149/625 [01:15<04:01,  1.97it/s]
Batches:  24%|██▍       | 150/625 [01:15<04:01,  1.97it/s]
Batches:  24%|██▍       | 151/625 [01:16<04:00,  1.97it/s]
Batches:  24%|██▍       | 152/625 [01:16<04:00,  1.97it/s]
Batches:  24%|██▍       | 153/625 [01:17<03:59,  1.97it/s]
Batches:  25%|██▍       | 154/625 [01:17<03:59,  1.97it/s]
Batches:  25%|██▍       | 155/625 [01:18<03:58,  1.97it/s]
Batches:  25%|██▍       | 156/625 [01:18<03:58,  1.97it/s]
Batches:  25%|██▌       | 157/625 [01:19<03:57,  1.97it/s]
Batches:  25%|██▌       | 158/625 [01:19<03:57,  1.97it/s]
Batches:  25%|██▌       | 159/625 [01:20<03:56,  1.97it/s]
Batches:  26%|██▌       | 160/625 [01:20<03:56,  1.97it/s]
Batches:  26%|██▌       | 161/625 [01:21<03:55,  1.97it/s]
Batches:  26%|██▌       | 162/625 [01:21<03:54,  1.97it/s]
Batches:  26%|██▌       | 163/625 [01:22<03:54,  1.97it/s]
Batches:  26%|██▌       | 164/625 [01:22<03:53,  1.97it/s]
Batches:  26%|██▋       | 165/625 [01:23<03:53,  1.97it/s]
Batches:  27%|██▋       | 166/625 [01:23<03:52,  1.97it/s]
Batches:  27%|██▋       | 167/625 [01:24<03:52,  1.97it/s]
Batches:  27%|██▋       | 168/625 [01:24<03:51,  1.97it/s]
Batches:  27%|██▋       | 169/625 [01:25<03:50,  1.97it/s]
Batches:  27%|██▋       | 170/625 [01:25<03:50,  1.97it/s]
Batches:  27%|██▋       | 171/625 [01:26<03:49,  1.97it/s]
Batches:  28%|██▊       | 172/625 [01:26<03:49,  1.98it/s]
Batches:  28%|██▊       | 173/625 [01:27<03:48,  1.98it/s]
Batches:  28%|██▊       | 174/625 [01:27<03:48,  1.98it/s]
Batches:  28%|██▊       | 175/625 [01:28<03:47,  1.98it/s]
Batches:  28%|██▊       | 176/625 [01:28<03:47,  1.98it/s]
Batches:  28%|██▊       | 177/625 [01:29<03:46,  1.98it/s]
Batches:  28%|██▊       | 178/625 [01:29<03:45,  1.98it/s]
Batches:  29%|██▊       | 179/625 [01:30<03:45,  1.98it/s]
Batches:  29%|██▉       | 180/625 [01:30<03:44,  1.98it/s]
Batches:  29%|██▉       | 181/625 [01:31<03:44,  1.98it/s]
Batches:  29%|██▉       | 182/625 [01:31<03:44,  1.98it/s]
Batches:  29%|██▉       | 183/625 [01:32<03:43,  1.98it/s]
Batches:  29%|██▉       | 184/625 [01:32<03:43,  1.98it/s]
Batches:  30%|██▉       | 185/625 [01:33<03:42,  1.97it/s]
Batches:  30%|██▉       | 186/625 [01:33<03:42,  1.98it/s]
Batches:  30%|██▉       | 187/625 [01:34<03:41,  1.98it/s]
Batches:  30%|███       | 188/625 [01:34<03:41,  1.98it/s]
Batches:  30%|███       | 189/625 [01:35<03:40,  1.98it/s]
Batches:  30%|███       | 190/625 [01:35<03:40,  1.98it/s]
Batches:  31%|███       | 191/625 [01:36<03:39,  1.98it/s]
Batches:  31%|███       | 192/625 [01:36<03:39,  1.97it/s]
Batches:  31%|███       | 193/625 [01:37<03:38,  1.97it/s]
Batches:  31%|███       | 194/625 [01:37<03:38,  1.98it/s]
Batches:  31%|███       | 195/625 [01:38<03:37,  1.97it/s]
Batches:  31%|███▏      | 196/625 [01:38<03:37,  1.97it/s]
Batches:  32%|███▏      | 197/625 [01:39<03:36,  1.98it/s]
Batches:  32%|███▏      | 198/625 [01:39<03:36,  1.97it/s]
Batches:  32%|███▏      | 199/625 [01:40<03:35,  1.97it/s]
Batches:  32%|███▏      | 200/625 [01:40<03:35,  1.98it/s]
Batches:  32%|███▏      | 201/625 [01:41<03:34,  1.97it/s]
Batches:  32%|███▏      | 202/625 [01:41<03:34,  1.97it/s]
Batches:  32%|███▏      | 203/625 [01:42<03:34,  1.97it/s]
Batches:  33%|███▎      | 204/625 [01:42<03:33,  1.97it/s]
Batches:  33%|███▎      | 205/625 [01:43<03:32,  1.97it/s]
Batches:  33%|███▎      | 206/625 [01:44<03:32,  1.97it/s]
Batches:  33%|███▎      | 207/625 [01:44<03:32,  1.97it/s]
Batches:  33%|███▎      | 208/625 [01:45<03:31,  1.97it/s]
Batches:  33%|███▎      | 209/625 [01:45<03:31,  1.97it/s]
Batches:  34%|███▎      | 210/625 [01:46<03:30,  1.97it/s]
Batches:  34%|███▍      | 211/625 [01:46<03:29,  1.97it/s]
Batches:  34%|███▍      | 212/625 [01:47<03:29,  1.97it/s]
Batches:  34%|███▍      | 213/625 [01:47<03:29,  1.97it/s]
Batches:  34%|███▍      | 214/625 [01:48<03:28,  1.97it/s]
Batches:  34%|███▍      | 215/625 [01:48<03:28,  1.97it/s]
Batches:  35%|███▍      | 216/625 [01:49<03:27,  1.97it/s]
Batches:  35%|███▍      | 217/625 [01:49<03:27,  1.97it/s]
Batches:  35%|███▍      | 218/625 [01:50<03:26,  1.97it/s]
Batches:  35%|███▌      | 219/625 [01:50<03:25,  1.97it/s]
Batches:  35%|███▌      | 220/625 [01:51<03:25,  1.97it/s]
Batches:  35%|███▌      | 221/625 [01:51<03:25,  1.97it/s]
Batches:  36%|███▌      | 222/625 [01:52<03:24,  1.97it/s]
Batches:  36%|███▌      | 223/625 [01:52<03:24,  1.97it/s]
Batches:  36%|███▌      | 224/625 [01:53<03:23,  1.97it/s]
Batches:  36%|███▌      | 225/625 [01:53<03:23,  1.97it/s]
Batches:  36%|███▌      | 226/625 [01:54<03:22,  1.97it/s]
Batches:  36%|███▋      | 227/625 [01:54<03:22,  1.97it/s]
Batches:  36%|███▋      | 228/625 [01:55<03:22,  1.97it/s]
Batches:  37%|███▋      | 229/625 [01:55<03:21,  1.97it/s]
Batches:  37%|███▋      | 230/625 [01:56<03:21,  1.96it/s]
Batches:  37%|███▋      | 231/625 [01:56<03:20,  1.96it/s]
Batches:  37%|███▋      | 232/625 [01:57<03:20,  1.96it/s]
Batches:  37%|███▋      | 233/625 [01:57<03:19,  1.96it/s]
Batches:  37%|███▋      | 234/625 [01:58<03:19,  1.96it/s]
Batches:  38%|███▊      | 235/625 [01:58<03:18,  1.97it/s]
Batches:  38%|███▊      | 236/625 [01:59<03:17,  1.97it/s]
Batches:  38%|███▊      | 237/625 [01:59<03:16,  1.97it/s]
Batches:  38%|███▊      | 238/625 [02:00<03:16,  1.97it/s]
Batches:  38%|███▊      | 239/625 [02:00<03:16,  1.97it/s]
Batches:  38%|███▊      | 240/625 [02:01<03:15,  1.97it/s]
Batches:  39%|███▊      | 241/625 [02:01<03:15,  1.97it/s]
Batches:  39%|███▊      | 242/625 [02:02<03:14,  1.97it/s]
Batches:  39%|███▉      | 243/625 [02:02<03:14,  1.97it/s]
Batches:  39%|███▉      | 244/625 [02:03<03:13,  1.97it/s]
Batches:  39%|███▉      | 245/625 [02:03<03:13,  1.97it/s]
Batches:  39%|███▉      | 246/625 [02:04<03:12,  1.97it/s]
Batches:  40%|███▉      | 247/625 [02:04<03:12,  1.97it/s]
Batches:  40%|███▉      | 248/625 [02:05<03:11,  1.97it/s]
Batches:  40%|███▉      | 249/625 [02:05<03:10,  1.97it/s]
Batches:  40%|████      | 250/625 [02:06<03:10,  1.97it/s]
Batches:  40%|████      | 251/625 [02:06<03:10,  1.97it/s]
Batches:  40%|████      | 252/625 [02:07<03:09,  1.97it/s]
Batches:  40%|████      | 253/625 [02:07<03:09,  1.97it/s]
Batches:  41%|████      | 254/625 [02:08<03:08,  1.97it/s]
Batches:  41%|████      | 255/625 [02:08<03:07,  1.97it/s]
Batches:  41%|████      | 256/625 [02:09<03:07,  1.97it/s]
Batches:  41%|████      | 257/625 [02:09<03:06,  1.97it/s]
Batches:  41%|████▏     | 258/625 [02:10<03:06,  1.97it/s]
Batches:  41%|████▏     | 259/625 [02:10<03:05,  1.97it/s]
Batches:  42%|████▏     | 260/625 [02:11<03:05,  1.97it/s]
Batches:  42%|████▏     | 261/625 [02:11<03:04,  1.97it/s]
Batches:  42%|████▏     | 262/625 [02:12<03:04,  1.97it/s]
Batches:  42%|████▏     | 263/625 [02:12<03:03,  1.97it/s]
Batches:  42%|████▏     | 264/625 [02:13<03:03,  1.97it/s]
Batches:  42%|████▏     | 265/625 [02:13<03:02,  1.97it/s]
Batches:  43%|████▎     | 266/625 [02:14<03:01,  1.97it/s]
Batches:  43%|████▎     | 267/625 [02:14<03:01,  1.97it/s]
Batches:  43%|████▎     | 268/625 [02:15<03:00,  1.97it/s]
Batches:  43%|████▎     | 269/625 [02:16<03:00,  1.97it/s]
Batches:  43%|████▎     | 270/625 [02:16<02:59,  1.97it/s]
Batches:  43%|████▎     | 271/625 [02:17<02:59,  1.97it/s]
Batches:  44%|████▎     | 272/625 [02:17<02:58,  1.97it/s]
Batches:  44%|████▎     | 273/625 [02:18<02:58,  1.97it/s]
Batches:  44%|████▍     | 274/625 [02:18<02:57,  1.98it/s]
Batches:  44%|████▍     | 275/625 [02:19<02:57,  1.98it/s]
Batches:  44%|████▍     | 276/625 [02:19<02:56,  1.98it/s]
Batches:  44%|████▍     | 277/625 [02:20<02:56,  1.98it/s]
Batches:  44%|████▍     | 278/625 [02:20<02:55,  1.98it/s]
Batches:  45%|████▍     | 279/625 [02:21<02:55,  1.97it/s]
Batches:  45%|████▍     | 280/625 [02:21<02:54,  1.98it/s]
Batches:  45%|████▍     | 281/625 [02:22<02:54,  1.98it/s]
Batches:  45%|████▌     | 282/625 [02:22<02:53,  1.98it/s]
Batches:  45%|████▌     | 283/625 [02:23<02:53,  1.97it/s]
Batches:  45%|████▌     | 284/625 [02:23<02:52,  1.97it/s]
Batches:  46%|████▌     | 285/625 [02:24<02:52,  1.97it/s]
Batches:  46%|████▌     | 286/625 [02:24<02:51,  1.97it/s]
Batches:  46%|████▌     | 287/625 [02:25<02:51,  1.97it/s]
Batches:  46%|████▌     | 288/625 [02:25<02:50,  1.98it/s]
Batches:  46%|████▌     | 289/625 [02:26<02:49,  1.98it/s]
Batches:  46%|████▋     | 290/625 [02:26<02:49,  1.98it/s]
Batches:  47%|████▋     | 291/625 [02:27<02:48,  1.98it/s]
Batches:  47%|████▋     | 292/625 [02:27<02:48,  1.98it/s]
Batches:  47%|████▋     | 293/625 [02:28<02:47,  1.98it/s]
Batches:  47%|████▋     | 294/625 [02:28<02:47,  1.97it/s]
Batches:  47%|████▋     | 295/625 [02:29<02:47,  1.97it/s]
Batches:  47%|████▋     | 296/625 [02:29<02:46,  1.97it/s]
Batches:  48%|████▊     | 297/625 [02:30<02:46,  1.97it/s]
Batches:  48%|████▊     | 298/625 [02:30<02:45,  1.97it/s]
Batches:  48%|████▊     | 299/625 [02:31<02:45,  1.97it/s]
Batches:  48%|████▊     | 300/625 [02:31<02:44,  1.97it/s]
Batches:  48%|████▊     | 301/625 [02:32<02:44,  1.97it/s]
Batches:  48%|████▊     | 302/625 [02:32<02:43,  1.97it/s]
Batches:  48%|████▊     | 303/625 [02:33<02:43,  1.97it/s]
Batches:  49%|████▊     | 304/625 [02:33<02:42,  1.97it/s]
Batches:  49%|████▉     | 305/625 [02:34<02:42,  1.97it/s]
Batches:  49%|████▉     | 306/625 [02:34<02:41,  1.97it/s]
Batches:  49%|████▉     | 307/625 [02:35<02:41,  1.97it/s]
Batches:  49%|████▉     | 308/625 [02:35<02:41,  1.97it/s]
Batches:  49%|████▉     | 309/625 [02:36<02:40,  1.97it/s]
Batches:  50%|████▉     | 310/625 [02:36<02:40,  1.97it/s]
Batches:  50%|████▉     | 311/625 [02:37<02:39,  1.97it/s]
Batches:  50%|████▉     | 312/625 [02:37<02:39,  1.97it/s]
Batches:  50%|█████     | 313/625 [02:38<02:38,  1.97it/s]
Batches:  50%|█████     | 314/625 [02:38<02:38,  1.97it/s]
Batches:  50%|█████     | 315/625 [02:39<02:37,  1.96it/s]
Batches:  51%|█████     | 316/625 [02:39<02:37,  1.96it/s]
Batches:  51%|█████     | 317/625 [02:40<02:36,  1.96it/s]
Batches:  51%|█████     | 318/625 [02:40<02:36,  1.96it/s]
Batches:  51%|█████     | 319/625 [02:41<02:35,  1.96it/s]
Batches:  51%|█████     | 320/625 [02:41<02:35,  1.96it/s]
Batches:  51%|█████▏    | 321/625 [02:42<02:34,  1.96it/s]
Batches:  52%|█████▏    | 322/625 [02:42<02:34,  1.96it/s]
Batches:  52%|█████▏    | 323/625 [02:43<02:33,  1.96it/s]
Batches:  52%|█████▏    | 324/625 [02:43<02:33,  1.96it/s]
Batches:  52%|█████▏    | 325/625 [02:44<02:32,  1.96it/s]
Batches:  52%|█████▏    | 326/625 [02:44<02:32,  1.96it/s]
Batches:  52%|█████▏    | 327/625 [02:45<02:31,  1.96it/s]
Batches:  52%|█████▏    | 328/625 [02:45<02:31,  1.96it/s]
Batches:  53%|█████▎    | 329/625 [02:46<02:30,  1.96it/s]
Batches:  53%|█████▎    | 330/625 [02:46<02:30,  1.96it/s]
Batches:  53%|█████▎    | 331/625 [02:47<02:29,  1.96it/s]
Batches:  53%|█████▎    | 332/625 [02:47<02:29,  1.96it/s]
Batches:  53%|█████▎    | 333/625 [02:48<02:28,  1.96it/s]
Batches:  53%|█████▎    | 334/625 [02:49<02:28,  1.96it/s]
Batches:  54%|█████▎    | 335/625 [02:49<02:27,  1.96it/s]
Batches:  54%|█████▍    | 336/625 [02:50<02:27,  1.96it/s]
Batches:  54%|█████▍    | 337/625 [02:50<02:26,  1.96it/s]
Batches:  54%|█████▍    | 338/625 [02:51<02:26,  1.96it/s]
Batches:  54%|█████▍    | 339/625 [02:51<02:25,  1.96it/s]
Batches:  54%|█████▍    | 340/625 [02:52<02:25,  1.96it/s]
Batches:  55%|█████▍    | 341/625 [02:52<02:24,  1.96it/s]
Batches:  55%|█████▍    | 342/625 [02:53<02:24,  1.96it/s]
Batches:  55%|█████▍    | 343/625 [02:53<02:23,  1.96it/s]
Batches:  55%|█████▌    | 344/625 [02:54<02:23,  1.96it/s]
Batches:  55%|█████▌    | 345/625 [02:54<02:22,  1.96it/s]
Batches:  55%|█████▌    | 346/625 [02:55<02:22,  1.96it/s]
Batches:  56%|█████▌    | 347/625 [02:55<02:21,  1.96it/s]
Batches:  56%|█████▌    | 348/625 [02:56<02:21,  1.96it/s]
Batches:  56%|█████▌    | 349/625 [02:56<02:20,  1.96it/s]
Batches:  56%|█████▌    | 350/625 [02:57<02:20,  1.96it/s]
Batches:  56%|█████▌    | 351/625 [02:57<02:19,  1.96it/s]
Batches:  56%|█████▋    | 352/625 [02:58<02:19,  1.96it/s]
Batches:  56%|█████▋    | 353/625 [02:58<02:18,  1.96it/s]
Batches:  57%|█████▋    | 354/625 [02:59<02:18,  1.96it/s]
Batches:  57%|█████▋    | 355/625 [02:59<02:17,  1.96it/s]
Batches:  57%|█████▋    | 356/625 [03:00<02:17,  1.96it/s]
Batches:  57%|█████▋    | 357/625 [03:00<02:16,  1.96it/s]
Batches:  57%|█████▋    | 358/625 [03:01<02:16,  1.96it/s]
Batches:  57%|█████▋    | 359/625 [03:01<02:15,  1.96it/s]
Batches:  58%|█████▊    | 360/625 [03:02<02:14,  1.96it/s]
Batches:  58%|█████▊    | 361/625 [03:02<02:14,  1.97it/s]
Batches:  58%|█████▊    | 362/625 [03:03<02:13,  1.97it/s]
Batches:  58%|█████▊    | 363/625 [03:03<02:13,  1.97it/s]
Batches:  58%|█████▊    | 364/625 [03:04<02:12,  1.97it/s]
Batches:  58%|█████▊    | 365/625 [03:04<02:12,  1.97it/s]
Batches:  59%|█████▊    | 366/625 [03:05<02:11,  1.97it/s]
Batches:  59%|█████▊    | 367/625 [03:05<02:11,  1.97it/s]
Batches:  59%|█████▉    | 368/625 [03:06<02:10,  1.97it/s]
Batches:  59%|█████▉    | 369/625 [03:06<02:09,  1.97it/s]
Batches:  59%|█████▉    | 370/625 [03:07<02:09,  1.97it/s]
Batches:  59%|█████▉    | 371/625 [03:07<02:08,  1.97it/s]
Batches:  60%|█████▉    | 372/625 [03:08<02:08,  1.97it/s]
Batches:  60%|█████▉    | 373/625 [03:08<02:07,  1.97it/s]
Batches:  60%|█████▉    | 374/625 [03:09<02:07,  1.97it/s]
Batches:  60%|██████    | 375/625 [03:09<02:06,  1.97it/s]
Batches:  60%|██████    | 376/625 [03:10<02:06,  1.97it/s]
Batches:  60%|██████    | 377/625 [03:10<02:05,  1.97it/s]
Batches:  60%|██████    | 378/625 [03:11<02:05,  1.97it/s]
Batches:  61%|██████    | 379/625 [03:11<02:04,  1.97it/s]
Batches:  61%|██████    | 380/625 [03:12<02:04,  1.97it/s]
Batches:  61%|██████    | 381/625 [03:12<02:03,  1.97it/s]
Batches:  61%|██████    | 382/625 [03:13<02:03,  1.97it/s]
Batches:  61%|██████▏   | 383/625 [03:13<02:02,  1.98it/s]
Batches:  61%|██████▏   | 384/625 [03:14<02:01,  1.98it/s]
Batches:  62%|██████▏   | 385/625 [03:14<02:01,  1.98it/s]
Batches:  62%|██████▏   | 386/625 [03:15<02:00,  1.98it/s]
Batches:  62%|██████▏   | 387/625 [03:15<02:00,  1.98it/s]
Batches:  62%|██████▏   | 388/625 [03:16<01:59,  1.98it/s]
Batches:  62%|██████▏   | 389/625 [03:16<01:59,  1.98it/s]
Batches:  62%|██████▏   | 390/625 [03:17<01:58,  1.98it/s]
Batches:  63%|██████▎   | 391/625 [03:17<01:58,  1.98it/s]
Batches:  63%|██████▎   | 392/625 [03:18<01:57,  1.97it/s]
Batches:  63%|██████▎   | 393/625 [03:18<01:57,  1.98it/s]
Batches:  63%|██████▎   | 394/625 [03:19<01:56,  1.98it/s]
Batches:  63%|██████▎   | 395/625 [03:20<01:56,  1.97it/s]
Batches:  63%|██████▎   | 396/625 [03:20<01:55,  1.97it/s]
Batches:  64%|██████▎   | 397/625 [03:21<01:55,  1.98it/s]
Batches:  64%|██████▎   | 398/625 [03:21<01:54,  1.97it/s]
Batches:  64%|██████▍   | 399/625 [03:22<01:54,  1.98it/s]
Batches:  64%|██████▍   | 400/625 [03:22<01:53,  1.97it/s]
Batches:  64%|██████▍   | 401/625 [03:23<01:53,  1.97it/s]
Batches:  64%|██████▍   | 402/625 [03:23<01:52,  1.97it/s]
Batches:  64%|██████▍   | 403/625 [03:24<01:52,  1.97it/s]
Batches:  65%|██████▍   | 404/625 [03:24<01:52,  1.97it/s]
Batches:  65%|██████▍   | 405/625 [03:25<01:51,  1.97it/s]
Batches:  65%|██████▍   | 406/625 [03:25<01:51,  1.97it/s]
Batches:  65%|██████▌   | 407/625 [03:26<01:50,  1.97it/s]
Batches:  65%|██████▌   | 408/625 [03:26<01:50,  1.97it/s]
Batches:  65%|██████▌   | 409/625 [03:27<01:49,  1.97it/s]
Batches:  66%|██████▌   | 410/625 [03:27<01:49,  1.97it/s]
Batches:  66%|██████▌   | 411/625 [03:28<01:48,  1.97it/s]
Batches:  66%|██████▌   | 412/625 [03:28<01:48,  1.97it/s]
Batches:  66%|██████▌   | 413/625 [03:29<01:47,  1.97it/s]
Batches:  66%|██████▌   | 414/625 [03:29<01:47,  1.97it/s]
Batches:  66%|██████▋   | 415/625 [03:30<01:46,  1.97it/s]
Batches:  67%|██████▋   | 416/625 [03:30<01:46,  1.97it/s]
Batches:  67%|██████▋   | 417/625 [03:31<01:45,  1.97it/s]
Batches:  67%|██████▋   | 418/625 [03:31<01:45,  1.97it/s]
Batches:  67%|██████▋   | 419/625 [03:32<01:44,  1.97it/s]
Batches:  67%|██████▋   | 420/625 [03:32<01:44,  1.97it/s]
Batches:  67%|██████▋   | 421/625 [03:33<01:43,  1.97it/s]
Batches:  68%|██████▊   | 422/625 [03:33<01:43,  1.97it/s]
Batches:  68%|██████▊   | 423/625 [03:34<01:42,  1.97it/s]
Batches:  68%|██████▊   | 424/625 [03:34<01:42,  1.97it/s]
Batches:  68%|██████▊   | 425/625 [03:35<01:41,  1.97it/s]
Batches:  68%|██████▊   | 426/625 [03:35<01:41,  1.97it/s]
Batches:  68%|██████▊   | 427/625 [03:36<01:40,  1.96it/s]
Batches:  68%|██████▊   | 428/625 [03:36<01:40,  1.97it/s]
Batches:  69%|██████▊   | 429/625 [03:37<01:39,  1.96it/s]
Batches:  69%|██████▉   | 430/625 [03:37<01:39,  1.96it/s]
Batches:  69%|██████▉   | 431/625 [03:38<01:38,  1.97it/s]
Batches:  69%|██████▉   | 432/625 [03:38<01:38,  1.96it/s]
Batches:  69%|██████▉   | 433/625 [03:39<01:37,  1.96it/s]
Batches:  69%|██████▉   | 434/625 [03:39<01:37,  1.96it/s]
Batches:  70%|██████▉   | 435/625 [03:40<01:36,  1.96it/s]
Batches:  70%|██████▉   | 436/625 [03:40<01:36,  1.96it/s]
Batches:  70%|██████▉   | 437/625 [03:41<01:35,  1.96it/s]
Batches:  70%|███████   | 438/625 [03:41<01:35,  1.96it/s]
Batches:  70%|███████   | 439/625 [03:42<01:34,  1.96it/s]
Batches:  70%|███████   | 440/625 [03:42<01:34,  1.96it/s]
Batches:  71%|███████   | 441/625 [03:43<01:33,  1.96it/s]
Batches:  71%|███████   | 442/625 [03:43<01:33,  1.96it/s]
Batches:  71%|███████   | 443/625 [03:44<01:32,  1.96it/s]
Batches:  71%|███████   | 444/625 [03:44<01:32,  1.96it/s]
Batches:  71%|███████   | 445/625 [03:45<01:31,  1.96it/s]
Batches:  71%|███████▏  | 446/625 [03:45<01:31,  1.96it/s]
Batches:  72%|███████▏  | 447/625 [03:46<01:30,  1.96it/s]
Batches:  72%|███████▏  | 448/625 [03:46<01:30,  1.96it/s]
Batches:  72%|███████▏  | 449/625 [03:47<01:29,  1.96it/s]
Batches:  72%|███████▏  | 450/625 [03:47<01:29,  1.96it/s]
Batches:  72%|███████▏  | 451/625 [03:48<01:28,  1.96it/s]
Batches:  72%|███████▏  | 452/625 [03:48<01:28,  1.96it/s]
Batches:  72%|███████▏  | 453/625 [03:49<01:27,  1.96it/s]
Batches:  73%|███████▎  | 454/625 [03:50<01:27,  1.96it/s]
Batches:  73%|███████▎  | 455/625 [03:50<01:26,  1.96it/s]
Batches:  73%|███████▎  | 456/625 [03:51<01:26,  1.96it/s]
Batches:  73%|███████▎  | 457/625 [03:51<01:25,  1.96it/s]
Batches:  73%|███████▎  | 458/625 [03:52<01:25,  1.96it/s]
Batches:  73%|███████▎  | 459/625 [03:52<01:24,  1.96it/s]
Batches:  74%|███████▎  | 460/625 [03:53<01:24,  1.96it/s]
Batches:  74%|███████▍  | 461/625 [03:53<01:23,  1.96it/s]
Batches:  74%|███████▍  | 462/625 [03:54<01:23,  1.96it/s]
Batches:  74%|███████▍  | 463/625 [03:54<01:22,  1.96it/s]
Batches:  74%|███████▍  | 464/625 [03:55<01:22,  1.96it/s]
Batches:  74%|███████▍  | 465/625 [03:55<01:21,  1.96it/s]
Batches:  75%|███████▍  | 466/625 [03:56<01:20,  1.96it/s]
Batches:  75%|███████▍  | 467/625 [03:56<01:20,  1.96it/s]
Batches:  75%|███████▍  | 468/625 [03:57<01:19,  1.97it/s]
Batches:  75%|███████▌  | 469/625 [03:57<01:19,  1.97it/s]
Batches:  75%|███████▌  | 470/625 [03:58<01:18,  1.97it/s]
Batches:  75%|███████▌  | 471/625 [03:58<01:18,  1.97it/s]
Batches:  76%|███████▌  | 472/625 [03:59<01:17,  1.97it/s]
Batches:  76%|███████▌  | 473/625 [03:59<01:17,  1.97it/s]
Batches:  76%|███████▌  | 474/625 [04:00<01:16,  1.97it/s]
Batches:  76%|███████▌  | 475/625 [04:00<01:16,  1.97it/s]
Batches:  76%|███████▌  | 476/625 [04:01<01:15,  1.97it/s]
Batches:  76%|███████▋  | 477/625 [04:01<01:15,  1.97it/s]
Batches:  76%|███████▋  | 478/625 [04:02<01:14,  1.97it/s]
Batches:  77%|███████▋  | 479/625 [04:02<01:14,  1.97it/s]
Batches:  77%|███████▋  | 480/625 [04:03<01:13,  1.97it/s]
Batches:  77%|███████▋  | 481/625 [04:03<01:13,  1.97it/s]
Batches:  77%|███████▋  | 482/625 [04:04<01:12,  1.97it/s]
Batches:  77%|███████▋  | 483/625 [04:04<01:12,  1.97it/s]
Batches:  77%|███████▋  | 484/625 [04:05<01:11,  1.97it/s]
Batches:  78%|███████▊  | 485/625 [04:05<01:10,  1.97it/s]
Batches:  78%|███████▊  | 486/625 [04:06<01:10,  1.97it/s]
Batches:  78%|███████▊  | 487/625 [04:06<01:10,  1.97it/s]
Batches:  78%|███████▊  | 488/625 [04:07<01:09,  1.97it/s]
Batches:  78%|███████▊  | 489/625 [04:07<01:08,  1.97it/s]
Batches:  78%|███████▊  | 490/625 [04:08<01:08,  1.97it/s]
Batches:  79%|███████▊  | 491/625 [04:08<01:07,  1.97it/s]
Batches:  79%|███████▊  | 492/625 [04:09<01:07,  1.97it/s]
Batches:  79%|███████▉  | 493/625 [04:09<01:06,  1.97it/s]
Batches:  79%|███████▉  | 494/625 [04:10<01:06,  1.97it/s]
Batches:  79%|███████▉  | 495/625 [04:10<01:05,  1.97it/s]
Batches:  79%|███████▉  | 496/625 [04:11<01:05,  1.97it/s]
Batches:  80%|███████▉  | 497/625 [04:11<01:04,  1.98it/s]
Batches:  80%|███████▉  | 498/625 [04:12<01:04,  1.98it/s]
Batches:  80%|███████▉  | 499/625 [04:12<01:03,  1.98it/s]
Batches:  80%|████████  | 500/625 [04:13<01:03,  1.97it/s]
Batches:  80%|████████  | 501/625 [04:13<01:02,  1.98it/s]
Batches:  80%|████████  | 502/625 [04:14<01:02,  1.97it/s]
Batches:  80%|████████  | 503/625 [04:14<01:01,  1.97it/s]
Batches:  81%|████████  | 504/625 [04:15<01:01,  1.97it/s]
Batches:  81%|████████  | 505/625 [04:15<01:00,  1.97it/s]
Batches:  81%|████████  | 506/625 [04:16<01:00,  1.97it/s]
Batches:  81%|████████  | 507/625 [04:16<00:59,  1.98it/s]
Batches:  81%|████████▏ | 508/625 [04:17<00:59,  1.97it/s]
Batches:  81%|████████▏ | 509/625 [04:17<00:58,  1.97it/s]
Batches:  82%|████████▏ | 510/625 [04:18<00:58,  1.97it/s]
Batches:  82%|████████▏ | 511/625 [04:18<00:57,  1.97it/s]
Batches:  82%|████████▏ | 512/625 [04:19<00:57,  1.97it/s]
Batches:  82%|████████▏ | 513/625 [04:19<00:56,  1.97it/s]
Batches:  82%|████████▏ | 514/625 [04:20<00:56,  1.97it/s]
Batches:  82%|████████▏ | 515/625 [04:20<00:55,  1.97it/s]
Batches:  83%|████████▎ | 516/625 [04:21<00:55,  1.97it/s]
Batches:  83%|████████▎ | 517/625 [04:21<00:54,  1.97it/s]
Batches:  83%|████████▎ | 518/625 [04:22<00:54,  1.97it/s]
Batches:  83%|████████▎ | 519/625 [04:23<00:53,  1.97it/s]
Batches:  83%|████████▎ | 520/625 [04:23<00:53,  1.97it/s]
Batches:  83%|████████▎ | 521/625 [04:24<00:52,  1.97it/s]
Batches:  84%|████████▎ | 522/625 [04:24<00:52,  1.97it/s]
Batches:  84%|████████▎ | 523/625 [04:25<00:51,  1.97it/s]
Batches:  84%|████████▍ | 524/625 [04:25<00:51,  1.97it/s]
Batches:  84%|████████▍ | 525/625 [04:26<00:50,  1.97it/s]
Batches:  84%|████████▍ | 526/625 [04:26<00:50,  1.97it/s]
Batches:  84%|████████▍ | 527/625 [04:27<00:49,  1.97it/s]
Batches:  84%|████████▍ | 528/625 [04:27<00:49,  1.97it/s]
Batches:  85%|████████▍ | 529/625 [04:28<00:48,  1.97it/s]
Batches:  85%|████████▍ | 530/625 [04:28<00:48,  1.96it/s]
Batches:  85%|████████▍ | 531/625 [04:29<00:47,  1.96it/s]
Batches:  85%|████████▌ | 532/625 [04:29<00:47,  1.96it/s]
Batches:  85%|████████▌ | 533/625 [04:30<00:46,  1.96it/s]
Batches:  85%|████████▌ | 534/625 [04:30<00:46,  1.96it/s]
Batches:  86%|████████▌ | 535/625 [04:31<00:45,  1.96it/s]
Batches:  86%|████████▌ | 536/625 [04:31<00:45,  1.96it/s]
Batches:  86%|████████▌ | 537/625 [04:32<00:44,  1.96it/s]
Batches:  86%|████████▌ | 538/625 [04:32<00:44,  1.96it/s]
Batches:  86%|████████▌ | 539/625 [04:33<00:43,  1.96it/s]
Batches:  86%|████████▋ | 540/625 [04:33<00:43,  1.96it/s]
Batches:  87%|████████▋ | 541/625 [04:34<00:42,  1.96it/s]
Batches:  87%|████████▋ | 542/625 [04:34<00:42,  1.96it/s]
Batches:  87%|████████▋ | 543/625 [04:35<00:41,  1.96it/s]
Batches:  87%|████████▋ | 544/625 [04:35<00:41,  1.96it/s]
Batches:  87%|████████▋ | 545/625 [04:36<00:40,  1.96it/s]
Batches:  87%|████████▋ | 546/625 [04:36<00:40,  1.96it/s]
Batches:  88%|████████▊ | 547/625 [04:37<00:39,  1.96it/s]
Batches:  88%|████████▊ | 548/625 [04:37<00:39,  1.96it/s]
Batches:  88%|████████▊ | 549/625 [04:38<00:38,  1.96it/s]
Batches:  88%|████████▊ | 550/625 [04:38<00:38,  1.96it/s]
Batches:  88%|████████▊ | 551/625 [04:39<00:37,  1.96it/s]
Batches:  88%|████████▊ | 552/625 [04:39<00:37,  1.96it/s]
Batches:  88%|████████▊ | 553/625 [04:40<00:36,  1.96it/s]
Batches:  89%|████████▊ | 554/625 [04:40<00:36,  1.96it/s]
Batches:  89%|████████▉ | 555/625 [04:41<00:35,  1.96it/s]
Batches:  89%|████████▉ | 556/625 [04:41<00:35,  1.96it/s]
Batches:  89%|████████▉ | 557/625 [04:42<00:34,  1.96it/s]
Batches:  89%|████████▉ | 558/625 [04:42<00:34,  1.96it/s]
Batches:  89%|████████▉ | 559/625 [04:43<00:33,  1.96it/s]
Batches:  90%|████████▉ | 560/625 [04:43<00:33,  1.96it/s]
Batches:  90%|████████▉ | 561/625 [04:44<00:32,  1.96it/s]
Batches:  90%|████████▉ | 562/625 [04:44<00:32,  1.96it/s]
Batches:  90%|█████████ | 563/625 [04:45<00:31,  1.96it/s]
Batches:  90%|█████████ | 564/625 [04:45<00:31,  1.96it/s]
Batches:  90%|█████████ | 565/625 [04:46<00:30,  1.96it/s]
Batches:  91%|█████████ | 566/625 [04:46<00:30,  1.96it/s]
Batches:  91%|█████████ | 567/625 [04:47<00:29,  1.96it/s]
Batches:  91%|█████████ | 568/625 [04:47<00:29,  1.96it/s]
Batches:  91%|█████████ | 569/625 [04:48<00:28,  1.96it/s]
Batches:  91%|█████████ | 570/625 [04:48<00:28,  1.96it/s]
Batches:  91%|█████████▏| 571/625 [04:49<00:27,  1.96it/s]
Batches:  92%|█████████▏| 572/625 [04:50<00:27,  1.96it/s]
Batches:  92%|█████████▏| 573/625 [04:50<00:26,  1.96it/s]
Batches:  92%|█████████▏| 574/625 [04:51<00:25,  1.96it/s]
Batches:  92%|█████████▏| 575/625 [04:51<00:25,  1.96it/s]
Batches:  92%|█████████▏| 576/625 [04:52<00:24,  1.96it/s]
Batches:  92%|█████████▏| 577/625 [04:52<00:24,  1.96it/s]
Batches:  92%|█████████▏| 578/625 [04:53<00:23,  1.96it/s]
Batches:  93%|█████████▎| 579/625 [04:53<00:23,  1.96it/s]
Batches:  93%|█████████▎| 580/625 [04:54<00:22,  1.96it/s]
Batches:  93%|█████████▎| 581/625 [04:54<00:22,  1.96it/s]
Batches:  93%|█████████▎| 582/625 [04:55<00:21,  1.96it/s]
Batches:  93%|█████████▎| 583/625 [04:55<00:21,  1.96it/s]
Batches:  93%|█████████▎| 584/625 [04:56<00:20,  1.96it/s]
Batches:  94%|█████████▎| 585/625 [04:56<00:20,  1.96it/s]
Batches:  94%|█████████▍| 586/625 [04:57<00:19,  1.96it/s]
Batches:  94%|█████████▍| 587/625 [04:57<00:19,  1.96it/s]
Batches:  94%|█████████▍| 588/625 [04:58<00:18,  1.96it/s]
Batches:  94%|█████████▍| 589/625 [04:58<00:18,  1.96it/s]
Batches:  94%|█████████▍| 590/625 [04:59<00:17,  1.96it/s]
Batches:  95%|█████████▍| 591/625 [04:59<00:17,  1.97it/s]
Batches:  95%|█████████▍| 592/625 [05:00<00:16,  1.97it/s]
Batches:  95%|█████████▍| 593/625 [05:00<00:16,  1.97it/s]
Batches:  95%|█████████▌| 594/625 [05:01<00:15,  1.97it/s]
Batches:  95%|█████████▌| 595/625 [05:01<00:15,  1.97it/s]
Batches:  95%|█████████▌| 596/625 [05:02<00:14,  1.97it/s]
Batches:  96%|█████████▌| 597/625 [05:02<00:14,  1.97it/s]
Batches:  96%|█████████▌| 598/625 [05:03<00:13,  1.97it/s]
Batches:  96%|█████████▌| 599/625 [05:03<00:13,  1.97it/s]
Batches:  96%|█████████▌| 600/625 [05:04<00:12,  1.97it/s]
Batches:  96%|█████████▌| 601/625 [05:04<00:12,  1.97it/s]
Batches:  96%|█████████▋| 602/625 [05:05<00:11,  1.97it/s]
Batches:  96%|█████████▋| 603/625 [05:05<00:11,  1.97it/s]
Batches:  97%|█████████▋| 604/625 [05:06<00:10,  1.97it/s]
Batches:  97%|█████████▋| 605/625 [05:06<00:10,  1.97it/s]
Batches:  97%|█████████▋| 606/625 [05:07<00:09,  1.97it/s]
Batches:  97%|█████████▋| 607/625 [05:07<00:09,  1.97it/s]
Batches:  97%|█████████▋| 608/625 [05:08<00:08,  1.97it/s]
Batches:  97%|█████████▋| 609/625 [05:08<00:08,  1.97it/s]
Batches:  98%|█████████▊| 610/625 [05:09<00:07,  1.97it/s]
Batches:  98%|█████████▊| 611/625 [05:09<00:07,  1.98it/s]
Batches:  98%|█████████▊| 612/625 [05:10<00:06,  1.98it/s]
Batches:  98%|█████████▊| 613/625 [05:10<00:06,  1.98it/s]
Batches:  98%|█████████▊| 614/625 [05:11<00:05,  1.98it/s]
Batches:  98%|█████████▊| 615/625 [05:11<00:05,  1.98it/s]
Batches:  99%|█████████▊| 616/625 [05:12<00:04,  1.98it/s]
Batches:  99%|█████████▊| 617/625 [05:12<00:04,  1.98it/s]
Batches:  99%|█████████▉| 618/625 [05:13<00:03,  1.98it/s]
Batches:  99%|█████████▉| 619/625 [05:13<00:03,  1.98it/s]
Batches:  99%|█████████▉| 620/625 [05:14<00:02,  1.98it/s]
Batches:  99%|█████████▉| 621/625 [05:14<00:02,  1.98it/s]
Batches: 100%|█████████▉| 622/625 [05:15<00:01,  1.98it/s]
Batches: 100%|█████████▉| 623/625 [05:15<00:01,  1.98it/s]
Batches: 100%|█████████▉| 624/625 [05:16<00:00,  1.97it/s]
Batches: 100%|██████████| 625/625 [05:16<00:00,  1.98it/s]
Batches: 100%|██████████| 625/625 [05:16<00:00,  1.97it/s]

======================================================================
H-E1 EXISTENCE PoC: NLI-based Hallucination Detection
Model: cross-encoder/nli-deberta-v3-large
Dataset: pminervini/HaluEval (dialogue + qa + summarization)
======================================================================
2026-03-16 15:21:04,302 [INFO] run_experiment: [GPU] Selected GPU 1 (lowest memory used)
2026-03-16 15:21:04,302 [INFO] run_experiment: Config: batch_size=32, tasks=('dialogue', 'qa', 'summarization')
2026-03-16 15:21:04,302 [INFO] run_experiment: Loading HaluEval datasets...
2026-03-16 15:21:04,303 [INFO] data: Loading HaluEval task='dialogue' config='dialogue'...
2026-03-16 15:21:07,057 [INFO] data:   Loaded 10000 raw examples. Columns: ['knowledge', 'dialogue_history', 'right_response', 'hallucinated_response']
2026-03-16 15:21:07,077 [INFO] data:   Task 'dialogue': 20000 pairs (hallucinated=10000, non-hallucinated=10000)
2026-03-16 15:21:07,077 [INFO] data: Loading HaluEval task='qa' config='qa'...
2026-03-16 15:21:08,802 [INFO] data:   Loaded 10000 raw examples. Columns: ['knowledge', 'question', 'right_answer', 'hallucinated_answer']
2026-03-16 15:21:08,825 [INFO] data:   Task 'qa': 20000 pairs (hallucinated=10000, non-hallucinated=10000)
2026-03-16 15:21:08,825 [INFO] data: Loading HaluEval task='summarization' config='summarization'...
2026-03-16 15:21:10,740 [INFO] data:   Loaded 10000 raw examples. Columns: ['document', 'right_summary', 'hallucinated_summary']
2026-03-16 15:21:10,814 [INFO] data:   Task 'summarization': 20000 pairs (hallucinated=10000, non-hallucinated=10000)
2026-03-16 15:21:10,818 [INFO] data: Loaded 3 tasks: dialogue(20000), qa(20000), summarization(20000)
2026-03-16 15:21:10,818 [INFO] model: Loading model: cross-encoder/nli-deberta-v3-large
2026-03-16 15:21:12,702 [INFO] sentence_transformers.cross_encoder.CrossEncoder: Use pytorch device: cuda:0
2026-03-16 15:21:13,583 [INFO] model: Model loaded successfully.
2026-03-16 15:21:13,583 [INFO] model: Label map: {0: 'contradiction', 1: 'entailment', 2: 'neutral'}, contradiction_idx=0
2026-03-16 15:21:13,583 [INFO] run_experiment: Contradiction class index: 0
2026-03-16 15:21:13,583 [INFO] run_experiment: Running inference on dialogue (20000 pairs)...
2026-03-16 15:21:13,583 [INFO] model: Running NLI inference: 20000 examples, batch_size=32
2026-03-16 15:22:04,007 [INFO] model: Inference complete. scores.shape=(20000, 3)
2026-03-16 15:22:04,010 [INFO] run_experiment:   dialogue: scores shape=(20000, 3)
2026-03-16 15:22:04,010 [INFO] run_experiment: Running inference on qa (20000 pairs)...
2026-03-16 15:22:04,010 [INFO] model: Running NLI inference: 20000 examples, batch_size=32
2026-03-16 15:23:35,106 [INFO] model: Inference complete. scores.shape=(20000, 3)
2026-03-16 15:23:35,109 [INFO] run_experiment:   qa: scores shape=(20000, 3)
2026-03-16 15:23:35,110 [INFO] run_experiment: Running inference on summarization (20000 pairs)...
2026-03-16 15:23:35,110 [INFO] model: Running NLI inference: 20000 examples, batch_size=32
2026-03-16 15:28:52,781 [INFO] model: Inference complete. scores.shape=(20000, 3)
2026-03-16 15:28:52,792 [INFO] run_experiment:   summarization: scores shape=(20000, 3)
2026-03-16 15:28:52,792 [INFO] evaluate: [dialogue] Evaluating 20000 examples...
2026-03-16 15:28:52,800 [INFO] evaluate: [dialogue] All mechanism checks passed.
2026-03-16 15:28:53,879 [INFO] evaluate: Label audit: n_sampled=200, cat_A=108, cat_B=89, cat_C=3, p_contradictory=0.540, auroc_max=0.770
2026-03-16 15:28:53,880 [INFO] evaluate: [dialogue] AUROC=0.7094, DeLong_p=0.0000e+00, Cohen_d=0.714, inverted=False, auroc_max=0.770
2026-03-16 15:28:53,880 [INFO] evaluate: [qa] Evaluating 20000 examples...
2026-03-16 15:28:53,884 [INFO] evaluate: [qa] All mechanism checks passed.
2026-03-16 15:28:54,966 [INFO] evaluate: Label audit: n_sampled=200, cat_A=108, cat_B=89, cat_C=3, p_contradictory=0.540, auroc_max=0.770
2026-03-16 15:28:54,966 [INFO] evaluate: [qa] AUROC=0.6437, DeLong_p=1.2910e-282, Cohen_d=0.779, inverted=False, auroc_max=0.770
2026-03-16 15:28:54,966 [INFO] evaluate: [summarization] Evaluating 20000 examples...
2026-03-16 15:28:54,971 [INFO] evaluate: [summarization] All mechanism checks passed.
2026-03-16 15:28:56,049 [INFO] evaluate: Label audit: n_sampled=200, cat_A=8, cat_B=191, cat_C=1, p_contradictory=0.040, auroc_max=0.520
2026-03-16 15:28:56,049 [INFO] evaluate: [summarization] AUROC=0.5300, DeLong_p=2.0218e-13, Cohen_d=0.220, inverted=False, auroc_max=0.520
2026-03-16 15:28:56,049 [INFO] evaluate: Gate PASS: 2/3 tasks pass (required: 2)
  dialogue: AUROC=0.7094 (thr=0.55), p=0.0000e+00 (alpha=0.05) [✓ PASS]
  qa: AUROC=0.6437 (thr=0.55), p=1.2910e-282 (alpha=0.05) [✓ PASS]
  summarization: AUROC=0.5300 (thr=0.55), p=2.0218e-13 (alpha=0.05) [✗ FAIL]
2026-03-16 15:28:56,158 [INFO] evaluate: Saved gate_metrics figure: /home/anonymous/YouRA_results_new_4/TEST_question/docs/youra_research/20260315_question/h-e1/figures/gate_metrics_comparison.png
2026-03-16 15:28:56,434 [INFO] evaluate: Saved roc_curves figure: /home/anonymous/YouRA_results_new_4/TEST_question/docs/youra_research/20260315_question/h-e1/figures/roc_curves.png
2026-03-16 15:28:56,852 [INFO] evaluate: Saved score_distributions figure: /home/anonymous/YouRA_results_new_4/TEST_question/docs/youra_research/20260315_question/h-e1/figures/score_distributions.png
2026-03-16 15:28:56,946 [INFO] evaluate: Saved structural_ceiling figure: /home/anonymous/YouRA_results_new_4/TEST_question/docs/youra_research/20260315_question/h-e1/figures/structural_ceiling.png
2026-03-16 15:28:57,138 [INFO] run_experiment: Saved full scores: /home/anonymous/YouRA_results_new_4/TEST_question/docs/youra_research/20260315_question/h-e1/results/h-e1_results.json
2026-03-16 15:28:57,138 [INFO] run_experiment: Saved summary: /home/anonymous/YouRA_results_new_4/TEST_question/docs/youra_research/20260315_question/h-e1/results/h-e1_summary.json

======================================================================
[H-E1] Gate Result: PASS ✓
Gate PASS: 2/3 tasks pass (required: 2)
  dialogue: AUROC=0.7094 (thr=0.55), p=0.0000e+00 (alpha=0.05) [✓ PASS]
  qa: AUROC=0.6437 (thr=0.55), p=1.2910e-282 (alpha=0.05) [✓ PASS]
  summarization: AUROC=0.5300 (thr=0.55), p=2.0218e-13 (alpha=0.05) [✗ FAIL]
======================================================================

Per-task summary:
  dialogue         AUROC=0.7094  p=0.0000e+00  Cohen_d=0.714  [✓ PASS]
  qa               AUROC=0.6437  p=1.2910e-282  Cohen_d=0.779  [✓ PASS]
  summarization    AUROC=0.5300  p=2.0218e-13  Cohen_d=0.220  [✗ FAIL]

