/home/anonymous/miniforge3/envs/youra-h-m1/lib/python3.10/site-packages/requests/__init__.py:113: RequestsDependencyWarning: urllib3 (1.26.20) or chardet (7.0.1)/charset_normalizer (3.4.5) doesn't match a supported version!
  warnings.warn(
/home/anonymous/YouRA_results_new_4/TEST_question/docs/youra_research/20260315_question/h-m1/code/visualize.py:182: UserWarning: set_ticklabels() should only be used with a fixed number of ticks, i.e. after set_ticks() or using a FixedLocator.
  ax.set_xticklabels(nli_labels, fontsize=9)
/home/anonymous/YouRA_results_new_4/TEST_question/docs/youra_research/20260315_question/h-m1/code/visualize.py:182: UserWarning: set_ticklabels() should only be used with a fixed number of ticks, i.e. after set_ticks() or using a FixedLocator.
  ax.set_xticklabels(nli_labels, fontsize=9)
/home/anonymous/YouRA_results_new_4/TEST_question/docs/youra_research/20260315_question/h-m1/code/visualize.py:182: UserWarning: set_ticklabels() should only be used with a fixed number of ticks, i.e. after set_ticks() or using a FixedLocator.
  ax.set_xticklabels(nli_labels, fontsize=9)

2026-03-16 16:04:06,545 INFO Config loaded: h_e1_results_path=../../h-e1/results/h-e1_results.json
2026-03-16 16:04:06,545 INFO Loading task data...
2026-03-16 16:04:06,612 INFO Loaded scores for 'dialogue': shape=(20000, 3)
2026-03-16 16:04:06,615 INFO Loaded scores for 'qa': shape=(20000, 3)
2026-03-16 16:04:06,619 INFO Loaded scores for 'summarization': shape=(20000, 3)
2026-03-16 16:04:06,897 INFO PyTorch version 2.10.0 available.
2026-03-16 16:04:07,051 INFO Loading HaluEval labels for 'dialogue' (config=dialogue)...
2026-03-16 16:04:10,375 INFO Loaded 20000 labels for 'dialogue' (balanced 50/50)
2026-03-16 16:04:10,376 INFO Task 'dialogue': 20000 examples, scores shape=(20000, 3)
2026-03-16 16:04:10,376 INFO Loading HaluEval labels for 'qa' (config=qa)...
2026-03-16 16:04:11,968 INFO Loaded 20000 labels for 'qa' (balanced 50/50)
2026-03-16 16:04:11,968 INFO Task 'qa': 20000 examples, scores shape=(20000, 3)
2026-03-16 16:04:11,968 INFO Loading HaluEval labels for 'summarization' (config=summarization)...
2026-03-16 16:04:13,664 INFO Loaded 20000 labels for 'summarization' (balanced 50/50)
2026-03-16 16:04:13,666 INFO Task 'summarization': 20000 examples, scores shape=(20000, 3)
2026-03-16 16:04:13,666 INFO Loaded 3 tasks
2026-03-16 16:04:13,666 INFO Analyzing NLI distributions...
2026-03-16 16:04:13,670 INFO Task 'dialogue': KL=0.2794 (pass=True), Wilcoxon p=0.0000e+00 (pass=True), near_uniform=0.000, Cohen's d=0.7141
2026-03-16 16:04:13,672 INFO Task 'qa': KL=0.0353 (pass=False), Wilcoxon p=1.5157e-271 (pass=True), near_uniform=0.000, Cohen's d=0.7793
2026-03-16 16:04:13,675 INFO Task 'summarization': KL=0.3104 (pass=True), Wilcoxon p=2.0663e-13 (pass=True), near_uniform=0.000, Cohen's d=0.2196
2026-03-16 16:04:13,675 INFO Evaluating MUST_WORK gate...
2026-03-16 16:04:13,675 INFO   [dialogue] KL=0.2794 (pass=True), Wilcoxon p=0.0000e+00 (pass=True), near_uniform=0.000
2026-03-16 16:04:13,675 INFO   [qa] KL=0.0353 (pass=False), Wilcoxon p=1.5157e-271 (pass=True), near_uniform=0.000
2026-03-16 16:04:13,675 INFO   [summarization] KL=0.3104 (pass=True), Wilcoxon p=2.0663e-13 (pass=True), near_uniform=0.000
2026-03-16 16:04:13,675 INFO GATE: FAIL (KL_all=False, Wilcoxon_count=3/3)
2026-03-16 16:04:13,675 INFO Mechanism activated: False
2026-03-16 16:04:13,675 INFO   [dialogue] {'kl_passes': True, 'wilcoxon_passes': True, 'not_near_uniform': True}
2026-03-16 16:04:13,675 INFO   [qa] {'kl_passes': False, 'wilcoxon_passes': True, 'not_near_uniform': True}
2026-03-16 16:04:13,675 INFO   [summarization] {'kl_passes': True, 'wilcoxon_passes': True, 'not_near_uniform': True}
2026-03-16 16:04:13,675 INFO Saving results...
2026-03-16 16:04:13,676 INFO Saved full results to: ../results/h_m1_results.json
2026-03-16 16:04:13,676 INFO Saved summary to: ../results/h_m1_summary.json
2026-03-16 16:04:13,676 INFO Generating figures...
2026-03-16 16:04:14,015 INFO Saved gate_metrics_comparison to: ../figures/gate_metrics_comparison.png
2026-03-16 16:04:14,423 INFO Saved score_distributions_violin to: ../figures/score_distributions_violin.png
2026-03-16 16:04:14,742 INFO Saved kl_divergence_summary to: ../figures/kl_divergence_summary.png
2026-03-16 16:04:15,005 INFO Saved score_separation_boxplot to: ../figures/score_separation_boxplot.png
2026-03-16 16:04:15,130 INFO Saved near_uniform_proportion to: ../figures/near_uniform_proportion.png
2026-03-16 16:04:15,130 INFO All 5 figures generated in: ../figures
2026-03-16 16:04:15,130 INFO GATE: FAIL (KL_all=False, Wilcoxon_count=3/3)
2026-03-16 16:04:15,130 WARNING H-M1 MUST_WORK gate: FAILED — Check KL divergence and Wilcoxon results

