================================================================================
H-E1: Aspect-Dominant Structure Existence - REAL DATA Experiment
================================================================================

Configuration:
  Commits: 10000
  Data Directory: /home/anonymous/YouRA_results_new_4_sonnet45_no_reflection/TEST_dl4c_sonnet45_no_reflection/docs/youra_research/20260511_dl4c/h-e1/code/data
  Dataset: GitHub Minimal-Diff Commit Corpus (REAL)

Step 1: Loading real GitHub commit data...
✅ Loaded 10000 real commits from GitHub
   Outcome matrix shape: (10000, 4)
   Metrics: Δcorrectness, Δquality, Δsecurity, Δefficiency
   Aspect distribution:
     bugfix: 2413
     performance: 2511
     refactor: 2529
     security: 2547
  ✅ Loaded 10000 REAL commits from GitHub
  Outcome matrix shape: (10000, 4)

Step 2: Extracting confounding variables...
  ✅ Extracted confounds (edit_size, file_entropy, repo_id)
  Confound matrix shape: (10000, 3)

Step 3: Removing confounds via regression...
  ✅ Computed residual matrix
  Residual variance: 0.7212

Step 4: Running statistical validation...
  ✅ Validation complete

================================================================================
RESULTS
================================================================================

Spectral Analysis:
  Eigenvalues: [0.91775653 0.70660078 0.67982019 0.58085171]
  Spectral Gap: 1.5800
  Cross-Aspect Coupling: 0.0724

Permutation Test:
  p-value: 0.9550
  Significant: False
  95th Percentile: 1.5800

Directional Stability:
  Mean Z-Score: -0.3984
  Significant: False

Cross-Validation:
  Mean Alignment: 0.5000
  Consistent: False

================================================================================
GATE EVALUATION (MUST_WORK)
================================================================================

Primary Criteria (spectral_gap > 2.0, p < 0.05, coupling ≤ 0.2):
  ❌ FAIL

Secondary Criteria (directional stability, CV consistency):
  ❌ FAIL

Overall Gate Result:
  ❌ FAIL - Hypothesis REJECTED

Step 5: Generating visualizations...
✅ Generated 4 figures in /home/anonymous/YouRA_results_new_4_sonnet45_no_reflection/TEST_dl4c_sonnet45_no_reflection/docs/youra_research/20260511_dl4c/h-e1/code/outputs/figures/

Step 6: Saving results...
  ✅ Results saved to: /home/anonymous/YouRA_results_new_4_sonnet45_no_reflection/TEST_dl4c_sonnet45_no_reflection/docs/youra_research/20260511_dl4c/h-e1/code/outputs/experiment_results.json
  ✅ Figures saved to: /home/anonymous/YouRA_results_new_4_sonnet45_no_reflection/TEST_dl4c_sonnet45_no_reflection/docs/youra_research/20260511_dl4c/h-e1/code/outputs/figures/

Step 7: Generating results CSV...
  ✅ CSV saved to: /home/anonymous/YouRA_results_new_4_sonnet45_no_reflection/TEST_dl4c_sonnet45_no_reflection/docs/youra_research/20260511_dl4c/h-e1/code/outputs/results.csv

================================================================================
EXPERIMENT COMPLETE
================================================================================
