/home/anonymous/miniforge3/envs/youra-h-m3/lib/python3.10/site-packages/torchvision/models/_utils.py:208: UserWarning: The parameter 'pretrained' is deprecated since 0.13 and may be removed in the future, please use 'weights' instead.
  warnings.warn(
/home/anonymous/miniforge3/envs/youra-h-m3/lib/python3.10/site-packages/torchvision/models/_utils.py:223: UserWarning: Arguments other than a weight enum or `None` for 'weights' are deprecated since 0.13 and may be removed in the future. The current behavior is equivalent to passing `weights=ResNet18_Weights.IMAGENET1K_V1`. You can also use `weights=ResNet18_Weights.DEFAULT` to get the most up-to-date weights.
  warnings.warn(msg)
/home/anonymous/miniforge3/envs/youra-h-m3/lib/python3.10/site-packages/torchvision/models/_utils.py:223: UserWarning: Arguments other than a weight enum or `None` for 'weights' are deprecated since 0.13 and may be removed in the future. The current behavior is equivalent to passing `weights=ResNet34_Weights.IMAGENET1K_V1`. You can also use `weights=ResNet34_Weights.DEFAULT` to get the most up-to-date weights.
  warnings.warn(msg)
/home/anonymous/miniforge3/envs/youra-h-m3/lib/python3.10/site-packages/torchvision/models/_utils.py:223: UserWarning: Arguments other than a weight enum or `None` for 'weights' are deprecated since 0.13 and may be removed in the future. The current behavior is equivalent to passing `weights=VGG11_Weights.IMAGENET1K_V1`. You can also use `weights=VGG11_Weights.DEFAULT` to get the most up-to-date weights.
  warnings.warn(msg)
/home/anonymous/miniforge3/envs/youra-h-m3/lib/python3.10/site-packages/torchvision/models/_utils.py:223: UserWarning: Arguments other than a weight enum or `None` for 'weights' are deprecated since 0.13 and may be removed in the future. The current behavior is equivalent to passing `weights=VGG13_Weights.IMAGENET1K_V1`. You can also use `weights=VGG13_Weights.DEFAULT` to get the most up-to-date weights.
  warnings.warn(msg)
/home/anonymous/miniforge3/envs/youra-h-m3/lib/python3.10/site-packages/torchvision/models/_utils.py:223: UserWarning: Arguments other than a weight enum or `None` for 'weights' are deprecated since 0.13 and may be removed in the future. The current behavior is equivalent to passing `weights=VGG16_Weights.IMAGENET1K_V1`. You can also use `weights=VGG16_Weights.DEFAULT` to get the most up-to-date weights.
  warnings.warn(msg)
/home/anonymous/miniforge3/envs/youra-h-m3/lib/python3.10/site-packages/torchvision/models/_utils.py:223: UserWarning: Arguments other than a weight enum or `None` for 'weights' are deprecated since 0.13 and may be removed in the future. The current behavior is equivalent to passing `weights=VGG19_Weights.IMAGENET1K_V1`. You can also use `weights=VGG19_Weights.DEFAULT` to get the most up-to-date weights.
  warnings.warn(msg)
/home/anonymous/miniforge3/envs/youra-h-m3/lib/python3.10/site-packages/torchvision/models/_utils.py:223: UserWarning: Arguments other than a weight enum or `None` for 'weights' are deprecated since 0.13 and may be removed in the future. The current behavior is equivalent to passing `weights=AlexNet_Weights.IMAGENET1K_V1`. You can also use `weights=AlexNet_Weights.DEFAULT` to get the most up-to-date weights.
  warnings.warn(msg)
/home/anonymous/miniforge3/envs/youra-h-m3/lib/python3.10/site-packages/torchvision/models/_utils.py:223: UserWarning: Arguments other than a weight enum or `None` for 'weights' are deprecated since 0.13 and may be removed in the future. The current behavior is equivalent to passing `weights=SqueezeNet1_0_Weights.IMAGENET1K_V1`. You can also use `weights=SqueezeNet1_0_Weights.DEFAULT` to get the most up-to-date weights.
  warnings.warn(msg)
/home/anonymous/miniforge3/envs/youra-h-m3/lib/python3.10/site-packages/torchvision/models/_utils.py:223: UserWarning: Arguments other than a weight enum or `None` for 'weights' are deprecated since 0.13 and may be removed in the future. The current behavior is equivalent to passing `weights=MobileNet_V2_Weights.IMAGENET1K_V1`. You can also use `weights=MobileNet_V2_Weights.DEFAULT` to get the most up-to-date weights.
  warnings.warn(msg)
/home/anonymous/miniforge3/envs/youra-h-m3/lib/python3.10/site-packages/torchvision/models/_utils.py:223: UserWarning: Arguments other than a weight enum or `None` for 'weights' are deprecated since 0.13 and may be removed in the future. The current behavior is equivalent to passing `weights=DenseNet121_Weights.IMAGENET1K_V1`. You can also use `weights=DenseNet121_Weights.DEFAULT` to get the most up-to-date weights.
  warnings.warn(msg)
/home/anonymous/miniforge3/envs/youra-h-m3/lib/python3.10/site-packages/torchvision/models/_utils.py:223: UserWarning: Arguments other than a weight enum or `None` for 'weights' are deprecated since 0.13 and may be removed in the future. The current behavior is equivalent to passing `weights=ResNet50_Weights.IMAGENET1K_V1`. You can also use `weights=ResNet50_Weights.DEFAULT` to get the most up-to-date weights.
  warnings.warn(msg)
/home/anonymous/miniforge3/envs/youra-h-m3/lib/python3.10/site-packages/torchvision/models/_utils.py:223: UserWarning: Arguments other than a weight enum or `None` for 'weights' are deprecated since 0.13 and may be removed in the future. The current behavior is equivalent to passing `weights=ResNet101_Weights.IMAGENET1K_V1`. You can also use `weights=ResNet101_Weights.DEFAULT` to get the most up-to-date weights.
  warnings.warn(msg)
/home/anonymous/miniforge3/envs/youra-h-m3/lib/python3.10/site-packages/torchvision/models/_utils.py:223: UserWarning: Arguments other than a weight enum or `None` for 'weights' are deprecated since 0.13 and may be removed in the future. The current behavior is equivalent to passing `weights=ResNet152_Weights.IMAGENET1K_V1`. You can also use `weights=ResNet152_Weights.DEFAULT` to get the most up-to-date weights.
  warnings.warn(msg)
/home/anonymous/miniforge3/envs/youra-h-m3/lib/python3.10/site-packages/torchvision/models/_utils.py:223: UserWarning: Arguments other than a weight enum or `None` for 'weights' are deprecated since 0.13 and may be removed in the future. The current behavior is equivalent to passing `weights=DenseNet161_Weights.IMAGENET1K_V1`. You can also use `weights=DenseNet161_Weights.DEFAULT` to get the most up-to-date weights.
  warnings.warn(msg)
/home/anonymous/miniforge3/envs/youra-h-m3/lib/python3.10/site-packages/torchvision/models/_utils.py:223: UserWarning: Arguments other than a weight enum or `None` for 'weights' are deprecated since 0.13 and may be removed in the future. The current behavior is equivalent to passing `weights=DenseNet169_Weights.IMAGENET1K_V1`. You can also use `weights=DenseNet169_Weights.DEFAULT` to get the most up-to-date weights.
  warnings.warn(msg)
/home/anonymous/miniforge3/envs/youra-h-m3/lib/python3.10/site-packages/torchvision/models/_utils.py:223: UserWarning: Arguments other than a weight enum or `None` for 'weights' are deprecated since 0.13 and may be removed in the future. The current behavior is equivalent to passing `weights=DenseNet201_Weights.IMAGENET1K_V1`. You can also use `weights=DenseNet201_Weights.DEFAULT` to get the most up-to-date weights.
  warnings.warn(msg)
/home/anonymous/miniforge3/envs/youra-h-m3/lib/python3.10/site-packages/torchvision/models/_utils.py:223: UserWarning: Arguments other than a weight enum or `None` for 'weights' are deprecated since 0.13 and may be removed in the future. The current behavior is equivalent to passing `weights=Wide_ResNet50_2_Weights.IMAGENET1K_V1`. You can also use `weights=Wide_ResNet50_2_Weights.DEFAULT` to get the most up-to-date weights.
  warnings.warn(msg)
/home/anonymous/miniforge3/envs/youra-h-m3/lib/python3.10/site-packages/torchvision/models/_utils.py:223: UserWarning: Arguments other than a weight enum or `None` for 'weights' are deprecated since 0.13 and may be removed in the future. The current behavior is equivalent to passing `weights=Wide_ResNet101_2_Weights.IMAGENET1K_V1`. You can also use `weights=Wide_ResNet101_2_Weights.DEFAULT` to get the most up-to-date weights.
  warnings.warn(msg)
/home/anonymous/miniforge3/envs/youra-h-m3/lib/python3.10/site-packages/torchvision/models/_utils.py:223: UserWarning: Arguments other than a weight enum or `None` for 'weights' are deprecated since 0.13 and may be removed in the future. The current behavior is equivalent to passing `weights=ResNeXt50_32X4D_Weights.IMAGENET1K_V1`. You can also use `weights=ResNeXt50_32X4D_Weights.DEFAULT` to get the most up-to-date weights.
  warnings.warn(msg)
/home/anonymous/miniforge3/envs/youra-h-m3/lib/python3.10/site-packages/torchvision/models/_utils.py:223: UserWarning: Arguments other than a weight enum or `None` for 'weights' are deprecated since 0.13 and may be removed in the future. The current behavior is equivalent to passing `weights=ResNeXt101_32X8D_Weights.IMAGENET1K_V1`. You can also use `weights=ResNeXt101_32X8D_Weights.DEFAULT` to get the most up-to-date weights.
  warnings.warn(msg)
/home/anonymous/miniforge3/envs/youra-h-m3/lib/python3.10/site-packages/torchvision/models/_utils.py:208: UserWarning: The parameter 'pretrained' is deprecated since 0.13 and may be removed in the future, please use 'weights' instead.
  warnings.warn(
/home/anonymous/miniforge3/envs/youra-h-m3/lib/python3.10/site-packages/torchvision/models/_utils.py:223: UserWarning: Arguments other than a weight enum or `None` for 'weights' are deprecated since 0.13 and may be removed in the future. The current behavior is equivalent to passing `weights=None`.
  warnings.warn(msg)

======================================================================
H-M3: Batch Normalization Mechanism Validation
======================================================================

[1/10] Loading pretrained models...

============================================================
Loading Pretrained Models
============================================================
Loading shallow model 1/10: resnet18
Loading shallow model 2/10: resnet34
Loading shallow model 3/10: vgg11
Loading shallow model 4/10: vgg13
Loading shallow model 5/10: vgg16
Loading shallow model 6/10: vgg19
Loading shallow model 7/10: alexnet
Loading shallow model 8/10: squeezenet1_0
Loading shallow model 9/10: mobilenet_v2
Loading shallow model 10/10: densenet121
Loading deep model 1/10: resnet50
Loading deep model 2/10: resnet101
Loading deep model 3/10: resnet152
Loading deep model 4/10: densenet161
Loading deep model 5/10: densenet169
Loading deep model 6/10: densenet201
Loading deep model 7/10: wide_resnet50_2
Loading deep model 8/10: wide_resnet101_2
Loading deep model 9/10: resnext50_32x4d
Loading deep model 10/10: resnext101_32x8d

✓ Loaded 10 shallow models
✓ Loaded 10 deep models
✓ Total: 20 models

[2/10] Extracting batch normalization features...
  Extracting from shallow models...
    resnet18: [20.          0.45528162  0.49498266]...
    resnet34: [36.          0.35775441  0.31120363]...
    vgg11: [0. 0. 0.]...
    vgg13: [0. 0. 0.]...
    vgg16: [0. 0. 0.]...
    vgg19: [0. 0. 0.]...
    alexnet: [0. 0. 0.]...
    squeezenet1_0: [0. 0. 0.]...
    mobilenet_v2: [52.          0.28348422  0.35740629]...
    densenet121: [121.           0.12574045   0.20654586]...
  Extracting from deep models...
    resnet50: [53.          0.22854337  0.18195784]...
    resnet101: [104.           0.14351754   0.14585346]...
    resnet152: [1.55000000e+02 1.15508482e-01 1.27201378e-01]...
    densenet161: [1.61000000e+02 6.69483915e-02 1.41768843e-01]...
    densenet169: [1.69000000e+02 8.74247476e-02 1.60978958e-01]...
    densenet201: [2.01000000e+02 7.14522675e-02 1.33207619e-01]...
    wide_resnet50_2: [53.          0.15938625  0.18777427]...
    wide_resnet101_2: [1.04000000e+02 9.14689824e-02 1.47671238e-01]...
    resnext50_32x4d: [53.          0.18263786  0.17735894]...
    resnext101_32x8d: [1.04000000e+02 9.92062613e-02 1.12776816e-01]...

  ✓ Extracted features: (20, 6)
  ✓ Feature range: [-0.10, 2077.65]

[3/10] Splitting data...
  ✓ Train: 16 models (8 shallow, 8 deep)
  ✓ Test: 4 models (2 shallow, 2 deep)
  Test models: ['alexnet', 'vgg13', 'resnet152', 'wide_resnet50_2']

[4/10] Training all-families classifier...
  ✓ Train accuracy: 81.2%

[5/10] Evaluating all-families accuracy...
  ✓ Test accuracy: 75.0%
  Confusion matrix:
    [[2 0]
 [1 1]]

[6/10] Within-family validation...
  Warning: Skipping vgg (only one class present: [0])
  Warning: Skipping other (only 3 models)
  Warning: Stratification failed for densenet: The least populated class in y has only 1 member, which is too few. The minimum number of groups for any class cannot be less than 2.
  Family-specific accuracies:
    RESNET: 100.0% (9 models)
    DENSENET: 100.0% (4 models)

  ✓ Within-family validation: PASS (target: ≥65%)

[7/10] Random initialization test...

============================================================
Random Initialization Test
============================================================
Extracting features from randomly initialized models...

Processing 10 shallow architectures (random weights)...
  [1/10] resnet18... ✓
  [2/10] resnet34... ✓
  [3/10] vgg11... ✓
  [4/10] vgg13... ✓
  [5/10] vgg16... ✓
  [6/10] vgg19... ✓
  [7/10] alexnet... ✓
  [8/10] squeezenet1_0... ✓
  [9/10] mobilenet_v2... ✓
  [10/10] densenet121... ✓

Processing 10 deep architectures (random weights)...
  [1/10] resnet50... ✓
  [2/10] resnet101... ✓
  [3/10] resnet152... ✓
  [4/10] densenet161... ✓
  [5/10] densenet169... ✓
  [6/10] densenet201... ✓
  [7/10] wide_resnet50_2... ✓
  [8/10] wide_resnet101_2... ✓
  [9/10] resnext50_32x4d... ✓
  [10/10] resnext101_32x8d... ✓

✓ Random features extracted: (20, 6)
  Shallow samples: 10
  Deep samples: 10

Data split:
  Train: 16 samples (8 shallow, 8 deep)
  Test:  4 samples (2 shallow, 2 deep)

Training classifier on random model features...

Random Model Results:
  Train Accuracy: 81.25%
  Test Accuracy:  75.00%

✗ Random models classify well (features are architectural, not gradient-induced)
  ✓ Random test accuracy: 75.0%
  ✓ Random train accuracy: 81.2%

[8/10] Mechanism verification...
  ✓ Features are ARCHITECTURAL (random ≈ pretrained)
  Random vs Pretrained gap: +0.0%

[9/10] Gate check and baseline comparison...
  Gate threshold: 50% (SHOULD_WORK)
  Test accuracy: 75.0%
  Gate status: PASS ✓

  Baseline comparison:
    H-E1 (Weight Stats): 100.0%
    H-M1 (Gradient Flow): 100.0%
    H-M2 (Architecture): 75.0%
    Random: 50.0%

[10/10] Generating visualizations...
  ✓ accuracy_comparison.png
  ✓ gate_metrics.png
  ✓ within_family_comparison.png
  ✓ feature_importance.png
  ✓ confusion_matrix.png
  ✓ feature_distributions.png
  ✓ train_test_comparison.png

Saving metrics...
  ✓ Saved to ./outputs/metrics.json
  ✓ Saved features.npy and labels.npy

======================================================================
EXPERIMENT SUMMARY
======================================================================
Test Accuracy: 75.0%
Gate Status: PASS ✓ (threshold: 50%)
Mechanism: ARCHITECTURAL
Within-Family Validation: PASS ✓

Random vs Pretrained:
  Pretrained: 75.0%
  Random: 75.0%
  Gap: +0.0%
======================================================================
