2026-05-12 10:17:00,568 [INFO] ============================================================
2026-05-12 10:17:00,569 [INFO] H-E1 EXPERIMENT START
2026-05-12 10:17:00,569 [INFO]   smoke_test=False
2026-05-12 10:17:00,569 [INFO]   cosine_threshold=0.85
2026-05-12 10:17:00,569 [INFO]   max_iter=200
2026-05-12 10:17:00,569 [INFO]   seed=1
2026-05-12 10:17:00,569 [INFO] ============================================================
2026-05-12 10:17:01,030 [INFO] PyTorch version 2.3.0 available.
2026-05-12 10:17:02,776 [INFO] Step 1: Loading HH-RLHF dataset...
2026-05-12 10:17:09,992 [INFO]   Loaded base=43835, online=22007
2026-05-12 10:17:09,992 [INFO] Step 2: Extracting dialogue...
2026-05-12 10:17:13,238 [INFO] Step 3: Filtering pairs...
2026-05-12 10:17:14,695 [INFO]   After filter: base=20108, online=20063
2026-05-12 10:17:14,695 [INFO] Step 4: Clustering prompts...
2026-05-12 10:17:14,796 [INFO] Load pretrained SentenceTransformer: sentence-transformers/all-MiniLM-L6-v2
2026-05-12 10:17:17,571 [INFO] Use pytorch device_name: cuda
2026-05-12 10:20:44,140 [INFO]   Unique clusters: 27034
2026-05-12 10:20:44,140 [INFO] Step 5: Building pairs DataFrame...
2026-05-12 10:20:49,475 [INFO]   df_pairs shape: (80342, 6)
2026-05-12 10:20:49,475 [INFO] Step 6: Validating clusters...
2026-05-12 10:20:49,483 [INFO]   Cluster validation passed.
2026-05-12 10:20:49,483 [INFO] Step 7: Computing supply proportions...
2026-05-12 10:20:49,603 [INFO] Step 8: Fitting statistical models...
2026-05-12 10:22:44,184 [INFO]   Baseline model fitted.
2026-05-12 10:24:42,737 [INFO]   Proposed model fitted.
2026-05-12 10:26:42,606 [INFO]   Extended model fitted.
2026-05-12 10:28:44,485 [INFO]   Perplexity model fitted.
2026-05-12 10:28:44,485 [INFO] Step 9: Verifying mechanism activation...
2026-05-12 10:28:44,495 [INFO]   Mechanism verified: {'beta4_fitted': True, 'data_variance': True, 'split_balanced': True, 'clusters_valid': True, 'effect_nonzero': True}
2026-05-12 10:28:44,495 [INFO] Step 10: Computing metrics and gate check...
2026-05-12 10:28:44,951 [INFO]   beta4=-0.0016, OR=0.9984, pval=0.795827, CI_lo=0.9861
2026-05-12 10:28:44,951 [INFO]   GATE FAILED
2026-05-12 10:28:44,951 [INFO] Step 11: Saving results...
2026-05-12 10:28:44,973 [INFO] Step 12: Generating figures...
2026-05-12 10:28:46,078 [INFO] Load pretrained SentenceTransformer: sentence-transformers/all-MiniLM-L6-v2
2026-05-12 10:28:48,168 [INFO] Use pytorch device_name: cuda
2026-05-12 10:34:27,321 [INFO] Load pretrained SentenceTransformer: sentence-transformers/all-MiniLM-L6-v2
2026-05-12 10:34:29,289 [INFO] Use pytorch device_name: cuda
2026-05-12 10:40:00,727 [INFO] Load pretrained SentenceTransformer: sentence-transformers/all-MiniLM-L6-v2
2026-05-12 10:40:02,657 [INFO] Use pytorch device_name: cuda
2026-05-12 10:45:31,649 [INFO] Load pretrained SentenceTransformer: sentence-transformers/all-MiniLM-L6-v2
2026-05-12 10:45:33,618 [INFO] Use pytorch device_name: cuda
2026-05-12 10:50:58,220 [INFO] EXPERIMENT COMPLETE in 2037.7s
2026-05-12 10:50:58,220 [INFO] Gate result: FAIL
