
[1/7] Loading datasets...
  HumanEval: 164 problems
  MBPP: 378 problems
  PoC subset: using first 20 HumanEval problems

[2/7] Loading baseline pool from disk...
  Loaded 20 tasks from ./data/baseline_pool.jsonl

[3/7] Loading SynCode pool from disk...
  Loaded 20 tasks from ./data/syncode_pool.jsonl

[4/7] Checking Z3 SMT eligibility...
  Z3 eligibility: 5/20 = 25.00%

[5/7] Running mypy structured output checks...
  mypy structured rate: 3/20 = 15.00%

[6/7] Computing metrics and evaluating gate...

============================================================
  GATE PASS
  delta_ast=0.0750 (>0: True)
  z3_rate=0.2500 (>=0.15: True)
  mypy_rate=1.0000 (>=0.90: True)
============================================================


[7/7] Generating figures...
  Figures saved to: ./figures

============================================================
EXPERIMENT COMPLETE
============================================================
Gate result: PASS
  delta_ast        = 0.0750  (>0: True)
  z3_eligibility   = 0.2500  (>=0.15: True)
  mypy_structured  = 1.0000  (>=0.90: True)

Outputs:
  metrics:  ./results/metrics.json
  figures:  ./figures/
============================================================

