2026-03-18 14:13:10,744 - __main__ - INFO - Starting DRY RUN (5 tasks)
2026-03-18 14:13:10,744 - run_experiment - INFO - Initializing HumanEvalLoader (evalplus=True)
2026-03-18 14:13:11,323 - run_experiment - INFO - Loaded 164 tasks from HumanEval+
2026-03-18 14:13:11,323 - __main__ - INFO - Testing with 5 tasks
2026-03-18 14:13:11,323 - __main__ - INFO - Processing HumanEval/0
2026-03-18 14:13:13,325 - __main__ - INFO -   Mypy: 0/5 passed
2026-03-18 14:13:14,943 - __main__ - INFO -   Pytest: 0/5 passed
2026-03-18 14:13:14,943 - __main__ - INFO - Processing HumanEval/1
2026-03-18 14:13:16,401 - __main__ - INFO -   Mypy: 0/5 passed
2026-03-18 14:13:17,690 - __main__ - INFO -   Pytest: 0/5 passed
2026-03-18 14:13:17,690 - __main__ - INFO - Processing HumanEval/2
2026-03-18 14:13:18,810 - __main__ - INFO -   Mypy: 0/5 passed
2026-03-18 14:13:20,162 - __main__ - INFO -   Pytest: 0/5 passed
2026-03-18 14:13:20,163 - __main__ - INFO - Processing HumanEval/3
2026-03-18 14:13:21,361 - __main__ - INFO -   Mypy: 0/5 passed
2026-03-18 14:13:22,651 - __main__ - INFO -   Pytest: 0/5 passed
2026-03-18 14:13:22,651 - __main__ - INFO - Processing HumanEval/4
2026-03-18 14:13:23,792 - __main__ - INFO -   Mypy: 0/5 passed
2026-03-18 14:13:25,573 - __main__ - INFO -   Pytest: 0/5 passed
2026-03-18 14:13:25,574 - __main__ - INFO - ✅ DRY RUN COMPLETE - 5 tasks processed
2026-03-18 14:13:25,574 - __main__ - INFO -    Results saved to outputs_dry_run
2026-03-18 14:14:48,681 - __main__ - INFO - ================================================================================
2026-03-18 14:14:48,681 - __main__ - INFO - MOCK EXPERIMENT (H-E1 Dual-Sensitivity Classification)
2026-03-18 14:14:48,681 - __main__ - INFO - ================================================================================
2026-03-18 14:14:48,681 - run_experiment - INFO - Initializing HumanEvalLoader (evalplus=True)
2026-03-18 14:14:49,592 - run_experiment - INFO - Loaded 164 tasks from HumanEval+
2026-03-18 14:14:49,593 - __main__ - INFO - Loaded 164 HumanEval tasks
2026-03-18 14:14:49,595 - __main__ - INFO - Processed 20/164 tasks (4 qualified so far)
2026-03-18 14:14:49,596 - __main__ - INFO - Processed 40/164 tasks (8 qualified so far)
2026-03-18 14:14:49,596 - __main__ - INFO - Processed 60/164 tasks (10 qualified so far)
2026-03-18 14:14:49,596 - __main__ - INFO - Processed 80/164 tasks (15 qualified so far)
2026-03-18 14:14:49,597 - __main__ - INFO - Processed 100/164 tasks (19 qualified so far)
2026-03-18 14:14:49,597 - __main__ - INFO - Processed 120/164 tasks (22 qualified so far)
2026-03-18 14:14:49,597 - __main__ - INFO - Processed 140/164 tasks (27 qualified so far)
2026-03-18 14:14:49,598 - __main__ - INFO - Processed 160/164 tasks (33 qualified so far)
2026-03-18 14:14:49,598 - __main__ - INFO - ================================================================================
2026-03-18 14:14:49,598 - __main__ - INFO - EXPERIMENT COMPLETE
2026-03-18 14:14:49,598 - __main__ - INFO - Qualified tasks: N = 35
2026-03-18 14:14:49,598 - __main__ - INFO - Target: N ≥ 20
2026-03-18 14:14:49,598 - __main__ - INFO - Gate: PASS
2026-03-18 14:14:49,598 - __main__ - INFO - ================================================================================
2026-03-18 14:15:15,902 - run_experiment - INFO - Generating figures...
2026-03-18 14:15:17,460 - run_experiment - INFO - Figures saved
2026-03-18 14:23:00,497 - __main__ - INFO - ================================================================================
2026-03-18 14:23:00,497 - __main__ - INFO - Starting H-E1 Dual-Sensitivity Classification Experiment
2026-03-18 14:23:00,497 - __main__ - INFO - ================================================================================
2026-03-18 14:23:00,497 - __main__ - INFO - Initializing HumanEvalLoader (evalplus=True)
2026-03-18 14:23:01,280 - __main__ - INFO - Loaded 164 tasks from HumanEval+
2026-03-18 14:23:01,280 - __main__ - INFO - Initializing CodeLlama: codellama/CodeLlama-7b-hf
2026-03-18 14:23:01,280 - __main__ - INFO - Loading model...
2026-03-18 14:23:03,029 - accelerate.utils.modeling - INFO - We will use 90% of the memory on device 0 for storing the model, and 10% for the buffer to avoid OOM. You can set `max_memory` in to a higher value to use more memory (at your own risk).
2026-03-18 14:23:13,272 - __main__ - INFO - Model loaded successfully
2026-03-18 14:23:13,272 - __main__ - INFO - Processing task 1/164: HumanEval/0
2026-03-18 14:23:55,213 - __main__ - INFO -   Generated 20 samples
2026-03-18 14:23:57,338 - __main__ - INFO -   Mypy: 0/20 passed
2026-03-18 14:24:04,670 - __main__ - INFO -   Pytest: 0/20 passed
2026-03-18 14:24:04,671 - __main__ - INFO -   - Not dual-sensitive
2026-03-18 14:24:04,671 - __main__ - INFO - Processing task 2/164: HumanEval/1
2026-03-18 14:24:50,230 - __main__ - INFO -   Generated 20 samples
2026-03-18 14:24:52,383 - __main__ - INFO -   Mypy: 0/20 passed
2026-03-18 14:24:59,853 - __main__ - INFO -   Pytest: 0/20 passed
2026-03-18 14:24:59,854 - __main__ - INFO -   - Not dual-sensitive
2026-03-18 14:24:59,854 - __main__ - INFO - Processing task 3/164: HumanEval/2
2026-03-18 14:25:55,724 - __main__ - INFO -   Generated 20 samples
2026-03-18 14:25:57,986 - __main__ - INFO -   Mypy: 0/20 passed
2026-03-18 14:26:05,033 - __main__ - INFO -   Pytest: 0/20 passed
2026-03-18 14:26:05,033 - __main__ - INFO -   - Not dual-sensitive
2026-03-18 14:26:05,034 - __main__ - INFO - Processing task 4/164: HumanEval/3
2026-03-18 14:26:46,719 - __main__ - INFO -   Generated 20 samples
2026-03-18 14:26:48,828 - __main__ - INFO -   Mypy: 0/20 passed
2026-03-18 14:26:56,270 - __main__ - INFO -   Pytest: 0/20 passed
2026-03-18 14:26:56,270 - __main__ - INFO -   - Not dual-sensitive
2026-03-18 14:26:56,270 - __main__ - INFO - Processing task 5/164: HumanEval/4
2026-03-18 14:27:43,509 - __main__ - INFO -   Generated 20 samples
2026-03-18 14:27:45,641 - __main__ - INFO -   Mypy: 0/20 passed
2026-03-18 14:27:52,633 - __main__ - INFO -   Pytest: 0/20 passed
2026-03-18 14:27:52,634 - __main__ - INFO -   - Not dual-sensitive
2026-03-18 14:27:52,634 - __main__ - INFO - Processing task 6/164: HumanEval/5
