2026-03-18 15:16:16,908 - INFO - ============================================================
2026-03-18 15:16:16,908 - INFO - H-M1: Static Analysis Cascade Routing Mechanism
2026-03-18 15:16:16,908 - INFO - ============================================================
2026-03-18 15:16:16,908 - INFO - 
[Step 1/3] Loading qualified tasks from h-e1...
2026-03-18 15:16:16,908 - INFO - Initializing detection analyzer with REAL dataset
2026-03-18 15:16:16,908 - INFO - Loaded 0 qualified tasks from h-e1
2026-03-18 15:16:16,908 - INFO - Qualified tasks loaded: N=0
2026-03-18 15:16:16,908 - INFO - 
[Step 2/3] Running cascade routing analysis on REAL data...
2026-03-18 15:16:16,908 - INFO - This will generate fresh code samples and measure real mypy detection rates
/home/anonymous/miniforge3/envs/youra-h-m1/lib/python3.10/site-packages/requests/__init__.py:113: RequestsDependencyWarning: urllib3 (1.26.20) or chardet (7.0.1)/charset_normalizer (3.4.5) doesn't match a supported version!
  warnings.warn(
2026-03-18 15:16:21,676 - INFO - PyTorch version 2.10.0 available.
2026-03-18 15:16:22,752 - INFO - Loaded 164 problems from HumanEval+
2026-03-18 15:16:22,752 - INFO - Filtered to 0 qualified problems
2026-03-18 15:16:22,752 - INFO - Loading codellama/CodeLlama-7b-hf...
`torch_dtype` is deprecated! Use `dtype` instead!
2026-03-18 15:16:24,636 - INFO - We will use 90% of the memory on device 0 for storing the model, and 10% for the buffer to avoid OOM. You can set `max_memory` in to a higher value to use more memory (at your own risk).
Loading checkpoint shards:   0%|          | 0/2 [00:00<?, ?it/s]Loading checkpoint shards:  50%|█████     | 1/2 [00:06<00:06,  6.01s/it]Loading checkpoint shards: 100%|██████████| 2/2 [00:07<00:00,  3.21s/it]Loading checkpoint shards: 100%|██████████| 2/2 [00:07<00:00,  3.63s/it]
2026-03-18 15:16:32,354 - INFO - Model loaded
2026-03-18 15:16:32,355 - INFO - 
Overall mypy detection rate: 0.0%
2026-03-18 15:16:32,355 - INFO - Total mypy errors: 0/0
2026-03-18 15:16:32,385 - INFO - 
[Step 3/3] Generating visualizations...
2026-03-18 15:16:32,603 - INFO - Figure 1 saved: fig1_gate_metrics.png
2026-03-18 15:16:32,856 - INFO - Figure 2 saved: fig2_task_breakdown.png
2026-03-18 15:16:33,104 - INFO - Figure 3 saved: fig3_distribution.png
2026-03-18 15:16:33,104 - INFO - 
Results saved to: outputs/results.json
2026-03-18 15:16:33,104 - INFO - 
============================================================
2026-03-18 15:16:33,104 - INFO - EXPERIMENT COMPLETE
2026-03-18 15:16:33,104 - INFO - ============================================================
2026-03-18 15:16:33,104 - INFO - Overall Detection Rate: 0.0%
2026-03-18 15:16:33,104 - INFO - Gate Threshold: 30.0%
2026-03-18 15:16:33,104 - INFO - Gate Status: ❌ FAIL
2026-03-18 15:16:33,104 - INFO - ============================================================
