2026-03-18 17:00:45,277 - __main__ - INFO - ============================================================
2026-03-18 17:00:45,277 - __main__ - INFO - H-M2 Experiment: Sequential vs Aggregation Feedback
2026-03-18 17:00:45,277 - __main__ - INFO - ============================================================
2026-03-18 17:00:45,277 - __main__ - INFO - Config: {'model_name': 'codellama/CodeLlama-7b-hf', 'n_tasks': 20, 'temperature': 0.8, 'top_p': 0.95, 'top_k': 40, 'max_tokens': 256, 'max_iterations': 10, 'mypy_timeout': 10, 'pytest_timeout': 120, 'seed': 42, 'device': 'auto', 'output_dir': PosixPath('outputs'), 'figures_dir': PosixPath('figures')}
2026-03-18 17:00:45,277 - __main__ - INFO - Initializing HumanEvalLoader (evalplus=True)
2026-03-18 17:00:45,293 - datasets - INFO - PyTorch version 2.4.1+cu121 available.
2026-03-18 17:00:45,799 - __main__ - INFO - Loaded 164 tasks from HumanEval+
2026-03-18 17:00:45,799 - __main__ - INFO - Loading qualified tasks from: ../h-e1/04_validation.md
2026-03-18 17:00:45,799 - __main__ - WARNING - H-E1 validation not found, using first 20 tasks as fallback
2026-03-18 17:00:45,799 - __main__ - INFO - Running experiment on 20 tasks
2026-03-18 17:00:45,799 - __main__ - INFO - Initializing CodeLlama: codellama/CodeLlama-7b-hf
2026-03-18 17:00:45,799 - __main__ - INFO - Loading model...
2026-03-18 17:00:46,174 - httpx - INFO - HTTP Request: HEAD https://huggingface.co/codellama/CodeLlama-7b-hf/resolve/main/config.json "HTTP/1.1 307 Temporary Redirect"
2026-03-18 17:00:46,182 - httpx - INFO - HTTP Request: HEAD https://huggingface.co/api/resolve-cache/models/codellama/CodeLlama-7b-hf/6c284d1468fe6c413cf56183e69b194dcfa27fe6/config.json "HTTP/1.1 200 OK"
2026-03-18 17:00:46,396 - httpx - INFO - HTTP Request: HEAD https://huggingface.co/codellama/CodeLlama-7b-hf/resolve/main/tokenizer_config.json "HTTP/1.1 307 Temporary Redirect"
2026-03-18 17:00:46,396 - huggingface_hub.utils._http - WARNING - Warning: You are sending unauthenticated requests to the HF Hub. Please set a HF_TOKEN to enable higher rate limits and faster downloads.
2026-03-18 17:00:46,403 - httpx - INFO - HTTP Request: HEAD https://huggingface.co/api/resolve-cache/models/codellama/CodeLlama-7b-hf/6c284d1468fe6c413cf56183e69b194dcfa27fe6/tokenizer_config.json "HTTP/1.1 200 OK"
2026-03-18 17:00:46,607 - httpx - INFO - HTTP Request: GET https://huggingface.co/api/models/codellama/CodeLlama-7b-hf/tree/main/additional_chat_templates?recursive=false&expand=false "HTTP/1.1 404 Not Found"
2026-03-18 17:00:46,810 - httpx - INFO - HTTP Request: GET https://huggingface.co/api/models/codellama/CodeLlama-7b-hf/tree/main?recursive=true&expand=false "HTTP/1.1 200 OK"
2026-03-18 17:00:47,159 - httpx - INFO - HTTP Request: HEAD https://huggingface.co/codellama/CodeLlama-7b-hf/resolve/main/config.json "HTTP/1.1 307 Temporary Redirect"
2026-03-18 17:00:47,166 - httpx - INFO - HTTP Request: HEAD https://huggingface.co/api/resolve-cache/models/codellama/CodeLlama-7b-hf/6c284d1468fe6c413cf56183e69b194dcfa27fe6/config.json "HTTP/1.1 200 OK"
2026-03-18 17:00:48,456 - httpx - INFO - HTTP Request: HEAD https://huggingface.co/codellama/CodeLlama-7b-hf/resolve/main/config.json "HTTP/1.1 307 Temporary Redirect"
2026-03-18 17:00:48,464 - httpx - INFO - HTTP Request: HEAD https://huggingface.co/api/resolve-cache/models/codellama/CodeLlama-7b-hf/6c284d1468fe6c413cf56183e69b194dcfa27fe6/config.json "HTTP/1.1 200 OK"
2026-03-18 17:00:52,742 - httpx - INFO - HTTP Request: HEAD https://huggingface.co/codellama/CodeLlama-7b-hf/resolve/main/generation_config.json "HTTP/1.1 307 Temporary Redirect"
2026-03-18 17:00:52,755 - httpx - INFO - HTTP Request: HEAD https://huggingface.co/api/resolve-cache/models/codellama/CodeLlama-7b-hf/6c284d1468fe6c413cf56183e69b194dcfa27fe6/generation_config.json "HTTP/1.1 200 OK"
2026-03-18 17:00:52,756 - __main__ - INFO - Model loaded successfully
2026-03-18 17:00:52,758 - __main__ - INFO - Initializing MypyVerifier
2026-03-18 17:00:52,758 - __main__ - INFO - Initializing PytestVerifier
2026-03-18 17:00:52,758 - __main__ - INFO - Initialized SequentialFeedbackRouter
2026-03-18 17:00:52,758 - __main__ - INFO - Initialized AggregationFeedbackRouter
