2026-03-18 14:13:10,744 - __main__ - INFO - Starting DRY RUN (5 tasks)
2026-03-18 14:13:10,744 - run_experiment - INFO - Initializing HumanEvalLoader (evalplus=True)
2026-03-18 14:13:11,323 - run_experiment - INFO - Loaded 164 tasks from HumanEval+
2026-03-18 14:13:11,323 - __main__ - INFO - Testing with 5 tasks
2026-03-18 14:13:11,323 - __main__ - INFO - Processing HumanEval/0
2026-03-18 14:13:13,325 - __main__ - INFO -   Mypy: 0/5 passed
2026-03-18 14:13:14,943 - __main__ - INFO -   Pytest: 0/5 passed
2026-03-18 14:13:14,943 - __main__ - INFO - Processing HumanEval/1
2026-03-18 14:13:16,401 - __main__ - INFO -   Mypy: 0/5 passed
2026-03-18 14:13:17,690 - __main__ - INFO -   Pytest: 0/5 passed
2026-03-18 14:13:17,690 - __main__ - INFO - Processing HumanEval/2
2026-03-18 14:13:18,810 - __main__ - INFO -   Mypy: 0/5 passed
2026-03-18 14:13:20,162 - __main__ - INFO -   Pytest: 0/5 passed
2026-03-18 14:13:20,163 - __main__ - INFO - Processing HumanEval/3
2026-03-18 14:13:21,361 - __main__ - INFO -   Mypy: 0/5 passed
2026-03-18 14:13:22,651 - __main__ - INFO -   Pytest: 0/5 passed
2026-03-18 14:13:22,651 - __main__ - INFO - Processing HumanEval/4
2026-03-18 14:13:23,792 - __main__ - INFO -   Mypy: 0/5 passed
2026-03-18 14:13:25,573 - __main__ - INFO -   Pytest: 0/5 passed
2026-03-18 14:13:25,574 - __main__ - INFO - ✅ DRY RUN COMPLETE - 5 tasks processed
2026-03-18 14:13:25,574 - __main__ - INFO -    Results saved to outputs_dry_run
2026-03-18 14:14:48,681 - __main__ - INFO - ================================================================================
2026-03-18 14:14:48,681 - __main__ - INFO - MOCK EXPERIMENT (H-E1 Dual-Sensitivity Classification)
2026-03-18 14:14:48,681 - __main__ - INFO - ================================================================================
2026-03-18 14:14:48,681 - run_experiment - INFO - Initializing HumanEvalLoader (evalplus=True)
2026-03-18 14:14:49,592 - run_experiment - INFO - Loaded 164 tasks from HumanEval+
2026-03-18 14:14:49,593 - __main__ - INFO - Loaded 164 HumanEval tasks
2026-03-18 14:14:49,595 - __main__ - INFO - Processed 20/164 tasks (4 qualified so far)
2026-03-18 14:14:49,596 - __main__ - INFO - Processed 40/164 tasks (8 qualified so far)
2026-03-18 14:14:49,596 - __main__ - INFO - Processed 60/164 tasks (10 qualified so far)
2026-03-18 14:14:49,596 - __main__ - INFO - Processed 80/164 tasks (15 qualified so far)
2026-03-18 14:14:49,597 - __main__ - INFO - Processed 100/164 tasks (19 qualified so far)
2026-03-18 14:14:49,597 - __main__ - INFO - Processed 120/164 tasks (22 qualified so far)
2026-03-18 14:14:49,597 - __main__ - INFO - Processed 140/164 tasks (27 qualified so far)
2026-03-18 14:14:49,598 - __main__ - INFO - Processed 160/164 tasks (33 qualified so far)
2026-03-18 14:14:49,598 - __main__ - INFO - ================================================================================
2026-03-18 14:14:49,598 - __main__ - INFO - EXPERIMENT COMPLETE
2026-03-18 14:14:49,598 - __main__ - INFO - Qualified tasks: N = 35
2026-03-18 14:14:49,598 - __main__ - INFO - Target: N ≥ 20
2026-03-18 14:14:49,598 - __main__ - INFO - Gate: PASS
2026-03-18 14:14:49,598 - __main__ - INFO - ================================================================================
2026-03-18 14:15:15,902 - run_experiment - INFO - Generating figures...
2026-03-18 14:15:17,460 - run_experiment - INFO - Figures saved
2026-03-18 14:23:00,497 - __main__ - INFO - ================================================================================
2026-03-18 14:23:00,497 - __main__ - INFO - Starting H-E1 Dual-Sensitivity Classification Experiment
2026-03-18 14:23:00,497 - __main__ - INFO - ================================================================================
2026-03-18 14:23:00,497 - __main__ - INFO - Initializing HumanEvalLoader (evalplus=True)
2026-03-18 14:23:01,280 - __main__ - INFO - Loaded 164 tasks from HumanEval+
2026-03-18 14:23:01,280 - __main__ - INFO - Initializing CodeLlama: codellama/CodeLlama-7b-hf
2026-03-18 14:23:01,280 - __main__ - INFO - Loading model...
2026-03-18 14:23:03,029 - accelerate.utils.modeling - INFO - We will use 90% of the memory on device 0 for storing the model, and 10% for the buffer to avoid OOM. You can set `max_memory` in to a higher value to use more memory (at your own risk).
2026-03-18 14:23:13,272 - __main__ - INFO - Model loaded successfully
2026-03-18 14:23:13,272 - __main__ - INFO - Processing task 1/164: HumanEval/0
2026-03-18 14:23:55,213 - __main__ - INFO -   Generated 20 samples
2026-03-18 14:23:57,338 - __main__ - INFO -   Mypy: 0/20 passed
2026-03-18 14:24:04,670 - __main__ - INFO -   Pytest: 0/20 passed
2026-03-18 14:24:04,671 - __main__ - INFO -   - Not dual-sensitive
2026-03-18 14:24:04,671 - __main__ - INFO - Processing task 2/164: HumanEval/1
2026-03-18 14:24:50,230 - __main__ - INFO -   Generated 20 samples
2026-03-18 14:24:52,383 - __main__ - INFO -   Mypy: 0/20 passed
2026-03-18 14:24:59,853 - __main__ - INFO -   Pytest: 0/20 passed
2026-03-18 14:24:59,854 - __main__ - INFO -   - Not dual-sensitive
2026-03-18 14:24:59,854 - __main__ - INFO - Processing task 3/164: HumanEval/2
2026-03-18 14:25:55,724 - __main__ - INFO -   Generated 20 samples
2026-03-18 14:25:57,986 - __main__ - INFO -   Mypy: 0/20 passed
2026-03-18 14:26:05,033 - __main__ - INFO -   Pytest: 0/20 passed
2026-03-18 14:26:05,033 - __main__ - INFO -   - Not dual-sensitive
2026-03-18 14:26:05,034 - __main__ - INFO - Processing task 4/164: HumanEval/3
2026-03-18 14:26:46,719 - __main__ - INFO -   Generated 20 samples
2026-03-18 14:26:48,828 - __main__ - INFO -   Mypy: 0/20 passed
2026-03-18 14:26:56,270 - __main__ - INFO -   Pytest: 0/20 passed
2026-03-18 14:26:56,270 - __main__ - INFO -   - Not dual-sensitive
2026-03-18 14:26:56,270 - __main__ - INFO - Processing task 5/164: HumanEval/4
2026-03-18 14:27:43,509 - __main__ - INFO -   Generated 20 samples
2026-03-18 14:27:45,641 - __main__ - INFO -   Mypy: 0/20 passed
2026-03-18 14:27:52,633 - __main__ - INFO -   Pytest: 0/20 passed
2026-03-18 14:27:52,634 - __main__ - INFO -   - Not dual-sensitive
2026-03-18 14:27:52,634 - __main__ - INFO - Processing task 6/164: HumanEval/5
2026-03-18 15:06:46,131 - INFO - ============================================================
2026-03-18 15:06:46,131 - INFO - H-M1: Static Analysis Cascade Routing Mechanism
2026-03-18 15:06:46,131 - INFO - ============================================================
2026-03-18 15:06:46,132 - INFO - 
[Step 1/4] Loading qualified tasks from h-e1...
2026-03-18 15:06:46,132 - INFO - Loading qualified tasks from: ../h-e1/04_validation.md
2026-03-18 15:06:46,132 - ERROR - Experiment failed: H-E1 validation file not found: ../h-e1/04_validation.md
Traceback (most recent call last):
  File "/home/anonymous/YouRA_results_new_4_sonnet45/TEST_verifai/docs/youra_research/20260318_verifai/h-m1/code/run_experiment_h_m1.py", line 256, in main
    qualified_task_ids = task_loader.load_qualified_tasks()
  File "/home/anonymous/YouRA_results_new_4_sonnet45/TEST_verifai/docs/youra_research/20260318_verifai/h-m1/code/run_experiment_h_m1.py", line 37, in load_qualified_tasks
    raise FileNotFoundError(f"H-E1 validation file not found: {self.validation_path}")
FileNotFoundError: H-E1 validation file not found: ../h-e1/04_validation.md
2026-03-18 15:07:00,880 - INFO - ============================================================
2026-03-18 15:07:00,880 - INFO - H-M1: Static Analysis Cascade Routing Mechanism
2026-03-18 15:07:00,880 - INFO - ============================================================
2026-03-18 15:07:00,880 - INFO - 
[Step 1/4] Loading qualified tasks from h-e1...
2026-03-18 15:07:00,880 - INFO - Loading qualified tasks from: /home/anonymous/YouRA_results_new_4_sonnet45/TEST_verifai/docs/youra_research/20260318_verifai/h-e1/04_validation.md
2026-03-18 15:07:00,880 - INFO - Found 10 qualified tasks
2026-03-18 15:07:00,880 - ERROR - Experiment failed: Insufficient qualified tasks: 10 < 20
Traceback (most recent call last):
  File "/home/anonymous/YouRA_results_new_4_sonnet45/TEST_verifai/docs/youra_research/20260318_verifai/h-m1/code/run_experiment_h_m1.py", line 256, in main
    qualified_task_ids = task_loader.load_qualified_tasks()
  File "/home/anonymous/YouRA_results_new_4_sonnet45/TEST_verifai/docs/youra_research/20260318_verifai/h-m1/code/run_experiment_h_m1.py", line 50, in load_qualified_tasks
    raise ValueError(f"Insufficient qualified tasks: {len(task_ids)} < 20")
ValueError: Insufficient qualified tasks: 10 < 20
2026-03-18 15:16:16,908 - INFO - ============================================================
2026-03-18 15:16:16,908 - INFO - H-M1: Static Analysis Cascade Routing Mechanism
2026-03-18 15:16:16,908 - INFO - ============================================================
2026-03-18 15:16:16,908 - INFO - 
[Step 1/3] Loading qualified tasks from h-e1...
2026-03-18 15:16:16,908 - INFO - Initializing detection analyzer with REAL dataset
2026-03-18 15:16:16,908 - INFO - Loaded 0 qualified tasks from h-e1
2026-03-18 15:16:16,908 - INFO - Qualified tasks loaded: N=0
2026-03-18 15:16:16,908 - INFO - 
[Step 2/3] Running cascade routing analysis on REAL data...
2026-03-18 15:16:16,908 - INFO - This will generate fresh code samples and measure real mypy detection rates
2026-03-18 15:16:21,676 - INFO - PyTorch version 2.10.0 available.
2026-03-18 15:16:22,752 - INFO - Loaded 164 problems from HumanEval+
2026-03-18 15:16:22,752 - INFO - Filtered to 0 qualified problems
2026-03-18 15:16:22,752 - INFO - Loading codellama/CodeLlama-7b-hf...
2026-03-18 15:16:24,636 - INFO - We will use 90% of the memory on device 0 for storing the model, and 10% for the buffer to avoid OOM. You can set `max_memory` in to a higher value to use more memory (at your own risk).
2026-03-18 15:16:32,354 - INFO - Model loaded
2026-03-18 15:16:32,355 - INFO - 
Overall mypy detection rate: 0.0%
2026-03-18 15:16:32,355 - INFO - Total mypy errors: 0/0
2026-03-18 15:16:32,385 - INFO - 
[Step 3/3] Generating visualizations...
2026-03-18 15:16:32,603 - INFO - Figure 1 saved: fig1_gate_metrics.png
2026-03-18 15:16:32,856 - INFO - Figure 2 saved: fig2_task_breakdown.png
2026-03-18 15:16:33,104 - INFO - Figure 3 saved: fig3_distribution.png
2026-03-18 15:16:33,104 - INFO - 
Results saved to: outputs/results.json
2026-03-18 15:16:33,104 - INFO - 
============================================================
2026-03-18 15:16:33,104 - INFO - EXPERIMENT COMPLETE
2026-03-18 15:16:33,104 - INFO - ============================================================
2026-03-18 15:16:33,104 - INFO - Overall Detection Rate: 0.0%
2026-03-18 15:16:33,104 - INFO - Gate Threshold: 30.0%
2026-03-18 15:16:33,104 - INFO - Gate Status: ❌ FAIL
2026-03-18 15:16:33,104 - INFO - ============================================================
2026-03-18 15:17:02,336 - INFO - ============================================================
2026-03-18 15:17:02,336 - INFO - H-M1: Static Analysis Cascade Routing Mechanism
2026-03-18 15:17:02,336 - INFO - ============================================================
2026-03-18 15:17:02,337 - INFO - 
[Step 1/3] Loading qualified tasks from h-e1...
2026-03-18 15:17:02,337 - INFO - Initializing detection analyzer with REAL dataset
2026-03-18 15:17:02,337 - INFO - Loading h-e1 results from: /home/anonymous/YouRA_results_new_4_sonnet45/TEST_verifai/docs/youra_research/20260318_verifai/h-e1/code/outputs/results.json
2026-03-18 15:17:02,337 - INFO - Found qualified_task_ids field with 35 tasks
2026-03-18 15:17:02,337 - INFO - Loaded 35 qualified tasks from h-e1
2026-03-18 15:17:02,337 - INFO - Qualified tasks loaded: N=35
2026-03-18 15:17:02,337 - INFO - 
[Step 2/3] Running cascade routing analysis on REAL data...
2026-03-18 15:17:02,337 - INFO - This will generate fresh code samples and measure real mypy detection rates
2026-03-18 15:17:05,341 - INFO - PyTorch version 2.10.0 available.
2026-03-18 15:17:06,209 - INFO - Loaded 164 problems from HumanEval+
2026-03-18 15:17:06,209 - INFO - Filtered to 35 qualified problems
2026-03-18 15:17:06,209 - INFO - Loading codellama/CodeLlama-7b-hf...
2026-03-18 15:17:07,960 - INFO - We will use 90% of the memory on device 0 for storing the model, and 10% for the buffer to avoid OOM. You can set `max_memory` in to a higher value to use more memory (at your own risk).
2026-03-18 15:17:11,950 - INFO - Model loaded
2026-03-18 15:17:11,950 - INFO - Processing HumanEval/1 (1/35)...
2026-03-18 15:17:55,128 - INFO -   Mypy: 20/20 failed (100.0%)
2026-03-18 15:17:55,128 - INFO - Processing HumanEval/6 (2/35)...
2026-03-18 15:18:37,160 - INFO -   Mypy: 20/20 failed (100.0%)
2026-03-18 15:18:37,161 - INFO - Processing HumanEval/8 (3/35)...
2026-03-18 15:19:03,490 - INFO - ============================================================
2026-03-18 15:19:03,490 - INFO - H-M1: Static Analysis Cascade Routing Mechanism
2026-03-18 15:19:03,490 - INFO - ============================================================
2026-03-18 15:19:03,490 - INFO - 
[Step 1/3] Loading qualified tasks from h-e1...
2026-03-18 15:19:03,490 - INFO - Initializing detection analyzer with REAL dataset
2026-03-18 15:19:03,490 - INFO - Loading h-e1 results from: /home/anonymous/YouRA_results_new_4_sonnet45/TEST_verifai/docs/youra_research/20260318_verifai/h-e1/code/outputs/results.json
2026-03-18 15:19:03,491 - INFO - Found qualified_task_ids field with 35 tasks
2026-03-18 15:19:03,491 - INFO - Loaded 35 qualified tasks from h-e1
2026-03-18 15:19:03,491 - INFO - Qualified tasks loaded: N=35
2026-03-18 15:19:03,491 - INFO - 
[Step 2/3] Running cascade routing analysis on REAL data...
2026-03-18 15:19:03,491 - INFO - This will generate fresh code samples and measure real mypy detection rates
2026-03-18 15:19:06,470 - INFO - PyTorch version 2.10.0 available.
2026-03-18 15:19:07,079 - INFO - Loaded 164 problems from HumanEval+
2026-03-18 15:19:07,079 - INFO - Filtered to 35 qualified problems
2026-03-18 15:19:07,079 - INFO - Loading codellama/CodeLlama-7b-hf...
2026-03-18 15:19:08,816 - INFO - We will use 90% of the memory on device 0 for storing the model, and 10% for the buffer to avoid OOM. You can set `max_memory` in to a higher value to use more memory (at your own risk).
2026-03-18 15:19:12,598 - INFO - Model loaded
2026-03-18 15:19:12,598 - INFO - Processing HumanEval/1 (1/35)...
2026-03-18 15:19:59,142 - INFO -   Mypy: 20/20 failed (100.0%)
2026-03-18 15:19:59,142 - INFO - Processing HumanEval/6 (2/35)...
2026-03-18 15:20:43,006 - INFO -   Mypy: 20/20 failed (100.0%)
2026-03-18 15:20:43,006 - INFO - Processing HumanEval/8 (3/35)...
2026-03-18 15:21:24,411 - INFO -   Mypy: 18/20 failed (90.0%)
2026-03-18 15:21:24,411 - INFO - Processing HumanEval/11 (4/35)...
2026-03-18 15:22:26,712 - INFO -   Mypy: 20/20 failed (100.0%)
2026-03-18 15:22:26,713 - INFO - Processing HumanEval/22 (5/35)...
2026-03-18 15:23:22,302 - INFO -   Mypy: 20/20 failed (100.0%)
2026-03-18 15:23:22,302 - INFO - Processing HumanEval/23 (6/35)...
2026-03-18 15:24:34,475 - INFO -   Mypy: 20/20 failed (100.0%)
2026-03-18 15:24:34,475 - INFO - Processing HumanEval/26 (7/35)...
2026-03-18 15:25:31,553 - INFO -   Mypy: 20/20 failed (100.0%)
2026-03-18 15:25:31,554 - INFO - Processing HumanEval/34 (8/35)...
2026-03-18 15:26:33,579 - INFO -   Mypy: 20/20 failed (100.0%)
2026-03-18 15:26:33,580 - INFO - Processing HumanEval/51 (9/35)...
2026-03-18 15:27:09,365 - INFO -   Mypy: 20/20 failed (100.0%)
2026-03-18 15:27:09,365 - INFO - Processing HumanEval/56 (10/35)...
2026-03-18 15:28:00,857 - INFO -   Mypy: 20/20 failed (100.0%)
2026-03-18 15:28:00,857 - INFO - Processing HumanEval/62 (11/35)...
2026-03-18 15:28:49,093 - INFO -   Mypy: 20/20 failed (100.0%)
2026-03-18 15:28:49,093 - INFO - Processing HumanEval/67 (12/35)...
2026-03-18 15:28:49,095 - ERROR - Experiment failed: Input length of input_ids is 258, but `max_length` is set to 256. This can lead to unexpected behavior. You should consider increasing `max_length` or, better yet, setting `max_new_tokens`.
Traceback (most recent call last):
  File "/home/anonymous/YouRA_results_new_4_sonnet45/TEST_verifai/docs/youra_research/20260318_verifai/h-m1/code/run_experiment_h_m1.py", line 339, in main
    results = analyzer.calculate_detection_rates(qualified_task_ids)
  File "/home/anonymous/YouRA_results_new_4_sonnet45/TEST_verifai/docs/youra_research/20260318_verifai/h-m1/code/run_experiment_h_m1.py", line 138, in calculate_detection_rates
    outputs = model.generate(
  File "/home/anonymous/miniforge3/envs/youra-h-m1/lib/python3.10/site-packages/torch/utils/_contextlib.py", line 124, in decorate_context
    return func(*args, **kwargs)
  File "/home/anonymous/miniforge3/envs/youra-h-m1/lib/python3.10/site-packages/transformers/generation/utils.py", line 2516, in generate
    self._validate_generated_length(generation_config, input_ids_length, has_default_max_length)
  File "/home/anonymous/miniforge3/envs/youra-h-m1/lib/python3.10/site-packages/transformers/generation/utils.py", line 1617, in _validate_generated_length
    raise ValueError(
ValueError: Input length of input_ids is 258, but `max_length` is set to 256. This can lead to unexpected behavior. You should consider increasing `max_length` or, better yet, setting `max_new_tokens`.
2026-03-18 15:29:10,016 - INFO - ============================================================
2026-03-18 15:29:10,016 - INFO - H-M1: Static Analysis Cascade Routing Mechanism
2026-03-18 15:29:10,016 - INFO - ============================================================
2026-03-18 15:29:10,016 - INFO - 
[Step 1/3] Loading qualified tasks from h-e1...
2026-03-18 15:29:10,016 - INFO - Initializing detection analyzer with REAL dataset
2026-03-18 15:29:10,016 - INFO - Loading h-e1 results from: /home/anonymous/YouRA_results_new_4_sonnet45/TEST_verifai/docs/youra_research/20260318_verifai/h-e1/code/outputs/results.json
2026-03-18 15:29:10,016 - INFO - Found qualified_task_ids field with 35 tasks
2026-03-18 15:29:10,017 - INFO - Loaded 35 qualified tasks from h-e1
2026-03-18 15:29:10,017 - INFO - Qualified tasks loaded: N=35
2026-03-18 15:29:10,017 - INFO - 
[Step 2/3] Running cascade routing analysis on REAL data...
2026-03-18 15:29:10,017 - INFO - This will generate fresh code samples and measure real mypy detection rates
2026-03-18 15:29:12,637 - INFO - PyTorch version 2.10.0 available.
2026-03-18 15:29:13,124 - INFO - Loaded 164 problems from HumanEval+
2026-03-18 15:29:13,124 - INFO - Filtered to 35 qualified problems
2026-03-18 15:29:13,124 - INFO - Loading codellama/CodeLlama-7b-hf...
2026-03-18 15:29:14,776 - INFO - We will use 90% of the memory on device 0 for storing the model, and 10% for the buffer to avoid OOM. You can set `max_memory` in to a higher value to use more memory (at your own risk).
2026-03-18 15:29:18,151 - INFO - Model loaded
2026-03-18 15:29:18,151 - INFO - Processing HumanEval/1 (1/35)...
2026-03-18 15:30:38,998 - INFO -   Mypy: 20/20 failed (100.0%)
2026-03-18 15:30:38,999 - INFO - Processing HumanEval/6 (2/35)...
2026-03-18 15:31:48,355 - INFO -   Mypy: 20/20 failed (100.0%)
2026-03-18 15:31:48,355 - INFO - Processing HumanEval/8 (3/35)...
2026-03-18 15:32:56,248 - INFO -   Mypy: 18/20 failed (90.0%)
2026-03-18 15:32:56,248 - INFO - Processing HumanEval/11 (4/35)...
2026-03-18 15:34:24,328 - INFO -   Mypy: 20/20 failed (100.0%)
2026-03-18 15:34:24,328 - INFO - Processing HumanEval/22 (5/35)...
2026-03-18 15:35:52,661 - INFO -   Mypy: 20/20 failed (100.0%)
2026-03-18 15:35:52,661 - INFO - Processing HumanEval/23 (6/35)...
2026-03-18 15:37:21,701 - INFO -   Mypy: 20/20 failed (100.0%)
2026-03-18 15:37:21,701 - INFO - Processing HumanEval/26 (7/35)...
2026-03-18 15:38:43,838 - INFO -   Mypy: 20/20 failed (100.0%)
2026-03-18 15:38:43,839 - INFO - Processing HumanEval/34 (8/35)...
2026-03-18 15:40:05,847 - INFO -   Mypy: 20/20 failed (100.0%)
2026-03-18 15:40:05,847 - INFO - Processing HumanEval/51 (9/35)...
2026-03-18 15:41:25,346 - INFO -   Mypy: 20/20 failed (100.0%)
2026-03-18 15:41:25,347 - INFO - Processing HumanEval/56 (10/35)...
2026-03-18 15:42:52,825 - INFO -   Mypy: 20/20 failed (100.0%)
2026-03-18 15:42:52,825 - INFO - Processing HumanEval/62 (11/35)...
2026-03-18 15:44:16,586 - INFO -   Mypy: 20/20 failed (100.0%)
2026-03-18 15:44:16,587 - INFO - Processing HumanEval/67 (12/35)...
2026-03-18 15:45:44,714 - INFO -   Mypy: 20/20 failed (100.0%)
2026-03-18 15:45:44,714 - INFO - Processing HumanEval/70 (13/35)...
2026-03-18 15:47:10,793 - INFO -   Mypy: 20/20 failed (100.0%)
2026-03-18 15:47:10,794 - INFO - Processing HumanEval/76 (14/35)...
2026-03-18 15:48:27,906 - INFO -   Mypy: 20/20 failed (100.0%)
2026-03-18 15:48:27,907 - INFO - Processing HumanEval/77 (15/35)...
2026-03-18 15:49:56,319 - INFO -   Mypy: 20/20 failed (100.0%)
2026-03-18 15:49:56,319 - INFO - Processing HumanEval/84 (16/35)...
2026-03-18 15:51:05,701 - INFO -   Mypy: 20/20 failed (100.0%)
2026-03-18 15:51:05,702 - INFO - Processing HumanEval/86 (17/35)...
2026-03-18 15:52:28,983 - INFO -   Mypy: 20/20 failed (100.0%)
2026-03-18 15:52:28,984 - INFO - Processing HumanEval/87 (18/35)...
2026-03-18 15:54:01,031 - INFO -   Mypy: 20/20 failed (100.0%)
2026-03-18 15:54:01,032 - INFO - Processing HumanEval/90 (19/35)...
2026-03-18 15:55:22,975 - INFO -   Mypy: 20/20 failed (100.0%)
2026-03-18 15:55:22,975 - INFO - Processing HumanEval/101 (20/35)...
2026-03-18 15:56:51,310 - INFO -   Mypy: 20/20 failed (100.0%)
2026-03-18 15:56:51,310 - INFO - Processing HumanEval/107 (21/35)...
2026-03-18 15:58:19,789 - INFO -   Mypy: 19/20 failed (95.0%)
2026-03-18 15:58:19,790 - INFO - Processing HumanEval/118 (22/35)...
2026-03-18 15:59:50,074 - INFO -   Mypy: 20/20 failed (100.0%)
2026-03-18 15:59:50,074 - INFO - Processing HumanEval/121 (23/35)...
2026-03-18 16:01:15,859 - INFO -   Mypy: 20/20 failed (100.0%)
2026-03-18 16:01:15,860 - INFO - Processing HumanEval/124 (24/35)...
2026-03-18 16:02:44,381 - INFO -   Mypy: 20/20 failed (100.0%)
2026-03-18 16:02:44,381 - INFO - Processing HumanEval/132 (25/35)...
2026-03-18 16:04:04,929 - INFO -   Mypy: 20/20 failed (100.0%)
2026-03-18 16:04:04,929 - INFO - Processing HumanEval/134 (26/35)...
2026-03-18 16:05:34,837 - INFO -   Mypy: 20/20 failed (100.0%)
2026-03-18 16:05:34,837 - INFO - Processing HumanEval/136 (27/35)...
2026-03-18 16:07:06,496 - INFO -   Mypy: 20/20 failed (100.0%)
2026-03-18 16:07:06,497 - INFO - Processing HumanEval/145 (28/35)...
2026-03-18 16:08:15,127 - INFO -   Mypy: 20/20 failed (100.0%)
2026-03-18 16:08:15,127 - INFO - Processing HumanEval/146 (29/35)...
2026-03-18 16:09:44,369 - INFO -   Mypy: 20/20 failed (100.0%)
2026-03-18 16:09:44,369 - INFO - Processing HumanEval/149 (30/35)...
2026-03-18 16:11:09,389 - INFO -   Mypy: 20/20 failed (100.0%)
2026-03-18 16:11:09,390 - INFO - Processing HumanEval/154 (31/35)...
2026-03-18 16:12:30,950 - INFO -   Mypy: 20/20 failed (100.0%)
2026-03-18 16:12:30,950 - INFO - Processing HumanEval/155 (32/35)...
2026-03-18 16:13:53,457 - INFO -   Mypy: 20/20 failed (100.0%)
2026-03-18 16:13:53,457 - INFO - Processing HumanEval/156 (33/35)...
2026-03-18 16:15:25,238 - INFO -   Mypy: 20/20 failed (100.0%)
2026-03-18 16:15:25,238 - INFO - Processing HumanEval/162 (34/35)...
2026-03-18 16:16:50,984 - INFO -   Mypy: 20/20 failed (100.0%)
2026-03-18 16:16:50,984 - INFO - Processing HumanEval/163 (35/35)...
2026-03-18 16:18:13,241 - INFO -   Mypy: 20/20 failed (100.0%)
2026-03-18 16:18:13,242 - INFO - 
Overall mypy detection rate: 99.6%
2026-03-18 16:18:13,242 - INFO - Total mypy errors: 697/700
2026-03-18 16:18:13,269 - INFO - 
[Step 3/3] Generating visualizations...
2026-03-18 16:18:13,474 - INFO - Figure 1 saved: fig1_gate_metrics.png
2026-03-18 16:18:13,812 - INFO - Figure 2 saved: fig2_task_breakdown.png
2026-03-18 16:18:14,045 - INFO - Figure 3 saved: fig3_distribution.png
2026-03-18 16:18:14,046 - INFO - 
Results saved to: outputs/results.json
2026-03-18 16:18:14,046 - INFO - 
============================================================
2026-03-18 16:18:14,046 - INFO - EXPERIMENT COMPLETE
2026-03-18 16:18:14,046 - INFO - ============================================================
2026-03-18 16:18:14,046 - INFO - Overall Detection Rate: 99.6%
2026-03-18 16:18:14,046 - INFO - Gate Threshold: 30.0%
2026-03-18 16:18:14,046 - INFO - Gate Status: ✅ PASS
2026-03-18 16:18:14,046 - INFO - ============================================================
