2026-03-18 17:38:43,900 - INFO - Starting MOCK H-M3 Experiment (Code Verification)
2026-03-18 17:38:43,900 - INFO - MOCK MODE: Simulating CodeLlama-7B (no actual model loading)
2026-03-18 17:38:43,900 - INFO - ============================================================
2026-03-18 17:38:43,900 - INFO - MOCK H-M3 Pipeline - Code Verification Mode
2026-03-18 17:38:43,900 - INFO - ============================================================
2026-03-18 17:38:43,900 - INFO - Loading qualified tasks from h-e1...
2026-03-18 17:38:44,429 - INFO - Loaded 164 tasks from HumanEval+
2026-03-18 17:38:44,429 - INFO - Loading qualified tasks from: ../../h-e1/code/outputs/results.json
2026-03-18 17:38:44,430 - INFO - Loaded 20 qualified dual-sensitive tasks from h-e1 results
2026-03-18 17:38:44,430 - INFO - Loaded 20 qualified tasks
2026-03-18 17:38:44,430 - INFO - MOCK: Skipping model loading (saves ~5 min)
2026-03-18 17:38:44,430 - INFO - Running CASCADE evaluation (MOCK)...
2026-03-18 17:38:44,430 - INFO - CASCADE: Task 1/20: HumanEval/1
2026-03-18 17:38:44,430 - INFO - CASCADE: Task 2/20: HumanEval/6
2026-03-18 17:38:44,430 - INFO - CASCADE: Task 3/20: HumanEval/8
2026-03-18 17:38:44,430 - INFO - CASCADE: Task 4/20: HumanEval/11
2026-03-18 17:38:44,430 - INFO - CASCADE: Task 5/20: HumanEval/22
2026-03-18 17:38:44,430 - INFO - CASCADE: Task 6/20: HumanEval/23
2026-03-18 17:38:44,430 - INFO - CASCADE: Task 7/20: HumanEval/26
2026-03-18 17:38:44,430 - INFO - CASCADE: Task 8/20: HumanEval/34
2026-03-18 17:38:44,430 - INFO - CASCADE: Task 9/20: HumanEval/51
2026-03-18 17:38:44,430 - INFO - CASCADE: Task 10/20: HumanEval/56
2026-03-18 17:38:44,430 - INFO - CASCADE: Task 11/20: HumanEval/62
2026-03-18 17:38:44,430 - INFO - CASCADE: Task 12/20: HumanEval/67
2026-03-18 17:38:44,430 - INFO - CASCADE: Task 13/20: HumanEval/70
2026-03-18 17:38:44,430 - INFO - CASCADE: Task 14/20: HumanEval/76
2026-03-18 17:38:44,430 - INFO - CASCADE: Task 15/20: HumanEval/77
2026-03-18 17:38:44,430 - INFO - CASCADE: Task 16/20: HumanEval/84
2026-03-18 17:38:44,430 - INFO - CASCADE: Task 17/20: HumanEval/86
2026-03-18 17:38:44,430 - INFO - CASCADE: Task 18/20: HumanEval/87
2026-03-18 17:38:44,430 - INFO - CASCADE: Task 19/20: HumanEval/90
2026-03-18 17:38:44,430 - INFO - CASCADE: Task 20/20: HumanEval/101
2026-03-18 17:38:44,430 - INFO - Running AGGREGATION evaluation (MOCK)...
2026-03-18 17:38:44,430 - INFO - AGGREGATION: Task 1/20: HumanEval/1
2026-03-18 17:38:44,430 - INFO - AGGREGATION: Task 2/20: HumanEval/6
2026-03-18 17:38:44,430 - INFO - AGGREGATION: Task 3/20: HumanEval/8
2026-03-18 17:38:44,430 - INFO - AGGREGATION: Task 4/20: HumanEval/11
2026-03-18 17:38:44,430 - INFO - AGGREGATION: Task 5/20: HumanEval/22
2026-03-18 17:38:44,430 - INFO - AGGREGATION: Task 6/20: HumanEval/23
2026-03-18 17:38:44,430 - INFO - AGGREGATION: Task 7/20: HumanEval/26
2026-03-18 17:38:44,430 - INFO - AGGREGATION: Task 8/20: HumanEval/34
2026-03-18 17:38:44,430 - INFO - AGGREGATION: Task 9/20: HumanEval/51
2026-03-18 17:38:44,431 - INFO - AGGREGATION: Task 10/20: HumanEval/56
2026-03-18 17:38:44,431 - INFO - AGGREGATION: Task 11/20: HumanEval/62
2026-03-18 17:38:44,431 - INFO - AGGREGATION: Task 12/20: HumanEval/67
2026-03-18 17:38:44,431 - INFO - AGGREGATION: Task 13/20: HumanEval/70
2026-03-18 17:38:44,431 - INFO - AGGREGATION: Task 14/20: HumanEval/76
2026-03-18 17:38:44,431 - INFO - AGGREGATION: Task 15/20: HumanEval/77
2026-03-18 17:38:44,431 - INFO - AGGREGATION: Task 16/20: HumanEval/84
2026-03-18 17:38:44,431 - INFO - AGGREGATION: Task 17/20: HumanEval/86
2026-03-18 17:38:44,431 - INFO - AGGREGATION: Task 18/20: HumanEval/87
2026-03-18 17:38:44,431 - INFO - AGGREGATION: Task 19/20: HumanEval/90
2026-03-18 17:38:44,431 - INFO - AGGREGATION: Task 20/20: HumanEval/101
2026-03-18 17:38:44,431 - INFO - Analyzing efficiency...
2026-03-18 17:38:44,431 - INFO - Generating visualizations...
2026-03-18 17:38:44,618 - INFO - Generated gate_metrics.png
2026-03-18 17:38:44,798 - INFO - Generated token_efficiency.png
2026-03-18 17:38:44,997 - INFO - Generated token_breakdown.png
2026-03-18 17:38:45,198 - INFO - Generated gating_efficiency.png
2026-03-18 17:38:45,348 - INFO - Generated iterations_comparison.png
2026-03-18 17:38:45,349 - INFO - 
CASCADE tokens/task: 18.15
2026-03-18 17:38:45,349 - INFO - AGGREGATION tokens/task: 24.75
2026-03-18 17:38:45,349 - INFO - Efficiency ratio: 0.733
2026-03-18 17:38:45,349 - INFO - Gate satisfied: True
