2026-03-18 15:29:10,016 - INFO - ============================================================
2026-03-18 15:29:10,016 - INFO - H-M1: Static Analysis Cascade Routing Mechanism
2026-03-18 15:29:10,016 - INFO - ============================================================
2026-03-18 15:29:10,016 - INFO - 
[Step 1/3] Loading qualified tasks from h-e1...
2026-03-18 15:29:10,016 - INFO - Initializing detection analyzer with REAL dataset
2026-03-18 15:29:10,016 - INFO - Loading h-e1 results from: /home/anonymous/YouRA_results_new_4_sonnet45/TEST_verifai/docs/youra_research/20260318_verifai/h-e1/code/outputs/results.json
2026-03-18 15:29:10,016 - INFO - Found qualified_task_ids field with 35 tasks
2026-03-18 15:29:10,017 - INFO - Loaded 35 qualified tasks from h-e1
2026-03-18 15:29:10,017 - INFO - Qualified tasks loaded: N=35
2026-03-18 15:29:10,017 - INFO - 
[Step 2/3] Running cascade routing analysis on REAL data...
2026-03-18 15:29:10,017 - INFO - This will generate fresh code samples and measure real mypy detection rates
/home/anonymous/miniforge3/envs/youra-h-m1/lib/python3.10/site-packages/requests/__init__.py:113: RequestsDependencyWarning: urllib3 (1.26.20) or chardet (7.0.1)/charset_normalizer (3.4.5) doesn't match a supported version!
  warnings.warn(
2026-03-18 15:29:12,637 - INFO - PyTorch version 2.10.0 available.
2026-03-18 15:29:13,124 - INFO - Loaded 164 problems from HumanEval+
2026-03-18 15:29:13,124 - INFO - Filtered to 35 qualified problems
2026-03-18 15:29:13,124 - INFO - Loading codellama/CodeLlama-7b-hf...
`torch_dtype` is deprecated! Use `dtype` instead!
2026-03-18 15:29:14,776 - INFO - We will use 90% of the memory on device 0 for storing the model, and 10% for the buffer to avoid OOM. You can set `max_memory` in to a higher value to use more memory (at your own risk).
Loading checkpoint shards:   0%|          | 0/2 [00:00<?, ?it/s]Loading checkpoint shards:  50%|█████     | 1/2 [00:02<00:02,  2.14s/it]Loading checkpoint shards: 100%|██████████| 2/2 [00:02<00:00,  1.34s/it]Loading checkpoint shards: 100%|██████████| 2/2 [00:02<00:00,  1.46s/it]
2026-03-18 15:29:18,151 - INFO - Model loaded
2026-03-18 15:29:18,151 - INFO - Processing HumanEval/1 (1/35)...
2026-03-18 15:30:38,998 - INFO -   Mypy: 20/20 failed (100.0%)
2026-03-18 15:30:38,999 - INFO - Processing HumanEval/6 (2/35)...
2026-03-18 15:31:48,355 - INFO -   Mypy: 20/20 failed (100.0%)
2026-03-18 15:31:48,355 - INFO - Processing HumanEval/8 (3/35)...
2026-03-18 15:32:56,248 - INFO -   Mypy: 18/20 failed (90.0%)
2026-03-18 15:32:56,248 - INFO - Processing HumanEval/11 (4/35)...
2026-03-18 15:34:24,328 - INFO -   Mypy: 20/20 failed (100.0%)
2026-03-18 15:34:24,328 - INFO - Processing HumanEval/22 (5/35)...
2026-03-18 15:35:52,661 - INFO -   Mypy: 20/20 failed (100.0%)
2026-03-18 15:35:52,661 - INFO - Processing HumanEval/23 (6/35)...
2026-03-18 15:37:21,701 - INFO -   Mypy: 20/20 failed (100.0%)
2026-03-18 15:37:21,701 - INFO - Processing HumanEval/26 (7/35)...
2026-03-18 15:38:43,838 - INFO -   Mypy: 20/20 failed (100.0%)
2026-03-18 15:38:43,839 - INFO - Processing HumanEval/34 (8/35)...
2026-03-18 15:40:05,847 - INFO -   Mypy: 20/20 failed (100.0%)
2026-03-18 15:40:05,847 - INFO - Processing HumanEval/51 (9/35)...
2026-03-18 15:41:25,346 - INFO -   Mypy: 20/20 failed (100.0%)
2026-03-18 15:41:25,347 - INFO - Processing HumanEval/56 (10/35)...
2026-03-18 15:42:52,825 - INFO -   Mypy: 20/20 failed (100.0%)
2026-03-18 15:42:52,825 - INFO - Processing HumanEval/62 (11/35)...
2026-03-18 15:44:16,586 - INFO -   Mypy: 20/20 failed (100.0%)
2026-03-18 15:44:16,587 - INFO - Processing HumanEval/67 (12/35)...
2026-03-18 15:45:44,714 - INFO -   Mypy: 20/20 failed (100.0%)
2026-03-18 15:45:44,714 - INFO - Processing HumanEval/70 (13/35)...
2026-03-18 15:47:10,793 - INFO -   Mypy: 20/20 failed (100.0%)
2026-03-18 15:47:10,794 - INFO - Processing HumanEval/76 (14/35)...
2026-03-18 15:48:27,906 - INFO -   Mypy: 20/20 failed (100.0%)
2026-03-18 15:48:27,907 - INFO - Processing HumanEval/77 (15/35)...
2026-03-18 15:49:56,319 - INFO -   Mypy: 20/20 failed (100.0%)
2026-03-18 15:49:56,319 - INFO - Processing HumanEval/84 (16/35)...
2026-03-18 15:51:05,701 - INFO -   Mypy: 20/20 failed (100.0%)
2026-03-18 15:51:05,702 - INFO - Processing HumanEval/86 (17/35)...
2026-03-18 15:52:28,983 - INFO -   Mypy: 20/20 failed (100.0%)
2026-03-18 15:52:28,984 - INFO - Processing HumanEval/87 (18/35)...
2026-03-18 15:54:01,031 - INFO -   Mypy: 20/20 failed (100.0%)
2026-03-18 15:54:01,032 - INFO - Processing HumanEval/90 (19/35)...
2026-03-18 15:55:22,975 - INFO -   Mypy: 20/20 failed (100.0%)
2026-03-18 15:55:22,975 - INFO - Processing HumanEval/101 (20/35)...
2026-03-18 15:56:51,310 - INFO -   Mypy: 20/20 failed (100.0%)
2026-03-18 15:56:51,310 - INFO - Processing HumanEval/107 (21/35)...
2026-03-18 15:58:19,789 - INFO -   Mypy: 19/20 failed (95.0%)
2026-03-18 15:58:19,790 - INFO - Processing HumanEval/118 (22/35)...
2026-03-18 15:59:50,074 - INFO -   Mypy: 20/20 failed (100.0%)
2026-03-18 15:59:50,074 - INFO - Processing HumanEval/121 (23/35)...
2026-03-18 16:01:15,859 - INFO -   Mypy: 20/20 failed (100.0%)
2026-03-18 16:01:15,860 - INFO - Processing HumanEval/124 (24/35)...
2026-03-18 16:02:44,381 - INFO -   Mypy: 20/20 failed (100.0%)
2026-03-18 16:02:44,381 - INFO - Processing HumanEval/132 (25/35)...
2026-03-18 16:04:04,929 - INFO -   Mypy: 20/20 failed (100.0%)
2026-03-18 16:04:04,929 - INFO - Processing HumanEval/134 (26/35)...
2026-03-18 16:05:34,837 - INFO -   Mypy: 20/20 failed (100.0%)
2026-03-18 16:05:34,837 - INFO - Processing HumanEval/136 (27/35)...
2026-03-18 16:07:06,496 - INFO -   Mypy: 20/20 failed (100.0%)
2026-03-18 16:07:06,497 - INFO - Processing HumanEval/145 (28/35)...
2026-03-18 16:08:15,127 - INFO -   Mypy: 20/20 failed (100.0%)
2026-03-18 16:08:15,127 - INFO - Processing HumanEval/146 (29/35)...
2026-03-18 16:09:44,369 - INFO -   Mypy: 20/20 failed (100.0%)
2026-03-18 16:09:44,369 - INFO - Processing HumanEval/149 (30/35)...
2026-03-18 16:11:09,389 - INFO -   Mypy: 20/20 failed (100.0%)
2026-03-18 16:11:09,390 - INFO - Processing HumanEval/154 (31/35)...
2026-03-18 16:12:30,950 - INFO -   Mypy: 20/20 failed (100.0%)
2026-03-18 16:12:30,950 - INFO - Processing HumanEval/155 (32/35)...
2026-03-18 16:13:53,457 - INFO -   Mypy: 20/20 failed (100.0%)
2026-03-18 16:13:53,457 - INFO - Processing HumanEval/156 (33/35)...
2026-03-18 16:15:25,238 - INFO -   Mypy: 20/20 failed (100.0%)
2026-03-18 16:15:25,238 - INFO - Processing HumanEval/162 (34/35)...
2026-03-18 16:16:50,984 - INFO -   Mypy: 20/20 failed (100.0%)
2026-03-18 16:16:50,984 - INFO - Processing HumanEval/163 (35/35)...
2026-03-18 16:18:13,241 - INFO -   Mypy: 20/20 failed (100.0%)
2026-03-18 16:18:13,242 - INFO - 
Overall mypy detection rate: 99.6%
2026-03-18 16:18:13,242 - INFO - Total mypy errors: 697/700
2026-03-18 16:18:13,269 - INFO - 
[Step 3/3] Generating visualizations...
2026-03-18 16:18:13,474 - INFO - Figure 1 saved: fig1_gate_metrics.png
2026-03-18 16:18:13,812 - INFO - Figure 2 saved: fig2_task_breakdown.png
2026-03-18 16:18:14,045 - INFO - Figure 3 saved: fig3_distribution.png
2026-03-18 16:18:14,046 - INFO - 
Results saved to: outputs/results.json
2026-03-18 16:18:14,046 - INFO - 
============================================================
2026-03-18 16:18:14,046 - INFO - EXPERIMENT COMPLETE
2026-03-18 16:18:14,046 - INFO - ============================================================
2026-03-18 16:18:14,046 - INFO - Overall Detection Rate: 99.6%
2026-03-18 16:18:14,046 - INFO - Gate Threshold: 30.0%
2026-03-18 16:18:14,046 - INFO - Gate Status: ✅ PASS
2026-03-18 16:18:14,046 - INFO - ============================================================
