2026-03-18 14:23:00,497 - __main__ - INFO - ================================================================================
2026-03-18 14:23:00,497 - __main__ - INFO - Starting H-E1 Dual-Sensitivity Classification Experiment
2026-03-18 14:23:00,497 - __main__ - INFO - ================================================================================
2026-03-18 14:23:00,497 - __main__ - INFO - Initializing HumanEvalLoader (evalplus=True)
2026-03-18 14:23:01,280 - __main__ - INFO - Loaded 164 tasks from HumanEval+
2026-03-18 14:23:01,280 - __main__ - INFO - Initializing CodeLlama: codellama/CodeLlama-7b-hf
2026-03-18 14:23:01,280 - __main__ - INFO - Loading model...
2026-03-18 14:23:03,029 - accelerate.utils.modeling - INFO - We will use 90% of the memory on device 0 for storing the model, and 10% for the buffer to avoid OOM. You can set `max_memory` in to a higher value to use more memory (at your own risk).
Loading checkpoint shards:   0%|          | 0/2 [00:00<?, ?it/s]Loading checkpoint shards:  50%|█████     | 1/2 [00:07<00:07,  7.28s/it]Loading checkpoint shards: 100%|██████████| 2/2 [00:09<00:00,  4.56s/it]Loading checkpoint shards: 100%|██████████| 2/2 [00:09<00:00,  4.97s/it]
2026-03-18 14:23:13,272 - __main__ - INFO - Model loaded successfully
2026-03-18 14:23:13,272 - __main__ - INFO - Processing task 1/164: HumanEval/0
2026-03-18 14:23:55,213 - __main__ - INFO -   Generated 20 samples
2026-03-18 14:23:57,338 - __main__ - INFO -   Mypy: 0/20 passed
2026-03-18 14:24:04,670 - __main__ - INFO -   Pytest: 0/20 passed
2026-03-18 14:24:04,671 - __main__ - INFO -   - Not dual-sensitive
2026-03-18 14:24:04,671 - __main__ - INFO - Processing task 2/164: HumanEval/1
2026-03-18 14:24:50,230 - __main__ - INFO -   Generated 20 samples
2026-03-18 14:24:52,383 - __main__ - INFO -   Mypy: 0/20 passed
2026-03-18 14:24:59,853 - __main__ - INFO -   Pytest: 0/20 passed
2026-03-18 14:24:59,854 - __main__ - INFO -   - Not dual-sensitive
2026-03-18 14:24:59,854 - __main__ - INFO - Processing task 3/164: HumanEval/2
2026-03-18 14:25:55,724 - __main__ - INFO -   Generated 20 samples
2026-03-18 14:25:57,986 - __main__ - INFO -   Mypy: 0/20 passed
2026-03-18 14:26:05,033 - __main__ - INFO -   Pytest: 0/20 passed
2026-03-18 14:26:05,033 - __main__ - INFO -   - Not dual-sensitive
2026-03-18 14:26:05,034 - __main__ - INFO - Processing task 4/164: HumanEval/3
2026-03-18 14:26:46,719 - __main__ - INFO -   Generated 20 samples
2026-03-18 14:26:48,828 - __main__ - INFO -   Mypy: 0/20 passed
2026-03-18 14:26:56,270 - __main__ - INFO -   Pytest: 0/20 passed
2026-03-18 14:26:56,270 - __main__ - INFO -   - Not dual-sensitive
2026-03-18 14:26:56,270 - __main__ - INFO - Processing task 5/164: HumanEval/4
2026-03-18 14:27:43,509 - __main__ - INFO -   Generated 20 samples
2026-03-18 14:27:45,641 - __main__ - INFO -   Mypy: 0/20 passed
2026-03-18 14:27:52,633 - __main__ - INFO -   Pytest: 0/20 passed
2026-03-18 14:27:52,634 - __main__ - INFO -   - Not dual-sensitive
2026-03-18 14:27:52,634 - __main__ - INFO - Processing task 6/164: HumanEval/5
