2026-05-05 10:34:21,059 [INFO] ============================================================
2026-05-05 10:34:21,059 [INFO] H-E1: Permutation Orbit Non-Triviality Analysis
2026-05-05 10:34:21,059 [INFO] ============================================================
2026-05-05 10:34:21,059 [INFO] Step 1: Loading model zoo checkpoints...
2026-05-05 10:34:21,059 [INFO] modelzoo package not available, trying dataset .pt file
2026-05-05 10:34:21,060 [INFO] Loading preprocessed zoo from /home/anonymous/YouRA_results_new_4_sonnet46_no_mcp/TEST_wsl/docs/youra_research/20260505_wsl/h-e1/code/data/model_zoo/dataset_mnist_seed.pt
2026-05-05 10:34:55,293 [INFO] Filtering to training_iteration=50 (final epoch)

Filtering checkpoints:   0%|          | 0/50860 [00:00<?, ?it/s]
Filtering checkpoints: 100%|██████████| 50860/50860 [00:00<00:00, 4490617.66it/s]
2026-05-05 10:34:55,307 [INFO] Loaded 976 final-epoch checkpoints
2026-05-05 10:34:56,488 [INFO] Loaded 976 checkpoints from dataset .pt
2026-05-05 10:34:56,491 [INFO]   Loaded 976 checkpoints
2026-05-05 10:34:56,491 [INFO] Step 2: Verifying BN-free architecture...
2026-05-05 10:34:56,491 [INFO]   BN-free: True
2026-05-05 10:34:56,492 [INFO] Step 3: Sampling stratified model pairs...
2026-05-05 10:34:56,493 [INFO]   Sampled 500 pairs
2026-05-05 10:34:56,493 [INFO] Step 4: Computing orbit statistics...

Computing distances:   0%|          | 0/500 [00:00<?, ?it/s]2026-05-05 10:34:56,521 [INFO] Processed 100/500 pairs
2026-05-05 10:34:56,527 [INFO] Processed 200/500 pairs
2026-05-05 10:34:56,532 [INFO] Processed 300/500 pairs
2026-05-05 10:34:56,538 [INFO] Processed 400/500 pairs
2026-05-05 10:34:56,544 [INFO] Processed 500/500 pairs

Computing distances: 100%|██████████| 500/500 [00:00<00:00, 9829.31it/s]
2026-05-05 10:34:56,544 [INFO]   Orbit proportion: 1.0000
2026-05-05 10:34:56,545 [INFO] Step 7: Generating figures...
2026-05-05 10:34:57,349 [INFO]   Figures saved to /home/anonymous/YouRA_results_new_4_sonnet46_no_mcp/TEST_wsl/docs/youra_research/20260505_wsl/h-e1/figures
2026-05-05 10:34:57,351 [INFO] Results saved to /home/anonymous/YouRA_results_new_4_sonnet46_no_mcp/TEST_wsl/docs/youra_research/20260505_wsl/h-e1/results/h_e1_results.yaml


==================================================
H-E1 Gate: PASS
  BN-free: True
  Orbit proportion: 1.000 (threshold: >0.05)
==================================================
EXPERIMENT COMPLETE

