12:52:16 [INFO] h-m1: ============================================================
12:52:16 [INFO] h-m1: H-M1: Flat MLP Encoder Permutation Sensitivity Probing
12:52:16 [INFO] h-m1: ============================================================
12:52:16 [INFO] h-m1: [H-M1] Using device: cuda
12:52:16 [INFO] h-m1: Step 1: Loading dataset...
12:52:16 [INFO] h-m1: Loading ../../.data_cache/datasets/mnist_hyp_rand/dataset_mnist_hyp_rand.pt
12:53:30 [INFO] h-m1:   trainset: 1589 final-epoch checkpoints (max_iter=50)
12:53:30 [INFO] h-m1:   valset: 322 final-epoch checkpoints (max_iter=50)
12:53:30 [INFO] h-m1:   testset: 338 final-epoch checkpoints (max_iter=50)
12:53:32 [INFO] h-m1: Total checkpoints: 2249 (train=1589, val=322, test=338)
12:53:32 [INFO] h-m1: Computing z-score normalization from training set...

Computing stats:   0%|          | 0/1589 [00:00<?, ?it/s]
Computing stats: 100%|██████████| 1589/1589 [00:00<00:00, 54435.89it/s]
12:53:32 [INFO] h-m1: input_dim=2464, mean.norm=1.9050
12:53:32 [INFO] h-m1:   train=1589, val=322, test=338, total=2249
12:53:32 [INFO] h-m1: Step 2: Grid-searching FlatMLPEncoder (~500K params)...
12:53:32 [INFO] h-m1: [H-M1] Grid search: hidden_dims=[193], params=500,577
12:53:32 [INFO] h-m1: [H-M1] Selected hidden_dims=[193], params=500,577
12:53:32 [INFO] h-m1:   hidden_dims=[193], params=500,577
12:53:32 [INFO] h-m1: Step 3: Training FlatMLPWithHead (150 epochs)...
12:53:33 [INFO] h-m1: [H-M1] Epoch 1/150: train_loss=0.2251, val_loss=0.1461, val_rho=0.1762
12:53:33 [INFO] h-m1: [H-M1] Epoch 2/150: train_loss=0.1160, val_loss=0.1355, val_rho=0.1762
12:53:33 [INFO] h-m1: [H-M1] Epoch 3/150: train_loss=0.1222, val_loss=0.1229, val_rho=0.1762
12:53:34 [INFO] h-m1: [H-M1] Epoch 4/150: train_loss=0.1381, val_loss=0.1174, val_rho=0.1762
12:53:34 [INFO] h-m1: [H-M1] Epoch 5/150: train_loss=0.1614, val_loss=0.1540, val_rho=0.1762
12:53:34 [INFO] h-m1: [H-M1] Epoch 6/150: train_loss=0.0840, val_loss=0.1052, val_rho=0.1762
12:53:34 [INFO] h-m1: [H-M1] Epoch 7/150: train_loss=0.0608, val_loss=0.1201, val_rho=0.1762
12:53:34 [INFO] h-m1: [H-M1] Epoch 8/150: train_loss=0.0321, val_loss=0.1283, val_rho=0.1762
12:53:34 [INFO] h-m1: [H-M1] Epoch 9/150: train_loss=0.0214, val_loss=0.1315, val_rho=0.1762
12:53:34 [INFO] h-m1: [H-M1] Epoch 10/150: train_loss=0.0156, val_loss=0.1276, val_rho=0.3004
12:53:34 [INFO] h-m1: [H-M1] Epoch 11/150: train_loss=0.0114, val_loss=0.1275, val_rho=0.3004
12:53:34 [INFO] h-m1: [H-M1] Epoch 12/150: train_loss=0.0107, val_loss=0.1298, val_rho=0.3004
12:53:34 [INFO] h-m1: [H-M1] Epoch 13/150: train_loss=0.0107, val_loss=0.1308, val_rho=0.3004
12:53:35 [INFO] h-m1: [H-M1] Epoch 14/150: train_loss=0.0109, val_loss=0.1361, val_rho=0.3004
12:53:35 [INFO] h-m1: [H-M1] Epoch 15/150: train_loss=0.0100, val_loss=0.1322, val_rho=0.3004
12:53:35 [INFO] h-m1: [H-M1] Epoch 16/150: train_loss=0.0104, val_loss=0.1382, val_rho=0.3004
12:53:35 [INFO] h-m1: [H-M1] Epoch 17/150: train_loss=0.0104, val_loss=0.1441, val_rho=0.3004
12:53:35 [INFO] h-m1: [H-M1] Epoch 18/150: train_loss=0.0098, val_loss=0.1381, val_rho=0.3004
12:53:35 [INFO] h-m1: [H-M1] Epoch 19/150: train_loss=0.0087, val_loss=0.1392, val_rho=0.3004
12:53:35 [INFO] h-m1: [H-M1] Epoch 20/150: train_loss=0.0087, val_loss=0.1497, val_rho=0.2965
12:53:35 [INFO] h-m1: [H-M1] Epoch 21/150: train_loss=0.0082, val_loss=0.1467, val_rho=0.2965
12:53:35 [INFO] h-m1: [H-M1] Epoch 22/150: train_loss=0.0097, val_loss=0.1463, val_rho=0.2965
12:53:36 [INFO] h-m1: [H-M1] Epoch 23/150: train_loss=0.0091, val_loss=0.1456, val_rho=0.2965
12:53:36 [INFO] h-m1: [H-M1] Epoch 24/150: train_loss=0.0088, val_loss=0.1419, val_rho=0.2965
12:53:36 [INFO] h-m1: [H-M1] Epoch 25/150: train_loss=0.0099, val_loss=0.1501, val_rho=0.2965
12:53:36 [INFO] h-m1: [H-M1] Epoch 26/150: train_loss=0.0084, val_loss=0.1512, val_rho=0.2965
12:53:36 [INFO] h-m1: [H-M1] Epoch 27/150: train_loss=0.0076, val_loss=0.1640, val_rho=0.2965
12:53:36 [INFO] h-m1: [H-M1] Epoch 28/150: train_loss=0.0075, val_loss=0.1518, val_rho=0.2965
12:53:36 [INFO] h-m1: [H-M1] Epoch 29/150: train_loss=0.0068, val_loss=0.1456, val_rho=0.2965
12:53:36 [INFO] h-m1: [H-M1] Epoch 30/150: train_loss=0.0064, val_loss=0.1468, val_rho=0.3024
12:53:36 [INFO] h-m1: [H-M1] Epoch 31/150: train_loss=0.0065, val_loss=0.1475, val_rho=0.3024
12:53:36 [INFO] h-m1: [H-M1] Epoch 32/150: train_loss=0.0063, val_loss=0.1497, val_rho=0.3024
12:53:37 [INFO] h-m1: [H-M1] Epoch 33/150: train_loss=0.0060, val_loss=0.1512, val_rho=0.3024
12:53:37 [INFO] h-m1: [H-M1] Epoch 34/150: train_loss=0.0065, val_loss=0.1453, val_rho=0.3024
12:53:37 [INFO] h-m1: [H-M1] Epoch 35/150: train_loss=0.0066, val_loss=0.1493, val_rho=0.3024
12:53:37 [INFO] h-m1: [H-M1] Epoch 36/150: train_loss=0.0063, val_loss=0.1490, val_rho=0.3024
12:53:37 [INFO] h-m1: [H-M1] Epoch 37/150: train_loss=0.0061, val_loss=0.1400, val_rho=0.3024
12:53:37 [INFO] h-m1: [H-M1] Epoch 38/150: train_loss=0.0056, val_loss=0.1428, val_rho=0.3024
12:53:37 [INFO] h-m1: [H-M1] Epoch 39/150: train_loss=0.0056, val_loss=0.1493, val_rho=0.3024
12:53:37 [INFO] h-m1: [H-M1] Epoch 40/150: train_loss=0.0062, val_loss=0.1512, val_rho=0.2972
12:53:37 [INFO] h-m1: [H-M1] Epoch 41/150: train_loss=0.0060, val_loss=0.1531, val_rho=0.2972
12:53:38 [INFO] h-m1: [H-M1] Epoch 42/150: train_loss=0.0057, val_loss=0.1488, val_rho=0.2972
12:53:38 [INFO] h-m1: [H-M1] Epoch 43/150: train_loss=0.0052, val_loss=0.1473, val_rho=0.2972
12:53:38 [INFO] h-m1: [H-M1] Epoch 44/150: train_loss=0.0051, val_loss=0.1469, val_rho=0.2972
12:53:38 [INFO] h-m1: [H-M1] Epoch 45/150: train_loss=0.0051, val_loss=0.1499, val_rho=0.2972
12:53:38 [INFO] h-m1: [H-M1] Epoch 46/150: train_loss=0.0050, val_loss=0.1480, val_rho=0.2972
12:53:38 [INFO] h-m1: [H-M1] Epoch 47/150: train_loss=0.0049, val_loss=0.1398, val_rho=0.2972
12:53:38 [INFO] h-m1: [H-M1] Epoch 48/150: train_loss=0.0049, val_loss=0.1510, val_rho=0.2972
12:53:38 [INFO] h-m1: [H-M1] Epoch 49/150: train_loss=0.0050, val_loss=0.1429, val_rho=0.2972
12:53:38 [INFO] h-m1: [H-M1] Epoch 50/150: train_loss=0.0050, val_loss=0.1452, val_rho=0.2997
12:53:38 [INFO] h-m1: [H-M1] Epoch 51/150: train_loss=0.0049, val_loss=0.1475, val_rho=0.2997
12:53:39 [INFO] h-m1: [H-M1] Epoch 52/150: train_loss=0.0048, val_loss=0.1427, val_rho=0.2997
12:53:39 [INFO] h-m1: [H-M1] Epoch 53/150: train_loss=0.0043, val_loss=0.1382, val_rho=0.2997
12:53:39 [INFO] h-m1: [H-M1] Epoch 54/150: train_loss=0.0047, val_loss=0.1475, val_rho=0.2997
12:53:39 [INFO] h-m1: [H-M1] Epoch 55/150: train_loss=0.0043, val_loss=0.1440, val_rho=0.2997
12:53:39 [INFO] h-m1: [H-M1] Epoch 56/150: train_loss=0.0048, val_loss=0.1363, val_rho=0.2997
12:53:39 [INFO] h-m1: [H-M1] Epoch 57/150: train_loss=0.0054, val_loss=0.1460, val_rho=0.2997
12:53:39 [INFO] h-m1: [H-M1] Epoch 58/150: train_loss=0.0052, val_loss=0.1369, val_rho=0.2997
12:53:39 [INFO] h-m1: [H-M1] Epoch 59/150: train_loss=0.0052, val_loss=0.1399, val_rho=0.2997
12:53:39 [INFO] h-m1: [H-M1] Epoch 60/150: train_loss=0.0046, val_loss=0.1356, val_rho=0.3053
12:53:39 [INFO] h-m1: [H-M1] Epoch 61/150: train_loss=0.0046, val_loss=0.1446, val_rho=0.3053
12:53:40 [INFO] h-m1: [H-M1] Epoch 62/150: train_loss=0.0045, val_loss=0.1342, val_rho=0.3053
12:53:40 [INFO] h-m1: [H-M1] Epoch 63/150: train_loss=0.0041, val_loss=0.1449, val_rho=0.3053
12:53:40 [INFO] h-m1: [H-M1] Epoch 64/150: train_loss=0.0042, val_loss=0.1324, val_rho=0.3053
12:53:40 [INFO] h-m1: [H-M1] Epoch 65/150: train_loss=0.0042, val_loss=0.1412, val_rho=0.3053
12:53:40 [INFO] h-m1: [H-M1] Epoch 66/150: train_loss=0.0037, val_loss=0.1366, val_rho=0.3053
12:53:40 [INFO] h-m1: [H-M1] Epoch 67/150: train_loss=0.0036, val_loss=0.1374, val_rho=0.3053
12:53:40 [INFO] h-m1: [H-M1] Epoch 68/150: train_loss=0.0037, val_loss=0.1348, val_rho=0.3053
12:53:40 [INFO] h-m1: [H-M1] Epoch 69/150: train_loss=0.0039, val_loss=0.1407, val_rho=0.3053
12:53:40 [INFO] h-m1: [H-M1] Epoch 70/150: train_loss=0.0038, val_loss=0.1347, val_rho=0.3060
12:53:41 [INFO] h-m1: [H-M1] Epoch 71/150: train_loss=0.0035, val_loss=0.1303, val_rho=0.3060
12:53:41 [INFO] h-m1: [H-M1] Epoch 72/150: train_loss=0.0035, val_loss=0.1348, val_rho=0.3060
12:53:41 [INFO] h-m1: [H-M1] Epoch 73/150: train_loss=0.0036, val_loss=0.1374, val_rho=0.3060
12:53:41 [INFO] h-m1: [H-M1] Epoch 74/150: train_loss=0.0035, val_loss=0.1309, val_rho=0.3060
12:53:41 [INFO] h-m1: [H-M1] Epoch 75/150: train_loss=0.0033, val_loss=0.1333, val_rho=0.3060
12:53:41 [INFO] h-m1: [H-M1] Epoch 76/150: train_loss=0.0031, val_loss=0.1344, val_rho=0.3060
12:53:41 [INFO] h-m1: [H-M1] Epoch 77/150: train_loss=0.0035, val_loss=0.1309, val_rho=0.3060
12:53:41 [INFO] h-m1: [H-M1] Epoch 78/150: train_loss=0.0034, val_loss=0.1347, val_rho=0.3060
12:53:41 [INFO] h-m1: [H-M1] Epoch 79/150: train_loss=0.0034, val_loss=0.1313, val_rho=0.3060
12:53:42 [INFO] h-m1: [H-M1] Epoch 80/150: train_loss=0.0033, val_loss=0.1286, val_rho=0.3070
12:53:42 [INFO] h-m1: [H-M1] Epoch 81/150: train_loss=0.0033, val_loss=0.1315, val_rho=0.3070
12:53:42 [INFO] h-m1: [H-M1] Epoch 82/150: train_loss=0.0035, val_loss=0.1261, val_rho=0.3070
12:53:42 [INFO] h-m1: [H-M1] Epoch 83/150: train_loss=0.0033, val_loss=0.1271, val_rho=0.3070
12:53:42 [INFO] h-m1: [H-M1] Epoch 84/150: train_loss=0.0030, val_loss=0.1302, val_rho=0.3070
12:53:43 [INFO] h-m1: [H-M1] Epoch 85/150: train_loss=0.0035, val_loss=0.1286, val_rho=0.3070
12:53:43 [INFO] h-m1: [H-M1] Epoch 86/150: train_loss=0.0030, val_loss=0.1274, val_rho=0.3070
12:53:43 [INFO] h-m1: [H-M1] Epoch 87/150: train_loss=0.0027, val_loss=0.1267, val_rho=0.3070
12:53:43 [INFO] h-m1: [H-M1] Epoch 88/150: train_loss=0.0025, val_loss=0.1301, val_rho=0.3070
12:53:43 [INFO] h-m1: [H-M1] Epoch 89/150: train_loss=0.0028, val_loss=0.1316, val_rho=0.3070
12:53:43 [INFO] h-m1: [H-M1] Epoch 90/150: train_loss=0.0026, val_loss=0.1324, val_rho=0.3092
12:53:43 [INFO] h-m1: [H-M1] Epoch 91/150: train_loss=0.0027, val_loss=0.1246, val_rho=0.3092
12:53:43 [INFO] h-m1: [H-M1] Epoch 92/150: train_loss=0.0026, val_loss=0.1314, val_rho=0.3092
12:53:44 [INFO] h-m1: [H-M1] Epoch 93/150: train_loss=0.0025, val_loss=0.1316, val_rho=0.3092
12:53:44 [INFO] h-m1: [H-M1] Epoch 94/150: train_loss=0.0025, val_loss=0.1285, val_rho=0.3092
12:53:44 [INFO] h-m1: [H-M1] Epoch 95/150: train_loss=0.0023, val_loss=0.1302, val_rho=0.3092
12:53:44 [INFO] h-m1: [H-M1] Epoch 96/150: train_loss=0.0023, val_loss=0.1274, val_rho=0.3092
12:53:44 [INFO] h-m1: [H-M1] Epoch 97/150: train_loss=0.0023, val_loss=0.1340, val_rho=0.3092
12:53:44 [INFO] h-m1: [H-M1] Epoch 98/150: train_loss=0.0024, val_loss=0.1285, val_rho=0.3092
12:53:44 [INFO] h-m1: [H-M1] Epoch 99/150: train_loss=0.0024, val_loss=0.1305, val_rho=0.3092
12:53:44 [INFO] h-m1: [H-M1] Epoch 100/150: train_loss=0.0023, val_loss=0.1320, val_rho=0.3168
12:53:44 [INFO] h-m1: [H-M1] Epoch 101/150: train_loss=0.0021, val_loss=0.1310, val_rho=0.3168
12:53:45 [INFO] h-m1: [H-M1] Epoch 102/150: train_loss=0.0023, val_loss=0.1313, val_rho=0.3168
12:53:45 [INFO] h-m1: [H-M1] Epoch 103/150: train_loss=0.0022, val_loss=0.1304, val_rho=0.3168
12:53:45 [INFO] h-m1: [H-M1] Epoch 104/150: train_loss=0.0023, val_loss=0.1286, val_rho=0.3168
12:53:45 [INFO] h-m1: [H-M1] Epoch 105/150: train_loss=0.0022, val_loss=0.1274, val_rho=0.3168
12:53:45 [INFO] h-m1: [H-M1] Epoch 106/150: train_loss=0.0018, val_loss=0.1316, val_rho=0.3168
12:53:45 [INFO] h-m1: [H-M1] Epoch 107/150: train_loss=0.0018, val_loss=0.1319, val_rho=0.3168
12:53:45 [INFO] h-m1: [H-M1] Epoch 108/150: train_loss=0.0018, val_loss=0.1293, val_rho=0.3168
12:53:45 [INFO] h-m1: [H-M1] Epoch 109/150: train_loss=0.0017, val_loss=0.1301, val_rho=0.3168
12:53:45 [INFO] h-m1: [H-M1] Epoch 110/150: train_loss=0.0018, val_loss=0.1281, val_rho=0.3169
12:53:46 [INFO] h-m1: [H-M1] Epoch 111/150: train_loss=0.0017, val_loss=0.1313, val_rho=0.3169
12:53:46 [INFO] h-m1: [H-M1] Epoch 112/150: train_loss=0.0017, val_loss=0.1279, val_rho=0.3169
12:53:46 [INFO] h-m1: [H-M1] Epoch 113/150: train_loss=0.0017, val_loss=0.1314, val_rho=0.3169
12:53:46 [INFO] h-m1: [H-M1] Epoch 114/150: train_loss=0.0016, val_loss=0.1289, val_rho=0.3169
12:53:46 [INFO] h-m1: [H-M1] Epoch 115/150: train_loss=0.0016, val_loss=0.1272, val_rho=0.3169
12:53:46 [INFO] h-m1: [H-M1] Epoch 116/150: train_loss=0.0015, val_loss=0.1290, val_rho=0.3169
12:53:46 [INFO] h-m1: [H-M1] Epoch 117/150: train_loss=0.0015, val_loss=0.1309, val_rho=0.3169
12:53:46 [INFO] h-m1: [H-M1] Epoch 118/150: train_loss=0.0016, val_loss=0.1308, val_rho=0.3169
12:53:46 [INFO] h-m1: [H-M1] Epoch 119/150: train_loss=0.0014, val_loss=0.1314, val_rho=0.3169
12:53:46 [INFO] h-m1: [H-M1] Epoch 120/150: train_loss=0.0014, val_loss=0.1315, val_rho=0.3136
12:53:47 [INFO] h-m1: [H-M1] Epoch 121/150: train_loss=0.0014, val_loss=0.1323, val_rho=0.3136
12:53:47 [INFO] h-m1: [H-M1] Epoch 122/150: train_loss=0.0012, val_loss=0.1299, val_rho=0.3136
12:53:47 [INFO] h-m1: [H-M1] Epoch 123/150: train_loss=0.0013, val_loss=0.1299, val_rho=0.3136
12:53:47 [INFO] h-m1: [H-M1] Epoch 124/150: train_loss=0.0011, val_loss=0.1315, val_rho=0.3136
12:53:47 [INFO] h-m1: [H-M1] Epoch 125/150: train_loss=0.0012, val_loss=0.1326, val_rho=0.3136
12:53:47 [INFO] h-m1: [H-M1] Epoch 126/150: train_loss=0.0013, val_loss=0.1305, val_rho=0.3136
12:53:47 [INFO] h-m1: [H-M1] Epoch 127/150: train_loss=0.0012, val_loss=0.1316, val_rho=0.3136
12:53:47 [INFO] h-m1: [H-M1] Epoch 128/150: train_loss=0.0012, val_loss=0.1313, val_rho=0.3136
12:53:47 [INFO] h-m1: [H-M1] Epoch 129/150: train_loss=0.0011, val_loss=0.1323, val_rho=0.3136
12:53:48 [INFO] h-m1: [H-M1] Epoch 130/150: train_loss=0.0012, val_loss=0.1318, val_rho=0.3181
12:53:48 [INFO] h-m1: [H-M1] Epoch 131/150: train_loss=0.0011, val_loss=0.1312, val_rho=0.3181
12:53:48 [INFO] h-m1: [H-M1] Epoch 132/150: train_loss=0.0011, val_loss=0.1313, val_rho=0.3181
12:53:48 [INFO] h-m1: [H-M1] Epoch 133/150: train_loss=0.0011, val_loss=0.1334, val_rho=0.3181
12:53:48 [INFO] h-m1: [H-M1] Epoch 134/150: train_loss=0.0011, val_loss=0.1326, val_rho=0.3181
12:53:48 [INFO] h-m1: [H-M1] Epoch 135/150: train_loss=0.0011, val_loss=0.1328, val_rho=0.3181
12:53:48 [INFO] h-m1: [H-M1] Epoch 136/150: train_loss=0.0011, val_loss=0.1341, val_rho=0.3181
12:53:48 [INFO] h-m1: [H-M1] Epoch 137/150: train_loss=0.0010, val_loss=0.1332, val_rho=0.3181
12:53:49 [INFO] h-m1: [H-M1] Epoch 138/150: train_loss=0.0011, val_loss=0.1335, val_rho=0.3181
12:53:49 [INFO] h-m1: [H-M1] Epoch 139/150: train_loss=0.0010, val_loss=0.1328, val_rho=0.3181
12:53:49 [INFO] h-m1: [H-M1] Epoch 140/150: train_loss=0.0010, val_loss=0.1334, val_rho=0.3166
12:53:49 [INFO] h-m1: [H-M1] Epoch 141/150: train_loss=0.0010, val_loss=0.1333, val_rho=0.3166
12:53:49 [INFO] h-m1: [H-M1] Epoch 142/150: train_loss=0.0011, val_loss=0.1332, val_rho=0.3166
12:53:49 [INFO] h-m1: [H-M1] Epoch 143/150: train_loss=0.0010, val_loss=0.1330, val_rho=0.3166
12:53:49 [INFO] h-m1: [H-M1] Epoch 144/150: train_loss=0.0011, val_loss=0.1334, val_rho=0.3166
12:53:49 [INFO] h-m1: [H-M1] Epoch 145/150: train_loss=0.0011, val_loss=0.1331, val_rho=0.3166
12:53:49 [INFO] h-m1: [H-M1] Epoch 146/150: train_loss=0.0009, val_loss=0.1328, val_rho=0.3166
12:53:50 [INFO] h-m1: [H-M1] Epoch 147/150: train_loss=0.0010, val_loss=0.1328, val_rho=0.3166
12:53:50 [INFO] h-m1: [H-M1] Epoch 148/150: train_loss=0.0009, val_loss=0.1328, val_rho=0.3166
12:53:50 [INFO] h-m1: [H-M1] Epoch 149/150: train_loss=0.0009, val_loss=0.1328, val_rho=0.3166
12:53:50 [INFO] h-m1: [H-M1] Epoch 150/150: train_loss=0.0010, val_loss=0.1328, val_rho=0.3162
12:53:50 [INFO] h-m1: [H-M1] Training complete. Best val_loss=0.1052
12:53:50 [INFO] h-m1:   Training complete. Final val_rho=0.3162
12:53:50 [INFO] h-m1: Step 4: Computing Spearman rho on test set...
12:53:50 [INFO] h-m1:   [H-M1] Encoder trained. Spearman rho = 0.1041
12:53:50 [INFO] h-m1: Step 5: Computing permutation sensitivity...
12:53:50 [INFO] h-m1: [H-M1] Encoder trained. Spearman rho = 0.1041. Running permutation sensitivity probing...
12:53:50 [INFO] h-m1: [H-M1] Running permutation sensitivity probing on 500 pairs...

Probing:   0%|          | 0/500 [00:00<?, ?it/s]
Probing:  33%|███▎      | 167/500 [00:00<00:00, 1662.66it/s]
Probing:  67%|██████▋   | 334/500 [00:00<00:00, 1663.92it/s]
Probing: 100%|██████████| 500/500 [00:00<00:00, 1664.36it/s]
12:53:50 [INFO] h-m1: [H-M1] sensitivity_score=0.6490, mean_equiv_L2=4.2116, mean_random_L2=6.4895
12:53:50 [INFO] h-m1:   sensitivity_score=0.6490, mean_equiv_L2=4.2116, mean_random_L2=6.4895
12:53:50 [INFO] h-m1: Step 6: Running MUST_WORK gate check...
12:53:50 [INFO] h-m1: [H-M1] Gate PASS: sensitivity_score=0.6490 (threshold=0.3)
12:53:50 [INFO] h-m1: [H-M1] spearman_rho=0.1041, param_count=500,577 (in_range=True), n_pairs=500 (sufficient=True)
12:53:50 [INFO] h-m1:   [H-M1] Gate: PASS
12:53:50 [INFO] h-m1: [H-M1] Results saved to results/h-m1_results.json
12:53:50 [INFO] h-m1: Step 8: Generating figures...
12:53:50 [INFO] h-m1: [H-M1] Saved figures/gate_metrics.png
12:53:50 [INFO] h-m1: [H-M1] Saved figures/l2_distance_distribution.png
12:53:51 [INFO] h-m1: [H-M1] Saved figures/training_curve.png
12:53:51 [INFO] h-m1: [H-M1] Saved figures/sensitivity_by_decile.png
12:53:51 [INFO] h-m1: [H-M1] Saved figures/embedding_scatter.png
12:53:51 [INFO] h-m1:   Figures saved to figures


============================================================
H-M1 MUST_WORK Gate: PASS
  sensitivity_score = 0.6490 (threshold > 0.3)
  spearman_rho      = 0.1041
  param_count       = 500,577
  n_pairs           = 500
============================================================
EXPERIMENT COMPLETE

