/home/anonymous/miniforge3/envs/youra-h-m2/lib/python3.10/site-packages/torchvision/models/_utils.py:208: UserWarning: The parameter 'pretrained' is deprecated since 0.13 and may be removed in the future, please use 'weights' instead.
  warnings.warn(
/home/anonymous/miniforge3/envs/youra-h-m2/lib/python3.10/site-packages/torchvision/models/_utils.py:223: UserWarning: Arguments other than a weight enum or `None` for 'weights' are deprecated since 0.13 and may be removed in the future. The current behavior is equivalent to passing `weights=ResNet50_Weights.IMAGENET1K_V1`. You can also use `weights=ResNet50_Weights.DEFAULT` to get the most up-to-date weights.
  warnings.warn(msg)
Loading config from configs/experiment.yaml
Initializing ResNet-50 extractor on cuda:0...

============================================================
Processing dataset: WATERBIRDS
============================================================
Extracting Waterbirds patches...
Waterbirds: 4795 patches extracted, 0 mask-based, 4795 quadrant fallbacks
Patches: spurious=(4795, 64, 64, 3), core=(4795, 64, 64, 3)
Computing FFT complexity metric...
  FFT: spurious_mean=0.0131, core_mean=0.0134, p=0.0325, direction_correct=True
Extracting ResNet-50 layer-4 features...
  Features: spurious=(4795, 2048), core=(4795, 2048)
Computing intra-class variance metric...
  Variance: spurious=255.39, core=276.27, p=0.0274, direction_correct=True
Computing linear separability metric (this may take a while)...
  Separability: spurious_auc=0.9234, core_auc=0.9079, p=0.0174, direction_correct=True

============================================================
Processing dataset: CELEBA
============================================================
Extracting CelebA patches...
WARNING: CelebA failed: Dataset not found or corrupted. You can use download=True to download it. Continuing with Waterbirds only.

Evaluating gate...
Gate: PASS (3/3 metrics pass on Waterbirds)
Mechanism activated: True, indicators: {'patches_extracted': True, 'features_extracted': True, 'direction_correct_fft': True, 'p_value_computed': True}

Generating figures...
Figures saved: ['complexity_comparison', 'fft_spectrum', 'learning_curves', 'feature_pca', 'complexity_gap']

Results saved to ./results/results_h_m2.json

EXPERIMENT COMPLETE
