
Benchmarking:   0%|          | 0/200 [00:00<?, ?it/s]
Benchmarking:  72%|███████▏  | 144/200 [00:00<00:00, 1432.79it/s]
Benchmarking: 100%|██████████| 200/200 [00:00<00:00, 1184.95it/s]

======================================================================
H-M1: Orbit-PE Architecture-Agnostic Computability Benchmark
======================================================================

Config: n_cnn=100, n_transformer=100
  token_dim=64, overhead_threshold=1.2
  device=cpu

Loading CNN Zoo checkpoints (n=100)...
✓ CNNZooLoader: loaded 100 checkpoints from data/cnn_zoo/cifar10_cnn_sample_ep21-25
  Loaded 100 CNN checkpoints

Loading Transformer Zoo checkpoints (n_mnist=100)...
✓ TransformerZooLoader: 100 MNIST + 0 AG-News = 100 total
  Loaded 100 Transformer checkpoints

Total checkpoints: 200

OrbitPEComputer: HAS_ARCH_BRANCHES=False

Running timing benchmark (200 checkpoints)...
Benchmark complete: 200 results

Gate Metrics:
  computability_rate = 1.0000
  unified_codebase   = True
  overhead_ratio_mean = 1.1671 ± 0.0605
  dim_consistent     = True
  gate_pass          = True
Metrics saved to outputs/results.json
Validation report written to /home/anonymous/YouRA_results_new_4_sonnet46_no_reflection/TEST_wsl_sonnet46_no_reflection/docs/youra_research/20260521_wsl/h-m1/04_validation.md
Gate verdict: PASS
Figure saved: figures/overhead_per_layer_type.png
Figure saved: figures/overhead_distribution.png

======================================================================
EXPERIMENT COMPLETE — Gate: PASS
  computability_rate = 1.0000
  overhead_ratio_mean = 1.1671
  unified_codebase = True
======================================================================

