================================================================================
EXPERIMENT SETUP
================================================================================

[1/3] Loading data from data/G4SATBench...
  ✓ Train: 20 samples
  ✓ Val: 10 samples
  ✓ Test: 10 samples

[2/3] Initializing NeuroSAT model...
  ✓ Model parameters: 429,185
  ✓ Hidden dimension: 128
  ✓ Message-passing rounds: 32

[3/3] Training configuration...
  ✓ Learning rate: 0.0001
  ✓ Weight decay: 1e-08
  ✓ Early stopping patience: 20
  ✓ Device: cuda

================================================================================
TRAINING PHASE
================================================================================
Starting training for 100 epochs...
/home/anonymous/miniforge3/envs/youra-h-e1/lib/python3.10/site-packages/torch_geometric/data/collate.py:142: UserWarning: Unable to accurately infer 'num_nodes' from the attribute set '{'n_literals', 'edge_index', 'n_clauses', 'is_sat', 'literal_batch', 'clauses', 'num_vars'}'. Please explicitly set 'num_nodes' as an attribute of 'data' to suppress this warning
  repeats = [store.num_nodes or 0 for store in stores]
/home/anonymous/miniforge3/envs/youra-h-e1/lib/python3.10/site-packages/torch_geometric/data/collate.py:142: UserWarning: Unable to accurately infer 'num_nodes' from the attribute set '{'n_literals', 'edge_index', 'n_clauses', 'is_sat', 'literal_batch', 'clauses', 'num_vars'}'. Please explicitly set 'num_nodes' as an attribute of 'data' to suppress this warning
  repeats = [store.num_nodes or 0 for store in stores]
Epoch 0: train_loss=0.6940, val_loss=0.6938, lr=1.00e-04
/home/anonymous/miniforge3/envs/youra-h-e1/lib/python3.10/site-packages/torch_geometric/data/collate.py:142: UserWarning: Unable to accurately infer 'num_nodes' from the attribute set '{'n_literals', 'edge_index', 'n_clauses', 'is_sat', 'literal_batch', 'clauses', 'num_vars'}'. Please explicitly set 'num_nodes' as an attribute of 'data' to suppress this warning
  repeats = [store.num_nodes or 0 for store in stores]
/home/anonymous/miniforge3/envs/youra-h-e1/lib/python3.10/site-packages/torch_geometric/data/collate.py:142: UserWarning: Unable to accurately infer 'num_nodes' from the attribute set '{'n_literals', 'edge_index', 'n_clauses', 'is_sat', 'literal_batch', 'clauses', 'num_vars'}'. Please explicitly set 'num_nodes' as an attribute of 'data' to suppress this warning
  repeats = [store.num_nodes or 0 for store in stores]
/home/anonymous/miniforge3/envs/youra-h-e1/lib/python3.10/site-packages/torch_geometric/data/collate.py:142: UserWarning: Unable to accurately infer 'num_nodes' from the attribute set '{'n_literals', 'edge_index', 'n_clauses', 'is_sat', 'literal_batch', 'clauses', 'num_vars'}'. Please explicitly set 'num_nodes' as an attribute of 'data' to suppress this warning
  repeats = [store.num_nodes or 0 for store in stores]
/home/anonymous/miniforge3/envs/youra-h-e1/lib/python3.10/site-packages/torch_geometric/data/collate.py:142: UserWarning: Unable to accurately infer 'num_nodes' from the attribute set '{'n_literals', 'edge_index', 'n_clauses', 'is_sat', 'literal_batch', 'clauses', 'num_vars'}'. Please explicitly set 'num_nodes' as an attribute of 'data' to suppress this warning
  repeats = [store.num_nodes or 0 for store in stores]
/home/anonymous/miniforge3/envs/youra-h-e1/lib/python3.10/site-packages/torch_geometric/data/collate.py:142: UserWarning: Unable to accurately infer 'num_nodes' from the attribute set '{'n_literals', 'edge_index', 'n_clauses', 'is_sat', 'literal_batch', 'clauses', 'num_vars'}'. Please explicitly set 'num_nodes' as an attribute of 'data' to suppress this warning
  repeats = [store.num_nodes or 0 for store in stores]
/home/anonymous/miniforge3/envs/youra-h-e1/lib/python3.10/site-packages/torch_geometric/data/collate.py:142: UserWarning: Unable to accurately infer 'num_nodes' from the attribute set '{'n_literals', 'edge_index', 'n_clauses', 'is_sat', 'literal_batch', 'clauses', 'num_vars'}'. Please explicitly set 'num_nodes' as an attribute of 'data' to suppress this warning
  repeats = [store.num_nodes or 0 for store in stores]
/home/anonymous/miniforge3/envs/youra-h-e1/lib/python3.10/site-packages/torch_geometric/data/collate.py:142: UserWarning: Unable to accurately infer 'num_nodes' from the attribute set '{'n_literals', 'edge_index', 'n_clauses', 'is_sat', 'literal_batch', 'clauses', 'num_vars'}'. Please explicitly set 'num_nodes' as an attribute of 'data' to suppress this warning
  repeats = [store.num_nodes or 0 for store in stores]
/home/anonymous/miniforge3/envs/youra-h-e1/lib/python3.10/site-packages/torch_geometric/data/collate.py:142: UserWarning: Unable to accurately infer 'num_nodes' from the attribute set '{'n_literals', 'edge_index', 'n_clauses', 'is_sat', 'literal_batch', 'clauses', 'num_vars'}'. Please explicitly set 'num_nodes' as an attribute of 'data' to suppress this warning
  repeats = [store.num_nodes or 0 for store in stores]
/home/anonymous/miniforge3/envs/youra-h-e1/lib/python3.10/site-packages/torch_geometric/data/collate.py:142: UserWarning: Unable to accurately infer 'num_nodes' from the attribute set '{'n_literals', 'edge_index', 'n_clauses', 'is_sat', 'literal_batch', 'clauses', 'num_vars'}'. Please explicitly set 'num_nodes' as an attribute of 'data' to suppress this warning
  repeats = [store.num_nodes or 0 for store in stores]
/home/anonymous/miniforge3/envs/youra-h-e1/lib/python3.10/site-packages/torch_geometric/data/collate.py:142: UserWarning: Unable to accurately infer 'num_nodes' from the attribute set '{'n_literals', 'edge_index', 'n_clauses', 'is_sat', 'literal_batch', 'clauses', 'num_vars'}'. Please explicitly set 'num_nodes' as an attribute of 'data' to suppress this warning
  repeats = [store.num_nodes or 0 for store in stores]
/home/anonymous/miniforge3/envs/youra-h-e1/lib/python3.10/site-packages/torch_geometric/data/collate.py:142: UserWarning: Unable to accurately infer 'num_nodes' from the attribute set '{'n_literals', 'edge_index', 'n_clauses', 'is_sat', 'literal_batch', 'clauses', 'num_vars'}'. Please explicitly set 'num_nodes' as an attribute of 'data' to suppress this warning
  repeats = [store.num_nodes or 0 for store in stores]
/home/anonymous/miniforge3/envs/youra-h-e1/lib/python3.10/site-packages/torch_geometric/data/collate.py:142: UserWarning: Unable to accurately infer 'num_nodes' from the attribute set '{'n_literals', 'edge_index', 'n_clauses', 'is_sat', 'literal_batch', 'clauses', 'num_vars'}'. Please explicitly set 'num_nodes' as an attribute of 'data' to suppress this warning
  repeats = [store.num_nodes or 0 for store in stores]
/home/anonymous/miniforge3/envs/youra-h-e1/lib/python3.10/site-packages/torch_geometric/data/collate.py:142: UserWarning: Unable to accurately infer 'num_nodes' from the attribute set '{'n_literals', 'edge_index', 'n_clauses', 'is_sat', 'literal_batch', 'clauses', 'num_vars'}'. Please explicitly set 'num_nodes' as an attribute of 'data' to suppress this warning
  repeats = [store.num_nodes or 0 for store in stores]
/home/anonymous/miniforge3/envs/youra-h-e1/lib/python3.10/site-packages/torch_geometric/data/collate.py:142: UserWarning: Unable to accurately infer 'num_nodes' from the attribute set '{'n_literals', 'edge_index', 'n_clauses', 'is_sat', 'literal_batch', 'clauses', 'num_vars'}'. Please explicitly set 'num_nodes' as an attribute of 'data' to suppress this warning
  repeats = [store.num_nodes or 0 for store in stores]
/home/anonymous/miniforge3/envs/youra-h-e1/lib/python3.10/site-packages/torch_geometric/data/collate.py:142: UserWarning: Unable to accurately infer 'num_nodes' from the attribute set '{'n_literals', 'edge_index', 'n_clauses', 'is_sat', 'literal_batch', 'clauses', 'num_vars'}'. Please explicitly set 'num_nodes' as an attribute of 'data' to suppress this warning
  repeats = [store.num_nodes or 0 for store in stores]
/home/anonymous/miniforge3/envs/youra-h-e1/lib/python3.10/site-packages/torch_geometric/data/collate.py:142: UserWarning: Unable to accurately infer 'num_nodes' from the attribute set '{'n_literals', 'edge_index', 'n_clauses', 'is_sat', 'literal_batch', 'clauses', 'num_vars'}'. Please explicitly set 'num_nodes' as an attribute of 'data' to suppress this warning
  repeats = [store.num_nodes or 0 for store in stores]
/home/anonymous/miniforge3/envs/youra-h-e1/lib/python3.10/site-packages/torch_geometric/data/collate.py:142: UserWarning: Unable to accurately infer 'num_nodes' from the attribute set '{'n_literals', 'edge_index', 'n_clauses', 'is_sat', 'literal_batch', 'clauses', 'num_vars'}'. Please explicitly set 'num_nodes' as an attribute of 'data' to suppress this warning
  repeats = [store.num_nodes or 0 for store in stores]
/home/anonymous/miniforge3/envs/youra-h-e1/lib/python3.10/site-packages/torch_geometric/data/collate.py:142: UserWarning: Unable to accurately infer 'num_nodes' from the attribute set '{'n_literals', 'edge_index', 'n_clauses', 'is_sat', 'literal_batch', 'clauses', 'num_vars'}'. Please explicitly set 'num_nodes' as an attribute of 'data' to suppress this warning
  repeats = [store.num_nodes or 0 for store in stores]
/home/anonymous/miniforge3/envs/youra-h-e1/lib/python3.10/site-packages/torch_geometric/data/collate.py:142: UserWarning: Unable to accurately infer 'num_nodes' from the attribute set '{'n_literals', 'edge_index', 'n_clauses', 'is_sat', 'literal_batch', 'clauses', 'num_vars'}'. Please explicitly set 'num_nodes' as an attribute of 'data' to suppress this warning
  repeats = [store.num_nodes or 0 for store in stores]
/home/anonymous/miniforge3/envs/youra-h-e1/lib/python3.10/site-packages/torch_geometric/data/collate.py:142: UserWarning: Unable to accurately infer 'num_nodes' from the attribute set '{'n_literals', 'edge_index', 'n_clauses', 'is_sat', 'literal_batch', 'clauses', 'num_vars'}'. Please explicitly set 'num_nodes' as an attribute of 'data' to suppress this warning
  repeats = [store.num_nodes or 0 for store in stores]
Epoch 10: train_loss=0.6932, val_loss=0.6931, lr=1.00e-04
/home/anonymous/miniforge3/envs/youra-h-e1/lib/python3.10/site-packages/torch_geometric/data/collate.py:142: UserWarning: Unable to accurately infer 'num_nodes' from the attribute set '{'n_literals', 'edge_index', 'n_clauses', 'is_sat', 'literal_batch', 'clauses', 'num_vars'}'. Please explicitly set 'num_nodes' as an attribute of 'data' to suppress this warning
  repeats = [store.num_nodes or 0 for store in stores]
/home/anonymous/miniforge3/envs/youra-h-e1/lib/python3.10/site-packages/torch_geometric/data/collate.py:142: UserWarning: Unable to accurately infer 'num_nodes' from the attribute set '{'n_literals', 'edge_index', 'n_clauses', 'is_sat', 'literal_batch', 'clauses', 'num_vars'}'. Please explicitly set 'num_nodes' as an attribute of 'data' to suppress this warning
  repeats = [store.num_nodes or 0 for store in stores]
/home/anonymous/miniforge3/envs/youra-h-e1/lib/python3.10/site-packages/torch_geometric/data/collate.py:142: UserWarning: Unable to accurately infer 'num_nodes' from the attribute set '{'n_literals', 'edge_index', 'n_clauses', 'is_sat', 'literal_batch', 'clauses', 'num_vars'}'. Please explicitly set 'num_nodes' as an attribute of 'data' to suppress this warning
  repeats = [store.num_nodes or 0 for store in stores]
/home/anonymous/miniforge3/envs/youra-h-e1/lib/python3.10/site-packages/torch_geometric/data/collate.py:142: UserWarning: Unable to accurately infer 'num_nodes' from the attribute set '{'n_literals', 'edge_index', 'n_clauses', 'is_sat', 'literal_batch', 'clauses', 'num_vars'}'. Please explicitly set 'num_nodes' as an attribute of 'data' to suppress this warning
  repeats = [store.num_nodes or 0 for store in stores]
/home/anonymous/miniforge3/envs/youra-h-e1/lib/python3.10/site-packages/torch_geometric/data/collate.py:142: UserWarning: Unable to accurately infer 'num_nodes' from the attribute set '{'n_literals', 'edge_index', 'n_clauses', 'is_sat', 'literal_batch', 'clauses', 'num_vars'}'. Please explicitly set 'num_nodes' as an attribute of 'data' to suppress this warning
  repeats = [store.num_nodes or 0 for store in stores]
/home/anonymous/miniforge3/envs/youra-h-e1/lib/python3.10/site-packages/torch_geometric/data/collate.py:142: UserWarning: Unable to accurately infer 'num_nodes' from the attribute set '{'n_literals', 'edge_index', 'n_clauses', 'is_sat', 'literal_batch', 'clauses', 'num_vars'}'. Please explicitly set 'num_nodes' as an attribute of 'data' to suppress this warning
  repeats = [store.num_nodes or 0 for store in stores]
/home/anonymous/miniforge3/envs/youra-h-e1/lib/python3.10/site-packages/torch_geometric/data/collate.py:142: UserWarning: Unable to accurately infer 'num_nodes' from the attribute set '{'n_literals', 'edge_index', 'n_clauses', 'is_sat', 'literal_batch', 'clauses', 'num_vars'}'. Please explicitly set 'num_nodes' as an attribute of 'data' to suppress this warning
  repeats = [store.num_nodes or 0 for store in stores]
/home/anonymous/miniforge3/envs/youra-h-e1/lib/python3.10/site-packages/torch_geometric/data/collate.py:142: UserWarning: Unable to accurately infer 'num_nodes' from the attribute set '{'n_literals', 'edge_index', 'n_clauses', 'is_sat', 'literal_batch', 'clauses', 'num_vars'}'. Please explicitly set 'num_nodes' as an attribute of 'data' to suppress this warning
  repeats = [store.num_nodes or 0 for store in stores]
/home/anonymous/miniforge3/envs/youra-h-e1/lib/python3.10/site-packages/torch_geometric/data/collate.py:142: UserWarning: Unable to accurately infer 'num_nodes' from the attribute set '{'n_literals', 'edge_index', 'n_clauses', 'is_sat', 'literal_batch', 'clauses', 'num_vars'}'. Please explicitly set 'num_nodes' as an attribute of 'data' to suppress this warning
  repeats = [store.num_nodes or 0 for store in stores]
/home/anonymous/miniforge3/envs/youra-h-e1/lib/python3.10/site-packages/torch_geometric/data/collate.py:142: UserWarning: Unable to accurately infer 'num_nodes' from the attribute set '{'n_literals', 'edge_index', 'n_clauses', 'is_sat', 'literal_batch', 'clauses', 'num_vars'}'. Please explicitly set 'num_nodes' as an attribute of 'data' to suppress this warning
  repeats = [store.num_nodes or 0 for store in stores]
/home/anonymous/miniforge3/envs/youra-h-e1/lib/python3.10/site-packages/torch_geometric/data/collate.py:142: UserWarning: Unable to accurately infer 'num_nodes' from the attribute set '{'n_literals', 'edge_index', 'n_clauses', 'is_sat', 'literal_batch', 'clauses', 'num_vars'}'. Please explicitly set 'num_nodes' as an attribute of 'data' to suppress this warning
  repeats = [store.num_nodes or 0 for store in stores]
/home/anonymous/miniforge3/envs/youra-h-e1/lib/python3.10/site-packages/torch_geometric/data/collate.py:142: UserWarning: Unable to accurately infer 'num_nodes' from the attribute set '{'n_literals', 'edge_index', 'n_clauses', 'is_sat', 'literal_batch', 'clauses', 'num_vars'}'. Please explicitly set 'num_nodes' as an attribute of 'data' to suppress this warning
  repeats = [store.num_nodes or 0 for store in stores]
/home/anonymous/miniforge3/envs/youra-h-e1/lib/python3.10/site-packages/torch_geometric/data/collate.py:142: UserWarning: Unable to accurately infer 'num_nodes' from the attribute set '{'n_literals', 'edge_index', 'n_clauses', 'is_sat', 'literal_batch', 'clauses', 'num_vars'}'. Please explicitly set 'num_nodes' as an attribute of 'data' to suppress this warning
  repeats = [store.num_nodes or 0 for store in stores]
/home/anonymous/miniforge3/envs/youra-h-e1/lib/python3.10/site-packages/torch_geometric/data/collate.py:142: UserWarning: Unable to accurately infer 'num_nodes' from the attribute set '{'n_literals', 'edge_index', 'n_clauses', 'is_sat', 'literal_batch', 'clauses', 'num_vars'}'. Please explicitly set 'num_nodes' as an attribute of 'data' to suppress this warning
  repeats = [store.num_nodes or 0 for store in stores]
/home/anonymous/miniforge3/envs/youra-h-e1/lib/python3.10/site-packages/torch_geometric/data/collate.py:142: UserWarning: Unable to accurately infer 'num_nodes' from the attribute set '{'n_literals', 'edge_index', 'n_clauses', 'is_sat', 'literal_batch', 'clauses', 'num_vars'}'. Please explicitly set 'num_nodes' as an attribute of 'data' to suppress this warning
  repeats = [store.num_nodes or 0 for store in stores]
/home/anonymous/miniforge3/envs/youra-h-e1/lib/python3.10/site-packages/torch_geometric/data/collate.py:142: UserWarning: Unable to accurately infer 'num_nodes' from the attribute set '{'n_literals', 'edge_index', 'n_clauses', 'is_sat', 'literal_batch', 'clauses', 'num_vars'}'. Please explicitly set 'num_nodes' as an attribute of 'data' to suppress this warning
  repeats = [store.num_nodes or 0 for store in stores]
/home/anonymous/miniforge3/envs/youra-h-e1/lib/python3.10/site-packages/torch_geometric/data/collate.py:142: UserWarning: Unable to accurately infer 'num_nodes' from the attribute set '{'n_literals', 'edge_index', 'n_clauses', 'is_sat', 'literal_batch', 'clauses', 'num_vars'}'. Please explicitly set 'num_nodes' as an attribute of 'data' to suppress this warning
  repeats = [store.num_nodes or 0 for store in stores]
/home/anonymous/miniforge3/envs/youra-h-e1/lib/python3.10/site-packages/torch_geometric/data/collate.py:142: UserWarning: Unable to accurately infer 'num_nodes' from the attribute set '{'n_literals', 'edge_index', 'n_clauses', 'is_sat', 'literal_batch', 'clauses', 'num_vars'}'. Please explicitly set 'num_nodes' as an attribute of 'data' to suppress this warning
  repeats = [store.num_nodes or 0 for store in stores]
/home/anonymous/miniforge3/envs/youra-h-e1/lib/python3.10/site-packages/torch_geometric/data/collate.py:142: UserWarning: Unable to accurately infer 'num_nodes' from the attribute set '{'n_literals', 'edge_index', 'n_clauses', 'is_sat', 'literal_batch', 'clauses', 'num_vars'}'. Please explicitly set 'num_nodes' as an attribute of 'data' to suppress this warning
  repeats = [store.num_nodes or 0 for store in stores]
/home/anonymous/miniforge3/envs/youra-h-e1/lib/python3.10/site-packages/torch_geometric/data/collate.py:142: UserWarning: Unable to accurately infer 'num_nodes' from the attribute set '{'n_literals', 'edge_index', 'n_clauses', 'is_sat', 'literal_batch', 'clauses', 'num_vars'}'. Please explicitly set 'num_nodes' as an attribute of 'data' to suppress this warning
  repeats = [store.num_nodes or 0 for store in stores]
Epoch 20: train_loss=0.6932, val_loss=0.6931, lr=5.00e-05
/home/anonymous/miniforge3/envs/youra-h-e1/lib/python3.10/site-packages/torch_geometric/data/collate.py:142: UserWarning: Unable to accurately infer 'num_nodes' from the attribute set '{'n_literals', 'edge_index', 'n_clauses', 'is_sat', 'literal_batch', 'clauses', 'num_vars'}'. Please explicitly set 'num_nodes' as an attribute of 'data' to suppress this warning
  repeats = [store.num_nodes or 0 for store in stores]
/home/anonymous/miniforge3/envs/youra-h-e1/lib/python3.10/site-packages/torch_geometric/data/collate.py:142: UserWarning: Unable to accurately infer 'num_nodes' from the attribute set '{'n_literals', 'edge_index', 'n_clauses', 'is_sat', 'literal_batch', 'clauses', 'num_vars'}'. Please explicitly set 'num_nodes' as an attribute of 'data' to suppress this warning
  repeats = [store.num_nodes or 0 for store in stores]
/home/anonymous/miniforge3/envs/youra-h-e1/lib/python3.10/site-packages/torch_geometric/data/collate.py:142: UserWarning: Unable to accurately infer 'num_nodes' from the attribute set '{'n_literals', 'edge_index', 'n_clauses', 'is_sat', 'literal_batch', 'clauses', 'num_vars'}'. Please explicitly set 'num_nodes' as an attribute of 'data' to suppress this warning
  repeats = [store.num_nodes or 0 for store in stores]
/home/anonymous/miniforge3/envs/youra-h-e1/lib/python3.10/site-packages/torch_geometric/data/collate.py:142: UserWarning: Unable to accurately infer 'num_nodes' from the attribute set '{'n_literals', 'edge_index', 'n_clauses', 'is_sat', 'literal_batch', 'clauses', 'num_vars'}'. Please explicitly set 'num_nodes' as an attribute of 'data' to suppress this warning
  repeats = [store.num_nodes or 0 for store in stores]
/home/anonymous/miniforge3/envs/youra-h-e1/lib/python3.10/site-packages/torch_geometric/data/collate.py:142: UserWarning: Unable to accurately infer 'num_nodes' from the attribute set '{'n_literals', 'edge_index', 'n_clauses', 'is_sat', 'literal_batch', 'clauses', 'num_vars'}'. Please explicitly set 'num_nodes' as an attribute of 'data' to suppress this warning
  repeats = [store.num_nodes or 0 for store in stores]
/home/anonymous/miniforge3/envs/youra-h-e1/lib/python3.10/site-packages/torch_geometric/data/collate.py:142: UserWarning: Unable to accurately infer 'num_nodes' from the attribute set '{'n_literals', 'edge_index', 'n_clauses', 'is_sat', 'literal_batch', 'clauses', 'num_vars'}'. Please explicitly set 'num_nodes' as an attribute of 'data' to suppress this warning
  repeats = [store.num_nodes or 0 for store in stores]
/home/anonymous/miniforge3/envs/youra-h-e1/lib/python3.10/site-packages/torch_geometric/data/collate.py:142: UserWarning: Unable to accurately infer 'num_nodes' from the attribute set '{'n_literals', 'edge_index', 'n_clauses', 'is_sat', 'literal_batch', 'clauses', 'num_vars'}'. Please explicitly set 'num_nodes' as an attribute of 'data' to suppress this warning
  repeats = [store.num_nodes or 0 for store in stores]
/home/anonymous/miniforge3/envs/youra-h-e1/lib/python3.10/site-packages/torch_geometric/data/collate.py:142: UserWarning: Unable to accurately infer 'num_nodes' from the attribute set '{'n_literals', 'edge_index', 'n_clauses', 'is_sat', 'literal_batch', 'clauses', 'num_vars'}'. Please explicitly set 'num_nodes' as an attribute of 'data' to suppress this warning
  repeats = [store.num_nodes or 0 for store in stores]
/home/anonymous/miniforge3/envs/youra-h-e1/lib/python3.10/site-packages/torch_geometric/data/collate.py:142: UserWarning: Unable to accurately infer 'num_nodes' from the attribute set '{'n_literals', 'edge_index', 'n_clauses', 'is_sat', 'literal_batch', 'clauses', 'num_vars'}'. Please explicitly set 'num_nodes' as an attribute of 'data' to suppress this warning
  repeats = [store.num_nodes or 0 for store in stores]
/home/anonymous/miniforge3/envs/youra-h-e1/lib/python3.10/site-packages/torch_geometric/data/collate.py:142: UserWarning: Unable to accurately infer 'num_nodes' from the attribute set '{'n_literals', 'edge_index', 'n_clauses', 'is_sat', 'literal_batch', 'clauses', 'num_vars'}'. Please explicitly set 'num_nodes' as an attribute of 'data' to suppress this warning
  repeats = [store.num_nodes or 0 for store in stores]
/home/anonymous/miniforge3/envs/youra-h-e1/lib/python3.10/site-packages/torch_geometric/data/collate.py:142: UserWarning: Unable to accurately infer 'num_nodes' from the attribute set '{'n_literals', 'edge_index', 'n_clauses', 'is_sat', 'literal_batch', 'clauses', 'num_vars'}'. Please explicitly set 'num_nodes' as an attribute of 'data' to suppress this warning
  repeats = [store.num_nodes or 0 for store in stores]
/home/anonymous/miniforge3/envs/youra-h-e1/lib/python3.10/site-packages/torch_geometric/data/collate.py:142: UserWarning: Unable to accurately infer 'num_nodes' from the attribute set '{'n_literals', 'edge_index', 'n_clauses', 'is_sat', 'literal_batch', 'clauses', 'num_vars'}'. Please explicitly set 'num_nodes' as an attribute of 'data' to suppress this warning
  repeats = [store.num_nodes or 0 for store in stores]
/home/anonymous/miniforge3/envs/youra-h-e1/lib/python3.10/site-packages/torch_geometric/data/collate.py:142: UserWarning: Unable to accurately infer 'num_nodes' from the attribute set '{'n_literals', 'edge_index', 'n_clauses', 'is_sat', 'literal_batch', 'clauses', 'num_vars'}'. Please explicitly set 'num_nodes' as an attribute of 'data' to suppress this warning
  repeats = [store.num_nodes or 0 for store in stores]
/home/anonymous/miniforge3/envs/youra-h-e1/lib/python3.10/site-packages/torch_geometric/data/collate.py:142: UserWarning: Unable to accurately infer 'num_nodes' from the attribute set '{'n_literals', 'edge_index', 'n_clauses', 'is_sat', 'literal_batch', 'clauses', 'num_vars'}'. Please explicitly set 'num_nodes' as an attribute of 'data' to suppress this warning
  repeats = [store.num_nodes or 0 for store in stores]
/home/anonymous/miniforge3/envs/youra-h-e1/lib/python3.10/site-packages/torch_geometric/data/collate.py:142: UserWarning: Unable to accurately infer 'num_nodes' from the attribute set '{'n_literals', 'edge_index', 'n_clauses', 'is_sat', 'literal_batch', 'clauses', 'num_vars'}'. Please explicitly set 'num_nodes' as an attribute of 'data' to suppress this warning
  repeats = [store.num_nodes or 0 for store in stores]
/home/anonymous/miniforge3/envs/youra-h-e1/lib/python3.10/site-packages/torch_geometric/data/collate.py:142: UserWarning: Unable to accurately infer 'num_nodes' from the attribute set '{'n_literals', 'edge_index', 'n_clauses', 'is_sat', 'literal_batch', 'clauses', 'num_vars'}'. Please explicitly set 'num_nodes' as an attribute of 'data' to suppress this warning
  repeats = [store.num_nodes or 0 for store in stores]
/home/anonymous/miniforge3/envs/youra-h-e1/lib/python3.10/site-packages/torch_geometric/data/collate.py:142: UserWarning: Unable to accurately infer 'num_nodes' from the attribute set '{'n_literals', 'edge_index', 'n_clauses', 'is_sat', 'literal_batch', 'clauses', 'num_vars'}'. Please explicitly set 'num_nodes' as an attribute of 'data' to suppress this warning
  repeats = [store.num_nodes or 0 for store in stores]
/home/anonymous/miniforge3/envs/youra-h-e1/lib/python3.10/site-packages/torch_geometric/data/collate.py:142: UserWarning: Unable to accurately infer 'num_nodes' from the attribute set '{'n_literals', 'edge_index', 'n_clauses', 'is_sat', 'literal_batch', 'clauses', 'num_vars'}'. Please explicitly set 'num_nodes' as an attribute of 'data' to suppress this warning
  repeats = [store.num_nodes or 0 for store in stores]
/home/anonymous/miniforge3/envs/youra-h-e1/lib/python3.10/site-packages/torch_geometric/data/collate.py:142: UserWarning: Unable to accurately infer 'num_nodes' from the attribute set '{'n_literals', 'edge_index', 'n_clauses', 'is_sat', 'literal_batch', 'clauses', 'num_vars'}'. Please explicitly set 'num_nodes' as an attribute of 'data' to suppress this warning
  repeats = [store.num_nodes or 0 for store in stores]
/home/anonymous/miniforge3/envs/youra-h-e1/lib/python3.10/site-packages/torch_geometric/data/collate.py:142: UserWarning: Unable to accurately infer 'num_nodes' from the attribute set '{'n_literals', 'edge_index', 'n_clauses', 'is_sat', 'literal_batch', 'clauses', 'num_vars'}'. Please explicitly set 'num_nodes' as an attribute of 'data' to suppress this warning
  repeats = [store.num_nodes or 0 for store in stores]
Epoch 30: train_loss=0.6931, val_loss=0.6931, lr=5.00e-05
/home/anonymous/miniforge3/envs/youra-h-e1/lib/python3.10/site-packages/torch_geometric/data/collate.py:142: UserWarning: Unable to accurately infer 'num_nodes' from the attribute set '{'n_literals', 'edge_index', 'n_clauses', 'is_sat', 'literal_batch', 'clauses', 'num_vars'}'. Please explicitly set 'num_nodes' as an attribute of 'data' to suppress this warning
  repeats = [store.num_nodes or 0 for store in stores]
/home/anonymous/miniforge3/envs/youra-h-e1/lib/python3.10/site-packages/torch_geometric/data/collate.py:142: UserWarning: Unable to accurately infer 'num_nodes' from the attribute set '{'n_literals', 'edge_index', 'n_clauses', 'is_sat', 'literal_batch', 'clauses', 'num_vars'}'. Please explicitly set 'num_nodes' as an attribute of 'data' to suppress this warning
  repeats = [store.num_nodes or 0 for store in stores]
/home/anonymous/miniforge3/envs/youra-h-e1/lib/python3.10/site-packages/torch_geometric/data/collate.py:142: UserWarning: Unable to accurately infer 'num_nodes' from the attribute set '{'n_literals', 'edge_index', 'n_clauses', 'is_sat', 'literal_batch', 'clauses', 'num_vars'}'. Please explicitly set 'num_nodes' as an attribute of 'data' to suppress this warning
  repeats = [store.num_nodes or 0 for store in stores]
/home/anonymous/miniforge3/envs/youra-h-e1/lib/python3.10/site-packages/torch_geometric/data/collate.py:142: UserWarning: Unable to accurately infer 'num_nodes' from the attribute set '{'n_literals', 'edge_index', 'n_clauses', 'is_sat', 'literal_batch', 'clauses', 'num_vars'}'. Please explicitly set 'num_nodes' as an attribute of 'data' to suppress this warning
  repeats = [store.num_nodes or 0 for store in stores]
Early stopping at epoch 32

✅ Training completed
  ✓ Best validation loss: 0.6931
  ✓ Total epochs: 33

[Loading best model checkpoint...]

================================================================================
HETEROGENEITY EVALUATION
================================================================================

[1/3] Collecting solutions from 200 test samples...
/home/anonymous/miniforge3/envs/youra-h-e1/lib/python3.10/site-packages/torch_geometric/data/collate.py:142: UserWarning: Unable to accurately infer 'num_nodes' from the attribute set '{'n_literals', 'edge_index', 'n_clauses', 'is_sat', 'literal_batch', 'clauses', 'num_vars'}'. Please explicitly set 'num_nodes' as an attribute of 'data' to suppress this warning
  repeats = [store.num_nodes or 0 for store in stores]
  ✓ Collected 8 assignments

[2/3] Computing heterogeneity metrics...

  Hamming Distance (d/n) Metrics:
    • Range: 0.2650 (target: > 0.20)
    • Mean: 0.5163
    • Std: 0.0890
    • IQR: 0.1399
    • Quartiles: Q1=0.4498, Q2=0.5264, Q3=0.5897

  Violation Entropy (H) Metrics:
    • Range: 1.1451 (target: > 2.0)
    • Mean: 2.6921
    • Std: 0.3318
    • Quartiles: Q1=2.5649, Q2=2.7706, Q3=2.8738

  Gate Criteria:
    • d/n range > 0.20: ✓ PASS
    • Entropy range > 2.0: ✗ FAIL
    • Overall: ❌ FAIL

[3/3] Generating visualization figures...
✅ Generated 5 figures in output_full/figures

================================================================================
SAVING RESULTS
================================================================================

✅ Results saved to output_full/results.json
  ✓ Heterogeneity metrics: 10 metrics
  ✓ Training summary: 33 epochs
  ✓ Gate result: FAIL

================================================================================
EXPERIMENT COMPLETE
================================================================================

Gate Result: FAIL
Output directory: output_full

Generated files:
  • results.json
  • training_log.csv
  • best_model.pt
  • figures/gate_comparison.png
  • figures/dn_distribution.png
  • figures/entropy_distribution.png
  • figures/dn_entropy_scatter.png
  • figures/quartile_boxplot.png

================================================================================
