/home/anonymous/miniforge3/envs/youra-h-e1/lib/python3.10/site-packages/torch_geometric/data/collate.py:142: UserWarning: Unable to accurately infer 'num_nodes' from the attribute set '{'is_sat', 'clauses', 'x_clause', 'n_clauses', 'edge_index', 'n_literals', 'num_vars', 'x_literal'}'. Please explicitly set 'num_nodes' as an attribute of 'data' to suppress this warning
  repeats = [store.num_nodes or 0 for store in stores]
/home/anonymous/miniforge3/envs/youra-h-e1/lib/python3.10/site-packages/torch_geometric/data/collate.py:142: UserWarning: Unable to accurately infer 'num_nodes' from the attribute set '{'is_sat', 'clauses', 'x_clause', 'n_clauses', 'edge_index', 'n_literals', 'num_vars', 'x_literal'}'. Please explicitly set 'num_nodes' as an attribute of 'data' to suppress this warning
  repeats = [store.num_nodes or 0 for store in stores]
/home/anonymous/miniforge3/envs/youra-h-e1/lib/python3.10/site-packages/torch_geometric/data/collate.py:142: UserWarning: Unable to accurately infer 'num_nodes' from the attribute set '{'is_sat', 'clauses', 'x_clause', 'n_clauses', 'edge_index', 'n_literals', 'num_vars', 'x_literal'}'. Please explicitly set 'num_nodes' as an attribute of 'data' to suppress this warning
  repeats = [store.num_nodes or 0 for store in stores]
/home/anonymous/miniforge3/envs/youra-h-e1/lib/python3.10/site-packages/torch_geometric/data/collate.py:142: UserWarning: Unable to accurately infer 'num_nodes' from the attribute set '{'is_sat', 'clauses', 'x_clause', 'n_clauses', 'edge_index', 'n_literals', 'num_vars', 'x_literal'}'. Please explicitly set 'num_nodes' as an attribute of 'data' to suppress this warning
  repeats = [store.num_nodes or 0 for store in stores]
Traceback (most recent call last):
  File "/home/anonymous/YouRA_results_new_4_sonnet45_no_reflection/TEST_verifai_sonnet_45_no_reflection/docs/youra_research/20260512_verifai/h-e1/code/run_experiment.py", line 276, in <module>
    main()
  File "/home/anonymous/YouRA_results_new_4_sonnet45_no_reflection/TEST_verifai_sonnet_45_no_reflection/docs/youra_research/20260512_verifai/h-e1/code/run_experiment.py", line 231, in main
    trainer, training_results = train_model(
  File "/home/anonymous/YouRA_results_new_4_sonnet45_no_reflection/TEST_verifai_sonnet_45_no_reflection/docs/youra_research/20260512_verifai/h-e1/code/run_experiment.py", line 115, in train_model
    results = trainer.train(epochs=epochs)
  File "/home/anonymous/YouRA_results_new_4_sonnet45_no_reflection/TEST_verifai_sonnet_45_no_reflection/docs/youra_research/20260512_verifai/h-e1/code/train.py", line 127, in train
    train_loss = train_epoch(self.model, self.train_loader, self.optimizer, self.device)
  File "/home/anonymous/YouRA_results_new_4_sonnet45_no_reflection/TEST_verifai_sonnet_45_no_reflection/docs/youra_research/20260512_verifai/h-e1/code/train.py", line 41, in train_epoch
    p_sat = model.predict_sat(l_emb, batch.batch)
  File "/home/anonymous/YouRA_results_new_4_sonnet45_no_reflection/TEST_verifai_sonnet_45_no_reflection/docs/youra_research/20260512_verifai/h-e1/code/models/neurosat.py", line 124, in predict_sat
    pooled = scatter(l_embeddings, batch_literal, dim=0,
  File "/home/anonymous/miniforge3/envs/youra-h-e1/lib/python3.10/site-packages/torch_geometric/utils/_scatter.py", line 74, in scatter
    count.scatter_add_(0, index, src.new_ones(src.size(dim)))
RuntimeError: Expected index [385] to be no larger than self [4] apart from dimension 0 and to be no larger size than src [182]

ERROR conda.cli.main_run:execute(127): `conda run timeout 300 python run_experiment.py --data_dir /home/anonymous/YouRA_results_new_4_sonnet45_no_reflection/TEST_verifai_sonnet_45_no_reflection/docs/youra_research/20260512_verifai/.data_cache/datasets/G4SATBench --batch_size 4 --epochs 1 --output_dir ./output_dryrun --num_test_samples 10` failed. (See above for error)
================================================================================
EXPERIMENT SETUP
================================================================================

[1/3] Loading data from /home/anonymous/YouRA_results_new_4_sonnet45_no_reflection/TEST_verifai_sonnet_45_no_reflection/docs/youra_research/20260512_verifai/.data_cache/datasets/G4SATBench...
  ✓ Train: 20 samples
  ✓ Val: 10 samples
  ✓ Test: 10 samples

[2/3] Initializing NeuroSAT model...
  ✓ Model parameters: 428,929
  ✓ Hidden dimension: 128
  ✓ Message-passing rounds: 32

[3/3] Training configuration...
  ✓ Learning rate: 0.0001
  ✓ Weight decay: 1e-08
  ✓ Early stopping patience: 20
  ✓ Device: cuda

================================================================================
TRAINING PHASE
================================================================================
Starting training for 1 epochs...

