================================================================================
🖥️ YouRA EXPERIMENT LOG
================================================================================
Hypothesis ID:    h-e1
Started At:       2026-05-12T08:35:00Z
Environment:      youra-h-e1
GPU Available:    true

================================================================================
PRE-VALIDATION CHECKS (Step 05a)
================================================================================

[1/5] Checking Python imports...
✓ Python imports check
✓ All modules imported successfully


[2/5] Checking dataset path...
✓ Dataset exists at /home/anonymous/YouRA_results_new_4_sonnet45_no_reflection/TEST_verifai_sonnet_45_no_reflection/docs/youra_research/20260512_verifai/.data_cache/datasets/G4SATBench
✓ Found 40 CNF files

[3/5] Checking for mock data usage...
✓ No mock data flags found in main code

[4/5] Checking CUDA availability...
0, NVIDIA H100 NVL, 95830 MiB, 1259 MiB
1, NVIDIA H100 NVL, 95830 MiB, 0 MiB
2, NVIDIA H100 NVL, 95830 MiB, 1257 MiB
3, NVIDIA H100 NVL, 95830 MiB, 0 MiB
4, NVIDIA H100 NVL, 95830 MiB, 0 MiB
✓ CUDA check completed

[5/5] Creating output directory...
✓ Output directory created: output_full

================================================================================
PRE-VALIDATION COMPLETE - All checks passed
================================================================================


================================================================================
FULL EXPERIMENT EXECUTION (Step 05b)
================================================================================
Started: 2026-05-12T06:23:26+00:00

Using GPU: 1

================================================================================
POST-VALIDATION (Step 05c)
================================================================================
Completed: 2026-05-12T06:24:34+00:00

Gate Result: FAIL
- d/n range: 0.2582 (✓ PASS > 0.20)
- Entropy range: 1.0013 (✗ FAIL < 2.0)

Reason: Small dataset (20 train, 10 test samples) insufficient for heterogeneity.
The model didn't learn meaningful patterns on this reduced PoC dataset.

