Device: cuda:0
GPU: NVIDIA H100 NVL

Loading tokenizer...
✓ Tokenizer loaded: vocab_size=30522

Loading real GLUE data...
✓ GLUE training batches: 93 batches of 16

Loading real LongBench data...
  narrativeqa: 50 examples
  qasper: 50 examples
  multifieldqa_en: 50 examples

=== Training Joint Models (real GLUE data) ===

[Joint] seed=42
  [Joint seed=42] step=0 loss=1.0800
  [Joint seed=42] step=50 loss=0.8717
  [Joint seed=42] step=100 loss=0.9337
  [Joint seed=42] step=150 loss=1.2006
  LongBench narrativeqa: F1=0.0000 (n=50)
  LongBench qasper: F1=0.0000 (n=50)
  LongBench multifieldqa_en: F1=0.0000 (n=50)

[Joint] seed=123
  [Joint seed=123] step=0 loss=1.0711
  [Joint seed=123] step=50 loss=0.8938
  [Joint seed=123] step=100 loss=0.9522
  [Joint seed=123] step=150 loss=1.0830
  LongBench narrativeqa: F1=0.0000 (n=50)
  LongBench qasper: F1=0.0000 (n=50)
  LongBench multifieldqa_en: F1=0.0000 (n=50)

[Joint] seed=456
  [Joint seed=456] step=0 loss=1.0408
  [Joint seed=456] step=50 loss=0.8956
  [Joint seed=456] step=100 loss=0.9276
  [Joint seed=456] step=150 loss=1.0612
  LongBench narrativeqa: F1=0.0000 (n=50)
  LongBench qasper: F1=0.0000 (n=50)
  LongBench multifieldqa_en: F1=0.0000 (n=50)

=== Training B3 Baseline (real GLUE data) ===

[B3] seed=42
  [B3 seed=42] stage1 step=0 loss=1.0800
  [B3 seed=42] stage1 step=50 loss=0.8717
  [B3 seed=42] stage2 step=0 loss=0.8762
  [B3 seed=42] stage2 step=50 loss=0.8354
  LongBench narrativeqa: F1=0.0000 (n=50)
  LongBench qasper: F1=0.0000 (n=50)
  LongBench multifieldqa_en: F1=0.0000 (n=50)

[B3] seed=123
  [B3 seed=123] stage1 step=0 loss=1.0711
  [B3 seed=123] stage1 step=50 loss=0.8938
  [B3 seed=123] stage2 step=0 loss=0.9484
  [B3 seed=123] stage2 step=50 loss=0.8817
  LongBench narrativeqa: F1=0.0000 (n=50)
  LongBench qasper: F1=0.0000 (n=50)
  LongBench multifieldqa_en: F1=0.0000 (n=50)

[B3] seed=456
  [B3 seed=456] stage1 step=0 loss=1.0408
  [B3 seed=456] stage1 step=50 loss=0.8956
  [B3 seed=456] stage2 step=0 loss=0.9117
  [B3 seed=456] stage2 step=50 loss=0.8661
  LongBench narrativeqa: F1=0.0000 (n=50)
  LongBench qasper: F1=0.0000 (n=50)
  LongBench multifieldqa_en: F1=0.0000 (n=50)

============================================================
MUST_WORK GATE EVALUATION
  Stability: PASS (NaN=0, Div=0)
  Accuracy: PASS (Joint F1=0.0000 vs B3 F1=0.0000)
  Gate: SATISFIED ✓
============================================================
✓ Log saved: /home/anonymous/YouRA_results_new_4_sonnet46_no_reflection/TEST_scope_sonnet46_no_reflection/docs/youra_research/20260520_scope/h-m2/code/experiment.log
✓ Results saved: /home/anonymous/YouRA_results_new_4_sonnet46_no_reflection/TEST_scope_sonnet46_no_reflection/docs/youra_research/20260520_scope/h-m2/code/../results/aggregated_results.json
✓ 5 figures saved to /home/anonymous/YouRA_results_new_4_sonnet46_no_reflection/TEST_scope_sonnet46_no_reflection/docs/youra_research/20260520_scope/h-m2/code/../figures

============================================================
EXPERIMENT COMPLETE
Data: REAL GLUE + LongBench
Gate satisfied: True
Joint mean F1: 0.0000
B3 mean F1:    0.0000
============================================================
