13:48:26 [INFO] Loading score matrix from /home/anonymous/YouRA_results_new_4_sonnet46_no_mcp/TEST_buildingtrust/docs/youra_research/20260430_buildingtrust/h-e1/results/score_matrix.csv
13:48:26 [INFO] Loaded 30 models
13:48:26 [WARNING] T=0.7 score matrix not found — decoding invariance test will be skipped
13:48:26 [INFO] Computing ECE-Brier internal consistency...
13:48:29 [INFO]   rho(ECE, Brier) = 0.7749 [PASS]
13:48:29 [INFO] Computing primary partial correlation (PRIMARY GATE)...
13:48:45 [INFO]   partial_rho(ECE, TruthfulQA% | MMLU) = -0.7576  CI=[-0.9031, -0.4945]  [PASS]
13:48:45 [INFO]   raw_rho(ECE, TruthfulQA%) = -0.8038
13:48:45 [INFO]   survival_fraction = 0.9425  (MMLU explains <50% of raw correlation (capability-independent link confirmed))
13:48:45 [INFO] Computing discriminant validity...
13:49:00 [INFO]   partial_rho(ECE, HumanEval | MMLU) = -0.0817 [PASS]
13:49:00 [INFO] Computing decoding invariance...
13:49:00 [INFO]   Decoding invariance: SKIPPED
13:49:00 [INFO] ============================================================
13:49:00 [INFO] PRIMARY GATE (MUST_WORK): PASS
13:49:00 [INFO]   partial_rho = -0.7576  threshold = 0.40  ci_excludes_zero = True
13:49:00 [INFO] ============================================================
13:49:00 [INFO] Generating figures...
13:49:01 [INFO] 5 figures saved to /home/anonymous/YouRA_results_new_4_sonnet46_no_mcp/TEST_buildingtrust/docs/youra_research/20260430_buildingtrust/h-m1/figures
13:49:01 [INFO] Results written to /home/anonymous/YouRA_results_new_4_sonnet46_no_mcp/TEST_buildingtrust/docs/youra_research/20260430_buildingtrust/h-m1/results/hm1_results.json
13:49:01 [INFO] Validation report written to /home/anonymous/YouRA_results_new_4_sonnet46_no_mcp/TEST_buildingtrust/docs/youra_research/20260430_buildingtrust/h-m1/04_validation.md

EXPERIMENT COMPLETE (exit=0, ts=2026-04-30T13:49:01+00:00)
