2026-05-10 14:59:29,312 [INFO] ============================================================
2026-05-10 14:59:29,313 [INFO] h-m2 Experiment — Real mypy/ast Iterative Feedback Repair
2026-05-10 14:59:29,313 [INFO] Gate: SHOULD_WORK
2026-05-10 14:59:29,313 [INFO] ============================================================
2026-05-10 14:59:29,335 [INFO] Loaded baseline pool: 134 problems, 2680 samples
2026-05-10 14:59:29,335 [INFO] Problems: 134, Samples: 2680
2026-05-10 14:59:29,335 [INFO] F_SynCode→✓ (from h-m1): 2 problems: ['HumanEval/100', 'HumanEval/115']
2026-05-10 14:59:29,702 [INFO] PyTorch version 2.10.0 available.
2026-05-10 14:59:29,703 [INFO] TensorFlow version 2.20.0 available.
2026-05-10 14:59:30,243 [INFO] Loaded 164 evalplus problems
2026-05-10 14:59:30,244 [INFO] === Phase 1: FMD Classification (Static Mypy) ===
2026-05-10 14:59:30,244 [INFO] === FMD Classification (Static Mypy) ===
2026-05-10 14:59:30,317 [INFO]   FMD classified 20/134 problems...
2026-05-10 14:59:30,334 [INFO]   FMD classified 40/134 problems...
2026-05-10 14:59:30,351 [INFO]   FMD classified 60/134 problems...
2026-05-10 14:59:30,372 [INFO]   FMD classified 80/134 problems...
2026-05-10 14:59:30,384 [INFO]   FMD classified 100/134 problems...
2026-05-10 14:59:30,404 [INFO]   FMD classified 120/134 problems...
2026-05-10 14:59:30,414 [INFO] FMD stratum counts: {'syntax': 358, 'functional': 44}
2026-05-10 14:59:30,414 [INFO] Problems with type stratum: 0
2026-05-10 14:59:30,414 [INFO] FMD results saved: /home/anonymous/YouRA_results_new_4_sonnet46_no_mcp/TEST_verifai_3/docs/youra_research/20260508_verifai/h-m2/results/fmd_results.json
2026-05-10 14:59:30,414 [INFO] === Phase 2: Real mypy/ast Iterative Feedback Repair ===
2026-05-10 14:59:34,802 [INFO] === Real mypy/ast Iterative Feedback Repair ===
2026-05-10 14:59:34,803 [INFO] mypy_eligible (type stratum): 0 problems
2026-05-10 14:59:34,803 [INFO] Resuming from 0 already-repaired problems
2026-05-10 14:59:34,803 [INFO] Problems needing repair: 0
2026-05-10 14:59:34,803 [INFO] All eligible problems already repaired — using cached pool
2026-05-10 14:59:34,805 [INFO] F_mypy→✓ (real repair successes): 0 problems
2026-05-10 14:59:34,805 [INFO] mypy_eligible: 0 problems
2026-05-10 14:59:34,805 [INFO] === Phase 3: C_score Computation ===
2026-05-10 14:59:34,805 [INFO] Eligibility-conditioned stratum size: 0
2026-05-10 14:59:34,805 [WARNING] Stratum too small — using all problems as fallback
2026-05-10 14:59:34,843 [INFO] C_score (conditioned): 0.0000
2026-05-10 14:59:34,843 [INFO] Bootstrap CI: [0.0000, 0.0000]
2026-05-10 14:59:34,843 [INFO] p_value: 1.0000
2026-05-10 14:59:34,844 [INFO] C_score results saved: /home/anonymous/YouRA_results_new_4_sonnet46_no_mcp/TEST_verifai_3/docs/youra_research/20260508_verifai/h-m2/results/c_score_results.json
2026-05-10 14:59:34,844 [INFO] === Phase 4: Z3 Eligibility Delta ===
2026-05-10 14:59:34,864 [INFO] Z3 eligible: baseline=0/134, post-mypy=0/134
2026-05-10 14:59:34,886 [INFO] P(eligible|baseline): 0.0000
2026-05-10 14:59:34,886 [INFO] P(eligible|post-mypy): 0.0000
2026-05-10 14:59:34,886 [INFO] ΔP=0.0000, CI=[0.0000, 0.0000], p=1.0000
2026-05-10 14:59:34,887 [INFO] Z3 results saved: /home/anonymous/YouRA_results_new_4_sonnet46_no_mcp/TEST_verifai_3/docs/youra_research/20260508_verifai/h-m2/results/z3_eligibility_delta.json
2026-05-10 14:59:34,887 [INFO] === Generating Figures ===
2026-05-10 14:59:35,156 [INFO]   ✓ FMD distribution: /home/anonymous/YouRA_results_new_4_sonnet46_no_mcp/TEST_verifai_3/docs/youra_research/20260508_verifai/h-m2/figures/fmd_distribution.png
2026-05-10 14:59:35,229 [INFO]   ✓ Transition overlap: /home/anonymous/YouRA_results_new_4_sonnet46_no_mcp/TEST_verifai_3/docs/youra_research/20260508_verifai/h-m2/figures/transition_overlap.png
2026-05-10 14:59:35,859 [INFO]   ✓ C_score CI: /home/anonymous/YouRA_results_new_4_sonnet46_no_mcp/TEST_verifai_3/docs/youra_research/20260508_verifai/h-m2/figures/c_score_ci.png
2026-05-10 14:59:35,913 [INFO]   ✓ Z3 eligibility delta: /home/anonymous/YouRA_results_new_4_sonnet46_no_mcp/TEST_verifai_3/docs/youra_research/20260508_verifai/h-m2/figures/z3_eligibility_delta.png
2026-05-10 14:59:35,979 [INFO]   ✓ C_score by quintile: /home/anonymous/YouRA_results_new_4_sonnet46_no_mcp/TEST_verifai_3/docs/youra_research/20260508_verifai/h-m2/figures/c_score_by_quintile.png
2026-05-10 14:59:36,048 [INFO]   ✓ Pass rate by stratum: /home/anonymous/YouRA_results_new_4_sonnet46_no_mcp/TEST_verifai_3/docs/youra_research/20260508_verifai/h-m2/figures/pass_rate_by_stratum.png
2026-05-10 14:59:36,048 [INFO] === Phase 5: Gate Evaluation ===
2026-05-10 14:59:36,048 [INFO] Gate criteria (SHOULD_WORK):
2026-05-10 14:59:36,048 [INFO]   C_score > 0:         0.0000 → FAIL
2026-05-10 14:59:36,048 [INFO]   p < 0.0167:          1.0000 → FAIL
2026-05-10 14:59:36,048 [INFO]   ci_lower > 0:        0.0000 → FAIL
2026-05-10 14:59:36,048 [INFO]   ΔP > 0.05:           0.0000 → FAIL
2026-05-10 14:59:36,048 [INFO]   Z3 CI lower > 0:     0.0000 → FAIL
2026-05-10 14:59:36,048 [INFO] Gate result: FAIL
2026-05-10 14:59:36,048 [INFO] mechanism_activated_rate (proxy): 0.000
2026-05-10 14:59:36,048 [INFO] Metrics saved: /home/anonymous/YouRA_results_new_4_sonnet46_no_mcp/TEST_verifai_3/docs/youra_research/20260508_verifai/h-m2/results/metrics.json
2026-05-10 14:59:36,049 [INFO] Experiment results saved: /home/anonymous/YouRA_results_new_4_sonnet46_no_mcp/TEST_verifai_3/docs/youra_research/20260508_verifai/h-m2/experiment_results.json
2026-05-10 14:59:36,049 [INFO] ============================================================
2026-05-10 14:59:36,049 [INFO] EXPERIMENT COMPLETE
2026-05-10 14:59:36,049 [INFO] Gate: SHOULD_WORK → FAIL
2026-05-10 14:59:36,049 [INFO] C_score: 0.0000 (conditioned stratum size=134)
2026-05-10 14:59:36,049 [INFO] ΔP(Z3): 0.0000
2026-05-10 14:59:36,049 [INFO] Figures generated: 6
2026-05-10 14:59:36,049 [INFO] ============================================================
