2026-03-16 12:54:21,510 [INFO] __main__: ======================================================================
2026-03-16 12:54:21,510 [INFO] __main__: H-M1 Experiment: 6-Encoder Mechanism Analysis (NFT equivariance)
2026-03-16 12:54:21,510 [INFO] __main__: Started at: 2026-03-16T12:54:21.510846
2026-03-16 12:54:21,510 [INFO] __main__: Encoders: ['flat-MLP', 'flat-MLP+aug', 'flat-MLP+canon', 'NFT-base', 'NFT+aug', 'Oracle-canon']
2026-03-16 12:54:21,510 [INFO] __main__: Seeds: [42, 123, 456]
2026-03-16 12:54:21,510 [INFO] __main__: Epochs: 100
2026-03-16 12:54:21,510 [INFO] __main__: ======================================================================
2026-03-16 12:54:21,658 [INFO] __main__: GPU: NVIDIA H100 NVL
2026-03-16 12:54:21,658 [INFO] __main__: Using shared cache: /home/anonymous/YouRA_results_new_4/TEST_wsl/docs/youra_research/20260316_wsl/.data_cache/datasets/unterthiner_mnist_zoo/zoo_enriched.pkl
2026-03-16 12:54:21,658 [INFO] __main__: Loading data from /home/anonymous/YouRA_results_new_4/TEST_wsl/docs/youra_research/20260316_wsl/.data_cache/datasets/unterthiner_mnist_zoo/zoo_enriched.pkl
2026-03-16 12:54:22,416 [INFO] src.data_loader: Loaded 29997 zoo models from /home/anonymous/YouRA_results_new_4/TEST_wsl/docs/youra_research/20260316_wsl/.data_cache/datasets/unterthiner_mnist_zoo/zoo_enriched.pkl
2026-03-16 12:54:22,461 [INFO] __main__: flat_input_dim=4912, layer_fan_ins=[16, 16, 16, 16]
2026-03-16 12:54:22,461 [INFO] __main__: Running sanity check...
2026-03-16 12:54:22,461 [INFO] src.train: Running sanity check (10 samples per encoder)...
2026-03-16 12:54:22,748 [INFO] src.train:   ✓ flat-MLP: output shape torch.Size([10, 1]), no NaNs
2026-03-16 12:54:22,772 [INFO] src.train:   ✓ flat-MLP+aug: output shape torch.Size([10, 1]), no NaNs
2026-03-16 12:54:22,820 [INFO] src.train:   ✓ flat-MLP+canon: output shape torch.Size([10, 1]), no NaNs
2026-03-16 12:54:22,921 [INFO] src.train:   ✓ NFT-base: output shape torch.Size([10, 1]), no NaNs
2026-03-16 12:54:22,930 [INFO] src.train:   ✓ NFT+aug: output shape torch.Size([10, 1]), no NaNs
2026-03-16 12:54:22,985 [INFO] src.train:   ✓ Oracle-canon: output shape torch.Size([10, 1]), no NaNs
2026-03-16 12:54:22,985 [INFO] src.train: Sanity check passed for all 6 encoders.
2026-03-16 12:54:22,985 [INFO] __main__: Starting multi-seed training (6 encoders x 3 seeds = 18 runs)...
2026-03-16 12:54:22,988 [INFO] src.train: Training flat-MLP seed 42 [1/18]
2026-03-16 12:54:41,101 [INFO] src.train: [flat-MLP][seed=42] Epoch 20/100 | loss=0.332539 | lr=9.05e-04
2026-03-16 12:54:58,484 [INFO] src.train: [flat-MLP][seed=42] Epoch 40/100 | loss=0.001136 | lr=6.58e-04
2026-03-16 12:55:15,836 [INFO] src.train: [flat-MLP][seed=42] Epoch 60/100 | loss=0.000065 | lr=3.52e-04
2026-03-16 12:55:32,489 [INFO] src.train: [flat-MLP][seed=42] Epoch 80/100 | loss=0.000466 | lr=1.05e-04
2026-03-16 12:55:49,115 [INFO] src.train: [flat-MLP][seed=42] Epoch 100/100 | loss=0.000014 | lr=1.00e-05
2026-03-16 12:55:49,136 [INFO] src.train: Checkpoint saved: checkpoints/flat-MLP_seed42.pt
2026-03-16 12:55:49,136 [INFO] src.train: [flat-MLP][seed=42] Training complete. Final loss=0.000014
2026-03-16 12:55:49,137 [INFO] src.train: Training flat-MLP+aug seed 42 [2/18]
2026-03-16 12:56:44,388 [INFO] src.train: [flat-MLP+aug][seed=42] Epoch 20/100 | loss=44.890607 | lr=9.05e-04
2026-03-16 12:57:39,507 [INFO] src.train: [flat-MLP+aug][seed=42] Epoch 40/100 | loss=2.874221 | lr=6.58e-04
2026-03-16 12:58:34,192 [INFO] src.train: [flat-MLP+aug][seed=42] Epoch 60/100 | loss=0.291487 | lr=3.52e-04
2026-03-16 12:59:29,926 [INFO] src.train: [flat-MLP+aug][seed=42] Epoch 80/100 | loss=0.042981 | lr=1.05e-04
2026-03-16 13:00:25,767 [INFO] src.train: [flat-MLP+aug][seed=42] Epoch 100/100 | loss=0.000652 | lr=1.00e-05
2026-03-16 13:00:25,788 [INFO] src.train: Checkpoint saved: checkpoints/flat-MLPplusaug_seed42.pt
2026-03-16 13:00:25,789 [INFO] src.train: [flat-MLP+aug][seed=42] Training complete. Final loss=0.000652
2026-03-16 13:00:25,789 [INFO] src.train: Training flat-MLP+canon seed 42 [3/18]
2026-03-16 13:00:42,751 [INFO] src.train: [flat-MLP+canon][seed=42] Epoch 20/100 | loss=0.000070 | lr=9.05e-04
2026-03-16 13:00:59,485 [INFO] src.train: [flat-MLP+canon][seed=42] Epoch 40/100 | loss=0.000070 | lr=6.58e-04
2026-03-16 13:01:16,234 [INFO] src.train: [flat-MLP+canon][seed=42] Epoch 60/100 | loss=0.000070 | lr=3.52e-04
2026-03-16 13:01:33,077 [INFO] src.train: [flat-MLP+canon][seed=42] Epoch 80/100 | loss=0.000070 | lr=1.05e-04
2026-03-16 13:01:49,975 [INFO] src.train: [flat-MLP+canon][seed=42] Epoch 100/100 | loss=0.000070 | lr=1.00e-05
2026-03-16 13:01:49,993 [INFO] src.train: Checkpoint saved: checkpoints/flat-MLPpluscanon_seed42.pt
2026-03-16 13:01:49,993 [INFO] src.train: [flat-MLP+canon][seed=42] Training complete. Final loss=0.000070
2026-03-16 13:01:49,993 [INFO] src.train: Training NFT-base seed 42 [4/18]
2026-03-16 13:02:33,565 [INFO] src.train: [NFT-base][seed=42] Epoch 20/100 | loss=0.000124 | lr=9.05e-04
2026-03-16 13:03:20,298 [INFO] src.train: [NFT-base][seed=42] Epoch 40/100 | loss=0.000057 | lr=6.58e-04
2026-03-16 13:04:03,432 [INFO] src.train: [NFT-base][seed=42] Epoch 60/100 | loss=0.000051 | lr=3.52e-04
2026-03-16 13:04:45,150 [INFO] src.train: [NFT-base][seed=42] Epoch 80/100 | loss=0.000047 | lr=1.05e-04
2026-03-16 13:05:28,357 [INFO] src.train: [NFT-base][seed=42] Epoch 100/100 | loss=0.000046 | lr=1.00e-05
2026-03-16 13:05:28,359 [INFO] src.train: Checkpoint saved: checkpoints/NFT-base_seed42.pt
2026-03-16 13:05:28,359 [INFO] src.train: [NFT-base][seed=42] Training complete. Final loss=0.000046
2026-03-16 13:05:28,360 [INFO] src.train: Training NFT+aug seed 42 [5/18]
2026-03-16 13:06:28,668 [INFO] src.train: [NFT+aug][seed=42] Epoch 20/100 | loss=0.000141 | lr=9.05e-04
2026-03-16 13:07:28,051 [INFO] src.train: [NFT+aug][seed=42] Epoch 40/100 | loss=0.000059 | lr=6.58e-04
2026-03-16 13:08:26,337 [INFO] src.train: [NFT+aug][seed=42] Epoch 60/100 | loss=0.000051 | lr=3.52e-04
2026-03-16 13:09:26,752 [INFO] src.train: [NFT+aug][seed=42] Epoch 80/100 | loss=0.000047 | lr=1.05e-04
2026-03-16 13:10:22,673 [INFO] src.train: [NFT+aug][seed=42] Epoch 100/100 | loss=0.000046 | lr=1.00e-05
2026-03-16 13:10:22,676 [INFO] src.train: Checkpoint saved: checkpoints/NFTplusaug_seed42.pt
2026-03-16 13:10:22,676 [INFO] src.train: [NFT+aug][seed=42] Training complete. Final loss=0.000046
2026-03-16 13:10:22,676 [INFO] src.train: Training Oracle-canon seed 42 [6/18]
2026-03-16 13:10:40,442 [INFO] src.train: [Oracle-canon][seed=42] Epoch 20/100 | loss=0.000053 | lr=9.05e-04
2026-03-16 13:10:58,027 [INFO] src.train: [Oracle-canon][seed=42] Epoch 40/100 | loss=0.000058 | lr=6.58e-04
2026-03-16 13:11:15,608 [INFO] src.train: [Oracle-canon][seed=42] Epoch 60/100 | loss=0.000060 | lr=3.52e-04
2026-03-16 13:11:33,082 [INFO] src.train: [Oracle-canon][seed=42] Epoch 80/100 | loss=0.000059 | lr=1.05e-04
2026-03-16 13:11:50,495 [INFO] src.train: [Oracle-canon][seed=42] Epoch 100/100 | loss=0.000058 | lr=1.00e-05
2026-03-16 13:11:50,514 [INFO] src.train: Checkpoint saved: checkpoints/Oracle-canon_seed42.pt
2026-03-16 13:11:50,514 [INFO] src.train: [Oracle-canon][seed=42] Training complete. Final loss=0.000058
2026-03-16 13:11:50,515 [INFO] src.train: Training flat-MLP seed 123 [7/18]
2026-03-16 13:12:06,855 [INFO] src.train: [flat-MLP][seed=123] Epoch 20/100 | loss=1.510676 | lr=9.05e-04
2026-03-16 13:12:23,311 [INFO] src.train: [flat-MLP][seed=123] Epoch 40/100 | loss=0.001525 | lr=6.58e-04
2026-03-16 13:12:39,652 [INFO] src.train: [flat-MLP][seed=123] Epoch 60/100 | loss=0.000207 | lr=3.52e-04
2026-03-16 13:12:55,984 [INFO] src.train: [flat-MLP][seed=123] Epoch 80/100 | loss=0.000314 | lr=1.05e-04
2026-03-16 13:13:12,425 [INFO] src.train: [flat-MLP][seed=123] Epoch 100/100 | loss=0.000018 | lr=1.00e-05
2026-03-16 13:13:12,444 [INFO] src.train: Checkpoint saved: checkpoints/flat-MLP_seed123.pt
2026-03-16 13:13:12,444 [INFO] src.train: [flat-MLP][seed=123] Training complete. Final loss=0.000018
2026-03-16 13:13:12,444 [INFO] src.train: Training flat-MLP+aug seed 123 [8/18]
2026-03-16 13:14:07,063 [INFO] src.train: [flat-MLP+aug][seed=123] Epoch 20/100 | loss=43.072592 | lr=9.05e-04
2026-03-16 13:15:03,057 [INFO] src.train: [flat-MLP+aug][seed=123] Epoch 40/100 | loss=33.932302 | lr=6.58e-04
2026-03-16 13:15:56,953 [INFO] src.train: [flat-MLP+aug][seed=123] Epoch 60/100 | loss=9.048654 | lr=3.52e-04
2026-03-16 13:16:51,556 [INFO] src.train: [flat-MLP+aug][seed=123] Epoch 80/100 | loss=0.012996 | lr=1.05e-04
2026-03-16 13:17:46,144 [INFO] src.train: [flat-MLP+aug][seed=123] Epoch 100/100 | loss=0.002968 | lr=1.00e-05
2026-03-16 13:17:46,162 [INFO] src.train: Checkpoint saved: checkpoints/flat-MLPplusaug_seed123.pt
2026-03-16 13:17:46,162 [INFO] src.train: [flat-MLP+aug][seed=123] Training complete. Final loss=0.002968
2026-03-16 13:17:46,163 [INFO] src.train: Training flat-MLP+canon seed 123 [9/18]
2026-03-16 13:18:02,941 [INFO] src.train: [flat-MLP+canon][seed=123] Epoch 20/100 | loss=0.000070 | lr=9.05e-04
2026-03-16 13:18:19,575 [INFO] src.train: [flat-MLP+canon][seed=123] Epoch 40/100 | loss=0.000070 | lr=6.58e-04
2026-03-16 13:18:36,110 [INFO] src.train: [flat-MLP+canon][seed=123] Epoch 60/100 | loss=0.000070 | lr=3.52e-04
2026-03-16 13:18:52,733 [INFO] src.train: [flat-MLP+canon][seed=123] Epoch 80/100 | loss=0.000070 | lr=1.05e-04
2026-03-16 13:19:09,314 [INFO] src.train: [flat-MLP+canon][seed=123] Epoch 100/100 | loss=0.000070 | lr=1.00e-05
2026-03-16 13:19:09,332 [INFO] src.train: Checkpoint saved: checkpoints/flat-MLPpluscanon_seed123.pt
2026-03-16 13:19:09,332 [INFO] src.train: [flat-MLP+canon][seed=123] Training complete. Final loss=0.000070
2026-03-16 13:19:09,333 [INFO] src.train: Training NFT-base seed 123 [10/18]
2026-03-16 13:19:50,267 [INFO] src.train: [NFT-base][seed=123] Epoch 20/100 | loss=0.000134 | lr=9.05e-04
2026-03-16 13:20:37,194 [INFO] src.train: [NFT-base][seed=123] Epoch 40/100 | loss=0.000059 | lr=6.58e-04
2026-03-16 13:21:18,625 [INFO] src.train: [NFT-base][seed=123] Epoch 60/100 | loss=0.000052 | lr=3.52e-04
2026-03-16 13:22:00,390 [INFO] src.train: [NFT-base][seed=123] Epoch 80/100 | loss=0.000047 | lr=1.05e-04
2026-03-16 13:22:43,483 [INFO] src.train: [NFT-base][seed=123] Epoch 100/100 | loss=0.000045 | lr=1.00e-05
2026-03-16 13:22:43,485 [INFO] src.train: Checkpoint saved: checkpoints/NFT-base_seed123.pt
2026-03-16 13:22:43,485 [INFO] src.train: [NFT-base][seed=123] Training complete. Final loss=0.000045
2026-03-16 13:22:43,486 [INFO] src.train: Training NFT+aug seed 123 [11/18]
2026-03-16 13:23:39,065 [INFO] src.train: [NFT+aug][seed=123] Epoch 20/100 | loss=0.000109 | lr=9.05e-04
2026-03-16 13:24:36,096 [INFO] src.train: [NFT+aug][seed=123] Epoch 40/100 | loss=0.000054 | lr=6.58e-04
2026-03-16 13:25:33,615 [INFO] src.train: [NFT+aug][seed=123] Epoch 60/100 | loss=0.000049 | lr=3.52e-04
2026-03-16 13:26:29,914 [INFO] src.train: [NFT+aug][seed=123] Epoch 80/100 | loss=0.000047 | lr=1.05e-04
2026-03-16 13:27:27,302 [INFO] src.train: [NFT+aug][seed=123] Epoch 100/100 | loss=0.000046 | lr=1.00e-05
2026-03-16 13:27:27,304 [INFO] src.train: Checkpoint saved: checkpoints/NFTplusaug_seed123.pt
2026-03-16 13:27:27,304 [INFO] src.train: [NFT+aug][seed=123] Training complete. Final loss=0.000046
2026-03-16 13:27:27,305 [INFO] src.train: Training Oracle-canon seed 123 [12/18]
2026-03-16 13:27:44,777 [INFO] src.train: [Oracle-canon][seed=123] Epoch 20/100 | loss=0.000072 | lr=9.05e-04
2026-03-16 13:28:02,324 [INFO] src.train: [Oracle-canon][seed=123] Epoch 40/100 | loss=0.000059 | lr=6.58e-04
2026-03-16 13:28:20,101 [INFO] src.train: [Oracle-canon][seed=123] Epoch 60/100 | loss=0.000059 | lr=3.52e-04
2026-03-16 13:28:37,718 [INFO] src.train: [Oracle-canon][seed=123] Epoch 80/100 | loss=0.000059 | lr=1.05e-04
2026-03-16 13:28:55,210 [INFO] src.train: [Oracle-canon][seed=123] Epoch 100/100 | loss=0.000058 | lr=1.00e-05
2026-03-16 13:28:55,228 [INFO] src.train: Checkpoint saved: checkpoints/Oracle-canon_seed123.pt
2026-03-16 13:28:55,228 [INFO] src.train: [Oracle-canon][seed=123] Training complete. Final loss=0.000058
2026-03-16 13:28:55,228 [INFO] src.train: Training flat-MLP seed 456 [13/18]
2026-03-16 13:29:11,603 [INFO] src.train: [flat-MLP][seed=456] Epoch 20/100 | loss=28.260960 | lr=9.05e-04
2026-03-16 13:29:28,131 [INFO] src.train: [flat-MLP][seed=456] Epoch 40/100 | loss=0.096422 | lr=6.58e-04
2026-03-16 13:29:44,545 [INFO] src.train: [flat-MLP][seed=456] Epoch 60/100 | loss=0.003211 | lr=3.52e-04
2026-03-16 13:30:00,978 [INFO] src.train: [flat-MLP][seed=456] Epoch 80/100 | loss=0.005220 | lr=1.05e-04
2026-03-16 13:30:17,498 [INFO] src.train: [flat-MLP][seed=456] Epoch 100/100 | loss=0.000013 | lr=1.00e-05
2026-03-16 13:30:17,516 [INFO] src.train: Checkpoint saved: checkpoints/flat-MLP_seed456.pt
2026-03-16 13:30:17,516 [INFO] src.train: [flat-MLP][seed=456] Training complete. Final loss=0.000013
2026-03-16 13:30:17,517 [INFO] src.train: Training flat-MLP+aug seed 456 [14/18]
2026-03-16 13:31:12,816 [INFO] src.train: [flat-MLP+aug][seed=456] Epoch 20/100 | loss=1.758622 | lr=9.05e-04
2026-03-16 13:32:07,054 [INFO] src.train: [flat-MLP+aug][seed=456] Epoch 40/100 | loss=1.951453 | lr=6.58e-04
2026-03-16 13:33:02,738 [INFO] src.train: [flat-MLP+aug][seed=456] Epoch 60/100 | loss=0.102456 | lr=3.52e-04
2026-03-16 13:33:57,528 [INFO] src.train: [flat-MLP+aug][seed=456] Epoch 80/100 | loss=0.001992 | lr=1.05e-04
2026-03-16 13:34:52,549 [INFO] src.train: [flat-MLP+aug][seed=456] Epoch 100/100 | loss=0.000152 | lr=1.00e-05
2026-03-16 13:34:52,567 [INFO] src.train: Checkpoint saved: checkpoints/flat-MLPplusaug_seed456.pt
2026-03-16 13:34:52,567 [INFO] src.train: [flat-MLP+aug][seed=456] Training complete. Final loss=0.000152
2026-03-16 13:34:52,567 [INFO] src.train: Training flat-MLP+canon seed 456 [15/18]
2026-03-16 13:35:09,277 [INFO] src.train: [flat-MLP+canon][seed=456] Epoch 20/100 | loss=0.000070 | lr=9.05e-04
2026-03-16 13:35:25,702 [INFO] src.train: [flat-MLP+canon][seed=456] Epoch 40/100 | loss=0.000070 | lr=6.58e-04
2026-03-16 13:35:42,118 [INFO] src.train: [flat-MLP+canon][seed=456] Epoch 60/100 | loss=0.000070 | lr=3.52e-04
2026-03-16 13:35:58,622 [INFO] src.train: [flat-MLP+canon][seed=456] Epoch 80/100 | loss=0.000070 | lr=1.05e-04
2026-03-16 13:36:15,060 [INFO] src.train: [flat-MLP+canon][seed=456] Epoch 100/100 | loss=0.000070 | lr=1.00e-05
2026-03-16 13:36:15,078 [INFO] src.train: Checkpoint saved: checkpoints/flat-MLPpluscanon_seed456.pt
2026-03-16 13:36:15,078 [INFO] src.train: [flat-MLP+canon][seed=456] Training complete. Final loss=0.000070
2026-03-16 13:36:15,078 [INFO] src.train: Training NFT-base seed 456 [16/18]
2026-03-16 13:36:56,636 [INFO] src.train: [NFT-base][seed=456] Epoch 20/100 | loss=0.000163 | lr=9.05e-04
2026-03-16 13:37:39,044 [INFO] src.train: [NFT-base][seed=456] Epoch 40/100 | loss=0.000070 | lr=6.58e-04
2026-03-16 13:38:20,140 [INFO] src.train: [NFT-base][seed=456] Epoch 60/100 | loss=0.000050 | lr=3.52e-04
2026-03-16 13:39:01,281 [INFO] src.train: [NFT-base][seed=456] Epoch 80/100 | loss=0.000049 | lr=1.05e-04
2026-03-16 13:39:42,392 [INFO] src.train: [NFT-base][seed=456] Epoch 100/100 | loss=0.000046 | lr=1.00e-05
2026-03-16 13:39:42,395 [INFO] src.train: Checkpoint saved: checkpoints/NFT-base_seed456.pt
2026-03-16 13:39:42,395 [INFO] src.train: [NFT-base][seed=456] Training complete. Final loss=0.000046
2026-03-16 13:39:42,395 [INFO] src.train: Training NFT+aug seed 456 [17/18]
2026-03-16 13:40:39,233 [INFO] src.train: [NFT+aug][seed=456] Epoch 20/100 | loss=0.000158 | lr=9.05e-04
2026-03-16 13:41:36,053 [INFO] src.train: [NFT+aug][seed=456] Epoch 40/100 | loss=0.000064 | lr=6.58e-04
2026-03-16 13:42:30,932 [INFO] src.train: [NFT+aug][seed=456] Epoch 60/100 | loss=0.000052 | lr=3.52e-04
2026-03-16 13:43:25,630 [INFO] src.train: [NFT+aug][seed=456] Epoch 80/100 | loss=0.000047 | lr=1.05e-04
2026-03-16 13:44:21,567 [INFO] src.train: [NFT+aug][seed=456] Epoch 100/100 | loss=0.000045 | lr=1.00e-05
2026-03-16 13:44:21,569 [INFO] src.train: Checkpoint saved: checkpoints/NFTplusaug_seed456.pt
2026-03-16 13:44:21,569 [INFO] src.train: [NFT+aug][seed=456] Training complete. Final loss=0.000045
2026-03-16 13:44:21,569 [INFO] src.train: Training Oracle-canon seed 456 [18/18]
2026-03-16 13:44:38,951 [INFO] src.train: [Oracle-canon][seed=456] Epoch 20/100 | loss=0.000081 | lr=9.05e-04
2026-03-16 13:44:56,418 [INFO] src.train: [Oracle-canon][seed=456] Epoch 40/100 | loss=0.000054 | lr=6.58e-04
2026-03-16 13:45:14,099 [INFO] src.train: [Oracle-canon][seed=456] Epoch 60/100 | loss=0.000059 | lr=3.52e-04
2026-03-16 13:45:31,640 [INFO] src.train: [Oracle-canon][seed=456] Epoch 80/100 | loss=0.000059 | lr=1.05e-04
2026-03-16 13:45:49,063 [INFO] src.train: [Oracle-canon][seed=456] Epoch 100/100 | loss=0.000058 | lr=1.00e-05
2026-03-16 13:45:49,080 [INFO] src.train: Checkpoint saved: checkpoints/Oracle-canon_seed456.pt
2026-03-16 13:45:49,081 [INFO] src.train: [Oracle-canon][seed=456] Training complete. Final loss=0.000058
2026-03-16 13:45:49,083 [INFO] src.train: Training results saved: results/training_results.json
2026-03-16 13:45:49,083 [INFO] __main__: Evaluating all encoders...
2026-03-16 13:45:49,106 [INFO] src.train: Checkpoint loaded: checkpoints/flat-MLP_seed42.pt
2026-03-16 13:46:09,720 [INFO] src.train: Checkpoint loaded: checkpoints/flat-MLP_seed123.pt
2026-03-16 13:46:30,283 [INFO] src.train: Checkpoint loaded: checkpoints/flat-MLP_seed456.pt
2026-03-16 13:46:50,462 [INFO] src.train: Checkpoint loaded: checkpoints/flat-MLPplusaug_seed42.pt
2026-03-16 13:47:10,732 [INFO] src.train: Checkpoint loaded: checkpoints/flat-MLPplusaug_seed123.pt
2026-03-16 13:47:33,171 [INFO] src.train: Checkpoint loaded: checkpoints/flat-MLPplusaug_seed456.pt
2026-03-16 13:47:53,706 [INFO] src.train: Checkpoint loaded: checkpoints/flat-MLPpluscanon_seed42.pt
2026-03-16 13:47:58,444 [INFO] src.train: Checkpoint loaded: checkpoints/flat-MLPpluscanon_seed123.pt
2026-03-16 13:48:03,356 [INFO] src.train: Checkpoint loaded: checkpoints/flat-MLPpluscanon_seed456.pt
2026-03-16 13:48:07,992 [INFO] src.train: Checkpoint loaded: checkpoints/NFT-base_seed42.pt
2026-03-16 13:48:27,726 [INFO] src.train: Checkpoint loaded: checkpoints/NFT-base_seed123.pt
2026-03-16 13:48:47,586 [INFO] src.train: Checkpoint loaded: checkpoints/NFT-base_seed456.pt
2026-03-16 13:49:07,413 [INFO] src.train: Checkpoint loaded: checkpoints/NFTplusaug_seed42.pt
2026-03-16 13:49:27,316 [INFO] src.train: Checkpoint loaded: checkpoints/NFTplusaug_seed123.pt
2026-03-16 13:49:47,290 [INFO] src.train: Checkpoint loaded: checkpoints/NFTplusaug_seed456.pt
2026-03-16 13:50:07,194 [INFO] src.train: Checkpoint loaded: checkpoints/Oracle-canon_seed42.pt
2026-03-16 13:50:29,014 [INFO] src.train: Checkpoint loaded: checkpoints/Oracle-canon_seed123.pt
2026-03-16 13:50:50,926 [INFO] src.train: Checkpoint loaded: checkpoints/Oracle-canon_seed456.pt
2026-03-16 13:51:12,651 [INFO] src.evaluate: evaluate_all_encoders: 72 rows generated
2026-03-16 13:51:12,653 [INFO] src.evaluate: Mediation ΔR²: R²(NFT-base)=0.2996, R²(flat-MLP+aug)=0.0716, ΔR²=0.2280
2026-03-16 13:51:12,653 [INFO] __main__: Mediation Delta_R2 = 0.2280
2026-03-16 13:51:12,656 [INFO] src.evaluate: Gate result written: results/gate_result.json | passed=True
2026-03-16 13:51:12,656 [INFO] __main__: Gate result: passed=True
2026-03-16 13:51:12,656 [INFO] __main__:   NFT-base Delta_rho = 0.000000 (threshold < 0.02)
2026-03-16 13:51:12,656 [INFO] __main__:   Delta_R2           = 0.2280 (threshold >= 0.10)
2026-03-16 13:51:12,657 [INFO] src.evaluate: Mechanism verification: all_pass=True, indicators={'nft_base_robust': True, 'mediation_confirmed': True, 'aug_partial': False, 'architecture_sufficient': True, 'ranking_correct': True}
2026-03-16 13:51:12,657 [INFO] __main__: Mechanism verification: all_pass=True
2026-03-16 13:51:12,662 [INFO] src.train: Checkpoint loaded: checkpoints/NFT-base_seed42.pt
2026-03-16 13:51:15,443 [INFO] src.train: Checkpoint loaded: checkpoints/flat-MLP_seed42.pt
2026-03-16 13:51:18,308 [INFO] __main__: Generating figures...
2026-03-16 13:51:18,418 [INFO] src.visualize: fig1 saved: figures/fig1_delta_rho_bar.png
2026-03-16 13:51:18,538 [INFO] src.visualize: fig2 saved: figures/fig2_delta_rho_curves.png
2026-03-16 13:51:18,612 [INFO] src.visualize: fig3 saved: figures/fig3_mediation_bar.png
2026-03-16 13:51:18,738 [INFO] src.visualize: fig4 saved: figures/fig4_rho_heatmap.png
2026-03-16 13:51:18,890 [INFO] src.visualize: fig5 saved: figures/fig5_bootstrap_dist.png
2026-03-16 13:51:18,890 [INFO] src.visualize: Generated 5 figures in figures/
2026-03-16 13:51:18,891 [INFO] __main__: Results written: results/h-m1_results.json
2026-03-16 13:51:18,891 [INFO] __main__: ======================================================================
2026-03-16 13:51:18,891 [INFO] __main__: H-M1 EXPERIMENT COMPLETE
2026-03-16 13:51:18,891 [INFO] __main__: Gate PASS: True
2026-03-16 13:51:18,891 [INFO] __main__:   NFT-base Delta_rho = 0.000000
2026-03-16 13:51:18,891 [INFO] __main__:   Mediation Delta_R2 = 0.2280
2026-03-16 13:51:18,891 [INFO] __main__: ======================================================================

Training 6 encoders × 3 seeds:   0%|          | 0/18 [00:00<?, ?it/s]
[1/18] flat-MLP seed=42:   0%|          | 0/18 [00:00<?, ?it/s]      
[1/18] flat-MLP seed=42:   6%|▌         | 1/18 [01:26<24:24, 86.15s/it]
[2/18] flat-MLP+aug seed=42:   6%|▌         | 1/18 [01:26<24:24, 86.15s/it]
[2/18] flat-MLP+aug seed=42:  11%|█         | 2/18 [06:02<52:51, 198.21s/it]
[3/18] flat-MLP+canon seed=42:  11%|█         | 2/18 [06:02<52:51, 198.21s/it]
[3/18] flat-MLP+canon seed=42:  17%|█▋        | 3/18 [07:27<36:32, 146.15s/it]
[4/18] NFT-base seed=42:  17%|█▋        | 3/18 [07:27<36:32, 146.15s/it]      
[4/18] NFT-base seed=42:  22%|██▏       | 4/18 [11:05<40:45, 174.66s/it]
[5/18] NFT+aug seed=42:  22%|██▏       | 4/18 [11:05<40:45, 174.66s/it] 
[5/18] NFT+aug seed=42:  28%|██▊       | 5/18 [15:59<47:11, 217.81s/it]
[6/18] Oracle-canon seed=42:  28%|██▊       | 5/18 [15:59<47:11, 217.81s/it]
[6/18] Oracle-canon seed=42:  33%|███▎      | 6/18 [17:27<34:43, 173.62s/it]
[7/18] flat-MLP seed=123:  33%|███▎      | 6/18 [17:27<34:43, 173.62s/it]   
[7/18] flat-MLP seed=123:  39%|███▉      | 7/18 [18:49<26:20, 143.64s/it]
[8/18] flat-MLP+aug seed=123:  39%|███▉      | 7/18 [18:49<26:20, 143.64s/it]
[8/18] flat-MLP+aug seed=123:  44%|████▍     | 8/18 [23:23<30:50, 185.05s/it]
[9/18] flat-MLP+canon seed=123:  44%|████▍     | 8/18 [23:23<30:50, 185.05s/it]
[9/18] flat-MLP+canon seed=123:  50%|█████     | 9/18 [24:46<22:58, 153.20s/it]
[10/18] NFT-base seed=123:  50%|█████     | 9/18 [24:46<22:58, 153.20s/it]     
[10/18] NFT-base seed=123:  56%|█████▌    | 10/18 [28:20<22:56, 172.02s/it]
[11/18] NFT+aug seed=123:  56%|█████▌    | 10/18 [28:20<22:56, 172.02s/it] 
[11/18] NFT+aug seed=123:  61%|██████    | 11/18 [33:04<24:03, 206.24s/it]
[12/18] Oracle-canon seed=123:  61%|██████    | 11/18 [33:04<24:03, 206.24s/it]
[12/18] Oracle-canon seed=123:  67%|██████▋   | 12/18 [34:32<17:01, 170.24s/it]
[13/18] flat-MLP seed=456:  67%|██████▋   | 12/18 [34:32<17:01, 170.24s/it]    
[13/18] flat-MLP seed=456:  72%|███████▏  | 13/18 [35:54<11:57, 143.60s/it]
[14/18] flat-MLP+aug seed=456:  72%|███████▏  | 13/18 [35:54<11:57, 143.60s/it]
[14/18] flat-MLP+aug seed=456:  78%|███████▊  | 14/18 [40:29<12:13, 183.30s/it]
[15/18] flat-MLP+canon seed=456:  78%|███████▊  | 14/18 [40:29<12:13, 183.30s/it]
[15/18] flat-MLP+canon seed=456:  83%|████████▎ | 15/18 [41:52<07:38, 152.92s/it]
[16/18] NFT-base seed=456:  83%|████████▎ | 15/18 [41:52<07:38, 152.92s/it]      
[16/18] NFT-base seed=456:  89%|████████▉ | 16/18 [45:19<05:38, 169.29s/it]
[17/18] NFT+aug seed=456:  89%|████████▉ | 16/18 [45:19<05:38, 169.29s/it] 
[17/18] NFT+aug seed=456:  94%|█████████▍| 17/18 [49:58<03:22, 202.34s/it]
[18/18] Oracle-canon seed=456:  94%|█████████▍| 17/18 [49:58<03:22, 202.34s/it]
[18/18] Oracle-canon seed=456: 100%|██████████| 18/18 [51:26<00:00, 167.83s/it]
[18/18] Oracle-canon seed=456: 100%|██████████| 18/18 [51:26<00:00, 171.45s/it]
/home/anonymous/YouRA_results_new_4/TEST_wsl/docs/youra_research/20260316_wsl/h-m1/code/src/evaluate.py:192: ConstantInputWarning: An input array is constant; the correlation coefficient is not defined.
  rho, _ = spearmanr(preds, labels)
/home/anonymous/YouRA_results_new_4/TEST_wsl/docs/youra_research/20260316_wsl/h-m1/code/src/evaluate.py:207: ConstantInputWarning: An input array is constant; the correlation coefficient is not defined.
  r0, _ = spearmanr(preds_s0[idx], labels_arr[idx])
/home/anonymous/YouRA_results_new_4/TEST_wsl/docs/youra_research/20260316_wsl/h-m1/code/src/evaluate.py:208: ConstantInputWarning: An input array is constant; the correlation coefficient is not defined.
  r1, _ = spearmanr(preds_s1[idx], labels_arr[idx])


