2026-03-16 14:36:18,406 [INFO] __main__: Using device: cuda (CUDA_VISIBLE_DEVICES=0)
2026-03-16 14:36:18,407 [INFO] __main__: === Step A-2: Checkpoint Verification ===
/home/anonymous/YouRA_results_new_4/TEST_wsl/docs/youra_research/20260316_wsl/h-m2/code/run_experiment_hm2.py:225: FutureWarning: You are using `torch.load` with `weights_only=False` (the current default value), which uses the default pickle module implicitly. It is possible to construct malicious pickle data which will execute arbitrary code during unpickling (See https://github.com/pytorch/pytorch/blob/main/SECURITY.md#untrusted-models for more details). In a future release, the default value for `weights_only` will be flipped to `True`. This limits the functions that could be executed during unpickling. Arbitrary objects will no longer be allowed to be loaded via this mode unless they are explicitly allowlisted by the user via `torch.serialization.add_safe_globals`. We recommend you start setting `weights_only=True` for any use case where you don't have full control of the loaded file. Please open an issue on GitHub for any issues related to this experimental feature.
  ckpt = torch.load(ckpt_path, map_location=device)
2026-03-16 14:36:18,671 [INFO] __main__: Checkpoint verification: all_ok=True, missing=0, failed=0
2026-03-16 14:36:18,671 [INFO] __main__: All 12 checkpoints verified OK
2026-03-16 14:36:18,671 [INFO] __main__: === Step A-3: Data & Split Setup ===
2026-03-16 14:36:18,671 [INFO] __main__: Loading zoo data from: /home/anonymous/YouRA_results_new_4/TEST_wsl/docs/youra_research/20260316_wsl/.data_cache/datasets/unterthiner_mnist_zoo/zoo_enriched.pkl
2026-03-16 14:36:19,494 [INFO] src.data_loader: Loaded 29997 zoo models from /home/anonymous/YouRA_results_new_4/TEST_wsl/docs/youra_research/20260316_wsl/.data_cache/datasets/unterthiner_mnist_zoo/zoo_enriched.pkl
2026-03-16 14:36:19,497 [INFO] __main__: Loaded 29997 zoo models
2026-03-16 14:36:20,297 [INFO] src.data_loader: Loaded 29997 zoo models from /home/anonymous/YouRA_results_new_4/TEST_wsl/docs/youra_research/20260316_wsl/.data_cache/datasets/unterthiner_mnist_zoo/zoo_enriched.pkl
2026-03-16 14:36:20,309 [INFO] __main__: Test set size: 6000 models
2026-03-16 14:36:20,310 [INFO] __main__: flat_input_dim=4912, layer_fan_ins=[16, 16, 16, 16]
2026-03-16 14:36:20,419 [INFO] __main__: Data ready: flat_input_dim=4912, layer_fan_ins=[16, 16, 16, 16]
2026-03-16 14:36:20,422 [INFO] __main__: === Step A-4: Multi-Severity Evaluation ===
2026-03-16 14:36:20,431 [INFO] __main__: Running evaluate_all_encoders: 4 encoders × 3 seeds × 4 severities
/home/anonymous/YouRA_results_new_4/TEST_wsl/docs/youra_research/20260316_wsl/h-m1/code/src/train.py:46: FutureWarning: You are using `torch.load` with `weights_only=False` (the current default value), which uses the default pickle module implicitly. It is possible to construct malicious pickle data which will execute arbitrary code during unpickling (See https://github.com/pytorch/pytorch/blob/main/SECURITY.md#untrusted-models for more details). In a future release, the default value for `weights_only` will be flipped to `True`. This limits the functions that could be executed during unpickling. Arbitrary objects will no longer be allowed to be loaded via this mode unless they are explicitly allowlisted by the user via `torch.serialization.add_safe_globals`. We recommend you start setting `weights_only=True` for any use case where you don't have full control of the loaded file. Please open an issue on GitHub for any issues related to this experimental feature.
  ckpt = torch.load(path, map_location=device)
2026-03-16 14:36:20,491 [INFO] src.train: Checkpoint loaded: /home/anonymous/YouRA_results_new_4/TEST_wsl/docs/youra_research/20260316_wsl/h-m1/code/checkpoints/flat-MLP_seed42.pt
2026-03-16 14:36:43,400 [INFO] src.train: Checkpoint loaded: /home/anonymous/YouRA_results_new_4/TEST_wsl/docs/youra_research/20260316_wsl/h-m1/code/checkpoints/flat-MLP_seed123.pt
2026-03-16 14:37:06,323 [INFO] src.train: Checkpoint loaded: /home/anonymous/YouRA_results_new_4/TEST_wsl/docs/youra_research/20260316_wsl/h-m1/code/checkpoints/flat-MLP_seed456.pt
2026-03-16 14:37:29,162 [INFO] src.train: Checkpoint loaded: /home/anonymous/YouRA_results_new_4/TEST_wsl/docs/youra_research/20260316_wsl/h-m1/code/checkpoints/flat-MLPplusaug_seed42.pt
2026-03-16 14:37:51,970 [INFO] src.train: Checkpoint loaded: /home/anonymous/YouRA_results_new_4/TEST_wsl/docs/youra_research/20260316_wsl/h-m1/code/checkpoints/flat-MLPplusaug_seed123.pt
2026-03-16 14:38:16,579 [INFO] src.train: Checkpoint loaded: /home/anonymous/YouRA_results_new_4/TEST_wsl/docs/youra_research/20260316_wsl/h-m1/code/checkpoints/flat-MLPplusaug_seed456.pt
2026-03-16 14:38:39,430 [INFO] src.train: Checkpoint loaded: /home/anonymous/YouRA_results_new_4/TEST_wsl/docs/youra_research/20260316_wsl/h-m1/code/checkpoints/flat-MLPpluscanon_seed42.pt
/home/anonymous/YouRA_results_new_4/TEST_wsl/docs/youra_research/20260316_wsl/h-m1/code/src/evaluate.py:192: ConstantInputWarning: An input array is constant; the correlation coefficient is not defined.
  rho, _ = spearmanr(preds, labels)
/home/anonymous/YouRA_results_new_4/TEST_wsl/docs/youra_research/20260316_wsl/h-m1/code/src/evaluate.py:207: ConstantInputWarning: An input array is constant; the correlation coefficient is not defined.
  r0, _ = spearmanr(preds_s0[idx], labels_arr[idx])
/home/anonymous/YouRA_results_new_4/TEST_wsl/docs/youra_research/20260316_wsl/h-m1/code/src/evaluate.py:208: ConstantInputWarning: An input array is constant; the correlation coefficient is not defined.
  r1, _ = spearmanr(preds_s1[idx], labels_arr[idx])
2026-03-16 14:38:44,563 [INFO] src.train: Checkpoint loaded: /home/anonymous/YouRA_results_new_4/TEST_wsl/docs/youra_research/20260316_wsl/h-m1/code/checkpoints/flat-MLPpluscanon_seed123.pt
2026-03-16 14:38:49,592 [INFO] src.train: Checkpoint loaded: /home/anonymous/YouRA_results_new_4/TEST_wsl/docs/youra_research/20260316_wsl/h-m1/code/checkpoints/flat-MLPpluscanon_seed456.pt
2026-03-16 14:38:54,604 [INFO] src.train: Checkpoint loaded: /home/anonymous/YouRA_results_new_4/TEST_wsl/docs/youra_research/20260316_wsl/h-m1/code/checkpoints/NFT-base_seed42.pt
2026-03-16 14:39:17,012 [INFO] src.train: Checkpoint loaded: /home/anonymous/YouRA_results_new_4/TEST_wsl/docs/youra_research/20260316_wsl/h-m1/code/checkpoints/NFT-base_seed123.pt
2026-03-16 14:39:39,737 [INFO] src.train: Checkpoint loaded: /home/anonymous/YouRA_results_new_4/TEST_wsl/docs/youra_research/20260316_wsl/h-m1/code/checkpoints/NFT-base_seed456.pt
2026-03-16 14:40:02,497 [INFO] src.evaluate: evaluate_all_encoders: 48 rows generated
2026-03-16 14:40:02,497 [INFO] __main__: evaluate_all_encoders: 48 rows (expected 48)
2026-03-16 14:40:02,497 [INFO] __main__: Evaluation complete: 48 rows
2026-03-16 14:40:02,499 [INFO] gate_evaluator: Consistency check NFT-base: expected=4.7100e-07, actual=2.4744e-07, diff=2.2356e-07, ok=True
2026-03-16 14:40:02,499 [INFO] gate_evaluator: Consistency check flat-MLP+aug: expected=2.2390e-01, actual=2.0747e-01, diff=1.6434e-02, ok=False
2026-03-16 14:40:02,499 [INFO] __main__: Checkpoint consistency: {'nft_consistent': True, 'aug_consistent': False, 'passed': False, 'details': {'NFT-base': {'expected': 4.71e-07, 'actual': 2.4743912085956055e-07, 'diff': 2.2356087914043948e-07, 'consistent': True}, 'flat-MLP+aug': {'expected': 0.2239, 'actual': 0.20746601125165745, 'diff': 0.016433988748342537, 'consistent': False}}}
2026-03-16 14:40:02,499 [WARNING] __main__: Checkpoint consistency check failed: {'NFT-base': {'expected': 4.71e-07, 'actual': 2.4743912085956055e-07, 'diff': 2.2356087914043948e-07, 'consistent': True}, 'flat-MLP+aug': {'expected': 0.2239, 'actual': 0.20746601125165745, 'diff': 0.016433988748342537, 'consistent': False}}
2026-03-16 14:40:02,499 [INFO] __main__: === Step A-6: Gate Evaluation ===
2026-03-16 14:40:02,500 [INFO] gate_evaluator: Gate HM2: passed=False, aug_partial=True, canon_partial=False, nft_superior=True, ranking=False
2026-03-16 14:40:02,500 [INFO] gate_evaluator: Mean Δρ by encoder: {'flat-MLP': 0.6264684273239314, 'flat-MLP+aug': 0.20746601125165745, 'flat-MLP+canon': nan, 'NFT-base': 2.4743912085956055e-07}
2026-03-16 14:40:02,500 [INFO] __main__: === Step A-5: Bootstrap Statistical Tests ===
2026-03-16 14:40:02,500 [INFO] __main__: Running pairwise bootstrap tests...
2026-03-16 14:40:02,598 [INFO] __main__: Bootstrap flat-MLP+aug_vs_NFT-base: p=0.0000, Δρ_obs=0.2075, CI=[0.0958,0.3168]
2026-03-16 14:40:02,697 [INFO] __main__: Bootstrap flat-MLP+canon_vs_NFT-base: p=0.0000, Δρ_obs=nan, CI=[nan,nan]
2026-03-16 14:40:02,697 [INFO] __main__: === Step A-7: Visualization Suite ===
2026-03-16 14:40:02,841 [INFO] visualize_hm2: Saved gate_metrics_comparison: /home/anonymous/YouRA_results_new_4/TEST_wsl/docs/youra_research/20260316_wsl/h-m2/figures/gate_metrics_comparison.png
2026-03-16 14:40:02,964 [INFO] visualize_hm2: Saved delta_rho_heatmap: /home/anonymous/YouRA_results_new_4/TEST_wsl/docs/youra_research/20260316_wsl/h-m2/figures/delta_rho_heatmap.png
2026-03-16 14:40:03,091 [INFO] visualize_hm2: Saved rho_degradation_curves: /home/anonymous/YouRA_results_new_4/TEST_wsl/docs/youra_research/20260316_wsl/h-m2/figures/rho_degradation_curves.png
2026-03-16 14:40:03,235 [INFO] visualize_hm2: Saved threeway_ranking_scatter: /home/anonymous/YouRA_results_new_4/TEST_wsl/docs/youra_research/20260316_wsl/h-m2/figures/threeway_ranking_scatter.png
/home/anonymous/miniforge3/envs/youra-h-m2/lib/python3.10/site-packages/matplotlib/axes/_axes.py:7104: RuntimeWarning: All-NaN slice encountered
  xmin = min(xmin, np.nanmin(xi))
/home/anonymous/miniforge3/envs/youra-h-m2/lib/python3.10/site-packages/matplotlib/axes/_axes.py:7105: RuntimeWarning: All-NaN slice encountered
  xmax = max(xmax, np.nanmax(xi))
2026-03-16 14:40:03,267 [WARNING] __main__: Visualization error (non-fatal): autodetected range of [nan, nan] is not finite
2026-03-16 14:40:03,267 [INFO] __main__: === Step A-8: Results Reporting ===
2026-03-16 14:40:03,268 [INFO] __main__: Saved gate result JSON: /home/anonymous/YouRA_results_new_4/TEST_wsl/docs/youra_research/20260316_wsl/h-m2/results/hm2_results.json
2026-03-16 14:40:03,269 [INFO] __main__: Saved eval DataFrame CSV: /home/anonymous/YouRA_results_new_4/TEST_wsl/docs/youra_research/20260316_wsl/h-m2/results/hm2_eval_df.csv (48 rows)


============================================================
SHOULD_WORK GATE: FAIL
============================================================
Encoder mean Δρ at severity=1.0:
  flat-MLP            : Δρ = 0.626468
  flat-MLP+aug        : Δρ = 0.207466
  flat-MLP+canon      : Δρ = nan
  NFT-base            : Δρ = 0.000000

Gate Conditions:
  aug_partial  (Δρ > 0.05):  PASS  [0.207466]
  canon_partial(Δρ > 0.03):  FAIL  [nan]
  nft_superior (Δρ < 0.02):  PASS  [0.000000]
  strict_ranking:               FAIL
============================================================

============================================================
BOOTSTRAP STATISTICAL TESTS (Holm-corrected)
============================================================
  flat-MLP+aug vs NFT-base:
    Δρ_obs=0.2075, 95% CI=[0.0958, 0.3168]
    p_raw=0.0000, p_holm=0.0000, Cohen's d=0.010
    Significant: YES (α=0.05)
  flat-MLP+canon vs NFT-base:
    Δρ_obs=nan, 95% CI=[nan, nan]
    p_raw=0.0000, p_holm=0.0000, Cohen's d=nan
    Significant: YES (α=0.05)
============================================================

============================================================
SHOULD_WORK GATE: FAIL
============================================================
Encoder mean Δρ at severity=1.0:
  flat-MLP            : Δρ = 0.626468
  flat-MLP+aug        : Δρ = 0.207466
  flat-MLP+canon      : Δρ = nan
  NFT-base            : Δρ = 0.000000

Gate Conditions:
  aug_partial  (Δρ > 0.05):  PASS  [0.207466]
  canon_partial(Δρ > 0.03):  FAIL  [nan]
  nft_superior (Δρ < 0.02):  PASS  [0.000000]
  strict_ranking:               FAIL
============================================================

SHOULD_WORK GATE: FAIL
  flat-MLP              : Δρ = 0.626468
  flat-MLP+aug          : Δρ = 0.207466
  flat-MLP+canon        : Δρ = nan
  NFT-base              : Δρ = 0.000000

============================================================
H-M2 EXPERIMENT COMPLETE
============================================================
SHOULD_WORK gate: FAIL
Results saved to: /home/anonymous/YouRA_results_new_4/TEST_wsl/docs/youra_research/20260316_wsl/h-m2/results
Figures saved to: /home/anonymous/YouRA_results_new_4/TEST_wsl/docs/youra_research/20260316_wsl/h-m2/figures
============================================================

