\BOOKMARK [1][-]{section.1}{\376\377\000I\000n\000t\000r\000o\000d\000u\000c\000t\000i\000o\000n}{}% 1
\BOOKMARK [1][-]{section.2}{\376\377\000R\000e\000l\000a\000t\000e\000d\000\040\000W\000o\000r\000k}{}% 2
\BOOKMARK [2][-]{subsubsection.2.0.1}{\376\377\000S\000e\000l\000f\000-\000S\000u\000p\000e\000r\000v\000i\000s\000e\000d\000\040\000L\000e\000a\000r\000n\000i\000n\000g}{section.2}% 3
\BOOKMARK [3][-]{subsubsection.2.0.2}{\376\377\000F\000a\000i\000r\000n\000e\000s\000s\000\040\000i\000n\000\040\000S\000S\000L}{subsubsection.2.0.1}% 4
\BOOKMARK [3][-]{subsubsection.2.0.3}{\376\377\000S\000p\000u\000r\000i\000o\000u\000s\000\040\000C\000o\000r\000r\000e\000l\000a\000t\000i\000o\000n\000\040\000M\000i\000t\000i\000g\000a\000t\000i\000o\000n}{subsubsection.2.0.1}% 5
\BOOKMARK [3][-]{subsubsection.2.0.4}{\376\377\000G\000e\000o\000m\000e\000t\000r\000i\000c\000\040\000A\000n\000a\000l\000y\000s\000i\000s\000\040\000o\000f\000\040\000R\000e\000p\000r\000e\000s\000e\000n\000t\000a\000t\000i\000o\000n\000s}{subsubsection.2.0.1}% 6
\BOOKMARK [1][-]{section.3}{\376\377\000M\000e\000t\000h\000o\000d\000o\000l\000o\000g\000y}{}% 7
\BOOKMARK [2][-]{subsubsection.3.0.1}{\376\377\0003\000.\0001\000\040\000P\000r\000o\000b\000l\000e\000m\000\040\000F\000o\000r\000m\000u\000l\000a\000t\000i\000o\000n}{section.3}% 8
\BOOKMARK [3][-]{subsubsection.3.0.2}{\376\377\0003\000.\0002\000\040\000C\000l\000u\000s\000t\000e\000r\000a\000b\000i\000l\000i\000t\000y\000\040\000M\000e\000a\000s\000u\000r\000e\000m\000e\000n\000t}{subsubsection.3.0.1}% 9
\BOOKMARK [3][-]{subsubsection.3.0.3}{\376\377\0003\000.\0003\000\040\000S\000i\000m\000C\000L\000R\000\040\000T\000r\000a\000i\000n\000i\000n\000g}{subsubsection.3.0.1}% 10
\BOOKMARK [3][-]{subsubsection.3.0.4}{\376\377\0003\000.\0004\000\040\000L\000A\000-\000S\000S\000L\000\040\000T\000r\000a\000i\000n\000i\000n\000g}{subsubsection.3.0.1}% 11
\BOOKMARK [3][-]{subsubsection.3.0.5}{\376\377\0003\000.\0005\000\040\000C\000l\000u\000s\000t\000e\000r\000-\000B\000a\000l\000a\000n\000c\000e\000d\000\040\000R\000e\000t\000r\000a\000i\000n\000i\000n\000g}{subsubsection.3.0.1}% 12
\BOOKMARK [3][-]{subsubsection.3.0.6}{\376\377\0003\000.\0006\000\040\000E\000v\000a\000l\000u\000a\000t\000i\000o\000n\000\040\000M\000e\000t\000r\000i\000c\000s}{subsubsection.3.0.1}% 13
\BOOKMARK [3][-]{subsubsection.3.0.7}{\376\377\0003\000.\0007\000\040\000S\000u\000c\000c\000e\000s\000s\000\040\000C\000r\000i\000t\000e\000r\000i\000a}{subsubsection.3.0.1}% 14
\BOOKMARK [1][-]{section.4}{\376\377\000E\000x\000p\000e\000r\000i\000m\000e\000n\000t\000a\000l\000\040\000S\000e\000t\000u\000p}{}% 15
\BOOKMARK [2][-]{subsubsection.4.0.1}{\376\377\0004\000.\0001\000\040\000D\000a\000t\000a\000s\000e\000t}{section.4}% 16
\BOOKMARK [3][-]{subsubsection.4.0.2}{\376\377\0004\000.\0002\000\040\000I\000m\000p\000l\000e\000m\000e\000n\000t\000a\000t\000i\000o\000n}{subsubsection.4.0.1}% 17
\BOOKMARK [3][-]{subsubsection.4.0.3}{\376\377\0004\000.\0003\000\040\000P\000r\000o\000o\000f\000-\000o\000f\000-\000C\000o\000n\000c\000e\000p\000t\000\040\000P\000r\000o\000t\000o\000c\000o\000l}{subsubsection.4.0.1}% 18
\BOOKMARK [1][-]{section.5}{\376\377\000R\000e\000s\000u\000l\000t\000s}{}% 19
\BOOKMARK [2][-]{subsubsection.5.0.1}{\376\377\0005\000.\0001\000\040\000M\0001\000:\000\040\000C\000l\000u\000s\000t\000e\000r\000\040\000F\000o\000r\000m\000a\000t\000i\000o\000n}{section.5}% 20
\BOOKMARK [3][-]{subsubsection.5.0.2}{\376\377\0005\000.\0002\000\040\000M\0002\000:\000\040\000C\000l\000u\000s\000t\000e\000r\000a\000b\000i\000l\000i\000t\000y\000-\000E\000f\000f\000i\000c\000a\000c\000y\000\040\000R\000e\000l\000a\000t\000i\000o\000n\000s\000h\000i\000p}{subsubsection.5.0.1}% 21
\BOOKMARK [3][-]{subsubsection.5.0.3}{\376\377\0005\000.\0003\000\040\000M\0003\000:\000\040\000L\000A\000-\000S\000S\000L\000\040\000G\000e\000o\000m\000e\000t\000r\000i\000c\000\040\000E\000f\000f\000e\000c\000t\000s}{subsubsection.5.0.1}% 22
\BOOKMARK [3][-]{subsubsection.5.0.4}{\376\377\0005\000.\0004\000\040\000L\000i\000n\000e\000a\000r\000\040\000S\000e\000p\000a\000r\000a\000b\000i\000l\000i\000t\000y\000\040\000D\000e\000s\000p\000i\000t\000e\000\040\000L\000o\000w\000\040\000C\000l\000u\000s\000t\000e\000r\000a\000b\000i\000l\000i\000t\000y}{subsubsection.5.0.1}% 23
\BOOKMARK [3][-]{subsubsection.5.0.5}{\376\377\0005\000.\0005\000\040\000I\000m\000p\000l\000e\000m\000e\000n\000t\000a\000t\000i\000o\000n\000\040\000V\000a\000l\000i\000d\000a\000t\000i\000o\000n}{subsubsection.5.0.1}% 24
\BOOKMARK [1][-]{section.6}{\376\377\000D\000i\000s\000c\000u\000s\000s\000i\000o\000n}{}% 25
\BOOKMARK [2][-]{subsubsection.6.0.1}{\376\377\0006\000.\0001\000\040\000I\000n\000t\000e\000r\000p\000r\000e\000t\000a\000t\000i\000o\000n\000\040\000o\000f\000\040\000R\000e\000s\000u\000l\000t\000s}{section.6}% 26
\BOOKMARK [3][-]{subsubsection.6.0.2}{\376\377\0006\000.\0002\000\040\000L\000i\000m\000i\000t\000a\000t\000i\000o\000n\000s}{subsubsection.6.0.1}% 27
\BOOKMARK [3][-]{subsubsection.6.0.3}{\376\377\0006\000.\0003\000\040\000A\000l\000t\000e\000r\000n\000a\000t\000i\000v\000e\000\040\000E\000x\000p\000l\000a\000n\000a\000t\000i\000o\000n\000s}{subsubsection.6.0.1}% 28
\BOOKMARK [3][-]{subsubsection.6.0.4}{\376\377\0006\000.\0004\000\040\000I\000m\000p\000l\000i\000c\000a\000t\000i\000o\000n\000s}{subsubsection.6.0.1}% 29
\BOOKMARK [3][-]{subsubsection.6.0.5}{\376\377\0006\000.\0005\000\040\000F\000u\000t\000u\000r\000e\000\040\000W\000o\000r\000k}{subsubsection.6.0.1}% 30
\BOOKMARK [1][-]{section.7}{\376\377\000C\000o\000n\000c\000l\000u\000s\000i\000o\000n}{}% 31
