ERROR conda.cli.main_run:execute(127): `conda run python run_experiment.py --load_pools --num_problems 20 --skip_mechanism_check` failed. (See above for error)

=== Step 1: Loading HumanEval+ problems ===
Loaded 20 problems

=== Step 2: Baseline Pool ===
Loaded baseline pool: 20 problems

=== Step 3: SynCode Pool ===
Loaded syncode pool: 20 problems

=== Step 0: Mechanism Verification ===

=== Step 4: AST Failure Rate Computation ===
delta_ast = 0.0750

=== Step 5: Bootstrap CI Statistical Test ===
Gate: PARTIAL | delta=0.0750 | CI=[-0.0250, 0.2200] | p=0.1186

=== Step 6: FMD Classification ===
Syntax shift: 0.0750

=== Step 7: Transition Extraction ===
Transitions (F_SynCode->success): 2

=== Step 8: Writing metrics.json ===
Metrics saved to /home/anonymous/YouRA_results_new_4_sonnet46_no_mcp/TEST_verifai_3/docs/youra_research/20260508_verifai/h-m1/results/metrics.json

=== Step 9: Generating Figures ===
Figures saved.

============================================================
EXPERIMENT COMPLETE
Gate Result: PARTIAL
delta_ast = 0.0750
============================================================

